<!DOCTYPE html>
<html>
<head>
    <title>KARTAGOSK Web Suite test</title>
    <meta name="generator" content="HTMLTestRunner 1.0.17"/>
    <meta http-equiv="Content-Type" content="text/html; charset=UTF-8"/>
    <link rel="stylesheet" href="stylesheet.css">
    <script src="script.js"></script>
    <style>
        
    </style>
    <script>
        
    </script>
</head>
<body>
<div class='heading'>
    <h1 style="margin-left:1ex;">KARTAGOSK Web Suite test</h1>
    
    <p class='attribute'><strong>Start Time : </strong> 2023-09-27 14:30:44</p>
    
    <p class='attribute'><strong>Duration : </strong> 0:08:04.912154</p>
    
    <p class='attribute'><strong>Status : </strong> Pass 11 Error 14</p>
    
    <p class='attribute'><strong>Descrition : </strong> KARTAGOSK Web Suite WEB1</p>
    
    <p class='attribute'><strong>Tested By : </strong> Unknown</p>
    
</div>
<div>
    <p id='show_detail_line'><b>Show</b>
        <button><a href='javascript:showCase(0)' style="color:#660066;">Summary</a></button>
        <button><a href='javascript:showCase(1)' style="color:#660066;">Failed</a></button>
        <button><a href='javascript:showCase(2)' style="color:#660066;">Passed</a></button>
        <button><a href='javascript:showCase(3)' style="color:#660066;">All</a></button>
    </p>
    <table id='result_table'>
        <colgroup>
            <col align='left'/>
            <col align='right'/>
            <col align='right'/>
            <col align='right'/>
            <col align='right'/>
            <col align='right'/>
        </colgroup>
        <tr id='header_row'>
            <td>Test Group/Test case</td>
            <td>Count</td>
            <td>Pass</td>
            <td>Fail</td>
            <td>Error</td>
            <td>View</td>
        </tr>
        
        <tr class='passClass' style="font-weight:bold;color:white;">
            <td><a href="javascript:showClassDetail('c1','1')">KTGSK_Automation_Local_Deploy_PyCharm.CovidInfo_D.TestCovidInfo_D</a></td>
            <td>1</td>
            <td>1</td>
            <td>0</td>
            <td>0</td>
            <td>
                <button><a href="javascript:showClassDetail('c1','1')"
                           style="color:#660066;">Detail</a></button>
            </td>
        </tr>
            
            <tr id="pt1.1" class='hiddenRow'>
                <td class='passCase'>
                    <div class='testcase'>
                        <a class="popup_link" onfocus='this.blur();'
                           href="javascript:showTestDetail('div_pt1.1')">test_covidInfo_D</a>
                    </div>
                </td>
                <td colspan='5' align='center'>
                    <div>
                        <!--css div popup start-->
                        <button>
                            <a class="popup_link" onfocus='this.blur();'
                               href="javascript:showTestDetail('div_pt1.1')" style="color:#660066;">
                                PASS
                            </a></button>
                        <div id='div_pt1.1' class="popup_window">
                            <div style='text-align: right; color:red;cursor:pointer'>
                                <a onfocus='this.blur();'
                                   onclick="document.getElementById('div_pt1.1').style.display = 'none'; "
                                   style="color:red;">
                                    [x]</a>
                            </div>
                            <pre>2023-09-27 14:30:56.680185 : <selenium.webdriver.remote.webelement.WebElement (session="3c7a5c97ac8e53e6ea89096cd516fe1b", element="5C30392FF44E09F03A822DB7D84C8662_element_269")>
2023-09-27 14:31:24.710738 : nenasle se exponea banner
2023-09-27 14:31:24.771650 : gridy jdou videt
2023-09-27 14:31:24.782652 : gridy jdou videt
2023-09-27 14:31:24.792595 : gridy jdou videt
2023-09-27 14:31:24.803566 : gridy jdou videt
2023-09-27 14:31:24.814536 : gridy jdou videt
2023-09-27 14:31:24.824509 : gridy jdou videt
2023-09-27 14:31:24.835480 : gridy jdou videt
2023-09-27 14:31:24.847029 : gridy jdou videt
2023-09-27 14:31:24.857004 : gridy jdou videt
2023-09-27 14:31:24.867974 : gridy jdou videt
2023-09-27 14:31:24.877947 : gridy jdou videt
2023-09-27 14:31:24.888917 : gridy jdou videt
2023-09-27 14:31:24.898891 : gridy jdou videt
2023-09-27 14:31:24.909862 : gridy jdou videt
2023-09-27 14:31:24.919864 : gridy jdou videt
2023-09-27 14:31:24.930806 : gridy jdou videt
2023-09-27 14:31:24.940780 : gridy jdou videt
2023-09-27 14:31:24.996630 : content jdou videt
2023-09-27 14:31:25.006604 : content jdou videt
2023-09-27 14:31:25.016578 : content jdou videt
2023-09-27 14:31:25.027701 : content jdou videt
2023-09-27 14:31:25.037677 : content jdou videt
2023-09-27 14:31:25.047651 : content jdou videt
2023-09-27 14:31:25.057625 : content jdou videt
2023-09-27 14:31:25.067597 : content jdou videt
2023-09-27 14:31:25.077571 : content jdou videt
2023-09-27 14:31:25.088542 : content jdou videt
2023-09-27 14:31:25.098516 : content jdou videt
2023-09-27 14:31:25.107492 : content jdou videt
2023-09-27 14:31:25.116468 : content jdou videt
2023-09-27 14:31:25.127439 : content jdou videt
2023-09-27 14:31:25.136415 : content jdou videt
2023-09-27 14:31:25.145392 : content jdou videt
2023-09-27 14:31:25.154367 : content jdou videt
2023-09-27 14:31:25.160351 : https://kartagosk.stg.dtweb.cz/covid-info
</pre>
                            <pre style="color: red;"></pre>
                        </div>
                        <!--css div popup end-->
                    </div>
                </td>
            </tr>
            
        
        <tr class='passClass' style="font-weight:bold;color:white;">
            <td><a href="javascript:showClassDetail('c2','1')">KTGSK_Automation_Local_Deploy_PyCharm.Detail_D.TestDetailHotelu_D</a></td>
            <td>1</td>
            <td>1</td>
            <td>0</td>
            <td>0</td>
            <td>
                <button><a href="javascript:showClassDetail('c2','1')"
                           style="color:#660066;">Detail</a></button>
            </td>
        </tr>
            
            <tr id="pt2.1" class='hiddenRow'>
                <td class='passCase'>
                    <div class='testcase'>
                        <a class="popup_link" onfocus='this.blur();'
                           href="javascript:showTestDetail('div_pt2.1')">test_detail_D</a>
                    </div>
                </td>
                <td colspan='5' align='center'>
                    <div>
                        <!--css div popup start-->
                        <button>
                            <a class="popup_link" onfocus='this.blur();'
                               href="javascript:showTestDetail('div_pt2.1')" style="color:#660066;">
                                PASS
                            </a></button>
                        <div id='div_pt2.1' class="popup_window">
                            <div style='text-align: right; color:red;cursor:pointer'>
                                <a onfocus='this.blur();'
                                   onclick="document.getElementById('div_pt2.1').style.display = 'none'; "
                                   style="color:red;">
                                    [x]</a>
                            </div>
                            <pre>2023-09-27 14:31:42.999823 : <selenium.webdriver.remote.webelement.WebElement (session="f14193ac72f57e405e74e442779276c6", element="12B19CB38ABDF86C9ED8CAB18A22F940_element_521")>
2023-09-27 14:31:43.142237 : <bound method WebElement.is_displayed of <selenium.webdriver.remote.webelement.WebElement (session="f14193ac72f57e405e74e442779276c6", element="12B19CB38ABDF86C9ED8CAB18A22F940_element_522")>>
2023-09-27 14:31:43.347690 : https://kartagosk.stg.dtweb.cz//egypt/hurghada/hurghada/amarina-abu-soma-resort?AC1=2&D=64419|64420|64425&DD=2023-10-01&DP=1837&DPR=KARTAGO-SK-ATCOM&DS=65536&GIATA=85&HID=9156&IC1=0&IFM=0&ILM=0&KC1=0&MNN=7&MT=5&NN=7&PID=HRG90013&RD=2023-10-08&TO=483|1837|2933|3437&acm1=2&df=2023-10-01|2023-10-31&nnm=7|8|9|10|11|12|13&tt=1&ttm=1#/preh%C4%BEad
</pre>
                            <pre style="color: red;"></pre>
                        </div>
                        <!--css div popup end-->
                    </div>
                </td>
            </tr>
            
        
        <tr class='passClass' style="font-weight:bold;color:white;">
            <td><a href="javascript:showClassDetail('c3','3')">KTGSK_Automation_Local_Deploy_PyCharm.Detail_C.TestDetailHotelu_C</a></td>
            <td>3</td>
            <td>3</td>
            <td>0</td>
            <td>0</td>
            <td>
                <button><a href="javascript:showClassDetail('c3','3')"
                           style="color:#660066;">Detail</a></button>
            </td>
        </tr>
            
            <tr id="pt3.1" class='hiddenRow'>
                <td class='passCase'>
                    <div class='testcase'>
                        <a class="popup_link" onfocus='this.blur();'
                           href="javascript:showTestDetail('div_pt3.1')">test_detail_fotka</a>
                    </div>
                </td>
                <td colspan='5' align='center'>
                    <div>
                        <!--css div popup start-->
                        <button>
                            <a class="popup_link" onfocus='this.blur();'
                               href="javascript:showTestDetail('div_pt3.1')" style="color:#660066;">
                                PASS
                            </a></button>
                        <div id='div_pt3.1' class="popup_window">
                            <div style='text-align: right; color:red;cursor:pointer'>
                                <a onfocus='this.blur();'
                                   onclick="document.getElementById('div_pt3.1').style.display = 'none'; "
                                   style="color:red;">
                                    [x]</a>
                            </div>
                            <pre>2023-09-27 14:31:55.230717 : <selenium.webdriver.remote.webelement.WebElement (session="1eda94017014a1d3f6a214bb4685197b", element="25DB678458B23F7E1E6F95173064E71C_element_306")>
2023-09-27 14:32:00.550966 : its ok
2023-09-27 14:32:00.557947 : https://img.fischer.cz/hotels/egypt/oblast-hurghada/safaga/amarina-abu-soma-resort/197864.jpeg
</pre>
                            <pre style="color: red;"></pre>
                        </div>
                        <!--css div popup end-->
                    </div>
                </td>
            </tr>
            
            <tr id="pt3.2" class='hiddenRow'>
                <td class='passCase'>
                    <div class='testcase'>
                        <a class="popup_link" onfocus='this.blur();'
                           href="javascript:showTestDetail('div_pt3.2')">test_detail_terminy_filtr_meal</a>
                    </div>
                </td>
                <td colspan='5' align='center'>
                    <div>
                        <!--css div popup start-->
                        <button>
                            <a class="popup_link" onfocus='this.blur();'
                               href="javascript:showTestDetail('div_pt3.2')" style="color:#660066;">
                                PASS
                            </a></button>
                        <div id='div_pt3.2' class="popup_window">
                            <div style='text-align: right; color:red;cursor:pointer'>
                                <a onfocus='this.blur();'
                                   onclick="document.getElementById('div_pt3.2').style.display = 'none'; "
                                   style="color:red;">
                                    [x]</a>
                            </div>
                            <pre>2023-09-27 14:32:13.792850 : <selenium.webdriver.remote.webelement.WebElement (session="323c2be01971d4c1a5502b5b3247babc", element="05A5EDB93CD02E36378D73A0FAC692DA_element_302")>
2023-09-27 14:32:20.040235 : else departure not true
2023-09-27 14:32:28.766001 : all inclusive
2023-09-27 14:32:30.772031 : 0
2023-09-27 14:32:55.827683 : []
2023-09-27 14:32:55.833084 : https://kartagosk.stg.dtweb.cz//egypt/hurghada/hurghada/amarina-abu-soma-resort?AC1=2&D=64419|64420|64425&DD=2023-10-01&DP=1837&DPR=KARTAGO-SK-ATCOM&DS=65536&GIATA=85&HID=9156&IC1=0&IFM=0&ILM=0&KC1=0&MNN=7&MT=5&NN=7&PID=HRG90013&RD=2023-10-08&TO=483|1837|2933|3437&acm1=2&df=2023-10-01|2023-10-31&mtm=5&nnm=7|8|9|10|11|12|13&ptm=0&tt=1&ttm=1#/terminy-a-ceny
</pre>
                            <pre style="color: red;"></pre>
                        </div>
                        <!--css div popup end-->
                    </div>
                </td>
            </tr>
            
            <tr id="pt3.3" class='hiddenRow'>
                <td class='passCase'>
                    <div class='testcase'>
                        <a class="popup_link" onfocus='this.blur();'
                           href="javascript:showTestDetail('div_pt3.3')">test_detail_terminy_filtr_airport</a>
                    </div>
                </td>
                <td colspan='5' align='center'>
                    <div>
                        <!--css div popup start-->
                        <button>
                            <a class="popup_link" onfocus='this.blur();'
                               href="javascript:showTestDetail('div_pt3.3')" style="color:#660066;">
                                PASS
                            </a></button>
                        <div id='div_pt3.3' class="popup_window">
                            <div style='text-align: right; color:red;cursor:pointer'>
                                <a onfocus='this.blur();'
                                   onclick="document.getElementById('div_pt3.3').style.display = 'none'; "
                                   style="color:red;">
                                    [x]</a>
                            </div>
                            <pre>2023-09-27 14:33:08.152198 : <selenium.webdriver.remote.webelement.WebElement (session="a1c6cb1b128fdff83c0d83ec73cec4c5", element="8A9F388331B1931EEA788B24D4BBA443_element_301")>
2023-09-27 14:33:14.441477 : if departure==True
2023-09-27 14:34:20.984667 : https://kartagosk.stg.dtweb.cz//egypt/hurghada/hurghada/amarina-abu-soma-resort?AC1=2&D=64419|64420|64425&DD=2023-10-01&DP=1837&DPR=KARTAGO-SK-ATCOM&DS=65536&GIATA=85&HID=9156&IC1=0&IFM=0&ILM=0&KC1=0&MNN=7&MT=5&NN=7&PID=HRG90013&RD=2023-10-08&TO=483|1837|2933|3437&acm1=2&df=2023-10-01|2023-10-31&nnm=7|8|9|10|11|12|13&ptm=0&tom=483&tt=1&ttm=1#/terminy-a-ceny
</pre>
                            <pre style="color: red;"></pre>
                        </div>
                        <!--css div popup end-->
                    </div>
                </td>
            </tr>
            
        
        <tr class='passClass' style="font-weight:bold;color:white;">
            <td><a href="javascript:showClassDetail('c4','1')">KTGSK_Automation_Local_Deploy_PyCharm.DetskeKluby_D.TestDetskeKluby_D</a></td>
            <td>1</td>
            <td>1</td>
            <td>0</td>
            <td>0</td>
            <td>
                <button><a href="javascript:showClassDetail('c4','1')"
                           style="color:#660066;">Detail</a></button>
            </td>
        </tr>
            
            <tr id="pt4.1" class='hiddenRow'>
                <td class='passCase'>
                    <div class='testcase'>
                        <a class="popup_link" onfocus='this.blur();'
                           href="javascript:showTestDetail('div_pt4.1')">test_kluby_D</a>
                    </div>
                </td>
                <td colspan='5' align='center'>
                    <div>
                        <!--css div popup start-->
                        <button>
                            <a class="popup_link" onfocus='this.blur();'
                               href="javascript:showTestDetail('div_pt4.1')" style="color:#660066;">
                                PASS
                            </a></button>
                        <div id='div_pt4.1' class="popup_window">
                            <div style='text-align: right; color:red;cursor:pointer'>
                                <a onfocus='this.blur();'
                                   onclick="document.getElementById('div_pt4.1').style.display = 'none'; "
                                   style="color:red;">
                                    [x]</a>
                            </div>
                            <pre>2023-09-27 14:34:32.300532 : <selenium.webdriver.remote.webelement.WebElement (session="be0dcc598c12664de03202f611e5ec5f", element="F8B81A0F06ADABD763CE8C14EB10DFCB_element_267")>
2023-09-27 14:34:33.106473 : benefit item
2023-09-27 14:34:33.213188 : benefit item
2023-09-27 14:34:33.266048 : benefit item
2023-09-27 14:34:33.340871 : benefit item
2023-09-27 14:34:33.350347 : benefit item
2023-09-27 14:34:33.360880 : benefit item
2023-09-27 14:34:33.573314 : grind container
2023-09-27 14:34:33.582291 : grind container
2023-09-27 14:34:33.595257 : grind container
2023-09-27 14:34:33.606226 : grind container
2023-09-27 14:34:33.616200 : grind container
2023-09-27 14:34:33.626174 : grind container
2023-09-27 14:34:33.644128 : grind container
2023-09-27 14:34:33.653102 : grind container
2023-09-27 14:34:33.664073 : grind container
2023-09-27 14:34:33.708952 : grind container
2023-09-27 14:34:33.725909 : grind container
2023-09-27 14:34:33.737878 : grind container
2023-09-27 14:34:33.749844 : grind container
2023-09-27 14:34:33.759818 : grind container
2023-09-27 14:34:33.899446 : tile img
2023-09-27 14:34:33.909420 : tile img
2023-09-27 14:34:33.918396 : tile img
2023-09-27 14:34:33.927372 : tile img
2023-09-27 14:34:33.936348 : tile img
2023-09-27 14:34:33.944327 : tile img
2023-09-27 14:34:33.948316 : https://kartagosk.stg.dtweb.cz/uzitocne-informacie/mango-club
</pre>
                            <pre style="color: red;"></pre>
                        </div>
                        <!--css div popup end-->
                    </div>
                </td>
            </tr>
            
        
        <tr class='passClass' style="font-weight:bold;color:white;">
            <td><a href="javascript:showClassDetail('c5','1')">KTGSK_Automation_Local_Deploy_PyCharm.FM_D.TestFM_D</a></td>
            <td>1</td>
            <td>1</td>
            <td>0</td>
            <td>0</td>
            <td>
                <button><a href="javascript:showClassDetail('c5','1')"
                           style="color:#660066;">Detail</a></button>
            </td>
        </tr>
            
            <tr id="pt5.1" class='hiddenRow'>
                <td class='passCase'>
                    <div class='testcase'>
                        <a class="popup_link" onfocus='this.blur();'
                           href="javascript:showTestDetail('div_pt5.1')">test_FM_D</a>
                    </div>
                </td>
                <td colspan='5' align='center'>
                    <div>
                        <!--css div popup start-->
                        <button>
                            <a class="popup_link" onfocus='this.blur();'
                               href="javascript:showTestDetail('div_pt5.1')" style="color:#660066;">
                                PASS
                            </a></button>
                        <div id='div_pt5.1' class="popup_window">
                            <div style='text-align: right; color:red;cursor:pointer'>
                                <a onfocus='this.blur();'
                                   onclick="document.getElementById('div_pt5.1').style.display = 'none'; "
                                   style="color:red;">
                                    [x]</a>
                            </div>
                            <pre>2023-09-27 14:34:47.869750 : <selenium.webdriver.remote.webelement.WebElement (session="460c5e5cc208487a06ca581a50739ca2", element="B6788831FEFE3F0E10D4224FC634DC15_element_489")>
2023-09-27 14:34:49.674359 : https://kartagosk.stg.dtweb.cz/first-minute/leto
</pre>
                            <pre style="color: red;"></pre>
                        </div>
                        <!--css div popup end-->
                    </div>
                </td>
            </tr>
            
        
        <tr class='passClass' style="font-weight:bold;color:white;">
            <td><a href="javascript:showClassDetail('c6','2')">KTGSK_Automation_Local_Deploy_PyCharm.fulltext_C.Test_Fulltext_C</a></td>
            <td>2</td>
            <td>2</td>
            <td>0</td>
            <td>0</td>
            <td>
                <button><a href="javascript:showClassDetail('c6','2')"
                           style="color:#660066;">Detail</a></button>
            </td>
        </tr>
            
            <tr id="pt6.1" class='hiddenRow'>
                <td class='passCase'>
                    <div class='testcase'>
                        <a class="popup_link" onfocus='this.blur();'
                           href="javascript:showTestDetail('div_pt6.1')">test_fulltext_naseptavac</a>
                    </div>
                </td>
                <td colspan='5' align='center'>
                    <div>
                        <!--css div popup start-->
                        <button>
                            <a class="popup_link" onfocus='this.blur();'
                               href="javascript:showTestDetail('div_pt6.1')" style="color:#660066;">
                                PASS
                            </a></button>
                        <div id='div_pt6.1' class="popup_window">
                            <div style='text-align: right; color:red;cursor:pointer'>
                                <a onfocus='this.blur();'
                                   onclick="document.getElementById('div_pt6.1').style.display = 'none'; "
                                   style="color:red;">
                                    [x]</a>
                            </div>
                            <pre>2023-09-27 14:35:10.356368 : <selenium.webdriver.remote.webelement.WebElement (session="07cd34a14e68093d74d3b9df9d2635ee", element="9D0BAE6E4FA4F1DAA1470602041F8E39_element_273")>
2023-09-27 14:35:14.250846 : ZANZIBAR
2023-09-27 14:35:16.746969 : hote dlazdice klik
2023-09-27 14:35:23.666606 : GRÉCKO
2023-09-27 14:35:28.043531 : hote dlazdice klik
2023-09-27 14:35:32.332598 : TURECKO
2023-09-27 14:35:33.697791 : hote dlazdice klik
2023-09-27 14:35:38.430196 : EGYPT
2023-09-27 14:35:39.610814 : hote dlazdice klik
2023-09-27 14:35:44.120226 : KAPVERDY
2023-09-27 14:35:47.689239 : hote dlazdice klik
2023-09-27 14:35:51.892053 : MALEDIVY
2023-09-27 14:35:54.316624 : hote dlazdice klik
2023-09-27 14:35:58.054866 : DUBAJ
2023-09-27 14:35:59.325485 : hote dlazdice klik
2023-09-27 14:36:03.255570 : POISTENIE
2023-09-27 14:36:04.276382 : hote dlazdice klik
2023-09-27 14:36:09.524015 : PARKOVANIE
2023-09-27 14:36:10.918105 : hote dlazdice klik
2023-09-27 14:36:15.124386 : MIRAGE BAY
2023-09-27 14:36:16.212816 : hote dlazdice klik
2023-09-27 14:36:20.477151 : MITSIS
2023-09-27 14:36:21.687254 : hote dlazdice klik
2023-09-27 14:36:26.058871 : PRIMA LIFE
2023-09-27 14:36:27.802680 : hote dlazdice klik
2023-09-27 14:36:32.005057 : PICKALBATROS
2023-09-27 14:36:33.169958 : hote dlazdice klik
2023-09-27 14:36:37.131081 : TITANIC
2023-09-27 14:36:38.328655 : hote dlazdice klik
2023-09-27 14:36:42.264937 : MIRAGE
2023-09-27 14:36:43.406544 : hote dlazdice klik
2023-09-27 14:36:43.627954 : https://kartagosk.stg.dtweb.cz/spojene-arabske-emiraty/dubaj/dubaj/centara-mirage-beach-resort-dubai?DS=65536&GIATA=1248562&D=64089&HID=142108&DF=2023-10-22|2023-11-19&RD=2023-11-12&DD=2023-11-05&ERM=0&AC1=2&KC1=0&IC1=0&MNN=0|1|2|3|4|5|6|7|8|9|10|11|12|13|14|15|16|17|18|19|20|21|22|23|24|25|26&NNM=0|1|2|3|4|5|6|7|8|9|10|11|12|13|14|15|16|17|18|19|20|21|22|23|24|25|26&PID=DXB75000&DPR=KARTAGO-SK-ATCOM
</pre>
                            <pre style="color: red;"></pre>
                        </div>
                        <!--css div popup end-->
                    </div>
                </td>
            </tr>
            
            <tr id="pt6.2" class='hiddenRow'>
                <td class='passCase'>
                    <div class='testcase'>
                        <a class="popup_link" onfocus='this.blur();'
                           href="javascript:showTestDetail('div_pt6.2')">test_fulltext_results_status_check</a>
                    </div>
                </td>
                <td colspan='5' align='center'>
                    <div>
                        <!--css div popup start-->
                        <button>
                            <a class="popup_link" onfocus='this.blur();'
                               href="javascript:showTestDetail('div_pt6.2')" style="color:#660066;">
                                PASS
                            </a></button>
                        <div id='div_pt6.2' class="popup_window">
                            <div style='text-align: right; color:red;cursor:pointer'>
                                <a onfocus='this.blur();'
                                   onclick="document.getElementById('div_pt6.2').style.display = 'none'; "
                                   style="color:red;">
                                    [x]</a>
                            </div>
                            <pre>2023-09-27 14:36:54.527139 : <selenium.webdriver.remote.webelement.WebElement (session="ecbb6b085ade7257cce48c3d885b4e3d", element="878617E68C738E45663A546954808A45_element_267")>
2023-09-27 14:36:54.804401 : ZANZIBAR
2023-09-27 14:36:58.480865 : GRÉCKO
2023-09-27 14:37:02.684969 : TURECKO
2023-09-27 14:37:05.759690 : EGYPT
2023-09-27 14:37:08.424599 : KAPVERDY
2023-09-27 14:37:11.632432 : MALEDIVY
2023-09-27 14:37:14.991492 : DUBAJ
2023-09-27 14:37:17.771630 : POISTENIE
2023-09-27 14:37:21.201186 : PARKOVANIE
2023-09-27 14:37:23.700427 : MIRAGE BAY
2023-09-27 14:37:26.594097 : MITSIS
2023-09-27 14:37:28.973787 : PRIMA LIFE
2023-09-27 14:37:31.734628 : PICKALBATROS
2023-09-27 14:37:34.442778 : TITANIC
2023-09-27 14:37:37.125638 : MIRAGE
2023-09-27 14:37:37.238338 : https://kartagosk.stg.dtweb.cz/hladanie-vysledky?q=Mirage
</pre>
                            <pre style="color: red;"></pre>
                        </div>
                        <!--css div popup end-->
                    </div>
                </td>
            </tr>
            
        
        <tr class='passClass' style="font-weight:bold;color:white;">
            <td><a href="javascript:showClassDetail('c7','1')">KTGSK_Automation_Local_Deploy_PyCharm.groupsearch_D.Test_Groupsearch_D</a></td>
            <td>1</td>
            <td>1</td>
            <td>0</td>
            <td>0</td>
            <td>
                <button><a href="javascript:showClassDetail('c7','1')"
                           style="color:#660066;">Detail</a></button>
            </td>
        </tr>
            
            <tr id="pt7.1" class='hiddenRow'>
                <td class='passCase'>
                    <div class='testcase'>
                        <a class="popup_link" onfocus='this.blur();'
                           href="javascript:showTestDetail('div_pt7.1')">test_groupsearch_D</a>
                    </div>
                </td>
                <td colspan='5' align='center'>
                    <div>
                        <!--css div popup start-->
                        <button>
                            <a class="popup_link" onfocus='this.blur();'
                               href="javascript:showTestDetail('div_pt7.1')" style="color:#660066;">
                                PASS
                            </a></button>
                        <div id='div_pt7.1' class="popup_window">
                            <div style='text-align: right; color:red;cursor:pointer'>
                                <a onfocus='this.blur();'
                                   onclick="document.getElementById('div_pt7.1').style.display = 'none'; "
                                   style="color:red;">
                                    [x]</a>
                            </div>
                            <pre>2023-09-27 14:37:49.096074 : <selenium.webdriver.remote.webelement.WebElement (session="518a1fae0204397a676c7a043123fb71", element="4836C89AF98609FEB99B9A24655803A2_element_270")>
2023-09-27 14:37:50.345749 : https://kartagosk.stg.dtweb.cz/vysledky-vyhladavania?tt=1&to=483|1837|2933|3437&dd=2022-09-01&rd=2022-09-25&nn=7|8|9|10|11|12|13&ka1=6&kc1=1&ac1=2
</pre>
                            <pre style="color: red;"></pre>
                        </div>
                        <!--css div popup end-->
                    </div>
                </td>
            </tr>
            
        
        <tr class='errorClass' style="font-weight:bold;color:white;">
            <td><a href="javascript:showClassDetail('c8','1')">KTGSK_Automation_Local_Deploy_PyCharm.HP_D.TestHP_D</a></td>
            <td>1</td>
            <td>0</td>
            <td>0</td>
            <td>1</td>
            <td>
                <button><a href="javascript:showClassDetail('c8','1')"
                           style="color:#660066;">Detail</a></button>
            </td>
        </tr>
            
            <tr id="ft8.1" class='none'>
                <td class='errorCase'>
                    <div class='testcase'>
                        <a class="popup_link" onfocus='this.blur();'
                           href="javascript:showTestDetail('div_ft8.1')">test_homePage_D</a>
                    </div>
                </td>
                <td colspan='5' align='center'>
                    <div>
                        <!--css div popup start-->
                        <button>
                            <a class="popup_link" onfocus='this.blur();'
                               href="javascript:showTestDetail('div_ft8.1')" style="color:#660066;">
                                ERROR
                            </a></button>
                        <div id='div_ft8.1' class="popup_window">
                            <div style='text-align: right; color:red;cursor:pointer'>
                                <a onfocus='this.blur();'
                                   onclick="document.getElementById('div_ft8.1').style.display = 'none'; "
                                   style="color:red;">
                                    [x]</a>
                            </div>
                            <pre></pre>
                            <pre style="color: red;">Traceback (most recent call last):
  File "C:\Users\KADOUN\AppData\Roaming\Python\Python38\site-packages\webdriver_manager\core\file_manager.py", line 65, in __extract_zip
    archive.extractall(to_directory)
  File "C:\Users\KADOUN\AppData\Local\Programs\Python\Python38\lib\zipfile.py", line 1647, in extractall
    self._extract_member(zipinfo, path, pwd)
  File "C:\Users\KADOUN\AppData\Local\Programs\Python\Python38\lib\zipfile.py", line 1701, in _extract_member
    open(targetpath, "wb") as target:
PermissionError: [Errno 13] Permission denied: 'C:\\Users\\KADOUN\\.wdm\\drivers\\chromedriver\\win64\\116.0.5845.188\\chromedriver-win32\\chromedriver.exe'

During handling of the above exception, another exception occurred:

Traceback (most recent call last):
  File "C:\Users\KADOUN\Desktop\Automatization_Project_Master_QA\KTGSK_Automation_Local_Deploy_PyCharm\HP_D.py", line 11, in setUp
    setUp(self)
  File "C:\Users\KADOUN\Desktop\Automatization_Project_Master_QA\KTGSK_Automation_Local_Deploy_PyCharm\to_import.py", line 61, in setUp
    self.driver = webdriver.Chrome(ChromeDriverManager().install())
  File "C:\Users\KADOUN\AppData\Roaming\Python\Python38\site-packages\webdriver_manager\chrome.py", line 40, in install
    driver_path = self._get_driver_binary_path(self.driver)
  File "C:\Users\KADOUN\AppData\Roaming\Python\Python38\site-packages\webdriver_manager\core\manager.py", line 41, in _get_driver_binary_path
    binary_path = self._cache_manager.save_file_to_cache(driver, file)
  File "C:\Users\KADOUN\AppData\Roaming\Python\Python38\site-packages\webdriver_manager\core\driver_cache.py", line 54, in save_file_to_cache
    files = self.unpack_archive(archive, path)
  File "C:\Users\KADOUN\AppData\Roaming\Python\Python38\site-packages\webdriver_manager\core\driver_cache.py", line 49, in unpack_archive
    return self._file_manager.unpack_archive(archive, path)
  File "C:\Users\KADOUN\AppData\Roaming\Python\Python38\site-packages\webdriver_manager\core\file_manager.py", line 57, in unpack_archive
    return self.__extract_zip(archive_file, target_dir)
  File "C:\Users\KADOUN\AppData\Roaming\Python\Python38\site-packages\webdriver_manager\core\file_manager.py", line 81, in __extract_zip
    os.replace(source, destination)
PermissionError: [WinError 5] Access is denied: 'C:\\Users\\KADOUN\\.wdm\\drivers\\chromedriver\\win64\\116.0.5845.188\\chromedriver-win32\\chromedriver.exe' -> 'C:\\Users\\KADOUN\\.wdm\\drivers\\chromedriver\\win64\\116.0.5845.188\\chromedriver.exe'
</pre>
                        </div>
                        <!--css div popup end-->
                    </div>
                </td>
            </tr>
            
        
        <tr class='errorClass' style="font-weight:bold;color:white;">
            <td><a href="javascript:showClassDetail('c9','1')">KTGSK_Automation_Local_Deploy_PyCharm.LM_D.TestLM_D</a></td>
            <td>1</td>
            <td>0</td>
            <td>0</td>
            <td>1</td>
            <td>
                <button><a href="javascript:showClassDetail('c9','1')"
                           style="color:#660066;">Detail</a></button>
            </td>
        </tr>
            
            <tr id="ft9.1" class='none'>
                <td class='errorCase'>
                    <div class='testcase'>
                        <a class="popup_link" onfocus='this.blur();'
                           href="javascript:showTestDetail('div_ft9.1')">test_lM_isDisplayed</a>
                    </div>
                </td>
                <td colspan='5' align='center'>
                    <div>
                        <!--css div popup start-->
                        <button>
                            <a class="popup_link" onfocus='this.blur();'
                               href="javascript:showTestDetail('div_ft9.1')" style="color:#660066;">
                                ERROR
                            </a></button>
                        <div id='div_ft9.1' class="popup_window">
                            <div style='text-align: right; color:red;cursor:pointer'>
                                <a onfocus='this.blur();'
                                   onclick="document.getElementById('div_ft9.1').style.display = 'none'; "
                                   style="color:red;">
                                    [x]</a>
                            </div>
                            <pre></pre>
                            <pre style="color: red;">Traceback (most recent call last):
  File "C:\Users\KADOUN\AppData\Roaming\Python\Python38\site-packages\webdriver_manager\core\file_manager.py", line 65, in __extract_zip
    archive.extractall(to_directory)
  File "C:\Users\KADOUN\AppData\Local\Programs\Python\Python38\lib\zipfile.py", line 1647, in extractall
    self._extract_member(zipinfo, path, pwd)
  File "C:\Users\KADOUN\AppData\Local\Programs\Python\Python38\lib\zipfile.py", line 1701, in _extract_member
    open(targetpath, "wb") as target:
PermissionError: [Errno 13] Permission denied: 'C:\\Users\\KADOUN\\.wdm\\drivers\\chromedriver\\win64\\116.0.5845.188\\chromedriver-win32\\chromedriver.exe'

During handling of the above exception, another exception occurred:

Traceback (most recent call last):
  File "C:\Users\KADOUN\Desktop\Automatization_Project_Master_QA\KTGSK_Automation_Local_Deploy_PyCharm\LM_D.py", line 10, in setUp
    setUp(self)
  File "C:\Users\KADOUN\Desktop\Automatization_Project_Master_QA\KTGSK_Automation_Local_Deploy_PyCharm\to_import.py", line 61, in setUp
    self.driver = webdriver.Chrome(ChromeDriverManager().install())
  File "C:\Users\KADOUN\AppData\Roaming\Python\Python38\site-packages\webdriver_manager\chrome.py", line 40, in install
    driver_path = self._get_driver_binary_path(self.driver)
  File "C:\Users\KADOUN\AppData\Roaming\Python\Python38\site-packages\webdriver_manager\core\manager.py", line 41, in _get_driver_binary_path
    binary_path = self._cache_manager.save_file_to_cache(driver, file)
  File "C:\Users\KADOUN\AppData\Roaming\Python\Python38\site-packages\webdriver_manager\core\driver_cache.py", line 54, in save_file_to_cache
    files = self.unpack_archive(archive, path)
  File "C:\Users\KADOUN\AppData\Roaming\Python\Python38\site-packages\webdriver_manager\core\driver_cache.py", line 49, in unpack_archive
    return self._file_manager.unpack_archive(archive, path)
  File "C:\Users\KADOUN\AppData\Roaming\Python\Python38\site-packages\webdriver_manager\core\file_manager.py", line 57, in unpack_archive
    return self.__extract_zip(archive_file, target_dir)
  File "C:\Users\KADOUN\AppData\Roaming\Python\Python38\site-packages\webdriver_manager\core\file_manager.py", line 81, in __extract_zip
    os.replace(source, destination)
PermissionError: [WinError 5] Access is denied: 'C:\\Users\\KADOUN\\.wdm\\drivers\\chromedriver\\win64\\116.0.5845.188\\chromedriver-win32\\chromedriver.exe' -> 'C:\\Users\\KADOUN\\.wdm\\drivers\\chromedriver\\win64\\116.0.5845.188\\chromedriver.exe'
</pre>
                        </div>
                        <!--css div popup end-->
                    </div>
                </td>
            </tr>
            
        
        <tr class='errorClass' style="font-weight:bold;color:white;">
            <td><a href="javascript:showClassDetail('c10','1')">KTGSK_Automation_Local_Deploy_PyCharm.pobocky.TestPobocky_D</a></td>
            <td>1</td>
            <td>0</td>
            <td>0</td>
            <td>1</td>
            <td>
                <button><a href="javascript:showClassDetail('c10','1')"
                           style="color:#660066;">Detail</a></button>
            </td>
        </tr>
            
            <tr id="ft10.1" class='none'>
                <td class='errorCase'>
                    <div class='testcase'>
                        <a class="popup_link" onfocus='this.blur();'
                           href="javascript:showTestDetail('div_ft10.1')">test_pobocky_D</a>
                    </div>
                </td>
                <td colspan='5' align='center'>
                    <div>
                        <!--css div popup start-->
                        <button>
                            <a class="popup_link" onfocus='this.blur();'
                               href="javascript:showTestDetail('div_ft10.1')" style="color:#660066;">
                                ERROR
                            </a></button>
                        <div id='div_ft10.1' class="popup_window">
                            <div style='text-align: right; color:red;cursor:pointer'>
                                <a onfocus='this.blur();'
                                   onclick="document.getElementById('div_ft10.1').style.display = 'none'; "
                                   style="color:red;">
                                    [x]</a>
                            </div>
                            <pre></pre>
                            <pre style="color: red;">Traceback (most recent call last):
  File "C:\Users\KADOUN\AppData\Roaming\Python\Python38\site-packages\webdriver_manager\core\file_manager.py", line 65, in __extract_zip
    archive.extractall(to_directory)
  File "C:\Users\KADOUN\AppData\Local\Programs\Python\Python38\lib\zipfile.py", line 1647, in extractall
    self._extract_member(zipinfo, path, pwd)
  File "C:\Users\KADOUN\AppData\Local\Programs\Python\Python38\lib\zipfile.py", line 1701, in _extract_member
    open(targetpath, "wb") as target:
PermissionError: [Errno 13] Permission denied: 'C:\\Users\\KADOUN\\.wdm\\drivers\\chromedriver\\win64\\116.0.5845.188\\chromedriver-win32\\chromedriver.exe'

During handling of the above exception, another exception occurred:

Traceback (most recent call last):
  File "C:\Users\KADOUN\Desktop\Automatization_Project_Master_QA\KTGSK_Automation_Local_Deploy_PyCharm\pobocky.py", line 8, in setUp
    setUp(self)
  File "C:\Users\KADOUN\Desktop\Automatization_Project_Master_QA\KTGSK_Automation_Local_Deploy_PyCharm\to_import.py", line 61, in setUp
    self.driver = webdriver.Chrome(ChromeDriverManager().install())
  File "C:\Users\KADOUN\AppData\Roaming\Python\Python38\site-packages\webdriver_manager\chrome.py", line 40, in install
    driver_path = self._get_driver_binary_path(self.driver)
  File "C:\Users\KADOUN\AppData\Roaming\Python\Python38\site-packages\webdriver_manager\core\manager.py", line 41, in _get_driver_binary_path
    binary_path = self._cache_manager.save_file_to_cache(driver, file)
  File "C:\Users\KADOUN\AppData\Roaming\Python\Python38\site-packages\webdriver_manager\core\driver_cache.py", line 54, in save_file_to_cache
    files = self.unpack_archive(archive, path)
  File "C:\Users\KADOUN\AppData\Roaming\Python\Python38\site-packages\webdriver_manager\core\driver_cache.py", line 49, in unpack_archive
    return self._file_manager.unpack_archive(archive, path)
  File "C:\Users\KADOUN\AppData\Roaming\Python\Python38\site-packages\webdriver_manager\core\file_manager.py", line 57, in unpack_archive
    return self.__extract_zip(archive_file, target_dir)
  File "C:\Users\KADOUN\AppData\Roaming\Python\Python38\site-packages\webdriver_manager\core\file_manager.py", line 81, in __extract_zip
    os.replace(source, destination)
PermissionError: [WinError 5] Access is denied: 'C:\\Users\\KADOUN\\.wdm\\drivers\\chromedriver\\win64\\116.0.5845.188\\chromedriver-win32\\chromedriver.exe' -> 'C:\\Users\\KADOUN\\.wdm\\drivers\\chromedriver\\win64\\116.0.5845.188\\chromedriver.exe'
</pre>
                        </div>
                        <!--css div popup end-->
                    </div>
                </td>
            </tr>
            
        
        <tr class='errorClass' style="font-weight:bold;color:white;">
            <td><a href="javascript:showClassDetail('c11','1')">KTGSK_Automation_Local_Deploy_PyCharm.SDO_D.TestSDO_D</a></td>
            <td>1</td>
            <td>0</td>
            <td>0</td>
            <td>1</td>
            <td>
                <button><a href="javascript:showClassDetail('c11','1')"
                           style="color:#660066;">Detail</a></button>
            </td>
        </tr>
            
            <tr id="ft11.1" class='none'>
                <td class='errorCase'>
                    <div class='testcase'>
                        <a class="popup_link" onfocus='this.blur();'
                           href="javascript:showTestDetail('div_ft11.1')">test_SDO_D</a>
                    </div>
                </td>
                <td colspan='5' align='center'>
                    <div>
                        <!--css div popup start-->
                        <button>
                            <a class="popup_link" onfocus='this.blur();'
                               href="javascript:showTestDetail('div_ft11.1')" style="color:#660066;">
                                ERROR
                            </a></button>
                        <div id='div_ft11.1' class="popup_window">
                            <div style='text-align: right; color:red;cursor:pointer'>
                                <a onfocus='this.blur();'
                                   onclick="document.getElementById('div_ft11.1').style.display = 'none'; "
                                   style="color:red;">
                                    [x]</a>
                            </div>
                            <pre></pre>
                            <pre style="color: red;">Traceback (most recent call last):
  File "C:\Users\KADOUN\AppData\Roaming\Python\Python38\site-packages\webdriver_manager\core\file_manager.py", line 65, in __extract_zip
    archive.extractall(to_directory)
  File "C:\Users\KADOUN\AppData\Local\Programs\Python\Python38\lib\zipfile.py", line 1647, in extractall
    self._extract_member(zipinfo, path, pwd)
  File "C:\Users\KADOUN\AppData\Local\Programs\Python\Python38\lib\zipfile.py", line 1701, in _extract_member
    open(targetpath, "wb") as target:
PermissionError: [Errno 13] Permission denied: 'C:\\Users\\KADOUN\\.wdm\\drivers\\chromedriver\\win64\\116.0.5845.188\\chromedriver-win32\\chromedriver.exe'

During handling of the above exception, another exception occurred:

Traceback (most recent call last):
  File "C:\Users\KADOUN\Desktop\Automatization_Project_Master_QA\KTGSK_Automation_Local_Deploy_PyCharm\SDO_D.py", line 8, in setUp
    setUp(self)
  File "C:\Users\KADOUN\Desktop\Automatization_Project_Master_QA\KTGSK_Automation_Local_Deploy_PyCharm\to_import.py", line 61, in setUp
    self.driver = webdriver.Chrome(ChromeDriverManager().install())
  File "C:\Users\KADOUN\AppData\Roaming\Python\Python38\site-packages\webdriver_manager\chrome.py", line 40, in install
    driver_path = self._get_driver_binary_path(self.driver)
  File "C:\Users\KADOUN\AppData\Roaming\Python\Python38\site-packages\webdriver_manager\core\manager.py", line 41, in _get_driver_binary_path
    binary_path = self._cache_manager.save_file_to_cache(driver, file)
  File "C:\Users\KADOUN\AppData\Roaming\Python\Python38\site-packages\webdriver_manager\core\driver_cache.py", line 54, in save_file_to_cache
    files = self.unpack_archive(archive, path)
  File "C:\Users\KADOUN\AppData\Roaming\Python\Python38\site-packages\webdriver_manager\core\driver_cache.py", line 49, in unpack_archive
    return self._file_manager.unpack_archive(archive, path)
  File "C:\Users\KADOUN\AppData\Roaming\Python\Python38\site-packages\webdriver_manager\core\file_manager.py", line 57, in unpack_archive
    return self.__extract_zip(archive_file, target_dir)
  File "C:\Users\KADOUN\AppData\Roaming\Python\Python38\site-packages\webdriver_manager\core\file_manager.py", line 81, in __extract_zip
    os.replace(source, destination)
PermissionError: [WinError 5] Access is denied: 'C:\\Users\\KADOUN\\.wdm\\drivers\\chromedriver\\win64\\116.0.5845.188\\chromedriver-win32\\chromedriver.exe' -> 'C:\\Users\\KADOUN\\.wdm\\drivers\\chromedriver\\win64\\116.0.5845.188\\chromedriver.exe'
</pre>
                        </div>
                        <!--css div popup end-->
                    </div>
                </td>
            </tr>
            
        
        <tr class='errorClass' style="font-weight:bold;color:white;">
            <td><a href="javascript:showClassDetail('c12','5')">KTGSK_Automation_Local_Deploy_PyCharm.SRL_C.Test_SRL_C</a></td>
            <td>5</td>
            <td>0</td>
            <td>0</td>
            <td>5</td>
            <td>
                <button><a href="javascript:showClassDetail('c12','5')"
                           style="color:#660066;">Detail</a></button>
            </td>
        </tr>
            
            <tr id="ft12.1" class='none'>
                <td class='errorCase'>
                    <div class='testcase'>
                        <a class="popup_link" onfocus='this.blur();'
                           href="javascript:showTestDetail('div_ft12.1')">test_SRL_sort_cheapest</a>
                    </div>
                </td>
                <td colspan='5' align='center'>
                    <div>
                        <!--css div popup start-->
                        <button>
                            <a class="popup_link" onfocus='this.blur();'
                               href="javascript:showTestDetail('div_ft12.1')" style="color:#660066;">
                                ERROR
                            </a></button>
                        <div id='div_ft12.1' class="popup_window">
                            <div style='text-align: right; color:red;cursor:pointer'>
                                <a onfocus='this.blur();'
                                   onclick="document.getElementById('div_ft12.1').style.display = 'none'; "
                                   style="color:red;">
                                    [x]</a>
                            </div>
                            <pre></pre>
                            <pre style="color: red;">Traceback (most recent call last):
  File "C:\Users\KADOUN\AppData\Roaming\Python\Python38\site-packages\webdriver_manager\core\file_manager.py", line 65, in __extract_zip
    archive.extractall(to_directory)
  File "C:\Users\KADOUN\AppData\Local\Programs\Python\Python38\lib\zipfile.py", line 1647, in extractall
    self._extract_member(zipinfo, path, pwd)
  File "C:\Users\KADOUN\AppData\Local\Programs\Python\Python38\lib\zipfile.py", line 1701, in _extract_member
    open(targetpath, "wb") as target:
PermissionError: [Errno 13] Permission denied: 'C:\\Users\\KADOUN\\.wdm\\drivers\\chromedriver\\win64\\116.0.5845.188\\chromedriver-win32\\chromedriver.exe'

During handling of the above exception, another exception occurred:

Traceback (most recent call last):
  File "C:\Users\KADOUN\Desktop\Automatization_Project_Master_QA\KTGSK_Automation_Local_Deploy_PyCharm\SRL_C.py", line 16, in setUp
    setUp(self)
  File "C:\Users\KADOUN\Desktop\Automatization_Project_Master_QA\KTGSK_Automation_Local_Deploy_PyCharm\to_import.py", line 61, in setUp
    self.driver = webdriver.Chrome(ChromeDriverManager().install())
  File "C:\Users\KADOUN\AppData\Roaming\Python\Python38\site-packages\webdriver_manager\chrome.py", line 40, in install
    driver_path = self._get_driver_binary_path(self.driver)
  File "C:\Users\KADOUN\AppData\Roaming\Python\Python38\site-packages\webdriver_manager\core\manager.py", line 41, in _get_driver_binary_path
    binary_path = self._cache_manager.save_file_to_cache(driver, file)
  File "C:\Users\KADOUN\AppData\Roaming\Python\Python38\site-packages\webdriver_manager\core\driver_cache.py", line 54, in save_file_to_cache
    files = self.unpack_archive(archive, path)
  File "C:\Users\KADOUN\AppData\Roaming\Python\Python38\site-packages\webdriver_manager\core\driver_cache.py", line 49, in unpack_archive
    return self._file_manager.unpack_archive(archive, path)
  File "C:\Users\KADOUN\AppData\Roaming\Python\Python38\site-packages\webdriver_manager\core\file_manager.py", line 57, in unpack_archive
    return self.__extract_zip(archive_file, target_dir)
  File "C:\Users\KADOUN\AppData\Roaming\Python\Python38\site-packages\webdriver_manager\core\file_manager.py", line 81, in __extract_zip
    os.replace(source, destination)
PermissionError: [WinError 5] Access is denied: 'C:\\Users\\KADOUN\\.wdm\\drivers\\chromedriver\\win64\\116.0.5845.188\\chromedriver-win32\\chromedriver.exe' -> 'C:\\Users\\KADOUN\\.wdm\\drivers\\chromedriver\\win64\\116.0.5845.188\\chromedriver.exe'
</pre>
                        </div>
                        <!--css div popup end-->
                    </div>
                </td>
            </tr>
            
            <tr id="ft12.2" class='none'>
                <td class='errorCase'>
                    <div class='testcase'>
                        <a class="popup_link" onfocus='this.blur();'
                           href="javascript:showTestDetail('div_ft12.2')">test_SRL_sort_expensive</a>
                    </div>
                </td>
                <td colspan='5' align='center'>
                    <div>
                        <!--css div popup start-->
                        <button>
                            <a class="popup_link" onfocus='this.blur();'
                               href="javascript:showTestDetail('div_ft12.2')" style="color:#660066;">
                                ERROR
                            </a></button>
                        <div id='div_ft12.2' class="popup_window">
                            <div style='text-align: right; color:red;cursor:pointer'>
                                <a onfocus='this.blur();'
                                   onclick="document.getElementById('div_ft12.2').style.display = 'none'; "
                                   style="color:red;">
                                    [x]</a>
                            </div>
                            <pre></pre>
                            <pre style="color: red;">Traceback (most recent call last):
  File "C:\Users\KADOUN\AppData\Roaming\Python\Python38\site-packages\webdriver_manager\core\file_manager.py", line 65, in __extract_zip
    archive.extractall(to_directory)
  File "C:\Users\KADOUN\AppData\Local\Programs\Python\Python38\lib\zipfile.py", line 1647, in extractall
    self._extract_member(zipinfo, path, pwd)
  File "C:\Users\KADOUN\AppData\Local\Programs\Python\Python38\lib\zipfile.py", line 1701, in _extract_member
    open(targetpath, "wb") as target:
PermissionError: [Errno 13] Permission denied: 'C:\\Users\\KADOUN\\.wdm\\drivers\\chromedriver\\win64\\116.0.5845.188\\chromedriver-win32\\chromedriver.exe'

During handling of the above exception, another exception occurred:

Traceback (most recent call last):
  File "C:\Users\KADOUN\Desktop\Automatization_Project_Master_QA\KTGSK_Automation_Local_Deploy_PyCharm\SRL_C.py", line 16, in setUp
    setUp(self)
  File "C:\Users\KADOUN\Desktop\Automatization_Project_Master_QA\KTGSK_Automation_Local_Deploy_PyCharm\to_import.py", line 61, in setUp
    self.driver = webdriver.Chrome(ChromeDriverManager().install())
  File "C:\Users\KADOUN\AppData\Roaming\Python\Python38\site-packages\webdriver_manager\chrome.py", line 40, in install
    driver_path = self._get_driver_binary_path(self.driver)
  File "C:\Users\KADOUN\AppData\Roaming\Python\Python38\site-packages\webdriver_manager\core\manager.py", line 41, in _get_driver_binary_path
    binary_path = self._cache_manager.save_file_to_cache(driver, file)
  File "C:\Users\KADOUN\AppData\Roaming\Python\Python38\site-packages\webdriver_manager\core\driver_cache.py", line 54, in save_file_to_cache
    files = self.unpack_archive(archive, path)
  File "C:\Users\KADOUN\AppData\Roaming\Python\Python38\site-packages\webdriver_manager\core\driver_cache.py", line 49, in unpack_archive
    return self._file_manager.unpack_archive(archive, path)
  File "C:\Users\KADOUN\AppData\Roaming\Python\Python38\site-packages\webdriver_manager\core\file_manager.py", line 57, in unpack_archive
    return self.__extract_zip(archive_file, target_dir)
  File "C:\Users\KADOUN\AppData\Roaming\Python\Python38\site-packages\webdriver_manager\core\file_manager.py", line 81, in __extract_zip
    os.replace(source, destination)
PermissionError: [WinError 5] Access is denied: 'C:\\Users\\KADOUN\\.wdm\\drivers\\chromedriver\\win64\\116.0.5845.188\\chromedriver-win32\\chromedriver.exe' -> 'C:\\Users\\KADOUN\\.wdm\\drivers\\chromedriver\\win64\\116.0.5845.188\\chromedriver.exe'
</pre>
                        </div>
                        <!--css div popup end-->
                    </div>
                </td>
            </tr>
            
            <tr id="ft12.3" class='none'>
                <td class='errorCase'>
                    <div class='testcase'>
                        <a class="popup_link" onfocus='this.blur();'
                           href="javascript:showTestDetail('div_ft12.3')">test_SRL_map</a>
                    </div>
                </td>
                <td colspan='5' align='center'>
                    <div>
                        <!--css div popup start-->
                        <button>
                            <a class="popup_link" onfocus='this.blur();'
                               href="javascript:showTestDetail('div_ft12.3')" style="color:#660066;">
                                ERROR
                            </a></button>
                        <div id='div_ft12.3' class="popup_window">
                            <div style='text-align: right; color:red;cursor:pointer'>
                                <a onfocus='this.blur();'
                                   onclick="document.getElementById('div_ft12.3').style.display = 'none'; "
                                   style="color:red;">
                                    [x]</a>
                            </div>
                            <pre></pre>
                            <pre style="color: red;">Traceback (most recent call last):
  File "C:\Users\KADOUN\AppData\Roaming\Python\Python38\site-packages\webdriver_manager\core\file_manager.py", line 65, in __extract_zip
    archive.extractall(to_directory)
  File "C:\Users\KADOUN\AppData\Local\Programs\Python\Python38\lib\zipfile.py", line 1647, in extractall
    self._extract_member(zipinfo, path, pwd)
  File "C:\Users\KADOUN\AppData\Local\Programs\Python\Python38\lib\zipfile.py", line 1701, in _extract_member
    open(targetpath, "wb") as target:
PermissionError: [Errno 13] Permission denied: 'C:\\Users\\KADOUN\\.wdm\\drivers\\chromedriver\\win64\\116.0.5845.188\\chromedriver-win32\\chromedriver.exe'

During handling of the above exception, another exception occurred:

Traceback (most recent call last):
  File "C:\Users\KADOUN\Desktop\Automatization_Project_Master_QA\KTGSK_Automation_Local_Deploy_PyCharm\SRL_C.py", line 16, in setUp
    setUp(self)
  File "C:\Users\KADOUN\Desktop\Automatization_Project_Master_QA\KTGSK_Automation_Local_Deploy_PyCharm\to_import.py", line 61, in setUp
    self.driver = webdriver.Chrome(ChromeDriverManager().install())
  File "C:\Users\KADOUN\AppData\Roaming\Python\Python38\site-packages\webdriver_manager\chrome.py", line 40, in install
    driver_path = self._get_driver_binary_path(self.driver)
  File "C:\Users\KADOUN\AppData\Roaming\Python\Python38\site-packages\webdriver_manager\core\manager.py", line 41, in _get_driver_binary_path
    binary_path = self._cache_manager.save_file_to_cache(driver, file)
  File "C:\Users\KADOUN\AppData\Roaming\Python\Python38\site-packages\webdriver_manager\core\driver_cache.py", line 54, in save_file_to_cache
    files = self.unpack_archive(archive, path)
  File "C:\Users\KADOUN\AppData\Roaming\Python\Python38\site-packages\webdriver_manager\core\driver_cache.py", line 49, in unpack_archive
    return self._file_manager.unpack_archive(archive, path)
  File "C:\Users\KADOUN\AppData\Roaming\Python\Python38\site-packages\webdriver_manager\core\file_manager.py", line 57, in unpack_archive
    return self.__extract_zip(archive_file, target_dir)
  File "C:\Users\KADOUN\AppData\Roaming\Python\Python38\site-packages\webdriver_manager\core\file_manager.py", line 81, in __extract_zip
    os.replace(source, destination)
PermissionError: [WinError 5] Access is denied: 'C:\\Users\\KADOUN\\.wdm\\drivers\\chromedriver\\win64\\116.0.5845.188\\chromedriver-win32\\chromedriver.exe' -> 'C:\\Users\\KADOUN\\.wdm\\drivers\\chromedriver\\win64\\116.0.5845.188\\chromedriver.exe'
</pre>
                        </div>
                        <!--css div popup end-->
                    </div>
                </td>
            </tr>
            
            <tr id="ft12.4" class='none'>
                <td class='errorCase'>
                    <div class='testcase'>
                        <a class="popup_link" onfocus='this.blur();'
                           href="javascript:showTestDetail('div_ft12.4')">test_SRL_filtr_strava</a>
                    </div>
                </td>
                <td colspan='5' align='center'>
                    <div>
                        <!--css div popup start-->
                        <button>
                            <a class="popup_link" onfocus='this.blur();'
                               href="javascript:showTestDetail('div_ft12.4')" style="color:#660066;">
                                ERROR
                            </a></button>
                        <div id='div_ft12.4' class="popup_window">
                            <div style='text-align: right; color:red;cursor:pointer'>
                                <a onfocus='this.blur();'
                                   onclick="document.getElementById('div_ft12.4').style.display = 'none'; "
                                   style="color:red;">
                                    [x]</a>
                            </div>
                            <pre></pre>
                            <pre style="color: red;">Traceback (most recent call last):
  File "C:\Users\KADOUN\AppData\Roaming\Python\Python38\site-packages\webdriver_manager\core\file_manager.py", line 65, in __extract_zip
    archive.extractall(to_directory)
  File "C:\Users\KADOUN\AppData\Local\Programs\Python\Python38\lib\zipfile.py", line 1647, in extractall
    self._extract_member(zipinfo, path, pwd)
  File "C:\Users\KADOUN\AppData\Local\Programs\Python\Python38\lib\zipfile.py", line 1701, in _extract_member
    open(targetpath, "wb") as target:
PermissionError: [Errno 13] Permission denied: 'C:\\Users\\KADOUN\\.wdm\\drivers\\chromedriver\\win64\\116.0.5845.188\\chromedriver-win32\\chromedriver.exe'

During handling of the above exception, another exception occurred:

Traceback (most recent call last):
  File "C:\Users\KADOUN\Desktop\Automatization_Project_Master_QA\KTGSK_Automation_Local_Deploy_PyCharm\SRL_C.py", line 16, in setUp
    setUp(self)
  File "C:\Users\KADOUN\Desktop\Automatization_Project_Master_QA\KTGSK_Automation_Local_Deploy_PyCharm\to_import.py", line 61, in setUp
    self.driver = webdriver.Chrome(ChromeDriverManager().install())
  File "C:\Users\KADOUN\AppData\Roaming\Python\Python38\site-packages\webdriver_manager\chrome.py", line 40, in install
    driver_path = self._get_driver_binary_path(self.driver)
  File "C:\Users\KADOUN\AppData\Roaming\Python\Python38\site-packages\webdriver_manager\core\manager.py", line 41, in _get_driver_binary_path
    binary_path = self._cache_manager.save_file_to_cache(driver, file)
  File "C:\Users\KADOUN\AppData\Roaming\Python\Python38\site-packages\webdriver_manager\core\driver_cache.py", line 54, in save_file_to_cache
    files = self.unpack_archive(archive, path)
  File "C:\Users\KADOUN\AppData\Roaming\Python\Python38\site-packages\webdriver_manager\core\driver_cache.py", line 49, in unpack_archive
    return self._file_manager.unpack_archive(archive, path)
  File "C:\Users\KADOUN\AppData\Roaming\Python\Python38\site-packages\webdriver_manager\core\file_manager.py", line 57, in unpack_archive
    return self.__extract_zip(archive_file, target_dir)
  File "C:\Users\KADOUN\AppData\Roaming\Python\Python38\site-packages\webdriver_manager\core\file_manager.py", line 81, in __extract_zip
    os.replace(source, destination)
PermissionError: [WinError 5] Access is denied: 'C:\\Users\\KADOUN\\.wdm\\drivers\\chromedriver\\win64\\116.0.5845.188\\chromedriver-win32\\chromedriver.exe' -> 'C:\\Users\\KADOUN\\.wdm\\drivers\\chromedriver\\win64\\116.0.5845.188\\chromedriver.exe'
</pre>
                        </div>
                        <!--css div popup end-->
                    </div>
                </td>
            </tr>
            
            <tr id="ft12.5" class='none'>
                <td class='errorCase'>
                    <div class='testcase'>
                        <a class="popup_link" onfocus='this.blur();'
                           href="javascript:showTestDetail('div_ft12.5')">test_srl_C</a>
                    </div>
                </td>
                <td colspan='5' align='center'>
                    <div>
                        <!--css div popup start-->
                        <button>
                            <a class="popup_link" onfocus='this.blur();'
                               href="javascript:showTestDetail('div_ft12.5')" style="color:#660066;">
                                ERROR
                            </a></button>
                        <div id='div_ft12.5' class="popup_window">
                            <div style='text-align: right; color:red;cursor:pointer'>
                                <a onfocus='this.blur();'
                                   onclick="document.getElementById('div_ft12.5').style.display = 'none'; "
                                   style="color:red;">
                                    [x]</a>
                            </div>
                            <pre></pre>
                            <pre style="color: red;">Traceback (most recent call last):
  File "C:\Users\KADOUN\AppData\Roaming\Python\Python38\site-packages\webdriver_manager\core\file_manager.py", line 65, in __extract_zip
    archive.extractall(to_directory)
  File "C:\Users\KADOUN\AppData\Local\Programs\Python\Python38\lib\zipfile.py", line 1647, in extractall
    self._extract_member(zipinfo, path, pwd)
  File "C:\Users\KADOUN\AppData\Local\Programs\Python\Python38\lib\zipfile.py", line 1701, in _extract_member
    open(targetpath, "wb") as target:
PermissionError: [Errno 13] Permission denied: 'C:\\Users\\KADOUN\\.wdm\\drivers\\chromedriver\\win64\\116.0.5845.188\\chromedriver-win32\\chromedriver.exe'

During handling of the above exception, another exception occurred:

Traceback (most recent call last):
  File "C:\Users\KADOUN\Desktop\Automatization_Project_Master_QA\KTGSK_Automation_Local_Deploy_PyCharm\SRL_C.py", line 16, in setUp
    setUp(self)
  File "C:\Users\KADOUN\Desktop\Automatization_Project_Master_QA\KTGSK_Automation_Local_Deploy_PyCharm\to_import.py", line 61, in setUp
    self.driver = webdriver.Chrome(ChromeDriverManager().install())
  File "C:\Users\KADOUN\AppData\Roaming\Python\Python38\site-packages\webdriver_manager\chrome.py", line 40, in install
    driver_path = self._get_driver_binary_path(self.driver)
  File "C:\Users\KADOUN\AppData\Roaming\Python\Python38\site-packages\webdriver_manager\core\manager.py", line 41, in _get_driver_binary_path
    binary_path = self._cache_manager.save_file_to_cache(driver, file)
  File "C:\Users\KADOUN\AppData\Roaming\Python\Python38\site-packages\webdriver_manager\core\driver_cache.py", line 54, in save_file_to_cache
    files = self.unpack_archive(archive, path)
  File "C:\Users\KADOUN\AppData\Roaming\Python\Python38\site-packages\webdriver_manager\core\driver_cache.py", line 49, in unpack_archive
    return self._file_manager.unpack_archive(archive, path)
  File "C:\Users\KADOUN\AppData\Roaming\Python\Python38\site-packages\webdriver_manager\core\file_manager.py", line 57, in unpack_archive
    return self.__extract_zip(archive_file, target_dir)
  File "C:\Users\KADOUN\AppData\Roaming\Python\Python38\site-packages\webdriver_manager\core\file_manager.py", line 81, in __extract_zip
    os.replace(source, destination)
PermissionError: [WinError 5] Access is denied: 'C:\\Users\\KADOUN\\.wdm\\drivers\\chromedriver\\win64\\116.0.5845.188\\chromedriver-win32\\chromedriver.exe' -> 'C:\\Users\\KADOUN\\.wdm\\drivers\\chromedriver\\win64\\116.0.5845.188\\chromedriver.exe'
</pre>
                        </div>
                        <!--css div popup end-->
                    </div>
                </td>
            </tr>
            
        
        <tr class='errorClass' style="font-weight:bold;color:white;">
            <td><a href="javascript:showClassDetail('c13','1')">KTGSK_Automation_Local_Deploy_PyCharm.SRL_D.TestSRL_D</a></td>
            <td>1</td>
            <td>0</td>
            <td>0</td>
            <td>1</td>
            <td>
                <button><a href="javascript:showClassDetail('c13','1')"
                           style="color:#660066;">Detail</a></button>
            </td>
        </tr>
            
            <tr id="ft13.1" class='none'>
                <td class='errorCase'>
                    <div class='testcase'>
                        <a class="popup_link" onfocus='this.blur();'
                           href="javascript:showTestDetail('div_ft13.1')">test_SRL_D</a>
                    </div>
                </td>
                <td colspan='5' align='center'>
                    <div>
                        <!--css div popup start-->
                        <button>
                            <a class="popup_link" onfocus='this.blur();'
                               href="javascript:showTestDetail('div_ft13.1')" style="color:#660066;">
                                ERROR
                            </a></button>
                        <div id='div_ft13.1' class="popup_window">
                            <div style='text-align: right; color:red;cursor:pointer'>
                                <a onfocus='this.blur();'
                                   onclick="document.getElementById('div_ft13.1').style.display = 'none'; "
                                   style="color:red;">
                                    [x]</a>
                            </div>
                            <pre></pre>
                            <pre style="color: red;">Traceback (most recent call last):
  File "C:\Users\KADOUN\AppData\Roaming\Python\Python38\site-packages\webdriver_manager\core\file_manager.py", line 65, in __extract_zip
    archive.extractall(to_directory)
  File "C:\Users\KADOUN\AppData\Local\Programs\Python\Python38\lib\zipfile.py", line 1647, in extractall
    self._extract_member(zipinfo, path, pwd)
  File "C:\Users\KADOUN\AppData\Local\Programs\Python\Python38\lib\zipfile.py", line 1701, in _extract_member
    open(targetpath, "wb") as target:
PermissionError: [Errno 13] Permission denied: 'C:\\Users\\KADOUN\\.wdm\\drivers\\chromedriver\\win64\\116.0.5845.188\\chromedriver-win32\\chromedriver.exe'

During handling of the above exception, another exception occurred:

Traceback (most recent call last):
  File "C:\Users\KADOUN\Desktop\Automatization_Project_Master_QA\KTGSK_Automation_Local_Deploy_PyCharm\SRL_D.py", line 105, in setUp
    setUp(self)
  File "C:\Users\KADOUN\Desktop\Automatization_Project_Master_QA\KTGSK_Automation_Local_Deploy_PyCharm\to_import.py", line 61, in setUp
    self.driver = webdriver.Chrome(ChromeDriverManager().install())
  File "C:\Users\KADOUN\AppData\Roaming\Python\Python38\site-packages\webdriver_manager\chrome.py", line 40, in install
    driver_path = self._get_driver_binary_path(self.driver)
  File "C:\Users\KADOUN\AppData\Roaming\Python\Python38\site-packages\webdriver_manager\core\manager.py", line 41, in _get_driver_binary_path
    binary_path = self._cache_manager.save_file_to_cache(driver, file)
  File "C:\Users\KADOUN\AppData\Roaming\Python\Python38\site-packages\webdriver_manager\core\driver_cache.py", line 54, in save_file_to_cache
    files = self.unpack_archive(archive, path)
  File "C:\Users\KADOUN\AppData\Roaming\Python\Python38\site-packages\webdriver_manager\core\driver_cache.py", line 49, in unpack_archive
    return self._file_manager.unpack_archive(archive, path)
  File "C:\Users\KADOUN\AppData\Roaming\Python\Python38\site-packages\webdriver_manager\core\file_manager.py", line 57, in unpack_archive
    return self.__extract_zip(archive_file, target_dir)
  File "C:\Users\KADOUN\AppData\Roaming\Python\Python38\site-packages\webdriver_manager\core\file_manager.py", line 81, in __extract_zip
    os.replace(source, destination)
PermissionError: [WinError 5] Access is denied: 'C:\\Users\\KADOUN\\.wdm\\drivers\\chromedriver\\win64\\116.0.5845.188\\chromedriver-win32\\chromedriver.exe' -> 'C:\\Users\\KADOUN\\.wdm\\drivers\\chromedriver\\win64\\116.0.5845.188\\chromedriver.exe'
</pre>
                        </div>
                        <!--css div popup end-->
                    </div>
                </td>
            </tr>
            
        
        <tr class='errorClass' style="font-weight:bold;color:white;">
            <td><a href="javascript:showClassDetail('c14','4')">KTGSK_Automation_Local_Deploy_PyCharm.HP_C.Test_HP_C</a></td>
            <td>4</td>
            <td>1</td>
            <td>0</td>
            <td>3</td>
            <td>
                <button><a href="javascript:showClassDetail('c14','4')"
                           style="color:#660066;">Detail</a></button>
            </td>
        </tr>
            
            <tr id="ft14.1" class='none'>
                <td class='errorCase'>
                    <div class='testcase'>
                        <a class="popup_link" onfocus='this.blur();'
                           href="javascript:showTestDetail('div_ft14.1')">test_HP_zlutak_to_SRL</a>
                    </div>
                </td>
                <td colspan='5' align='center'>
                    <div>
                        <!--css div popup start-->
                        <button>
                            <a class="popup_link" onfocus='this.blur();'
                               href="javascript:showTestDetail('div_ft14.1')" style="color:#660066;">
                                ERROR
                            </a></button>
                        <div id='div_ft14.1' class="popup_window">
                            <div style='text-align: right; color:red;cursor:pointer'>
                                <a onfocus='this.blur();'
                                   onclick="document.getElementById('div_ft14.1').style.display = 'none'; "
                                   style="color:red;">
                                    [x]</a>
                            </div>
                            <pre></pre>
                            <pre style="color: red;">Traceback (most recent call last):
  File "C:\Users\KADOUN\AppData\Roaming\Python\Python38\site-packages\webdriver_manager\core\file_manager.py", line 65, in __extract_zip
    archive.extractall(to_directory)
  File "C:\Users\KADOUN\AppData\Local\Programs\Python\Python38\lib\zipfile.py", line 1647, in extractall
    self._extract_member(zipinfo, path, pwd)
  File "C:\Users\KADOUN\AppData\Local\Programs\Python\Python38\lib\zipfile.py", line 1701, in _extract_member
    open(targetpath, "wb") as target:
PermissionError: [Errno 13] Permission denied: 'C:\\Users\\KADOUN\\.wdm\\drivers\\chromedriver\\win64\\116.0.5845.188\\chromedriver-win32\\chromedriver.exe'

During handling of the above exception, another exception occurred:

Traceback (most recent call last):
  File "C:\Users\KADOUN\Desktop\Automatization_Project_Master_QA\KTGSK_Automation_Local_Deploy_PyCharm\HP_C.py", line 29, in setUp
    setUp(self)
  File "C:\Users\KADOUN\Desktop\Automatization_Project_Master_QA\KTGSK_Automation_Local_Deploy_PyCharm\to_import.py", line 61, in setUp
    self.driver = webdriver.Chrome(ChromeDriverManager().install())
  File "C:\Users\KADOUN\AppData\Roaming\Python\Python38\site-packages\webdriver_manager\chrome.py", line 40, in install
    driver_path = self._get_driver_binary_path(self.driver)
  File "C:\Users\KADOUN\AppData\Roaming\Python\Python38\site-packages\webdriver_manager\core\manager.py", line 41, in _get_driver_binary_path
    binary_path = self._cache_manager.save_file_to_cache(driver, file)
  File "C:\Users\KADOUN\AppData\Roaming\Python\Python38\site-packages\webdriver_manager\core\driver_cache.py", line 54, in save_file_to_cache
    files = self.unpack_archive(archive, path)
  File "C:\Users\KADOUN\AppData\Roaming\Python\Python38\site-packages\webdriver_manager\core\driver_cache.py", line 49, in unpack_archive
    return self._file_manager.unpack_archive(archive, path)
  File "C:\Users\KADOUN\AppData\Roaming\Python\Python38\site-packages\webdriver_manager\core\file_manager.py", line 57, in unpack_archive
    return self.__extract_zip(archive_file, target_dir)
  File "C:\Users\KADOUN\AppData\Roaming\Python\Python38\site-packages\webdriver_manager\core\file_manager.py", line 81, in __extract_zip
    os.replace(source, destination)
PermissionError: [WinError 5] Access is denied: 'C:\\Users\\KADOUN\\.wdm\\drivers\\chromedriver\\win64\\116.0.5845.188\\chromedriver-win32\\chromedriver.exe' -> 'C:\\Users\\KADOUN\\.wdm\\drivers\\chromedriver\\win64\\116.0.5845.188\\chromedriver.exe'
</pre>
                        </div>
                        <!--css div popup end-->
                    </div>
                </td>
            </tr>
            
            <tr id="ft14.2" class='none'>
                <td class='errorCase'>
                    <div class='testcase'>
                        <a class="popup_link" onfocus='this.blur();'
                           href="javascript:showTestDetail('div_ft14.2')">test_HP_zlutak_to_groupsearch</a>
                    </div>
                </td>
                <td colspan='5' align='center'>
                    <div>
                        <!--css div popup start-->
                        <button>
                            <a class="popup_link" onfocus='this.blur();'
                               href="javascript:showTestDetail('div_ft14.2')" style="color:#660066;">
                                ERROR
                            </a></button>
                        <div id='div_ft14.2' class="popup_window">
                            <div style='text-align: right; color:red;cursor:pointer'>
                                <a onfocus='this.blur();'
                                   onclick="document.getElementById('div_ft14.2').style.display = 'none'; "
                                   style="color:red;">
                                    [x]</a>
                            </div>
                            <pre></pre>
                            <pre style="color: red;">Traceback (most recent call last):
  File "C:\Users\KADOUN\AppData\Roaming\Python\Python38\site-packages\webdriver_manager\core\file_manager.py", line 65, in __extract_zip
    archive.extractall(to_directory)
  File "C:\Users\KADOUN\AppData\Local\Programs\Python\Python38\lib\zipfile.py", line 1647, in extractall
    self._extract_member(zipinfo, path, pwd)
  File "C:\Users\KADOUN\AppData\Local\Programs\Python\Python38\lib\zipfile.py", line 1701, in _extract_member
    open(targetpath, "wb") as target:
PermissionError: [Errno 13] Permission denied: 'C:\\Users\\KADOUN\\.wdm\\drivers\\chromedriver\\win64\\116.0.5845.188\\chromedriver-win32\\chromedriver.exe'

During handling of the above exception, another exception occurred:

Traceback (most recent call last):
  File "C:\Users\KADOUN\Desktop\Automatization_Project_Master_QA\KTGSK_Automation_Local_Deploy_PyCharm\HP_C.py", line 29, in setUp
    setUp(self)
  File "C:\Users\KADOUN\Desktop\Automatization_Project_Master_QA\KTGSK_Automation_Local_Deploy_PyCharm\to_import.py", line 61, in setUp
    self.driver = webdriver.Chrome(ChromeDriverManager().install())
  File "C:\Users\KADOUN\AppData\Roaming\Python\Python38\site-packages\webdriver_manager\chrome.py", line 40, in install
    driver_path = self._get_driver_binary_path(self.driver)
  File "C:\Users\KADOUN\AppData\Roaming\Python\Python38\site-packages\webdriver_manager\core\manager.py", line 41, in _get_driver_binary_path
    binary_path = self._cache_manager.save_file_to_cache(driver, file)
  File "C:\Users\KADOUN\AppData\Roaming\Python\Python38\site-packages\webdriver_manager\core\driver_cache.py", line 54, in save_file_to_cache
    files = self.unpack_archive(archive, path)
  File "C:\Users\KADOUN\AppData\Roaming\Python\Python38\site-packages\webdriver_manager\core\driver_cache.py", line 49, in unpack_archive
    return self._file_manager.unpack_archive(archive, path)
  File "C:\Users\KADOUN\AppData\Roaming\Python\Python38\site-packages\webdriver_manager\core\file_manager.py", line 57, in unpack_archive
    return self.__extract_zip(archive_file, target_dir)
  File "C:\Users\KADOUN\AppData\Roaming\Python\Python38\site-packages\webdriver_manager\core\file_manager.py", line 81, in __extract_zip
    os.replace(source, destination)
PermissionError: [WinError 5] Access is denied: 'C:\\Users\\KADOUN\\.wdm\\drivers\\chromedriver\\win64\\116.0.5845.188\\chromedriver-win32\\chromedriver.exe' -> 'C:\\Users\\KADOUN\\.wdm\\drivers\\chromedriver\\win64\\116.0.5845.188\\chromedriver.exe'
</pre>
                        </div>
                        <!--css div popup end-->
                    </div>
                </td>
            </tr>
            
            <tr id="pt14.3" class='hiddenRow'>
                <td class='passCase'>
                    <div class='testcase'>
                        <a class="popup_link" onfocus='this.blur();'
                           href="javascript:showTestDetail('div_pt14.3')">test_HP_nejlepsi_nabidky_vypis_btn_switch</a>
                    </div>
                </td>
                <td colspan='5' align='center'>
                    <div>
                        <!--css div popup start-->
                        <button>
                            <a class="popup_link" onfocus='this.blur();'
                               href="javascript:showTestDetail('div_pt14.3')" style="color:#660066;">
                                PASS
                            </a></button>
                        <div id='div_pt14.3' class="popup_window">
                            <div style='text-align: right; color:red;cursor:pointer'>
                                <a onfocus='this.blur();'
                                   onclick="document.getElementById('div_pt14.3').style.display = 'none'; "
                                   style="color:red;">
                                    [x]</a>
                            </div>
                            <pre>2023-09-27 14:38:34.286298 : <selenium.webdriver.remote.webelement.WebElement (session="a6628cce80e58fef6ac5f2121e66b8f5", element="18AFBE4263B84A288724D3E1BA87400F_element_535")>
2023-09-27 14:38:41.421285 : ['15.10. (Ne) / 7 nocí\nHurghada (Egypt)\nBratislava\n645 ', '22.10. (Ne) / 7 nocí\nHurghada (Egypt)\nBratislava\n645 ', '22.10. (Ne) / 7 nocí\nSpojené arabské emiráty (Spojené arabské emiráty)\nBratislava\n1 446 ', '22.10. (Ne) / 7 nocí\nSpojené arabské emiráty (Spojené arabské emiráty)\nBratislava\n1 446 ', '24.10. (Út) / 7 nocí\nJardines del Rey (Kuba)\nBratislava\n1 399 ', '2.11. (t) / 7 nocí\nSpojené arabské emiráty (Spojené arabské emiráty)\nBratislava\n839 ', '5.11. (Ne) / 7 nocí\nSpojené arabské emiráty (Spojené arabské emiráty)\nBratislava\n839 ', '5.11. (Ne) / 7 nocí\nSpojené arabské emiráty (Spojené arabské emiráty)\nBratislava\n839 ', '9.11. (t) / 7 nocí\nSpojené arabské emiráty (Spojené arabské emiráty)\nBratislava\n839 ', '12.11. (Ne) / 7 nocí\nSpojené arabské emiráty (Spojené arabské emiráty)\nBratislava\n839 ', '16.11. (t) / 7 nocí\nSpojené arabské emiráty (Spojené arabské emiráty)\nBratislava\n810 ', '19.11. (Ne) / 7 nocí\nSpojené arabské emiráty (Spojené arabské emiráty)\nBratislava\n788 ']
2023-09-27 14:38:41.421285 : ['25.10. (St) / 7 nocí\nDominikánska rep. (Dominikánska rep.)\nBratislava\n1 459 ', '29.10. (Ne) / 7 nocí\nSpojené arabské emiráty (Spojené arabské emiráty)\nBratislava\n927 ', '31.10. (Út) / 7 nocí\nKuba\nBratislava\n1 467 ', '3.11. (Pi) / 7 nocí\nPhu Quoc (Vietnam)\nBratislava\n1 399 ', '7.11. (Út) / 7 nocí\nKuba\nBratislava\n1 466 ', '10.11. (Pi) / 7 nocí\nPhu Quoc (Vietnam)\nBratislava\n1 399 ', '14.11. (Út) / 7 nocí\nKuba\nBratislava\n1 417 ', '15.11. (St) / 7 nocí\nDominikánska rep. (Dominikánska rep.)\nBratislava\n1 499 ', '16.11. (t) / 7 nocí\nSpojené arabské emiráty (Spojené arabské emiráty)\nBratislava\n810 ', '21.11. (Út) / 7 nocí\nKuba\nBratislava\n1 417 ', '22.11. (St) / 7 nocí\nDominikánska rep. (Dominikánska rep.)\nBratislava\n1 628 ', '24.11. (Pi) / 7 nocí\nPhu Quoc (Vietnam)\nBratislava\n1 662 ']
2023-09-27 14:38:41.425277 : https://kartagosk.stg.dtweb.cz/
</pre>
                            <pre style="color: red;"></pre>
                        </div>
                        <!--css div popup end-->
                    </div>
                </td>
            </tr>
            
            <tr id="ft14.4" class='none'>
                <td class='errorCase'>
                    <div class='testcase'>
                        <a class="popup_link" onfocus='this.blur();'
                           href="javascript:showTestDetail('div_ft14.4')">test_HP_bannery_check</a>
                    </div>
                </td>
                <td colspan='5' align='center'>
                    <div>
                        <!--css div popup start-->
                        <button>
                            <a class="popup_link" onfocus='this.blur();'
                               href="javascript:showTestDetail('div_ft14.4')" style="color:#660066;">
                                ERROR
                            </a></button>
                        <div id='div_ft14.4' class="popup_window">
                            <div style='text-align: right; color:red;cursor:pointer'>
                                <a onfocus='this.blur();'
                                   onclick="document.getElementById('div_ft14.4').style.display = 'none'; "
                                   style="color:red;">
                                    [x]</a>
                            </div>
                            <pre></pre>
                            <pre style="color: red;">Traceback (most recent call last):
  File "C:\Users\KADOUN\AppData\Roaming\Python\Python38\site-packages\webdriver_manager\core\file_manager.py", line 65, in __extract_zip
    archive.extractall(to_directory)
  File "C:\Users\KADOUN\AppData\Local\Programs\Python\Python38\lib\zipfile.py", line 1647, in extractall
    self._extract_member(zipinfo, path, pwd)
  File "C:\Users\KADOUN\AppData\Local\Programs\Python\Python38\lib\zipfile.py", line 1701, in _extract_member
    open(targetpath, "wb") as target:
PermissionError: [Errno 13] Permission denied: 'C:\\Users\\KADOUN\\.wdm\\drivers\\chromedriver\\win64\\116.0.5845.188\\chromedriver-win32\\chromedriver.exe'

During handling of the above exception, another exception occurred:

Traceback (most recent call last):
  File "C:\Users\KADOUN\Desktop\Automatization_Project_Master_QA\KTGSK_Automation_Local_Deploy_PyCharm\HP_C.py", line 29, in setUp
    setUp(self)
  File "C:\Users\KADOUN\Desktop\Automatization_Project_Master_QA\KTGSK_Automation_Local_Deploy_PyCharm\to_import.py", line 61, in setUp
    self.driver = webdriver.Chrome(ChromeDriverManager().install())
  File "C:\Users\KADOUN\AppData\Roaming\Python\Python38\site-packages\webdriver_manager\chrome.py", line 40, in install
    driver_path = self._get_driver_binary_path(self.driver)
  File "C:\Users\KADOUN\AppData\Roaming\Python\Python38\site-packages\webdriver_manager\core\manager.py", line 41, in _get_driver_binary_path
    binary_path = self._cache_manager.save_file_to_cache(driver, file)
  File "C:\Users\KADOUN\AppData\Roaming\Python\Python38\site-packages\webdriver_manager\core\driver_cache.py", line 54, in save_file_to_cache
    files = self.unpack_archive(archive, path)
  File "C:\Users\KADOUN\AppData\Roaming\Python\Python38\site-packages\webdriver_manager\core\driver_cache.py", line 49, in unpack_archive
    return self._file_manager.unpack_archive(archive, path)
  File "C:\Users\KADOUN\AppData\Roaming\Python\Python38\site-packages\webdriver_manager\core\file_manager.py", line 57, in unpack_archive
    return self.__extract_zip(archive_file, target_dir)
  File "C:\Users\KADOUN\AppData\Roaming\Python\Python38\site-packages\webdriver_manager\core\file_manager.py", line 81, in __extract_zip
    os.replace(source, destination)
PermissionError: [WinError 5] Access is denied: 'C:\\Users\\KADOUN\\.wdm\\drivers\\chromedriver\\win64\\116.0.5845.188\\chromedriver-win32\\chromedriver.exe' -> 'C:\\Users\\KADOUN\\.wdm\\drivers\\chromedriver\\win64\\116.0.5845.188\\chromedriver.exe'
</pre>
                        </div>
                        <!--css div popup end-->
                    </div>
                </td>
            </tr>
            
        
        <tr class='errorClass' style="font-weight:bold;color:white;">
            <td><a href="javascript:showClassDetail('c15','1')">KTGSK_Automation_Local_Deploy_PyCharm.SRL_results_comparer.Test_SRL_C_comparer</a></td>
            <td>1</td>
            <td>0</td>
            <td>0</td>
            <td>1</td>
            <td>
                <button><a href="javascript:showClassDetail('c15','1')"
                           style="color:#660066;">Detail</a></button>
            </td>
        </tr>
            
            <tr id="ft15.1" class='none'>
                <td class='errorCase'>
                    <div class='testcase'>
                        <a class="popup_link" onfocus='this.blur();'
                           href="javascript:showTestDetail('div_ft15.1')">test_SRL_number_of_results_comparer</a>
                    </div>
                </td>
                <td colspan='5' align='center'>
                    <div>
                        <!--css div popup start-->
                        <button>
                            <a class="popup_link" onfocus='this.blur();'
                               href="javascript:showTestDetail('div_ft15.1')" style="color:#660066;">
                                ERROR
                            </a></button>
                        <div id='div_ft15.1' class="popup_window">
                            <div style='text-align: right; color:red;cursor:pointer'>
                                <a onfocus='this.blur();'
                                   onclick="document.getElementById('div_ft15.1').style.display = 'none'; "
                                   style="color:red;">
                                    [x]</a>
                            </div>
                            <pre></pre>
                            <pre style="color: red;">Traceback (most recent call last):
  File "C:\Users\KADOUN\AppData\Roaming\Python\Python38\site-packages\webdriver_manager\core\file_manager.py", line 65, in __extract_zip
    archive.extractall(to_directory)
  File "C:\Users\KADOUN\AppData\Local\Programs\Python\Python38\lib\zipfile.py", line 1647, in extractall
    self._extract_member(zipinfo, path, pwd)
  File "C:\Users\KADOUN\AppData\Local\Programs\Python\Python38\lib\zipfile.py", line 1701, in _extract_member
    open(targetpath, "wb") as target:
PermissionError: [Errno 13] Permission denied: 'C:\\Users\\KADOUN\\.wdm\\drivers\\chromedriver\\win64\\116.0.5845.188\\chromedriver-win32\\chromedriver.exe'

During handling of the above exception, another exception occurred:

Traceback (most recent call last):
  File "C:\Users\KADOUN\Desktop\Automatization_Project_Master_QA\KTGSK_Automation_Local_Deploy_PyCharm\SRL_results_comparer.py", line 40, in setUp
    setUp(self)
  File "C:\Users\KADOUN\Desktop\Automatization_Project_Master_QA\KTGSK_Automation_Local_Deploy_PyCharm\to_import.py", line 61, in setUp
    self.driver = webdriver.Chrome(ChromeDriverManager().install())
  File "C:\Users\KADOUN\AppData\Roaming\Python\Python38\site-packages\webdriver_manager\chrome.py", line 40, in install
    driver_path = self._get_driver_binary_path(self.driver)
  File "C:\Users\KADOUN\AppData\Roaming\Python\Python38\site-packages\webdriver_manager\core\manager.py", line 41, in _get_driver_binary_path
    binary_path = self._cache_manager.save_file_to_cache(driver, file)
  File "C:\Users\KADOUN\AppData\Roaming\Python\Python38\site-packages\webdriver_manager\core\driver_cache.py", line 54, in save_file_to_cache
    files = self.unpack_archive(archive, path)
  File "C:\Users\KADOUN\AppData\Roaming\Python\Python38\site-packages\webdriver_manager\core\driver_cache.py", line 49, in unpack_archive
    return self._file_manager.unpack_archive(archive, path)
  File "C:\Users\KADOUN\AppData\Roaming\Python\Python38\site-packages\webdriver_manager\core\file_manager.py", line 57, in unpack_archive
    return self.__extract_zip(archive_file, target_dir)
  File "C:\Users\KADOUN\AppData\Roaming\Python\Python38\site-packages\webdriver_manager\core\file_manager.py", line 81, in __extract_zip
    os.replace(source, destination)
PermissionError: [WinError 5] Access is denied: 'C:\\Users\\KADOUN\\.wdm\\drivers\\chromedriver\\win64\\116.0.5845.188\\chromedriver-win32\\chromedriver.exe' -> 'C:\\Users\\KADOUN\\.wdm\\drivers\\chromedriver\\win64\\116.0.5845.188\\chromedriver.exe'
</pre>
                        </div>
                        <!--css div popup end-->
                    </div>
                </td>
            </tr>
            
        

        <tr id='total_row'>
            <td>Total</td>
            <td>25</td>
            <td>11</td>
            <td>0</td>
            <td>14</td>
            <td>&nbsp;</td>
        </tr>
    </table>
</div>
<br><br>
<div id='ending'><b>Time Elapsed: </b>0:08:04.912154</div>
</body>
</html>