<!DOCTYPE html>
<html>
<head>
    <title>KARTAGOSK Web Suite test</title>
    <meta name="generator" content="HTMLTestRunner 1.0.17"/>
    <meta http-equiv="Content-Type" content="text/html; charset=UTF-8"/>
    <link rel="stylesheet" href="stylesheet.css">
    <script src="script.js"></script>
    <style>
        
    </style>
    <script>
        
    </script>
</head>
<body>
<div class='heading'>
    <h1 style="margin-left:1ex;">KARTAGOSK Web Suite test</h1>
    
    <p class='attribute'><strong>Start Time : </strong> 2023-08-11 13:28:54</p>
    
    <p class='attribute'><strong>Duration : </strong> 0:16:43.940573</p>
    
    <p class='attribute'><strong>Status : </strong> Pass 8 Error 18</p>
    
    <p class='attribute'><strong>Descrition : </strong> KARTAGOSK Web Suite WEB1</p>
    
    <p class='attribute'><strong>Tested By : </strong> Unknown</p>
    
</div>
<div>
    <p id='show_detail_line'><b>Show</b>
        <button><a href='javascript:showCase(0)' style="color:#660066;">Summary</a></button>
        <button><a href='javascript:showCase(1)' style="color:#660066;">Failed</a></button>
        <button><a href='javascript:showCase(2)' style="color:#660066;">Passed</a></button>
        <button><a href='javascript:showCase(3)' style="color:#660066;">All</a></button>
    </p>
    <table id='result_table'>
        <colgroup>
            <col align='left'/>
            <col align='right'/>
            <col align='right'/>
            <col align='right'/>
            <col align='right'/>
            <col align='right'/>
        </colgroup>
        <tr id='header_row'>
            <td>Test Group/Test case</td>
            <td>Count</td>
            <td>Pass</td>
            <td>Fail</td>
            <td>Error</td>
            <td>View</td>
        </tr>
        
        <tr class='passClass' style="font-weight:bold;color:white;">
            <td><a href="javascript:showClassDetail('c1','1')">KTGSK_Automation_Local_Deploy_PyCharm.CovidInfo_D.TestCovidInfo_D</a></td>
            <td>1</td>
            <td>1</td>
            <td>0</td>
            <td>0</td>
            <td>
                <button><a href="javascript:showClassDetail('c1','1')"
                           style="color:#660066;">Detail</a></button>
            </td>
        </tr>
            
            <tr id="pt1.1" class='hiddenRow'>
                <td class='passCase'>
                    <div class='testcase'>
                        <a class="popup_link" onfocus='this.blur();'
                           href="javascript:showTestDetail('div_pt1.1')">test_covidInfo_D</a>
                    </div>
                </td>
                <td colspan='5' align='center'>
                    <div>
                        <!--css div popup start-->
                        <button>
                            <a class="popup_link" onfocus='this.blur();'
                               href="javascript:showTestDetail('div_pt1.1')" style="color:#660066;">
                                PASS
                            </a></button>
                        <div id='div_pt1.1' class="popup_window">
                            <div style='text-align: right; color:red;cursor:pointer'>
                                <a onfocus='this.blur();'
                                   onclick="document.getElementById('div_pt1.1').style.display = 'none'; "
                                   style="color:red;">
                                    [x]</a>
                            </div>
                            <pre>2023-08-11 13:29:10.922476 : <selenium.webdriver.remote.webelement.WebElement (session="1f1c830e082ddff5a2f61d1608a90d61", element="E56955008BDCE61D5AFC867D1EC6BDB1_element_77")>
2023-08-11 13:29:38.751882 : nenasle se exponea banner
2023-08-11 13:29:38.823691 : gridy jdou videt
2023-08-11 13:29:38.832666 : gridy jdou videt
2023-08-11 13:29:38.841643 : gridy jdou videt
2023-08-11 13:29:38.849621 : gridy jdou videt
2023-08-11 13:29:38.857599 : gridy jdou videt
2023-08-11 13:29:38.865579 : gridy jdou videt
2023-08-11 13:29:38.874554 : gridy jdou videt
2023-08-11 13:29:38.884216 : gridy jdou videt
2023-08-11 13:29:38.893195 : gridy jdou videt
2023-08-11 13:29:38.901752 : gridy jdou videt
2023-08-11 13:29:38.911726 : gridy jdou videt
2023-08-11 13:29:38.920893 : gridy jdou videt
2023-08-11 13:29:38.930303 : gridy jdou videt
2023-08-11 13:29:38.939546 : gridy jdou videt
2023-08-11 13:29:38.948311 : gridy jdou videt
2023-08-11 13:29:38.957943 : gridy jdou videt
2023-08-11 13:29:38.967189 : gridy jdou videt
2023-08-11 13:29:39.017262 : content jdou videt
2023-08-11 13:29:39.026526 : content jdou videt
2023-08-11 13:29:39.036592 : content jdou videt
2023-08-11 13:29:39.046666 : content jdou videt
2023-08-11 13:29:39.056535 : content jdou videt
2023-08-11 13:29:39.066191 : content jdou videt
2023-08-11 13:29:39.076105 : content jdou videt
2023-08-11 13:29:39.085724 : content jdou videt
2023-08-11 13:29:39.095156 : content jdou videt
2023-08-11 13:29:39.106030 : content jdou videt
2023-08-11 13:29:39.116068 : content jdou videt
2023-08-11 13:29:39.126647 : content jdou videt
2023-08-11 13:29:39.135615 : content jdou videt
2023-08-11 13:29:39.145519 : content jdou videt
2023-08-11 13:29:39.155444 : content jdou videt
2023-08-11 13:29:39.165418 : content jdou videt
2023-08-11 13:29:39.173582 : content jdou videt
2023-08-11 13:29:39.179185 : https://kartagosk.stg.dtweb.cz/covid-info
</pre>
                            <pre style="color: red;"></pre>
                        </div>
                        <!--css div popup end-->
                    </div>
                </td>
            </tr>
            
        
        <tr class='passClass' style="font-weight:bold;color:white;">
            <td><a href="javascript:showClassDetail('c2','1')">KTGSK_Automation_Local_Deploy_PyCharm.Detail_D.TestDetailHotelu_D</a></td>
            <td>1</td>
            <td>1</td>
            <td>0</td>
            <td>0</td>
            <td>
                <button><a href="javascript:showClassDetail('c2','1')"
                           style="color:#660066;">Detail</a></button>
            </td>
        </tr>
            
            <tr id="pt2.1" class='hiddenRow'>
                <td class='passCase'>
                    <div class='testcase'>
                        <a class="popup_link" onfocus='this.blur();'
                           href="javascript:showTestDetail('div_pt2.1')">test_detail_D</a>
                    </div>
                </td>
                <td colspan='5' align='center'>
                    <div>
                        <!--css div popup start-->
                        <button>
                            <a class="popup_link" onfocus='this.blur();'
                               href="javascript:showTestDetail('div_pt2.1')" style="color:#660066;">
                                PASS
                            </a></button>
                        <div id='div_pt2.1' class="popup_window">
                            <div style='text-align: right; color:red;cursor:pointer'>
                                <a onfocus='this.blur();'
                                   onclick="document.getElementById('div_pt2.1').style.display = 'none'; "
                                   style="color:red;">
                                    [x]</a>
                            </div>
                            <pre>2023-08-11 13:29:56.062305 : <selenium.webdriver.remote.webelement.WebElement (session="83fedac4dfd34182898302a804f46401", element="120EB526434CD5A3CAE4B376A55D7603_element_125")>
2023-08-11 13:29:56.228898 : <bound method WebElement.is_displayed of <selenium.webdriver.remote.webelement.WebElement (session="83fedac4dfd34182898302a804f46401", element="120EB526434CD5A3CAE4B376A55D7603_element_126")>>
2023-08-11 13:29:56.671348 : https://kartagosk.stg.dtweb.cz//egypt/hurghada/hurghada/amarina-abu-soma-resort?AC1=2&D=64419|64420|64425&DD=2023-10-01&DP=1837&DPR=KARTAGO-SK-ATCOM&DS=65536&GIATA=85&HID=9156&IC1=0&IFM=0&ILM=0&KC1=0&MNN=7&MT=5&NN=7&PID=HRG90013&RD=2023-10-08&TO=483|1837|2933|3437&acm1=2&df=2023-10-01|2023-10-31&nnm=7|8|9|10|11|12|13&tt=1&ttm=1#/preh%C4%BEad
</pre>
                            <pre style="color: red;"></pre>
                        </div>
                        <!--css div popup end-->
                    </div>
                </td>
            </tr>
            
        
        <tr class='passClass' style="font-weight:bold;color:white;">
            <td><a href="javascript:showClassDetail('c3','3')">KTGSK_Automation_Local_Deploy_PyCharm.Detail_C.TestDetailHotelu_C</a></td>
            <td>3</td>
            <td>3</td>
            <td>0</td>
            <td>0</td>
            <td>
                <button><a href="javascript:showClassDetail('c3','3')"
                           style="color:#660066;">Detail</a></button>
            </td>
        </tr>
            
            <tr id="pt3.1" class='hiddenRow'>
                <td class='passCase'>
                    <div class='testcase'>
                        <a class="popup_link" onfocus='this.blur();'
                           href="javascript:showTestDetail('div_pt3.1')">test_detail_fotka</a>
                    </div>
                </td>
                <td colspan='5' align='center'>
                    <div>
                        <!--css div popup start-->
                        <button>
                            <a class="popup_link" onfocus='this.blur();'
                               href="javascript:showTestDetail('div_pt3.1')" style="color:#660066;">
                                PASS
                            </a></button>
                        <div id='div_pt3.1' class="popup_window">
                            <div style='text-align: right; color:red;cursor:pointer'>
                                <a onfocus='this.blur();'
                                   onclick="document.getElementById('div_pt3.1').style.display = 'none'; "
                                   style="color:red;">
                                    [x]</a>
                            </div>
                            <pre>2023-08-11 13:30:09.668000 : <selenium.webdriver.remote.webelement.WebElement (session="254fb44f79e87f01112a0f20217d3d74", element="A46317898057C0BB1FB20156517F9E5D_element_107")>
2023-08-11 13:30:14.967084 : its ok
2023-08-11 13:30:14.972070 : https://img.fischer.cz/hotels/egypt/oblast-hurghada/safaga/amarina-abu-soma-resort/197864.jpeg
</pre>
                            <pre style="color: red;"></pre>
                        </div>
                        <!--css div popup end-->
                    </div>
                </td>
            </tr>
            
            <tr id="pt3.2" class='hiddenRow'>
                <td class='passCase'>
                    <div class='testcase'>
                        <a class="popup_link" onfocus='this.blur();'
                           href="javascript:showTestDetail('div_pt3.2')">test_detail_terminy_filtr_meal</a>
                    </div>
                </td>
                <td colspan='5' align='center'>
                    <div>
                        <!--css div popup start-->
                        <button>
                            <a class="popup_link" onfocus='this.blur();'
                               href="javascript:showTestDetail('div_pt3.2')" style="color:#660066;">
                                PASS
                            </a></button>
                        <div id='div_pt3.2' class="popup_window">
                            <div style='text-align: right; color:red;cursor:pointer'>
                                <a onfocus='this.blur();'
                                   onclick="document.getElementById('div_pt3.2').style.display = 'none'; "
                                   style="color:red;">
                                    [x]</a>
                            </div>
                            <pre>2023-08-11 13:30:29.821159 : <selenium.webdriver.remote.webelement.WebElement (session="bea17efb1b57c4549b702afb10162b18", element="EB6A8D15D0CE74F6D733044B2D76A2D4_element_120")>
2023-08-11 13:30:36.103514 : else departure not true
2023-08-11 13:30:44.787732 : all inclusive
2023-08-11 13:30:46.788967 : 0
2023-08-11 13:30:46.996366 : ok
2023-08-11 13:30:46.996366 : ok
2023-08-11 13:30:46.996366 : ok
2023-08-11 13:30:46.996366 : ok
2023-08-11 13:30:46.996366 : ok
2023-08-11 13:30:46.996366 : ok
2023-08-11 13:30:46.996366 : ok
2023-08-11 13:30:46.996366 : ok
2023-08-11 13:30:46.996366 : ok
2023-08-11 13:30:46.996366 : ok
2023-08-11 13:30:46.996366 : ok
2023-08-11 13:30:46.996366 : ok
2023-08-11 13:30:46.996366 : ok
2023-08-11 13:30:46.996366 : ok
2023-08-11 13:30:46.996366 : ok
2023-08-11 13:30:46.996366 : ok
2023-08-11 13:30:46.996366 : ok
2023-08-11 13:30:46.996366 : ok
2023-08-11 13:30:46.996366 : ok
2023-08-11 13:30:46.996366 : ok
2023-08-11 13:30:46.996366 : ['all inclusive', 'all inclusive', 'all inclusive', 'all inclusive', 'all inclusive', 'all inclusive', 'all inclusive', 'all inclusive', 'all inclusive', 'all inclusive', 'all inclusive', 'all inclusive', 'all inclusive', 'all inclusive', 'all inclusive', 'all inclusive', 'all inclusive', 'all inclusive', 'all inclusive', 'all inclusive']
2023-08-11 13:30:47.001352 : https://kartagosk.stg.dtweb.cz//egypt/hurghada/hurghada/amarina-abu-soma-resort?AC1=2&D=64419|64420|64425&DD=2023-10-01&DP=1837&DPR=KARTAGO-SK-ATCOM&DS=65536&GIATA=85&HID=9156&IC1=0&IFM=0&ILM=0&KC1=0&MNN=7&MT=5&NN=7&PID=HRG90013&RD=2023-10-08&TO=483|1837|2933|3437&acm1=2&df=2023-10-01|2023-10-31&mtm=5&nnm=7|8|9|10|11|12|13&ptm=0&tt=1&ttm=1#/terminy-a-ceny
</pre>
                            <pre style="color: red;"></pre>
                        </div>
                        <!--css div popup end-->
                    </div>
                </td>
            </tr>
            
            <tr id="pt3.3" class='hiddenRow'>
                <td class='passCase'>
                    <div class='testcase'>
                        <a class="popup_link" onfocus='this.blur();'
                           href="javascript:showTestDetail('div_pt3.3')">test_detail_terminy_filtr_airport</a>
                    </div>
                </td>
                <td colspan='5' align='center'>
                    <div>
                        <!--css div popup start-->
                        <button>
                            <a class="popup_link" onfocus='this.blur();'
                               href="javascript:showTestDetail('div_pt3.3')" style="color:#660066;">
                                PASS
                            </a></button>
                        <div id='div_pt3.3' class="popup_window">
                            <div style='text-align: right; color:red;cursor:pointer'>
                                <a onfocus='this.blur();'
                                   onclick="document.getElementById('div_pt3.3').style.display = 'none'; "
                                   style="color:red;">
                                    [x]</a>
                            </div>
                            <pre>2023-08-11 13:30:59.416288 : <selenium.webdriver.remote.webelement.WebElement (session="2fab6fd82372948a7003ba3139abd465", element="02AE511DAD8D9E6CD7A727D2910B4BEC_element_122")>
2023-08-11 13:31:05.686420 : if departure==True
2023-08-11 13:31:21.981253 : equal to bratislava
2023-08-11 13:31:22.010928 : equal to bratislava
2023-08-11 13:31:22.040394 : equal to bratislava
2023-08-11 13:31:22.069799 : equal to bratislava
2023-08-11 13:31:22.099925 : equal to bratislava
2023-08-11 13:31:22.129698 : equal to bratislava
2023-08-11 13:31:22.160815 : equal to bratislava
2023-08-11 13:31:22.190168 : equal to bratislava
2023-08-11 13:31:22.222124 : equal to bratislava
2023-08-11 13:31:22.257030 : equal to bratislava
2023-08-11 13:31:22.293931 : equal to bratislava
2023-08-11 13:31:22.363235 : equal to bratislava
2023-08-11 13:31:22.389166 : equal to bratislava
2023-08-11 13:31:22.415097 : equal to bratislava
2023-08-11 13:31:22.439032 : equal to bratislava
2023-08-11 13:31:22.463967 : equal to bratislava
2023-08-11 13:31:22.487903 : equal to bratislava
2023-08-11 13:31:22.513790 : equal to bratislava
2023-08-11 13:31:22.541716 : equal to bratislava
2023-08-11 13:31:22.782868 : https://kartagosk.stg.dtweb.cz//egypt/hurghada/hurghada/amarina-abu-soma-resort?AC1=2&D=64419|64420|64425&DD=2023-10-01&DP=1837&DPR=KARTAGO-SK-ATCOM&DS=65536&GIATA=85&HID=9156&IC1=0&IFM=0&ILM=0&KC1=0&MNN=7&MT=5&NN=7&PID=HRG90013&RD=2023-10-08&TO=483|1837|2933|3437&acm1=2&df=2023-10-01|2023-10-31&nnm=7|8|9|10|11|12|13&ptm=0&tom=483&tt=1&ttm=1#/terminy-a-ceny
</pre>
                            <pre style="color: red;"></pre>
                        </div>
                        <!--css div popup end-->
                    </div>
                </td>
            </tr>
            
        
        <tr class='passClass' style="font-weight:bold;color:white;">
            <td><a href="javascript:showClassDetail('c4','1')">KTGSK_Automation_Local_Deploy_PyCharm.DetskeKluby_D.TestDetskeKluby_D</a></td>
            <td>1</td>
            <td>1</td>
            <td>0</td>
            <td>0</td>
            <td>
                <button><a href="javascript:showClassDetail('c4','1')"
                           style="color:#660066;">Detail</a></button>
            </td>
        </tr>
            
            <tr id="pt4.1" class='hiddenRow'>
                <td class='passCase'>
                    <div class='testcase'>
                        <a class="popup_link" onfocus='this.blur();'
                           href="javascript:showTestDetail('div_pt4.1')">test_kluby_D</a>
                    </div>
                </td>
                <td colspan='5' align='center'>
                    <div>
                        <!--css div popup start-->
                        <button>
                            <a class="popup_link" onfocus='this.blur();'
                               href="javascript:showTestDetail('div_pt4.1')" style="color:#660066;">
                                PASS
                            </a></button>
                        <div id='div_pt4.1' class="popup_window">
                            <div style='text-align: right; color:red;cursor:pointer'>
                                <a onfocus='this.blur();'
                                   onclick="document.getElementById('div_pt4.1').style.display = 'none'; "
                                   style="color:red;">
                                    [x]</a>
                            </div>
                            <pre>2023-08-11 13:31:33.901863 : <selenium.webdriver.remote.webelement.WebElement (session="f5e28ebdb27a1c35b816d5628ae1c12b", element="8726D7B95668AA1750E9FE954E844B80_element_69")>
2023-08-11 13:31:34.752592 : benefit item
2023-08-11 13:31:34.897206 : benefit item
2023-08-11 13:31:34.978987 : benefit item
2023-08-11 13:31:34.986976 : benefit item
2023-08-11 13:31:34.996939 : benefit item
2023-08-11 13:31:35.005915 : benefit item
2023-08-11 13:31:35.150529 : grind container
2023-08-11 13:31:35.159504 : grind container
2023-08-11 13:31:35.169479 : grind container
2023-08-11 13:31:35.178454 : grind container
2023-08-11 13:31:35.187430 : grind container
2023-08-11 13:31:35.197404 : grind container
2023-08-11 13:31:35.207378 : grind container
2023-08-11 13:31:35.217350 : grind container
2023-08-11 13:31:35.227324 : grind container
2023-08-11 13:31:35.236300 : grind container
2023-08-11 13:31:35.246273 : grind container
2023-08-11 13:31:35.255249 : grind container
2023-08-11 13:31:35.271207 : grind container
2023-08-11 13:31:35.280185 : grind container
2023-08-11 13:31:35.432804 : tile img
2023-08-11 13:31:35.442749 : tile img
2023-08-11 13:31:35.451726 : tile img
2023-08-11 13:31:35.461711 : tile img
2023-08-11 13:31:35.471696 : tile img
2023-08-11 13:31:35.480648 : tile img
2023-08-11 13:31:35.485634 : https://kartagosk.stg.dtweb.cz/uzitocne-informacie/mango-club
</pre>
                            <pre style="color: red;"></pre>
                        </div>
                        <!--css div popup end-->
                    </div>
                </td>
            </tr>
            
        
        <tr class='passClass' style="font-weight:bold;color:white;">
            <td><a href="javascript:showClassDetail('c5','1')">KTGSK_Automation_Local_Deploy_PyCharm.FM_D.TestFM_D</a></td>
            <td>1</td>
            <td>1</td>
            <td>0</td>
            <td>0</td>
            <td>
                <button><a href="javascript:showClassDetail('c5','1')"
                           style="color:#660066;">Detail</a></button>
            </td>
        </tr>
            
            <tr id="pt5.1" class='hiddenRow'>
                <td class='passCase'>
                    <div class='testcase'>
                        <a class="popup_link" onfocus='this.blur();'
                           href="javascript:showTestDetail('div_pt5.1')">test_FM_D</a>
                    </div>
                </td>
                <td colspan='5' align='center'>
                    <div>
                        <!--css div popup start-->
                        <button>
                            <a class="popup_link" onfocus='this.blur();'
                               href="javascript:showTestDetail('div_pt5.1')" style="color:#660066;">
                                PASS
                            </a></button>
                        <div id='div_pt5.1' class="popup_window">
                            <div style='text-align: right; color:red;cursor:pointer'>
                                <a onfocus='this.blur();'
                                   onclick="document.getElementById('div_pt5.1').style.display = 'none'; "
                                   style="color:red;">
                                    [x]</a>
                            </div>
                            <pre>2023-08-11 13:31:49.973391 : <selenium.webdriver.remote.webelement.WebElement (session="fffcd20d9fb5e4295ac926c9fcf83c70", element="1BB769A01B1CA4D657799B709CC75451_element_111")>
2023-08-11 13:31:51.720726 : https://kartagosk.stg.dtweb.cz/first-minute/leto
</pre>
                            <pre style="color: red;"></pre>
                        </div>
                        <!--css div popup end-->
                    </div>
                </td>
            </tr>
            
        
        <tr class='errorClass' style="font-weight:bold;color:white;">
            <td><a href="javascript:showClassDetail('c6','3')">KTGSK_Automation_Local_Deploy_PyCharm.fulltext_C.Test_Fulltext_C</a></td>
            <td>3</td>
            <td>1</td>
            <td>0</td>
            <td>2</td>
            <td>
                <button><a href="javascript:showClassDetail('c6','3')"
                           style="color:#660066;">Detail</a></button>
            </td>
        </tr>
            
            <tr id="pt6.1" class='hiddenRow'>
                <td class='passCase'>
                    <div class='testcase'>
                        <a class="popup_link" onfocus='this.blur();'
                           href="javascript:showTestDetail('div_pt6.1')">test_fulltext_naseptavac</a>
                    </div>
                </td>
                <td colspan='5' align='center'>
                    <div>
                        <!--css div popup start-->
                        <button>
                            <a class="popup_link" onfocus='this.blur();'
                               href="javascript:showTestDetail('div_pt6.1')" style="color:#660066;">
                                PASS
                            </a></button>
                        <div id='div_pt6.1' class="popup_window">
                            <div style='text-align: right; color:red;cursor:pointer'>
                                <a onfocus='this.blur();'
                                   onclick="document.getElementById('div_pt6.1').style.display = 'none'; "
                                   style="color:red;">
                                    [x]</a>
                            </div>
                            <pre>2023-08-11 13:32:09.157063 : <selenium.webdriver.remote.webelement.WebElement (session="6581679ec0e1f32d18afac1eac442384", element="C408BE039422E8B17CDA67440C941ADC_element_60")>
2023-08-11 13:32:14.448093 : ZANZIBAR
2023-08-11 13:32:27.507283 : hote dlazdice klik
2023-08-11 13:32:32.206039 : GRÉCKO
2023-08-11 13:32:34.164716 : hote dlazdice klik
2023-08-11 13:32:39.607601 : TURECKO
2023-08-11 13:32:40.755937 : hote dlazdice klik
2023-08-11 13:32:45.496840 : EGYPT
2023-08-11 13:32:47.024761 : hote dlazdice klik
2023-08-11 13:32:51.004233 : KAPVERDY
2023-08-11 13:32:52.606196 : hote dlazdice klik
2023-08-11 13:32:56.829067 : MALEDIVY
2023-08-11 13:32:58.901507 : hote dlazdice klik
2023-08-11 13:33:04.691726 : DUBAJ
2023-08-11 13:33:06.556976 : hote dlazdice klik
2023-08-11 13:33:11.172353 : POISTENIE
2023-08-11 13:33:13.245103 : hote dlazdice klik
2023-08-11 13:33:18.056836 : PARKOVANIE
2023-08-11 13:33:19.567144 : hote dlazdice klik
2023-08-11 13:33:25.200563 : MIRAGE BAY
2023-08-11 13:33:26.319161 : hote dlazdice klik
2023-08-11 13:33:30.665643 : MITSIS
2023-08-11 13:33:32.036983 : hote dlazdice klik
2023-08-11 13:33:36.312883 : PRIMA LIFE
2023-08-11 13:33:38.636605 : hote dlazdice klik
2023-08-11 13:33:44.167193 : PICKALBATROS
2023-08-11 13:33:45.726685 : hote dlazdice klik
2023-08-11 13:33:50.982051 : TITANIC
2023-08-11 13:33:53.023600 : hote dlazdice klik
2023-08-11 13:33:57.449786 : MIRAGE
2023-08-11 13:33:59.175178 : hote dlazdice klik
2023-08-11 13:33:59.189141 : https://kartagosk.stg.dtweb.cz/bulharsko/burgas/nesebar/mirage?DS=65536&GIATA=296942&D=63484&HID=140090&DF=2023-08-17|2023-09-14&RD=2023-09-07&DD=2023-08-31&ERM=0&AC1=2&KC1=0&IC1=0&MNN=0|1|2|3|4|5|6|7|8|9|10|11|12|13|14|15|16|17|18|19|20|21|22|23|24|25|26&NNM=0|1|2|3|4|5|6|7|8|9|10|11|12|13|14|15|16|17|18|19|20|21|22|23|24|25|26&PID=BOJ90038&DPR=KARTAGO-SK-ATCOM
</pre>
                            <pre style="color: red;"></pre>
                        </div>
                        <!--css div popup end-->
                    </div>
                </td>
            </tr>
            
            <tr id="ft6.2" class='none'>
                <td class='errorCase'>
                    <div class='testcase'>
                        <a class="popup_link" onfocus='this.blur();'
                           href="javascript:showTestDetail('div_ft6.2')">test_fulltext_results_status_check</a>
                    </div>
                </td>
                <td colspan='5' align='center'>
                    <div>
                        <!--css div popup start-->
                        <button>
                            <a class="popup_link" onfocus='this.blur();'
                               href="javascript:showTestDetail('div_ft6.2')" style="color:#660066;">
                                ERROR
                            </a></button>
                        <div id='div_ft6.2' class="popup_window">
                            <div style='text-align: right; color:red;cursor:pointer'>
                                <a onfocus='this.blur();'
                                   onclick="document.getElementById('div_ft6.2').style.display = 'none'; "
                                   style="color:red;">
                                    [x]</a>
                            </div>
                            <pre>2023-08-11 13:34:15.202463 : <selenium.webdriver.remote.webelement.WebElement (session="9e3234557a0db44f251b20f5a3d32de2", element="96B5023918937E9A74ACEDBD0919A4A2_element_57")>
2023-08-11 13:34:15.454790 : ZANZIBAR
2023-08-11 13:34:31.844275 : GRÉCKO
2023-08-11 13:34:34.596269 : TURECKO
2023-08-11 13:34:37.298487 : EGYPT
2023-08-11 13:34:40.418048 : KAPVERDY
2023-08-11 13:34:42.963175 : MALEDIVY
2023-08-11 13:34:47.006321 : DUBAJ
2023-08-11 13:34:52.373758 : POISTENIE
2023-08-11 13:34:55.557314 : PARKOVANIE
2023-08-11 13:34:57.784577 : MIRAGE BAY
</pre>
                            <pre style="color: red;">Traceback (most recent call last):
  File "C:\Users\KADOUN\Desktop\Automatization_Project_Master_QA\KTGSK_Automation_Local_Deploy_PyCharm\fulltext_C.py", line 96, in test_fulltext_results_status_check
    driver.get(URL_FT_results+queryList[poziceQueryItem])
  File "C:\Users\KADOUN\AppData\Roaming\Python\Python38\site-packages\selenium\webdriver\remote\webdriver.py", line 333, in get
    self.execute(Command.GET, {'url': url})
  File "C:\Users\KADOUN\AppData\Roaming\Python\Python38\site-packages\selenium\webdriver\remote\webdriver.py", line 321, in execute
    self.error_handler.check_response(response)
  File "C:\Users\KADOUN\AppData\Roaming\Python\Python38\site-packages\selenium\webdriver\remote\errorhandler.py", line 242, in check_response
    raise exception_class(message, screen, stacktrace)
selenium.common.exceptions.TimeoutException: Message: timeout: Timed out receiving message from renderer: 299.920
  (Session info: chrome=115.0.5790.170)

</pre>
                        </div>
                        <!--css div popup end-->
                    </div>
                </td>
            </tr>
            
            <tr id="ft6.3" class='none'>
                <td class='errorCase'>
                    <div class='testcase'>
                        <a class="popup_link" onfocus='this.blur();'
                           href="javascript:showTestDetail('div_ft6.3')">test_fulltext_results_status_check</a>
                    </div>
                </td>
                <td colspan='5' align='center'>
                    <div>
                        <!--css div popup start-->
                        <button>
                            <a class="popup_link" onfocus='this.blur();'
                               href="javascript:showTestDetail('div_ft6.3')" style="color:#660066;">
                                ERROR
                            </a></button>
                        <div id='div_ft6.3' class="popup_window">
                            <div style='text-align: right; color:red;cursor:pointer'>
                                <a onfocus='this.blur();'
                                   onclick="document.getElementById('div_ft6.3').style.display = 'none'; "
                                   style="color:red;">
                                    [x]</a>
                            </div>
                            <pre></pre>
                            <pre style="color: red;">Traceback (most recent call last):
  File "C:\Users\KADOUN\Desktop\Automatization_Project_Master_QA\KTGSK_Automation_Local_Deploy_PyCharm\fulltext_C.py", line 18, in tearDown
    tearDown(self)
  File "C:\Users\KADOUN\Desktop\Automatization_Project_Master_QA\KTGSK_Automation_Local_Deploy_PyCharm\to_import.py", line 66, in tearDown
    print(self.driver.current_url)
  File "C:\Users\KADOUN\AppData\Roaming\Python\Python38\site-packages\selenium\webdriver\remote\webdriver.py", line 669, in current_url
    return self.execute(Command.GET_CURRENT_URL)['value']
  File "C:\Users\KADOUN\AppData\Roaming\Python\Python38\site-packages\selenium\webdriver\remote\webdriver.py", line 321, in execute
    self.error_handler.check_response(response)
  File "C:\Users\KADOUN\AppData\Roaming\Python\Python38\site-packages\selenium\webdriver\remote\errorhandler.py", line 242, in check_response
    raise exception_class(message, screen, stacktrace)
selenium.common.exceptions.TimeoutException: Message: timeout: Timed out receiving message from renderer: 300.000
  (Session info: chrome=115.0.5790.170)

</pre>
                        </div>
                        <!--css div popup end-->
                    </div>
                </td>
            </tr>
            
        
        <tr class='errorClass' style="font-weight:bold;color:white;">
            <td><a href="javascript:showClassDetail('c7','1')">KTGSK_Automation_Local_Deploy_PyCharm.groupsearch_D.Test_Groupsearch_D</a></td>
            <td>1</td>
            <td>0</td>
            <td>0</td>
            <td>1</td>
            <td>
                <button><a href="javascript:showClassDetail('c7','1')"
                           style="color:#660066;">Detail</a></button>
            </td>
        </tr>
            
            <tr id="ft7.1" class='none'>
                <td class='errorCase'>
                    <div class='testcase'>
                        <a class="popup_link" onfocus='this.blur();'
                           href="javascript:showTestDetail('div_ft7.1')">test_groupsearch_D</a>
                    </div>
                </td>
                <td colspan='5' align='center'>
                    <div>
                        <!--css div popup start-->
                        <button>
                            <a class="popup_link" onfocus='this.blur();'
                               href="javascript:showTestDetail('div_ft7.1')" style="color:#660066;">
                                ERROR
                            </a></button>
                        <div id='div_ft7.1' class="popup_window">
                            <div style='text-align: right; color:red;cursor:pointer'>
                                <a onfocus='this.blur();'
                                   onclick="document.getElementById('div_ft7.1').style.display = 'none'; "
                                   style="color:red;">
                                    [x]</a>
                            </div>
                            <pre></pre>
                            <pre style="color: red;">Traceback (most recent call last):
  File "C:\Users\KADOUN\AppData\Roaming\Python\Python38\site-packages\webdriver_manager\core\file_manager.py", line 65, in __extract_zip
    archive.extractall(to_directory)
  File "C:\Users\KADOUN\AppData\Local\Programs\Python\Python38\lib\zipfile.py", line 1647, in extractall
    self._extract_member(zipinfo, path, pwd)
  File "C:\Users\KADOUN\AppData\Local\Programs\Python\Python38\lib\zipfile.py", line 1701, in _extract_member
    open(targetpath, "wb") as target:
PermissionError: [Errno 13] Permission denied: 'C:\\Users\\KADOUN\\.wdm\\drivers\\chromedriver\\win64\\115.0.5790.170\\chromedriver-win32\\chromedriver.exe'

During handling of the above exception, another exception occurred:

Traceback (most recent call last):
  File "C:\Users\KADOUN\Desktop\Automatization_Project_Master_QA\KTGSK_Automation_Local_Deploy_PyCharm\groupsearch_D.py", line 61, in setUp
    setUp(self)
  File "C:\Users\KADOUN\Desktop\Automatization_Project_Master_QA\KTGSK_Automation_Local_Deploy_PyCharm\to_import.py", line 61, in setUp
    self.driver = webdriver.Chrome(ChromeDriverManager().install())
  File "C:\Users\KADOUN\AppData\Roaming\Python\Python38\site-packages\webdriver_manager\chrome.py", line 40, in install
    driver_path = self._get_driver_binary_path(self.driver)
  File "C:\Users\KADOUN\AppData\Roaming\Python\Python38\site-packages\webdriver_manager\core\manager.py", line 41, in _get_driver_binary_path
    binary_path = self._cache_manager.save_file_to_cache(driver, file)
  File "C:\Users\KADOUN\AppData\Roaming\Python\Python38\site-packages\webdriver_manager\core\driver_cache.py", line 54, in save_file_to_cache
    files = self.unpack_archive(archive, path)
  File "C:\Users\KADOUN\AppData\Roaming\Python\Python38\site-packages\webdriver_manager\core\driver_cache.py", line 49, in unpack_archive
    return self._file_manager.unpack_archive(archive, path)
  File "C:\Users\KADOUN\AppData\Roaming\Python\Python38\site-packages\webdriver_manager\core\file_manager.py", line 57, in unpack_archive
    return self.__extract_zip(archive_file, target_dir)
  File "C:\Users\KADOUN\AppData\Roaming\Python\Python38\site-packages\webdriver_manager\core\file_manager.py", line 81, in __extract_zip
    os.replace(source, destination)
PermissionError: [WinError 5] Access is denied: 'C:\\Users\\KADOUN\\.wdm\\drivers\\chromedriver\\win64\\115.0.5790.170\\chromedriver-win32\\chromedriver.exe' -> 'C:\\Users\\KADOUN\\.wdm\\drivers\\chromedriver\\win64\\115.0.5790.170\\chromedriver.exe'
</pre>
                        </div>
                        <!--css div popup end-->
                    </div>
                </td>
            </tr>
            
        
        <tr class='errorClass' style="font-weight:bold;color:white;">
            <td><a href="javascript:showClassDetail('c8','1')">KTGSK_Automation_Local_Deploy_PyCharm.HP_D.TestHP_D</a></td>
            <td>1</td>
            <td>0</td>
            <td>0</td>
            <td>1</td>
            <td>
                <button><a href="javascript:showClassDetail('c8','1')"
                           style="color:#660066;">Detail</a></button>
            </td>
        </tr>
            
            <tr id="ft8.1" class='none'>
                <td class='errorCase'>
                    <div class='testcase'>
                        <a class="popup_link" onfocus='this.blur();'
                           href="javascript:showTestDetail('div_ft8.1')">test_homePage_D</a>
                    </div>
                </td>
                <td colspan='5' align='center'>
                    <div>
                        <!--css div popup start-->
                        <button>
                            <a class="popup_link" onfocus='this.blur();'
                               href="javascript:showTestDetail('div_ft8.1')" style="color:#660066;">
                                ERROR
                            </a></button>
                        <div id='div_ft8.1' class="popup_window">
                            <div style='text-align: right; color:red;cursor:pointer'>
                                <a onfocus='this.blur();'
                                   onclick="document.getElementById('div_ft8.1').style.display = 'none'; "
                                   style="color:red;">
                                    [x]</a>
                            </div>
                            <pre></pre>
                            <pre style="color: red;">Traceback (most recent call last):
  File "C:\Users\KADOUN\AppData\Roaming\Python\Python38\site-packages\webdriver_manager\core\file_manager.py", line 65, in __extract_zip
    archive.extractall(to_directory)
  File "C:\Users\KADOUN\AppData\Local\Programs\Python\Python38\lib\zipfile.py", line 1647, in extractall
    self._extract_member(zipinfo, path, pwd)
  File "C:\Users\KADOUN\AppData\Local\Programs\Python\Python38\lib\zipfile.py", line 1701, in _extract_member
    open(targetpath, "wb") as target:
PermissionError: [Errno 13] Permission denied: 'C:\\Users\\KADOUN\\.wdm\\drivers\\chromedriver\\win64\\115.0.5790.170\\chromedriver-win32\\chromedriver.exe'

During handling of the above exception, another exception occurred:

Traceback (most recent call last):
  File "C:\Users\KADOUN\Desktop\Automatization_Project_Master_QA\KTGSK_Automation_Local_Deploy_PyCharm\HP_D.py", line 11, in setUp
    setUp(self)
  File "C:\Users\KADOUN\Desktop\Automatization_Project_Master_QA\KTGSK_Automation_Local_Deploy_PyCharm\to_import.py", line 61, in setUp
    self.driver = webdriver.Chrome(ChromeDriverManager().install())
  File "C:\Users\KADOUN\AppData\Roaming\Python\Python38\site-packages\webdriver_manager\chrome.py", line 40, in install
    driver_path = self._get_driver_binary_path(self.driver)
  File "C:\Users\KADOUN\AppData\Roaming\Python\Python38\site-packages\webdriver_manager\core\manager.py", line 41, in _get_driver_binary_path
    binary_path = self._cache_manager.save_file_to_cache(driver, file)
  File "C:\Users\KADOUN\AppData\Roaming\Python\Python38\site-packages\webdriver_manager\core\driver_cache.py", line 54, in save_file_to_cache
    files = self.unpack_archive(archive, path)
  File "C:\Users\KADOUN\AppData\Roaming\Python\Python38\site-packages\webdriver_manager\core\driver_cache.py", line 49, in unpack_archive
    return self._file_manager.unpack_archive(archive, path)
  File "C:\Users\KADOUN\AppData\Roaming\Python\Python38\site-packages\webdriver_manager\core\file_manager.py", line 57, in unpack_archive
    return self.__extract_zip(archive_file, target_dir)
  File "C:\Users\KADOUN\AppData\Roaming\Python\Python38\site-packages\webdriver_manager\core\file_manager.py", line 81, in __extract_zip
    os.replace(source, destination)
PermissionError: [WinError 5] Access is denied: 'C:\\Users\\KADOUN\\.wdm\\drivers\\chromedriver\\win64\\115.0.5790.170\\chromedriver-win32\\chromedriver.exe' -> 'C:\\Users\\KADOUN\\.wdm\\drivers\\chromedriver\\win64\\115.0.5790.170\\chromedriver.exe'
</pre>
                        </div>
                        <!--css div popup end-->
                    </div>
                </td>
            </tr>
            
        
        <tr class='errorClass' style="font-weight:bold;color:white;">
            <td><a href="javascript:showClassDetail('c9','1')">KTGSK_Automation_Local_Deploy_PyCharm.LM_D.TestLM_D</a></td>
            <td>1</td>
            <td>0</td>
            <td>0</td>
            <td>1</td>
            <td>
                <button><a href="javascript:showClassDetail('c9','1')"
                           style="color:#660066;">Detail</a></button>
            </td>
        </tr>
            
            <tr id="ft9.1" class='none'>
                <td class='errorCase'>
                    <div class='testcase'>
                        <a class="popup_link" onfocus='this.blur();'
                           href="javascript:showTestDetail('div_ft9.1')">test_lM_isDisplayed</a>
                    </div>
                </td>
                <td colspan='5' align='center'>
                    <div>
                        <!--css div popup start-->
                        <button>
                            <a class="popup_link" onfocus='this.blur();'
                               href="javascript:showTestDetail('div_ft9.1')" style="color:#660066;">
                                ERROR
                            </a></button>
                        <div id='div_ft9.1' class="popup_window">
                            <div style='text-align: right; color:red;cursor:pointer'>
                                <a onfocus='this.blur();'
                                   onclick="document.getElementById('div_ft9.1').style.display = 'none'; "
                                   style="color:red;">
                                    [x]</a>
                            </div>
                            <pre></pre>
                            <pre style="color: red;">Traceback (most recent call last):
  File "C:\Users\KADOUN\AppData\Roaming\Python\Python38\site-packages\webdriver_manager\core\file_manager.py", line 65, in __extract_zip
    archive.extractall(to_directory)
  File "C:\Users\KADOUN\AppData\Local\Programs\Python\Python38\lib\zipfile.py", line 1647, in extractall
    self._extract_member(zipinfo, path, pwd)
  File "C:\Users\KADOUN\AppData\Local\Programs\Python\Python38\lib\zipfile.py", line 1701, in _extract_member
    open(targetpath, "wb") as target:
PermissionError: [Errno 13] Permission denied: 'C:\\Users\\KADOUN\\.wdm\\drivers\\chromedriver\\win64\\115.0.5790.170\\chromedriver-win32\\chromedriver.exe'

During handling of the above exception, another exception occurred:

Traceback (most recent call last):
  File "C:\Users\KADOUN\Desktop\Automatization_Project_Master_QA\KTGSK_Automation_Local_Deploy_PyCharm\LM_D.py", line 10, in setUp
    setUp(self)
  File "C:\Users\KADOUN\Desktop\Automatization_Project_Master_QA\KTGSK_Automation_Local_Deploy_PyCharm\to_import.py", line 61, in setUp
    self.driver = webdriver.Chrome(ChromeDriverManager().install())
  File "C:\Users\KADOUN\AppData\Roaming\Python\Python38\site-packages\webdriver_manager\chrome.py", line 40, in install
    driver_path = self._get_driver_binary_path(self.driver)
  File "C:\Users\KADOUN\AppData\Roaming\Python\Python38\site-packages\webdriver_manager\core\manager.py", line 41, in _get_driver_binary_path
    binary_path = self._cache_manager.save_file_to_cache(driver, file)
  File "C:\Users\KADOUN\AppData\Roaming\Python\Python38\site-packages\webdriver_manager\core\driver_cache.py", line 54, in save_file_to_cache
    files = self.unpack_archive(archive, path)
  File "C:\Users\KADOUN\AppData\Roaming\Python\Python38\site-packages\webdriver_manager\core\driver_cache.py", line 49, in unpack_archive
    return self._file_manager.unpack_archive(archive, path)
  File "C:\Users\KADOUN\AppData\Roaming\Python\Python38\site-packages\webdriver_manager\core\file_manager.py", line 57, in unpack_archive
    return self.__extract_zip(archive_file, target_dir)
  File "C:\Users\KADOUN\AppData\Roaming\Python\Python38\site-packages\webdriver_manager\core\file_manager.py", line 81, in __extract_zip
    os.replace(source, destination)
PermissionError: [WinError 5] Access is denied: 'C:\\Users\\KADOUN\\.wdm\\drivers\\chromedriver\\win64\\115.0.5790.170\\chromedriver-win32\\chromedriver.exe' -> 'C:\\Users\\KADOUN\\.wdm\\drivers\\chromedriver\\win64\\115.0.5790.170\\chromedriver.exe'
</pre>
                        </div>
                        <!--css div popup end-->
                    </div>
                </td>
            </tr>
            
        
        <tr class='errorClass' style="font-weight:bold;color:white;">
            <td><a href="javascript:showClassDetail('c10','1')">KTGSK_Automation_Local_Deploy_PyCharm.pobocky.TestPobocky_D</a></td>
            <td>1</td>
            <td>0</td>
            <td>0</td>
            <td>1</td>
            <td>
                <button><a href="javascript:showClassDetail('c10','1')"
                           style="color:#660066;">Detail</a></button>
            </td>
        </tr>
            
            <tr id="ft10.1" class='none'>
                <td class='errorCase'>
                    <div class='testcase'>
                        <a class="popup_link" onfocus='this.blur();'
                           href="javascript:showTestDetail('div_ft10.1')">test_pobocky_D</a>
                    </div>
                </td>
                <td colspan='5' align='center'>
                    <div>
                        <!--css div popup start-->
                        <button>
                            <a class="popup_link" onfocus='this.blur();'
                               href="javascript:showTestDetail('div_ft10.1')" style="color:#660066;">
                                ERROR
                            </a></button>
                        <div id='div_ft10.1' class="popup_window">
                            <div style='text-align: right; color:red;cursor:pointer'>
                                <a onfocus='this.blur();'
                                   onclick="document.getElementById('div_ft10.1').style.display = 'none'; "
                                   style="color:red;">
                                    [x]</a>
                            </div>
                            <pre></pre>
                            <pre style="color: red;">Traceback (most recent call last):
  File "C:\Users\KADOUN\AppData\Roaming\Python\Python38\site-packages\webdriver_manager\core\file_manager.py", line 65, in __extract_zip
    archive.extractall(to_directory)
  File "C:\Users\KADOUN\AppData\Local\Programs\Python\Python38\lib\zipfile.py", line 1647, in extractall
    self._extract_member(zipinfo, path, pwd)
  File "C:\Users\KADOUN\AppData\Local\Programs\Python\Python38\lib\zipfile.py", line 1701, in _extract_member
    open(targetpath, "wb") as target:
PermissionError: [Errno 13] Permission denied: 'C:\\Users\\KADOUN\\.wdm\\drivers\\chromedriver\\win64\\115.0.5790.170\\chromedriver-win32\\chromedriver.exe'

During handling of the above exception, another exception occurred:

Traceback (most recent call last):
  File "C:\Users\KADOUN\Desktop\Automatization_Project_Master_QA\KTGSK_Automation_Local_Deploy_PyCharm\pobocky.py", line 8, in setUp
    setUp(self)
  File "C:\Users\KADOUN\Desktop\Automatization_Project_Master_QA\KTGSK_Automation_Local_Deploy_PyCharm\to_import.py", line 61, in setUp
    self.driver = webdriver.Chrome(ChromeDriverManager().install())
  File "C:\Users\KADOUN\AppData\Roaming\Python\Python38\site-packages\webdriver_manager\chrome.py", line 40, in install
    driver_path = self._get_driver_binary_path(self.driver)
  File "C:\Users\KADOUN\AppData\Roaming\Python\Python38\site-packages\webdriver_manager\core\manager.py", line 41, in _get_driver_binary_path
    binary_path = self._cache_manager.save_file_to_cache(driver, file)
  File "C:\Users\KADOUN\AppData\Roaming\Python\Python38\site-packages\webdriver_manager\core\driver_cache.py", line 54, in save_file_to_cache
    files = self.unpack_archive(archive, path)
  File "C:\Users\KADOUN\AppData\Roaming\Python\Python38\site-packages\webdriver_manager\core\driver_cache.py", line 49, in unpack_archive
    return self._file_manager.unpack_archive(archive, path)
  File "C:\Users\KADOUN\AppData\Roaming\Python\Python38\site-packages\webdriver_manager\core\file_manager.py", line 57, in unpack_archive
    return self.__extract_zip(archive_file, target_dir)
  File "C:\Users\KADOUN\AppData\Roaming\Python\Python38\site-packages\webdriver_manager\core\file_manager.py", line 81, in __extract_zip
    os.replace(source, destination)
PermissionError: [WinError 5] Access is denied: 'C:\\Users\\KADOUN\\.wdm\\drivers\\chromedriver\\win64\\115.0.5790.170\\chromedriver-win32\\chromedriver.exe' -> 'C:\\Users\\KADOUN\\.wdm\\drivers\\chromedriver\\win64\\115.0.5790.170\\chromedriver.exe'
</pre>
                        </div>
                        <!--css div popup end-->
                    </div>
                </td>
            </tr>
            
        
        <tr class='errorClass' style="font-weight:bold;color:white;">
            <td><a href="javascript:showClassDetail('c11','1')">KTGSK_Automation_Local_Deploy_PyCharm.SDO_D.TestSDO_D</a></td>
            <td>1</td>
            <td>0</td>
            <td>0</td>
            <td>1</td>
            <td>
                <button><a href="javascript:showClassDetail('c11','1')"
                           style="color:#660066;">Detail</a></button>
            </td>
        </tr>
            
            <tr id="ft11.1" class='none'>
                <td class='errorCase'>
                    <div class='testcase'>
                        <a class="popup_link" onfocus='this.blur();'
                           href="javascript:showTestDetail('div_ft11.1')">test_SDO_D</a>
                    </div>
                </td>
                <td colspan='5' align='center'>
                    <div>
                        <!--css div popup start-->
                        <button>
                            <a class="popup_link" onfocus='this.blur();'
                               href="javascript:showTestDetail('div_ft11.1')" style="color:#660066;">
                                ERROR
                            </a></button>
                        <div id='div_ft11.1' class="popup_window">
                            <div style='text-align: right; color:red;cursor:pointer'>
                                <a onfocus='this.blur();'
                                   onclick="document.getElementById('div_ft11.1').style.display = 'none'; "
                                   style="color:red;">
                                    [x]</a>
                            </div>
                            <pre></pre>
                            <pre style="color: red;">Traceback (most recent call last):
  File "C:\Users\KADOUN\AppData\Roaming\Python\Python38\site-packages\webdriver_manager\core\file_manager.py", line 65, in __extract_zip
    archive.extractall(to_directory)
  File "C:\Users\KADOUN\AppData\Local\Programs\Python\Python38\lib\zipfile.py", line 1647, in extractall
    self._extract_member(zipinfo, path, pwd)
  File "C:\Users\KADOUN\AppData\Local\Programs\Python\Python38\lib\zipfile.py", line 1701, in _extract_member
    open(targetpath, "wb") as target:
PermissionError: [Errno 13] Permission denied: 'C:\\Users\\KADOUN\\.wdm\\drivers\\chromedriver\\win64\\115.0.5790.170\\chromedriver-win32\\chromedriver.exe'

During handling of the above exception, another exception occurred:

Traceback (most recent call last):
  File "C:\Users\KADOUN\Desktop\Automatization_Project_Master_QA\KTGSK_Automation_Local_Deploy_PyCharm\SDO_D.py", line 8, in setUp
    setUp(self)
  File "C:\Users\KADOUN\Desktop\Automatization_Project_Master_QA\KTGSK_Automation_Local_Deploy_PyCharm\to_import.py", line 61, in setUp
    self.driver = webdriver.Chrome(ChromeDriverManager().install())
  File "C:\Users\KADOUN\AppData\Roaming\Python\Python38\site-packages\webdriver_manager\chrome.py", line 40, in install
    driver_path = self._get_driver_binary_path(self.driver)
  File "C:\Users\KADOUN\AppData\Roaming\Python\Python38\site-packages\webdriver_manager\core\manager.py", line 41, in _get_driver_binary_path
    binary_path = self._cache_manager.save_file_to_cache(driver, file)
  File "C:\Users\KADOUN\AppData\Roaming\Python\Python38\site-packages\webdriver_manager\core\driver_cache.py", line 54, in save_file_to_cache
    files = self.unpack_archive(archive, path)
  File "C:\Users\KADOUN\AppData\Roaming\Python\Python38\site-packages\webdriver_manager\core\driver_cache.py", line 49, in unpack_archive
    return self._file_manager.unpack_archive(archive, path)
  File "C:\Users\KADOUN\AppData\Roaming\Python\Python38\site-packages\webdriver_manager\core\file_manager.py", line 57, in unpack_archive
    return self.__extract_zip(archive_file, target_dir)
  File "C:\Users\KADOUN\AppData\Roaming\Python\Python38\site-packages\webdriver_manager\core\file_manager.py", line 81, in __extract_zip
    os.replace(source, destination)
PermissionError: [WinError 5] Access is denied: 'C:\\Users\\KADOUN\\.wdm\\drivers\\chromedriver\\win64\\115.0.5790.170\\chromedriver-win32\\chromedriver.exe' -> 'C:\\Users\\KADOUN\\.wdm\\drivers\\chromedriver\\win64\\115.0.5790.170\\chromedriver.exe'
</pre>
                        </div>
                        <!--css div popup end-->
                    </div>
                </td>
            </tr>
            
        
        <tr class='errorClass' style="font-weight:bold;color:white;">
            <td><a href="javascript:showClassDetail('c12','5')">KTGSK_Automation_Local_Deploy_PyCharm.SRL_C.Test_SRL_C</a></td>
            <td>5</td>
            <td>0</td>
            <td>0</td>
            <td>5</td>
            <td>
                <button><a href="javascript:showClassDetail('c12','5')"
                           style="color:#660066;">Detail</a></button>
            </td>
        </tr>
            
            <tr id="ft12.1" class='none'>
                <td class='errorCase'>
                    <div class='testcase'>
                        <a class="popup_link" onfocus='this.blur();'
                           href="javascript:showTestDetail('div_ft12.1')">test_SRL_sort_cheapest</a>
                    </div>
                </td>
                <td colspan='5' align='center'>
                    <div>
                        <!--css div popup start-->
                        <button>
                            <a class="popup_link" onfocus='this.blur();'
                               href="javascript:showTestDetail('div_ft12.1')" style="color:#660066;">
                                ERROR
                            </a></button>
                        <div id='div_ft12.1' class="popup_window">
                            <div style='text-align: right; color:red;cursor:pointer'>
                                <a onfocus='this.blur();'
                                   onclick="document.getElementById('div_ft12.1').style.display = 'none'; "
                                   style="color:red;">
                                    [x]</a>
                            </div>
                            <pre></pre>
                            <pre style="color: red;">Traceback (most recent call last):
  File "C:\Users\KADOUN\AppData\Roaming\Python\Python38\site-packages\webdriver_manager\core\file_manager.py", line 65, in __extract_zip
    archive.extractall(to_directory)
  File "C:\Users\KADOUN\AppData\Local\Programs\Python\Python38\lib\zipfile.py", line 1647, in extractall
    self._extract_member(zipinfo, path, pwd)
  File "C:\Users\KADOUN\AppData\Local\Programs\Python\Python38\lib\zipfile.py", line 1701, in _extract_member
    open(targetpath, "wb") as target:
PermissionError: [Errno 13] Permission denied: 'C:\\Users\\KADOUN\\.wdm\\drivers\\chromedriver\\win64\\115.0.5790.170\\chromedriver-win32\\chromedriver.exe'

During handling of the above exception, another exception occurred:

Traceback (most recent call last):
  File "C:\Users\KADOUN\Desktop\Automatization_Project_Master_QA\KTGSK_Automation_Local_Deploy_PyCharm\SRL_C.py", line 16, in setUp
    setUp(self)
  File "C:\Users\KADOUN\Desktop\Automatization_Project_Master_QA\KTGSK_Automation_Local_Deploy_PyCharm\to_import.py", line 61, in setUp
    self.driver = webdriver.Chrome(ChromeDriverManager().install())
  File "C:\Users\KADOUN\AppData\Roaming\Python\Python38\site-packages\webdriver_manager\chrome.py", line 40, in install
    driver_path = self._get_driver_binary_path(self.driver)
  File "C:\Users\KADOUN\AppData\Roaming\Python\Python38\site-packages\webdriver_manager\core\manager.py", line 41, in _get_driver_binary_path
    binary_path = self._cache_manager.save_file_to_cache(driver, file)
  File "C:\Users\KADOUN\AppData\Roaming\Python\Python38\site-packages\webdriver_manager\core\driver_cache.py", line 54, in save_file_to_cache
    files = self.unpack_archive(archive, path)
  File "C:\Users\KADOUN\AppData\Roaming\Python\Python38\site-packages\webdriver_manager\core\driver_cache.py", line 49, in unpack_archive
    return self._file_manager.unpack_archive(archive, path)
  File "C:\Users\KADOUN\AppData\Roaming\Python\Python38\site-packages\webdriver_manager\core\file_manager.py", line 57, in unpack_archive
    return self.__extract_zip(archive_file, target_dir)
  File "C:\Users\KADOUN\AppData\Roaming\Python\Python38\site-packages\webdriver_manager\core\file_manager.py", line 81, in __extract_zip
    os.replace(source, destination)
PermissionError: [WinError 5] Access is denied: 'C:\\Users\\KADOUN\\.wdm\\drivers\\chromedriver\\win64\\115.0.5790.170\\chromedriver-win32\\chromedriver.exe' -> 'C:\\Users\\KADOUN\\.wdm\\drivers\\chromedriver\\win64\\115.0.5790.170\\chromedriver.exe'
</pre>
                        </div>
                        <!--css div popup end-->
                    </div>
                </td>
            </tr>
            
            <tr id="ft12.2" class='none'>
                <td class='errorCase'>
                    <div class='testcase'>
                        <a class="popup_link" onfocus='this.blur();'
                           href="javascript:showTestDetail('div_ft12.2')">test_SRL_sort_expensive</a>
                    </div>
                </td>
                <td colspan='5' align='center'>
                    <div>
                        <!--css div popup start-->
                        <button>
                            <a class="popup_link" onfocus='this.blur();'
                               href="javascript:showTestDetail('div_ft12.2')" style="color:#660066;">
                                ERROR
                            </a></button>
                        <div id='div_ft12.2' class="popup_window">
                            <div style='text-align: right; color:red;cursor:pointer'>
                                <a onfocus='this.blur();'
                                   onclick="document.getElementById('div_ft12.2').style.display = 'none'; "
                                   style="color:red;">
                                    [x]</a>
                            </div>
                            <pre></pre>
                            <pre style="color: red;">Traceback (most recent call last):
  File "C:\Users\KADOUN\AppData\Roaming\Python\Python38\site-packages\webdriver_manager\core\file_manager.py", line 65, in __extract_zip
    archive.extractall(to_directory)
  File "C:\Users\KADOUN\AppData\Local\Programs\Python\Python38\lib\zipfile.py", line 1647, in extractall
    self._extract_member(zipinfo, path, pwd)
  File "C:\Users\KADOUN\AppData\Local\Programs\Python\Python38\lib\zipfile.py", line 1701, in _extract_member
    open(targetpath, "wb") as target:
PermissionError: [Errno 13] Permission denied: 'C:\\Users\\KADOUN\\.wdm\\drivers\\chromedriver\\win64\\115.0.5790.170\\chromedriver-win32\\chromedriver.exe'

During handling of the above exception, another exception occurred:

Traceback (most recent call last):
  File "C:\Users\KADOUN\Desktop\Automatization_Project_Master_QA\KTGSK_Automation_Local_Deploy_PyCharm\SRL_C.py", line 16, in setUp
    setUp(self)
  File "C:\Users\KADOUN\Desktop\Automatization_Project_Master_QA\KTGSK_Automation_Local_Deploy_PyCharm\to_import.py", line 61, in setUp
    self.driver = webdriver.Chrome(ChromeDriverManager().install())
  File "C:\Users\KADOUN\AppData\Roaming\Python\Python38\site-packages\webdriver_manager\chrome.py", line 40, in install
    driver_path = self._get_driver_binary_path(self.driver)
  File "C:\Users\KADOUN\AppData\Roaming\Python\Python38\site-packages\webdriver_manager\core\manager.py", line 41, in _get_driver_binary_path
    binary_path = self._cache_manager.save_file_to_cache(driver, file)
  File "C:\Users\KADOUN\AppData\Roaming\Python\Python38\site-packages\webdriver_manager\core\driver_cache.py", line 54, in save_file_to_cache
    files = self.unpack_archive(archive, path)
  File "C:\Users\KADOUN\AppData\Roaming\Python\Python38\site-packages\webdriver_manager\core\driver_cache.py", line 49, in unpack_archive
    return self._file_manager.unpack_archive(archive, path)
  File "C:\Users\KADOUN\AppData\Roaming\Python\Python38\site-packages\webdriver_manager\core\file_manager.py", line 57, in unpack_archive
    return self.__extract_zip(archive_file, target_dir)
  File "C:\Users\KADOUN\AppData\Roaming\Python\Python38\site-packages\webdriver_manager\core\file_manager.py", line 81, in __extract_zip
    os.replace(source, destination)
PermissionError: [WinError 5] Access is denied: 'C:\\Users\\KADOUN\\.wdm\\drivers\\chromedriver\\win64\\115.0.5790.170\\chromedriver-win32\\chromedriver.exe' -> 'C:\\Users\\KADOUN\\.wdm\\drivers\\chromedriver\\win64\\115.0.5790.170\\chromedriver.exe'
</pre>
                        </div>
                        <!--css div popup end-->
                    </div>
                </td>
            </tr>
            
            <tr id="ft12.3" class='none'>
                <td class='errorCase'>
                    <div class='testcase'>
                        <a class="popup_link" onfocus='this.blur();'
                           href="javascript:showTestDetail('div_ft12.3')">test_SRL_map</a>
                    </div>
                </td>
                <td colspan='5' align='center'>
                    <div>
                        <!--css div popup start-->
                        <button>
                            <a class="popup_link" onfocus='this.blur();'
                               href="javascript:showTestDetail('div_ft12.3')" style="color:#660066;">
                                ERROR
                            </a></button>
                        <div id='div_ft12.3' class="popup_window">
                            <div style='text-align: right; color:red;cursor:pointer'>
                                <a onfocus='this.blur();'
                                   onclick="document.getElementById('div_ft12.3').style.display = 'none'; "
                                   style="color:red;">
                                    [x]</a>
                            </div>
                            <pre></pre>
                            <pre style="color: red;">Traceback (most recent call last):
  File "C:\Users\KADOUN\AppData\Roaming\Python\Python38\site-packages\webdriver_manager\core\file_manager.py", line 65, in __extract_zip
    archive.extractall(to_directory)
  File "C:\Users\KADOUN\AppData\Local\Programs\Python\Python38\lib\zipfile.py", line 1647, in extractall
    self._extract_member(zipinfo, path, pwd)
  File "C:\Users\KADOUN\AppData\Local\Programs\Python\Python38\lib\zipfile.py", line 1701, in _extract_member
    open(targetpath, "wb") as target:
PermissionError: [Errno 13] Permission denied: 'C:\\Users\\KADOUN\\.wdm\\drivers\\chromedriver\\win64\\115.0.5790.170\\chromedriver-win32\\chromedriver.exe'

During handling of the above exception, another exception occurred:

Traceback (most recent call last):
  File "C:\Users\KADOUN\Desktop\Automatization_Project_Master_QA\KTGSK_Automation_Local_Deploy_PyCharm\SRL_C.py", line 16, in setUp
    setUp(self)
  File "C:\Users\KADOUN\Desktop\Automatization_Project_Master_QA\KTGSK_Automation_Local_Deploy_PyCharm\to_import.py", line 61, in setUp
    self.driver = webdriver.Chrome(ChromeDriverManager().install())
  File "C:\Users\KADOUN\AppData\Roaming\Python\Python38\site-packages\webdriver_manager\chrome.py", line 40, in install
    driver_path = self._get_driver_binary_path(self.driver)
  File "C:\Users\KADOUN\AppData\Roaming\Python\Python38\site-packages\webdriver_manager\core\manager.py", line 41, in _get_driver_binary_path
    binary_path = self._cache_manager.save_file_to_cache(driver, file)
  File "C:\Users\KADOUN\AppData\Roaming\Python\Python38\site-packages\webdriver_manager\core\driver_cache.py", line 54, in save_file_to_cache
    files = self.unpack_archive(archive, path)
  File "C:\Users\KADOUN\AppData\Roaming\Python\Python38\site-packages\webdriver_manager\core\driver_cache.py", line 49, in unpack_archive
    return self._file_manager.unpack_archive(archive, path)
  File "C:\Users\KADOUN\AppData\Roaming\Python\Python38\site-packages\webdriver_manager\core\file_manager.py", line 57, in unpack_archive
    return self.__extract_zip(archive_file, target_dir)
  File "C:\Users\KADOUN\AppData\Roaming\Python\Python38\site-packages\webdriver_manager\core\file_manager.py", line 81, in __extract_zip
    os.replace(source, destination)
PermissionError: [WinError 5] Access is denied: 'C:\\Users\\KADOUN\\.wdm\\drivers\\chromedriver\\win64\\115.0.5790.170\\chromedriver-win32\\chromedriver.exe' -> 'C:\\Users\\KADOUN\\.wdm\\drivers\\chromedriver\\win64\\115.0.5790.170\\chromedriver.exe'
</pre>
                        </div>
                        <!--css div popup end-->
                    </div>
                </td>
            </tr>
            
            <tr id="ft12.4" class='none'>
                <td class='errorCase'>
                    <div class='testcase'>
                        <a class="popup_link" onfocus='this.blur();'
                           href="javascript:showTestDetail('div_ft12.4')">test_SRL_filtr_strava</a>
                    </div>
                </td>
                <td colspan='5' align='center'>
                    <div>
                        <!--css div popup start-->
                        <button>
                            <a class="popup_link" onfocus='this.blur();'
                               href="javascript:showTestDetail('div_ft12.4')" style="color:#660066;">
                                ERROR
                            </a></button>
                        <div id='div_ft12.4' class="popup_window">
                            <div style='text-align: right; color:red;cursor:pointer'>
                                <a onfocus='this.blur();'
                                   onclick="document.getElementById('div_ft12.4').style.display = 'none'; "
                                   style="color:red;">
                                    [x]</a>
                            </div>
                            <pre></pre>
                            <pre style="color: red;">Traceback (most recent call last):
  File "C:\Users\KADOUN\AppData\Roaming\Python\Python38\site-packages\webdriver_manager\core\file_manager.py", line 65, in __extract_zip
    archive.extractall(to_directory)
  File "C:\Users\KADOUN\AppData\Local\Programs\Python\Python38\lib\zipfile.py", line 1647, in extractall
    self._extract_member(zipinfo, path, pwd)
  File "C:\Users\KADOUN\AppData\Local\Programs\Python\Python38\lib\zipfile.py", line 1701, in _extract_member
    open(targetpath, "wb") as target:
PermissionError: [Errno 13] Permission denied: 'C:\\Users\\KADOUN\\.wdm\\drivers\\chromedriver\\win64\\115.0.5790.170\\chromedriver-win32\\chromedriver.exe'

During handling of the above exception, another exception occurred:

Traceback (most recent call last):
  File "C:\Users\KADOUN\Desktop\Automatization_Project_Master_QA\KTGSK_Automation_Local_Deploy_PyCharm\SRL_C.py", line 16, in setUp
    setUp(self)
  File "C:\Users\KADOUN\Desktop\Automatization_Project_Master_QA\KTGSK_Automation_Local_Deploy_PyCharm\to_import.py", line 61, in setUp
    self.driver = webdriver.Chrome(ChromeDriverManager().install())
  File "C:\Users\KADOUN\AppData\Roaming\Python\Python38\site-packages\webdriver_manager\chrome.py", line 40, in install
    driver_path = self._get_driver_binary_path(self.driver)
  File "C:\Users\KADOUN\AppData\Roaming\Python\Python38\site-packages\webdriver_manager\core\manager.py", line 41, in _get_driver_binary_path
    binary_path = self._cache_manager.save_file_to_cache(driver, file)
  File "C:\Users\KADOUN\AppData\Roaming\Python\Python38\site-packages\webdriver_manager\core\driver_cache.py", line 54, in save_file_to_cache
    files = self.unpack_archive(archive, path)
  File "C:\Users\KADOUN\AppData\Roaming\Python\Python38\site-packages\webdriver_manager\core\driver_cache.py", line 49, in unpack_archive
    return self._file_manager.unpack_archive(archive, path)
  File "C:\Users\KADOUN\AppData\Roaming\Python\Python38\site-packages\webdriver_manager\core\file_manager.py", line 57, in unpack_archive
    return self.__extract_zip(archive_file, target_dir)
  File "C:\Users\KADOUN\AppData\Roaming\Python\Python38\site-packages\webdriver_manager\core\file_manager.py", line 81, in __extract_zip
    os.replace(source, destination)
PermissionError: [WinError 5] Access is denied: 'C:\\Users\\KADOUN\\.wdm\\drivers\\chromedriver\\win64\\115.0.5790.170\\chromedriver-win32\\chromedriver.exe' -> 'C:\\Users\\KADOUN\\.wdm\\drivers\\chromedriver\\win64\\115.0.5790.170\\chromedriver.exe'
</pre>
                        </div>
                        <!--css div popup end-->
                    </div>
                </td>
            </tr>
            
            <tr id="ft12.5" class='none'>
                <td class='errorCase'>
                    <div class='testcase'>
                        <a class="popup_link" onfocus='this.blur();'
                           href="javascript:showTestDetail('div_ft12.5')">test_srl_C</a>
                    </div>
                </td>
                <td colspan='5' align='center'>
                    <div>
                        <!--css div popup start-->
                        <button>
                            <a class="popup_link" onfocus='this.blur();'
                               href="javascript:showTestDetail('div_ft12.5')" style="color:#660066;">
                                ERROR
                            </a></button>
                        <div id='div_ft12.5' class="popup_window">
                            <div style='text-align: right; color:red;cursor:pointer'>
                                <a onfocus='this.blur();'
                                   onclick="document.getElementById('div_ft12.5').style.display = 'none'; "
                                   style="color:red;">
                                    [x]</a>
                            </div>
                            <pre></pre>
                            <pre style="color: red;">Traceback (most recent call last):
  File "C:\Users\KADOUN\AppData\Roaming\Python\Python38\site-packages\webdriver_manager\core\file_manager.py", line 65, in __extract_zip
    archive.extractall(to_directory)
  File "C:\Users\KADOUN\AppData\Local\Programs\Python\Python38\lib\zipfile.py", line 1647, in extractall
    self._extract_member(zipinfo, path, pwd)
  File "C:\Users\KADOUN\AppData\Local\Programs\Python\Python38\lib\zipfile.py", line 1701, in _extract_member
    open(targetpath, "wb") as target:
PermissionError: [Errno 13] Permission denied: 'C:\\Users\\KADOUN\\.wdm\\drivers\\chromedriver\\win64\\115.0.5790.170\\chromedriver-win32\\chromedriver.exe'

During handling of the above exception, another exception occurred:

Traceback (most recent call last):
  File "C:\Users\KADOUN\Desktop\Automatization_Project_Master_QA\KTGSK_Automation_Local_Deploy_PyCharm\SRL_C.py", line 16, in setUp
    setUp(self)
  File "C:\Users\KADOUN\Desktop\Automatization_Project_Master_QA\KTGSK_Automation_Local_Deploy_PyCharm\to_import.py", line 61, in setUp
    self.driver = webdriver.Chrome(ChromeDriverManager().install())
  File "C:\Users\KADOUN\AppData\Roaming\Python\Python38\site-packages\webdriver_manager\chrome.py", line 40, in install
    driver_path = self._get_driver_binary_path(self.driver)
  File "C:\Users\KADOUN\AppData\Roaming\Python\Python38\site-packages\webdriver_manager\core\manager.py", line 41, in _get_driver_binary_path
    binary_path = self._cache_manager.save_file_to_cache(driver, file)
  File "C:\Users\KADOUN\AppData\Roaming\Python\Python38\site-packages\webdriver_manager\core\driver_cache.py", line 54, in save_file_to_cache
    files = self.unpack_archive(archive, path)
  File "C:\Users\KADOUN\AppData\Roaming\Python\Python38\site-packages\webdriver_manager\core\driver_cache.py", line 49, in unpack_archive
    return self._file_manager.unpack_archive(archive, path)
  File "C:\Users\KADOUN\AppData\Roaming\Python\Python38\site-packages\webdriver_manager\core\file_manager.py", line 57, in unpack_archive
    return self.__extract_zip(archive_file, target_dir)
  File "C:\Users\KADOUN\AppData\Roaming\Python\Python38\site-packages\webdriver_manager\core\file_manager.py", line 81, in __extract_zip
    os.replace(source, destination)
PermissionError: [WinError 5] Access is denied: 'C:\\Users\\KADOUN\\.wdm\\drivers\\chromedriver\\win64\\115.0.5790.170\\chromedriver-win32\\chromedriver.exe' -> 'C:\\Users\\KADOUN\\.wdm\\drivers\\chromedriver\\win64\\115.0.5790.170\\chromedriver.exe'
</pre>
                        </div>
                        <!--css div popup end-->
                    </div>
                </td>
            </tr>
            
        
        <tr class='errorClass' style="font-weight:bold;color:white;">
            <td><a href="javascript:showClassDetail('c13','1')">KTGSK_Automation_Local_Deploy_PyCharm.SRL_D.TestSRL_D</a></td>
            <td>1</td>
            <td>0</td>
            <td>0</td>
            <td>1</td>
            <td>
                <button><a href="javascript:showClassDetail('c13','1')"
                           style="color:#660066;">Detail</a></button>
            </td>
        </tr>
            
            <tr id="ft13.1" class='none'>
                <td class='errorCase'>
                    <div class='testcase'>
                        <a class="popup_link" onfocus='this.blur();'
                           href="javascript:showTestDetail('div_ft13.1')">test_SRL_D</a>
                    </div>
                </td>
                <td colspan='5' align='center'>
                    <div>
                        <!--css div popup start-->
                        <button>
                            <a class="popup_link" onfocus='this.blur();'
                               href="javascript:showTestDetail('div_ft13.1')" style="color:#660066;">
                                ERROR
                            </a></button>
                        <div id='div_ft13.1' class="popup_window">
                            <div style='text-align: right; color:red;cursor:pointer'>
                                <a onfocus='this.blur();'
                                   onclick="document.getElementById('div_ft13.1').style.display = 'none'; "
                                   style="color:red;">
                                    [x]</a>
                            </div>
                            <pre></pre>
                            <pre style="color: red;">Traceback (most recent call last):
  File "C:\Users\KADOUN\AppData\Roaming\Python\Python38\site-packages\webdriver_manager\core\file_manager.py", line 65, in __extract_zip
    archive.extractall(to_directory)
  File "C:\Users\KADOUN\AppData\Local\Programs\Python\Python38\lib\zipfile.py", line 1647, in extractall
    self._extract_member(zipinfo, path, pwd)
  File "C:\Users\KADOUN\AppData\Local\Programs\Python\Python38\lib\zipfile.py", line 1701, in _extract_member
    open(targetpath, "wb") as target:
PermissionError: [Errno 13] Permission denied: 'C:\\Users\\KADOUN\\.wdm\\drivers\\chromedriver\\win64\\115.0.5790.170\\chromedriver-win32\\chromedriver.exe'

During handling of the above exception, another exception occurred:

Traceback (most recent call last):
  File "C:\Users\KADOUN\Desktop\Automatization_Project_Master_QA\KTGSK_Automation_Local_Deploy_PyCharm\SRL_D.py", line 105, in setUp
    setUp(self)
  File "C:\Users\KADOUN\Desktop\Automatization_Project_Master_QA\KTGSK_Automation_Local_Deploy_PyCharm\to_import.py", line 61, in setUp
    self.driver = webdriver.Chrome(ChromeDriverManager().install())
  File "C:\Users\KADOUN\AppData\Roaming\Python\Python38\site-packages\webdriver_manager\chrome.py", line 40, in install
    driver_path = self._get_driver_binary_path(self.driver)
  File "C:\Users\KADOUN\AppData\Roaming\Python\Python38\site-packages\webdriver_manager\core\manager.py", line 41, in _get_driver_binary_path
    binary_path = self._cache_manager.save_file_to_cache(driver, file)
  File "C:\Users\KADOUN\AppData\Roaming\Python\Python38\site-packages\webdriver_manager\core\driver_cache.py", line 54, in save_file_to_cache
    files = self.unpack_archive(archive, path)
  File "C:\Users\KADOUN\AppData\Roaming\Python\Python38\site-packages\webdriver_manager\core\driver_cache.py", line 49, in unpack_archive
    return self._file_manager.unpack_archive(archive, path)
  File "C:\Users\KADOUN\AppData\Roaming\Python\Python38\site-packages\webdriver_manager\core\file_manager.py", line 57, in unpack_archive
    return self.__extract_zip(archive_file, target_dir)
  File "C:\Users\KADOUN\AppData\Roaming\Python\Python38\site-packages\webdriver_manager\core\file_manager.py", line 81, in __extract_zip
    os.replace(source, destination)
PermissionError: [WinError 5] Access is denied: 'C:\\Users\\KADOUN\\.wdm\\drivers\\chromedriver\\win64\\115.0.5790.170\\chromedriver-win32\\chromedriver.exe' -> 'C:\\Users\\KADOUN\\.wdm\\drivers\\chromedriver\\win64\\115.0.5790.170\\chromedriver.exe'
</pre>
                        </div>
                        <!--css div popup end-->
                    </div>
                </td>
            </tr>
            
        
        <tr class='errorClass' style="font-weight:bold;color:white;">
            <td><a href="javascript:showClassDetail('c14','4')">KTGSK_Automation_Local_Deploy_PyCharm.HP_C.Test_HP_C</a></td>
            <td>4</td>
            <td>0</td>
            <td>0</td>
            <td>4</td>
            <td>
                <button><a href="javascript:showClassDetail('c14','4')"
                           style="color:#660066;">Detail</a></button>
            </td>
        </tr>
            
            <tr id="ft14.1" class='none'>
                <td class='errorCase'>
                    <div class='testcase'>
                        <a class="popup_link" onfocus='this.blur();'
                           href="javascript:showTestDetail('div_ft14.1')">test_HP_zlutak_to_SRL</a>
                    </div>
                </td>
                <td colspan='5' align='center'>
                    <div>
                        <!--css div popup start-->
                        <button>
                            <a class="popup_link" onfocus='this.blur();'
                               href="javascript:showTestDetail('div_ft14.1')" style="color:#660066;">
                                ERROR
                            </a></button>
                        <div id='div_ft14.1' class="popup_window">
                            <div style='text-align: right; color:red;cursor:pointer'>
                                <a onfocus='this.blur();'
                                   onclick="document.getElementById('div_ft14.1').style.display = 'none'; "
                                   style="color:red;">
                                    [x]</a>
                            </div>
                            <pre></pre>
                            <pre style="color: red;">Traceback (most recent call last):
  File "C:\Users\KADOUN\AppData\Roaming\Python\Python38\site-packages\webdriver_manager\core\file_manager.py", line 65, in __extract_zip
    archive.extractall(to_directory)
  File "C:\Users\KADOUN\AppData\Local\Programs\Python\Python38\lib\zipfile.py", line 1647, in extractall
    self._extract_member(zipinfo, path, pwd)
  File "C:\Users\KADOUN\AppData\Local\Programs\Python\Python38\lib\zipfile.py", line 1701, in _extract_member
    open(targetpath, "wb") as target:
PermissionError: [Errno 13] Permission denied: 'C:\\Users\\KADOUN\\.wdm\\drivers\\chromedriver\\win64\\115.0.5790.170\\chromedriver-win32\\chromedriver.exe'

During handling of the above exception, another exception occurred:

Traceback (most recent call last):
  File "C:\Users\KADOUN\Desktop\Automatization_Project_Master_QA\KTGSK_Automation_Local_Deploy_PyCharm\HP_C.py", line 29, in setUp
    setUp(self)
  File "C:\Users\KADOUN\Desktop\Automatization_Project_Master_QA\KTGSK_Automation_Local_Deploy_PyCharm\to_import.py", line 61, in setUp
    self.driver = webdriver.Chrome(ChromeDriverManager().install())
  File "C:\Users\KADOUN\AppData\Roaming\Python\Python38\site-packages\webdriver_manager\chrome.py", line 40, in install
    driver_path = self._get_driver_binary_path(self.driver)
  File "C:\Users\KADOUN\AppData\Roaming\Python\Python38\site-packages\webdriver_manager\core\manager.py", line 41, in _get_driver_binary_path
    binary_path = self._cache_manager.save_file_to_cache(driver, file)
  File "C:\Users\KADOUN\AppData\Roaming\Python\Python38\site-packages\webdriver_manager\core\driver_cache.py", line 54, in save_file_to_cache
    files = self.unpack_archive(archive, path)
  File "C:\Users\KADOUN\AppData\Roaming\Python\Python38\site-packages\webdriver_manager\core\driver_cache.py", line 49, in unpack_archive
    return self._file_manager.unpack_archive(archive, path)
  File "C:\Users\KADOUN\AppData\Roaming\Python\Python38\site-packages\webdriver_manager\core\file_manager.py", line 57, in unpack_archive
    return self.__extract_zip(archive_file, target_dir)
  File "C:\Users\KADOUN\AppData\Roaming\Python\Python38\site-packages\webdriver_manager\core\file_manager.py", line 81, in __extract_zip
    os.replace(source, destination)
PermissionError: [WinError 5] Access is denied: 'C:\\Users\\KADOUN\\.wdm\\drivers\\chromedriver\\win64\\115.0.5790.170\\chromedriver-win32\\chromedriver.exe' -> 'C:\\Users\\KADOUN\\.wdm\\drivers\\chromedriver\\win64\\115.0.5790.170\\chromedriver.exe'
</pre>
                        </div>
                        <!--css div popup end-->
                    </div>
                </td>
            </tr>
            
            <tr id="ft14.2" class='none'>
                <td class='errorCase'>
                    <div class='testcase'>
                        <a class="popup_link" onfocus='this.blur();'
                           href="javascript:showTestDetail('div_ft14.2')">test_HP_zlutak_to_groupsearch</a>
                    </div>
                </td>
                <td colspan='5' align='center'>
                    <div>
                        <!--css div popup start-->
                        <button>
                            <a class="popup_link" onfocus='this.blur();'
                               href="javascript:showTestDetail('div_ft14.2')" style="color:#660066;">
                                ERROR
                            </a></button>
                        <div id='div_ft14.2' class="popup_window">
                            <div style='text-align: right; color:red;cursor:pointer'>
                                <a onfocus='this.blur();'
                                   onclick="document.getElementById('div_ft14.2').style.display = 'none'; "
                                   style="color:red;">
                                    [x]</a>
                            </div>
                            <pre></pre>
                            <pre style="color: red;">Traceback (most recent call last):
  File "C:\Users\KADOUN\AppData\Roaming\Python\Python38\site-packages\webdriver_manager\core\file_manager.py", line 65, in __extract_zip
    archive.extractall(to_directory)
  File "C:\Users\KADOUN\AppData\Local\Programs\Python\Python38\lib\zipfile.py", line 1647, in extractall
    self._extract_member(zipinfo, path, pwd)
  File "C:\Users\KADOUN\AppData\Local\Programs\Python\Python38\lib\zipfile.py", line 1701, in _extract_member
    open(targetpath, "wb") as target:
PermissionError: [Errno 13] Permission denied: 'C:\\Users\\KADOUN\\.wdm\\drivers\\chromedriver\\win64\\115.0.5790.170\\chromedriver-win32\\chromedriver.exe'

During handling of the above exception, another exception occurred:

Traceback (most recent call last):
  File "C:\Users\KADOUN\Desktop\Automatization_Project_Master_QA\KTGSK_Automation_Local_Deploy_PyCharm\HP_C.py", line 29, in setUp
    setUp(self)
  File "C:\Users\KADOUN\Desktop\Automatization_Project_Master_QA\KTGSK_Automation_Local_Deploy_PyCharm\to_import.py", line 61, in setUp
    self.driver = webdriver.Chrome(ChromeDriverManager().install())
  File "C:\Users\KADOUN\AppData\Roaming\Python\Python38\site-packages\webdriver_manager\chrome.py", line 40, in install
    driver_path = self._get_driver_binary_path(self.driver)
  File "C:\Users\KADOUN\AppData\Roaming\Python\Python38\site-packages\webdriver_manager\core\manager.py", line 41, in _get_driver_binary_path
    binary_path = self._cache_manager.save_file_to_cache(driver, file)
  File "C:\Users\KADOUN\AppData\Roaming\Python\Python38\site-packages\webdriver_manager\core\driver_cache.py", line 54, in save_file_to_cache
    files = self.unpack_archive(archive, path)
  File "C:\Users\KADOUN\AppData\Roaming\Python\Python38\site-packages\webdriver_manager\core\driver_cache.py", line 49, in unpack_archive
    return self._file_manager.unpack_archive(archive, path)
  File "C:\Users\KADOUN\AppData\Roaming\Python\Python38\site-packages\webdriver_manager\core\file_manager.py", line 57, in unpack_archive
    return self.__extract_zip(archive_file, target_dir)
  File "C:\Users\KADOUN\AppData\Roaming\Python\Python38\site-packages\webdriver_manager\core\file_manager.py", line 81, in __extract_zip
    os.replace(source, destination)
PermissionError: [WinError 5] Access is denied: 'C:\\Users\\KADOUN\\.wdm\\drivers\\chromedriver\\win64\\115.0.5790.170\\chromedriver-win32\\chromedriver.exe' -> 'C:\\Users\\KADOUN\\.wdm\\drivers\\chromedriver\\win64\\115.0.5790.170\\chromedriver.exe'
</pre>
                        </div>
                        <!--css div popup end-->
                    </div>
                </td>
            </tr>
            
            <tr id="ft14.3" class='none'>
                <td class='errorCase'>
                    <div class='testcase'>
                        <a class="popup_link" onfocus='this.blur();'
                           href="javascript:showTestDetail('div_ft14.3')">test_HP_nejlepsi_nabidky_vypis_btn_switch</a>
                    </div>
                </td>
                <td colspan='5' align='center'>
                    <div>
                        <!--css div popup start-->
                        <button>
                            <a class="popup_link" onfocus='this.blur();'
                               href="javascript:showTestDetail('div_ft14.3')" style="color:#660066;">
                                ERROR
                            </a></button>
                        <div id='div_ft14.3' class="popup_window">
                            <div style='text-align: right; color:red;cursor:pointer'>
                                <a onfocus='this.blur();'
                                   onclick="document.getElementById('div_ft14.3').style.display = 'none'; "
                                   style="color:red;">
                                    [x]</a>
                            </div>
                            <pre></pre>
                            <pre style="color: red;">Traceback (most recent call last):
  File "C:\Users\KADOUN\AppData\Roaming\Python\Python38\site-packages\webdriver_manager\core\file_manager.py", line 65, in __extract_zip
    archive.extractall(to_directory)
  File "C:\Users\KADOUN\AppData\Local\Programs\Python\Python38\lib\zipfile.py", line 1647, in extractall
    self._extract_member(zipinfo, path, pwd)
  File "C:\Users\KADOUN\AppData\Local\Programs\Python\Python38\lib\zipfile.py", line 1701, in _extract_member
    open(targetpath, "wb") as target:
PermissionError: [Errno 13] Permission denied: 'C:\\Users\\KADOUN\\.wdm\\drivers\\chromedriver\\win64\\115.0.5790.170\\chromedriver-win32\\chromedriver.exe'

During handling of the above exception, another exception occurred:

Traceback (most recent call last):
  File "C:\Users\KADOUN\Desktop\Automatization_Project_Master_QA\KTGSK_Automation_Local_Deploy_PyCharm\HP_C.py", line 29, in setUp
    setUp(self)
  File "C:\Users\KADOUN\Desktop\Automatization_Project_Master_QA\KTGSK_Automation_Local_Deploy_PyCharm\to_import.py", line 61, in setUp
    self.driver = webdriver.Chrome(ChromeDriverManager().install())
  File "C:\Users\KADOUN\AppData\Roaming\Python\Python38\site-packages\webdriver_manager\chrome.py", line 40, in install
    driver_path = self._get_driver_binary_path(self.driver)
  File "C:\Users\KADOUN\AppData\Roaming\Python\Python38\site-packages\webdriver_manager\core\manager.py", line 41, in _get_driver_binary_path
    binary_path = self._cache_manager.save_file_to_cache(driver, file)
  File "C:\Users\KADOUN\AppData\Roaming\Python\Python38\site-packages\webdriver_manager\core\driver_cache.py", line 54, in save_file_to_cache
    files = self.unpack_archive(archive, path)
  File "C:\Users\KADOUN\AppData\Roaming\Python\Python38\site-packages\webdriver_manager\core\driver_cache.py", line 49, in unpack_archive
    return self._file_manager.unpack_archive(archive, path)
  File "C:\Users\KADOUN\AppData\Roaming\Python\Python38\site-packages\webdriver_manager\core\file_manager.py", line 57, in unpack_archive
    return self.__extract_zip(archive_file, target_dir)
  File "C:\Users\KADOUN\AppData\Roaming\Python\Python38\site-packages\webdriver_manager\core\file_manager.py", line 81, in __extract_zip
    os.replace(source, destination)
PermissionError: [WinError 5] Access is denied: 'C:\\Users\\KADOUN\\.wdm\\drivers\\chromedriver\\win64\\115.0.5790.170\\chromedriver-win32\\chromedriver.exe' -> 'C:\\Users\\KADOUN\\.wdm\\drivers\\chromedriver\\win64\\115.0.5790.170\\chromedriver.exe'
</pre>
                        </div>
                        <!--css div popup end-->
                    </div>
                </td>
            </tr>
            
            <tr id="ft14.4" class='none'>
                <td class='errorCase'>
                    <div class='testcase'>
                        <a class="popup_link" onfocus='this.blur();'
                           href="javascript:showTestDetail('div_ft14.4')">test_HP_bannery_check</a>
                    </div>
                </td>
                <td colspan='5' align='center'>
                    <div>
                        <!--css div popup start-->
                        <button>
                            <a class="popup_link" onfocus='this.blur();'
                               href="javascript:showTestDetail('div_ft14.4')" style="color:#660066;">
                                ERROR
                            </a></button>
                        <div id='div_ft14.4' class="popup_window">
                            <div style='text-align: right; color:red;cursor:pointer'>
                                <a onfocus='this.blur();'
                                   onclick="document.getElementById('div_ft14.4').style.display = 'none'; "
                                   style="color:red;">
                                    [x]</a>
                            </div>
                            <pre></pre>
                            <pre style="color: red;">Traceback (most recent call last):
  File "C:\Users\KADOUN\AppData\Roaming\Python\Python38\site-packages\webdriver_manager\core\file_manager.py", line 65, in __extract_zip
    archive.extractall(to_directory)
  File "C:\Users\KADOUN\AppData\Local\Programs\Python\Python38\lib\zipfile.py", line 1647, in extractall
    self._extract_member(zipinfo, path, pwd)
  File "C:\Users\KADOUN\AppData\Local\Programs\Python\Python38\lib\zipfile.py", line 1701, in _extract_member
    open(targetpath, "wb") as target:
PermissionError: [Errno 13] Permission denied: 'C:\\Users\\KADOUN\\.wdm\\drivers\\chromedriver\\win64\\115.0.5790.170\\chromedriver-win32\\chromedriver.exe'

During handling of the above exception, another exception occurred:

Traceback (most recent call last):
  File "C:\Users\KADOUN\Desktop\Automatization_Project_Master_QA\KTGSK_Automation_Local_Deploy_PyCharm\HP_C.py", line 29, in setUp
    setUp(self)
  File "C:\Users\KADOUN\Desktop\Automatization_Project_Master_QA\KTGSK_Automation_Local_Deploy_PyCharm\to_import.py", line 61, in setUp
    self.driver = webdriver.Chrome(ChromeDriverManager().install())
  File "C:\Users\KADOUN\AppData\Roaming\Python\Python38\site-packages\webdriver_manager\chrome.py", line 40, in install
    driver_path = self._get_driver_binary_path(self.driver)
  File "C:\Users\KADOUN\AppData\Roaming\Python\Python38\site-packages\webdriver_manager\core\manager.py", line 41, in _get_driver_binary_path
    binary_path = self._cache_manager.save_file_to_cache(driver, file)
  File "C:\Users\KADOUN\AppData\Roaming\Python\Python38\site-packages\webdriver_manager\core\driver_cache.py", line 54, in save_file_to_cache
    files = self.unpack_archive(archive, path)
  File "C:\Users\KADOUN\AppData\Roaming\Python\Python38\site-packages\webdriver_manager\core\driver_cache.py", line 49, in unpack_archive
    return self._file_manager.unpack_archive(archive, path)
  File "C:\Users\KADOUN\AppData\Roaming\Python\Python38\site-packages\webdriver_manager\core\file_manager.py", line 57, in unpack_archive
    return self.__extract_zip(archive_file, target_dir)
  File "C:\Users\KADOUN\AppData\Roaming\Python\Python38\site-packages\webdriver_manager\core\file_manager.py", line 81, in __extract_zip
    os.replace(source, destination)
PermissionError: [WinError 5] Access is denied: 'C:\\Users\\KADOUN\\.wdm\\drivers\\chromedriver\\win64\\115.0.5790.170\\chromedriver-win32\\chromedriver.exe' -> 'C:\\Users\\KADOUN\\.wdm\\drivers\\chromedriver\\win64\\115.0.5790.170\\chromedriver.exe'
</pre>
                        </div>
                        <!--css div popup end-->
                    </div>
                </td>
            </tr>
            
        
        <tr class='errorClass' style="font-weight:bold;color:white;">
            <td><a href="javascript:showClassDetail('c15','1')">KTGSK_Automation_Local_Deploy_PyCharm.SRL_results_comparer.Test_SRL_C_comparer</a></td>
            <td>1</td>
            <td>0</td>
            <td>0</td>
            <td>1</td>
            <td>
                <button><a href="javascript:showClassDetail('c15','1')"
                           style="color:#660066;">Detail</a></button>
            </td>
        </tr>
            
            <tr id="ft15.1" class='none'>
                <td class='errorCase'>
                    <div class='testcase'>
                        <a class="popup_link" onfocus='this.blur();'
                           href="javascript:showTestDetail('div_ft15.1')">test_SRL_number_of_results_comparer</a>
                    </div>
                </td>
                <td colspan='5' align='center'>
                    <div>
                        <!--css div popup start-->
                        <button>
                            <a class="popup_link" onfocus='this.blur();'
                               href="javascript:showTestDetail('div_ft15.1')" style="color:#660066;">
                                ERROR
                            </a></button>
                        <div id='div_ft15.1' class="popup_window">
                            <div style='text-align: right; color:red;cursor:pointer'>
                                <a onfocus='this.blur();'
                                   onclick="document.getElementById('div_ft15.1').style.display = 'none'; "
                                   style="color:red;">
                                    [x]</a>
                            </div>
                            <pre></pre>
                            <pre style="color: red;">Traceback (most recent call last):
  File "C:\Users\KADOUN\AppData\Roaming\Python\Python38\site-packages\webdriver_manager\core\file_manager.py", line 65, in __extract_zip
    archive.extractall(to_directory)
  File "C:\Users\KADOUN\AppData\Local\Programs\Python\Python38\lib\zipfile.py", line 1647, in extractall
    self._extract_member(zipinfo, path, pwd)
  File "C:\Users\KADOUN\AppData\Local\Programs\Python\Python38\lib\zipfile.py", line 1701, in _extract_member
    open(targetpath, "wb") as target:
PermissionError: [Errno 13] Permission denied: 'C:\\Users\\KADOUN\\.wdm\\drivers\\chromedriver\\win64\\115.0.5790.170\\chromedriver-win32\\chromedriver.exe'

During handling of the above exception, another exception occurred:

Traceback (most recent call last):
  File "C:\Users\KADOUN\Desktop\Automatization_Project_Master_QA\KTGSK_Automation_Local_Deploy_PyCharm\SRL_results_comparer.py", line 40, in setUp
    setUp(self)
  File "C:\Users\KADOUN\Desktop\Automatization_Project_Master_QA\KTGSK_Automation_Local_Deploy_PyCharm\to_import.py", line 61, in setUp
    self.driver = webdriver.Chrome(ChromeDriverManager().install())
  File "C:\Users\KADOUN\AppData\Roaming\Python\Python38\site-packages\webdriver_manager\chrome.py", line 40, in install
    driver_path = self._get_driver_binary_path(self.driver)
  File "C:\Users\KADOUN\AppData\Roaming\Python\Python38\site-packages\webdriver_manager\core\manager.py", line 41, in _get_driver_binary_path
    binary_path = self._cache_manager.save_file_to_cache(driver, file)
  File "C:\Users\KADOUN\AppData\Roaming\Python\Python38\site-packages\webdriver_manager\core\driver_cache.py", line 54, in save_file_to_cache
    files = self.unpack_archive(archive, path)
  File "C:\Users\KADOUN\AppData\Roaming\Python\Python38\site-packages\webdriver_manager\core\driver_cache.py", line 49, in unpack_archive
    return self._file_manager.unpack_archive(archive, path)
  File "C:\Users\KADOUN\AppData\Roaming\Python\Python38\site-packages\webdriver_manager\core\file_manager.py", line 57, in unpack_archive
    return self.__extract_zip(archive_file, target_dir)
  File "C:\Users\KADOUN\AppData\Roaming\Python\Python38\site-packages\webdriver_manager\core\file_manager.py", line 81, in __extract_zip
    os.replace(source, destination)
PermissionError: [WinError 5] Access is denied: 'C:\\Users\\KADOUN\\.wdm\\drivers\\chromedriver\\win64\\115.0.5790.170\\chromedriver-win32\\chromedriver.exe' -> 'C:\\Users\\KADOUN\\.wdm\\drivers\\chromedriver\\win64\\115.0.5790.170\\chromedriver.exe'
</pre>
                        </div>
                        <!--css div popup end-->
                    </div>
                </td>
            </tr>
            
        

        <tr id='total_row'>
            <td>Total</td>
            <td>26</td>
            <td>8</td>
            <td>0</td>
            <td>18</td>
            <td>&nbsp;</td>
        </tr>
    </table>
</div>
<br><br>
<div id='ending'><b>Time Elapsed: </b>0:16:43.940573</div>
</body>
</html>