<!DOCTYPE html>
<html>
<head>
    <title>KTGHU ||| https://kartagohu.web2.dtweb.cz/</title>
    <meta name="generator" content="HTMLTestRunner 1.0.17"/>
    <meta http-equiv="Content-Type" content="text/html; charset=UTF-8"/>
    <link rel="stylesheet" href="stylesheet.css">
    <script src="script.js"></script>
    <style>
        
    </style>
    <script>
        
    </script>
</head>
<body>
<div class='heading'>
    <h1 style="margin-left:1ex;">KTGHU ||| https://kartagohu.web2.dtweb.cz/</h1>
    
    <p class='attribute'><strong>Start Time : </strong> 2023-03-02 13:24:15</p>
    
    <p class='attribute'><strong>Duration : </strong> 0:17:35.234533</p>
    
    <p class='attribute'><strong>Status : </strong> Pass 11 Error 22</p>
    
    <p class='attribute'><strong>Descrition : </strong> KTGHU WEB Suite Report Version : hotfix</p>
    
    <p class='attribute'><strong>Tested By : </strong> Unknown</p>
    
</div>
<div>
    <p id='show_detail_line'><b>Show</b>
        <button><a href='javascript:showCase(0)' style="color:#660066;">Summary</a></button>
        <button><a href='javascript:showCase(1)' style="color:#660066;">Failed</a></button>
        <button><a href='javascript:showCase(2)' style="color:#660066;">Passed</a></button>
        <button><a href='javascript:showCase(3)' style="color:#660066;">All</a></button>
    </p>
    <table id='result_table'>
        <colgroup>
            <col align='left'/>
            <col align='right'/>
            <col align='right'/>
            <col align='right'/>
            <col align='right'/>
            <col align='right'/>
        </colgroup>
        <tr id='header_row'>
            <td>Test Group/Test case</td>
            <td>Count</td>
            <td>Pass</td>
            <td>Fail</td>
            <td>Error</td>
            <td>View</td>
        </tr>
        
        <tr class='passClass' style="font-weight:bold;color:white;">
            <td><a href="javascript:showClassDetail('c1','1')">KTGHU_Automation_Local_Deploy_PyCharm.Detail_D.TestDetailHotelu_D</a></td>
            <td>1</td>
            <td>1</td>
            <td>0</td>
            <td>0</td>
            <td>
                <button><a href="javascript:showClassDetail('c1','1')"
                           style="color:#660066;">Detail</a></button>
            </td>
        </tr>
            
            <tr id="pt1.1" class='hiddenRow'>
                <td class='passCase'>
                    <div class='testcase'>
                        <a class="popup_link" onfocus='this.blur();'
                           href="javascript:showTestDetail('div_pt1.1')">test_detail_D</a>
                    </div>
                </td>
                <td colspan='5' align='center'>
                    <div>
                        <!--css div popup start-->
                        <button>
                            <a class="popup_link" onfocus='this.blur();'
                               href="javascript:showTestDetail('div_pt1.1')" style="color:#660066;">
                                PASS
                            </a></button>
                        <div id='div_pt1.1' class="popup_window">
                            <div style='text-align: right; color:red;cursor:pointer'>
                                <a onfocus='this.blur();'
                                   onclick="document.getElementById('div_pt1.1').style.display = 'none'; "
                                   style="color:red;">
                                    [x]</a>
                            </div>
                            <pre>2023-03-02 13:24:15.299880 : 
                             
                             
2023-03-02 13:24:15.299880 : ====== WebDriver manager ======
                             
2023-03-02 13:24:15.334518 : Current google-chrome version is 110.0.5481
                             
2023-03-02 13:24:15.334518 : Get LATEST chromedriver version for 110.0.5481 google-chrome
                             
2023-03-02 13:24:15.488646 : Driver [C:\Users\KADOUN\.wdm\drivers\chromedriver\win32\110.0.5481.77\chromedriver.exe] found in cache
                             
2023-03-02 13:24:35.460993 : <selenium.webdriver.remote.webelement.WebElement (session="a1d8d0cf59b9d316bc00cc63e8e1f8a9", element="12197ff2-2897-4707-9153-c26eec0d6c17")>
2023-03-02 13:24:36.134196 : <bound method WebElement.is_displayed of <selenium.webdriver.remote.webelement.WebElement (session="a1d8d0cf59b9d316bc00cc63e8e1f8a9", element="b315262d-16c5-4362-94ee-99e8b4105d95")>>
2023-03-02 13:24:36.216802 : https://kartagohu.web2.dtweb.cz/egyiptom/marsa-alam/marsa-alam/blue-reef-resort?AC1=2&D=64419|64420|64425&DD=2023-10-04&DP=489&DPR=KARTAGO-HU-ATCOM&DS=65536&GIATA=100548&HID=3968&IC1=0&KC1=0&MNN=7&MT=5&NN=7&PID=RMF20022&RD=2023-10-11&TO=489|4371&acm1=2&df=2023-10-01|2023-10-31&nnm=7&tt=1&ttm=1#/prehled
</pre>
                            <pre style="color: red;"></pre>
                        </div>
                        <!--css div popup end-->
                    </div>
                </td>
            </tr>
            
        
        <tr class='passClass' style="font-weight:bold;color:white;">
            <td><a href="javascript:showClassDetail('c2','3')">KTGHU_Automation_Local_Deploy_PyCharm.Detail_C.TestDetailHotelu_C</a></td>
            <td>3</td>
            <td>3</td>
            <td>0</td>
            <td>0</td>
            <td>
                <button><a href="javascript:showClassDetail('c2','3')"
                           style="color:#660066;">Detail</a></button>
            </td>
        </tr>
            
            <tr id="pt2.1" class='hiddenRow'>
                <td class='passCase'>
                    <div class='testcase'>
                        <a class="popup_link" onfocus='this.blur();'
                           href="javascript:showTestDetail('div_pt2.1')">test_detail_fotka</a>
                    </div>
                </td>
                <td colspan='5' align='center'>
                    <div>
                        <!--css div popup start-->
                        <button>
                            <a class="popup_link" onfocus='this.blur();'
                               href="javascript:showTestDetail('div_pt2.1')" style="color:#660066;">
                                PASS
                            </a></button>
                        <div id='div_pt2.1' class="popup_window">
                            <div style='text-align: right; color:red;cursor:pointer'>
                                <a onfocus='this.blur();'
                                   onclick="document.getElementById('div_pt2.1').style.display = 'none'; "
                                   style="color:red;">
                                    [x]</a>
                            </div>
                            <pre>2023-03-02 13:24:39.344468 : 
                             
                             
2023-03-02 13:24:39.344468 : ====== WebDriver manager ======
                             
2023-03-02 13:24:39.376637 : Current google-chrome version is 110.0.5481
                             
2023-03-02 13:24:39.376637 : Get LATEST chromedriver version for 110.0.5481 google-chrome
                             
2023-03-02 13:24:39.602816 : Driver [C:\Users\KADOUN\.wdm\drivers\chromedriver\win32\110.0.5481.77\chromedriver.exe] found in cache
                             
2023-03-02 13:24:46.138950 : <selenium.webdriver.remote.webelement.WebElement (session="bc8b4256508d3c3b9ef48a551f86c6dc", element="3fa618fb-d554-4e28-9ef2-3234d9206b8a")>
2023-03-02 13:25:14.050724 : nenasle se exponea banner
2023-03-02 13:25:14.212418 : its ok
2023-03-02 13:25:14.216408 : https://img.fischer.cz/hotels/egypt/oblast-marsa-alam/marsa-alam/blue-reef-resort/273357.jpg
</pre>
                            <pre style="color: red;"></pre>
                        </div>
                        <!--css div popup end-->
                    </div>
                </td>
            </tr>
            
            <tr id="pt2.2" class='hiddenRow'>
                <td class='passCase'>
                    <div class='testcase'>
                        <a class="popup_link" onfocus='this.blur();'
                           href="javascript:showTestDetail('div_pt2.2')">test_detail_terminy_filtr_meal</a>
                    </div>
                </td>
                <td colspan='5' align='center'>
                    <div>
                        <!--css div popup start-->
                        <button>
                            <a class="popup_link" onfocus='this.blur();'
                               href="javascript:showTestDetail('div_pt2.2')" style="color:#660066;">
                                PASS
                            </a></button>
                        <div id='div_pt2.2' class="popup_window">
                            <div style='text-align: right; color:red;cursor:pointer'>
                                <a onfocus='this.blur();'
                                   onclick="document.getElementById('div_pt2.2').style.display = 'none'; "
                                   style="color:red;">
                                    [x]</a>
                            </div>
                            <pre>2023-03-02 13:25:16.327780 : 
                             
                             
2023-03-02 13:25:16.327780 : ====== WebDriver manager ======
                             
2023-03-02 13:25:16.393576 : Current google-chrome version is 110.0.5481
                             
2023-03-02 13:25:16.394573 : Get LATEST chromedriver version for 110.0.5481 google-chrome
                             
2023-03-02 13:25:16.477062 : Driver [C:\Users\KADOUN\.wdm\drivers\chromedriver\win32\110.0.5481.77\chromedriver.exe] found in cache
                             
2023-03-02 13:25:24.509466 : <selenium.webdriver.remote.webelement.WebElement (session="b6b0f00f96ae917d1b7715c19c466fad", element="193dbf82-3ae8-465b-b3f4-c6a1cb90497a")>
2023-03-02 13:25:30.746130 : else departure not true
2023-03-02 13:25:39.279834 : all inclusive
2023-03-02 13:25:41.292596 : 0
2023-03-02 13:25:41.456934 : ok
2023-03-02 13:25:41.456934 : ok
2023-03-02 13:25:41.456934 : ok
2023-03-02 13:25:41.456934 : ok
2023-03-02 13:25:41.456934 : ok
2023-03-02 13:25:41.456934 : ok
2023-03-02 13:25:41.456934 : ok
2023-03-02 13:25:41.456934 : ok
2023-03-02 13:25:41.456934 : ok
2023-03-02 13:25:41.456934 : ok
2023-03-02 13:25:41.456934 : ok
2023-03-02 13:25:41.456934 : ok
2023-03-02 13:25:41.456934 : ['all inclusive', 'all inclusive', 'all inclusive', 'all inclusive', 'all inclusive', 'all inclusive', 'all inclusive', 'all inclusive', 'all inclusive', 'all inclusive', 'all inclusive', 'all inclusive']
2023-03-02 13:26:01.472772 : https://kartagohu.web2.dtweb.cz/egyiptom/marsa-alam/marsa-alam/blue-reef-resort?AC1=2&D=64419|64420|64425&DD=2023-10-04&DP=489&DPR=KARTAGO-HU-ATCOM&DS=65536&GIATA=100548&HID=3968&IC1=0&KC1=0&MNN=7&MT=5&NN=7&PID=RMF20022&RD=2023-10-11&TO=489|4371&acm1=2&df=2023-10-01|2023-10-31&mtm=5&nnm=7&tt=1&ttm=1#/terminy-a-ceny
</pre>
                            <pre style="color: red;"></pre>
                        </div>
                        <!--css div popup end-->
                    </div>
                </td>
            </tr>
            
            <tr id="pt2.3" class='hiddenRow'>
                <td class='passCase'>
                    <div class='testcase'>
                        <a class="popup_link" onfocus='this.blur();'
                           href="javascript:showTestDetail('div_pt2.3')">test_detail_terminy_filtr_airport</a>
                    </div>
                </td>
                <td colspan='5' align='center'>
                    <div>
                        <!--css div popup start-->
                        <button>
                            <a class="popup_link" onfocus='this.blur();'
                               href="javascript:showTestDetail('div_pt2.3')" style="color:#660066;">
                                PASS
                            </a></button>
                        <div id='div_pt2.3' class="popup_window">
                            <div style='text-align: right; color:red;cursor:pointer'>
                                <a onfocus='this.blur();'
                                   onclick="document.getElementById('div_pt2.3').style.display = 'none'; "
                                   style="color:red;">
                                    [x]</a>
                            </div>
                            <pre>2023-03-02 13:26:03.605769 : 
                             
                             
2023-03-02 13:26:03.605769 : ====== WebDriver manager ======
                             
2023-03-02 13:26:03.636616 : Current google-chrome version is 110.0.5481
                             
2023-03-02 13:26:03.637616 : Get LATEST chromedriver version for 110.0.5481 google-chrome
                             
2023-03-02 13:26:03.724381 : Driver [C:\Users\KADOUN\.wdm\drivers\chromedriver\win32\110.0.5481.77\chromedriver.exe] found in cache
                             
2023-03-02 13:26:11.144292 : <selenium.webdriver.remote.webelement.WebElement (session="02468bce1f012eddcd271704bc54db80", element="dabbb34c-28d0-4d64-b4e3-50dfc0fc901e")>
2023-03-02 13:26:17.549505 : if departure==True
2023-03-02 13:26:33.814112 : equal to budapest
2023-03-02 13:26:33.878460 : equal to budapest
2023-03-02 13:26:33.906446 : equal to budapest
2023-03-02 13:26:33.935447 : equal to budapest
2023-03-02 13:26:33.974343 : equal to budapest
2023-03-02 13:26:34.011245 : equal to budapest
2023-03-02 13:26:34.044158 : equal to budapest
2023-03-02 13:26:34.071085 : equal to budapest
2023-03-02 13:26:34.100008 : equal to budapest
2023-03-02 13:26:34.133918 : equal to budapest
2023-03-02 13:26:34.174809 : equal to budapest
2023-03-02 13:26:34.424145 : https://kartagohu.web2.dtweb.cz/egyiptom/marsa-alam/marsa-alam/blue-reef-resort?AC1=2&D=64419|64420|64425&DD=2023-10-04&DP=489&DPR=KARTAGO-HU-ATCOM&DS=65536&GIATA=100548&HID=3968&IC1=0&KC1=0&MNN=7&MT=5&NN=7&PID=RMF20022&RD=2023-10-11&TO=489|4371&acm1=2&df=2023-10-01|2023-10-31&nnm=7&tom=489&tt=1&ttm=1#/terminy-a-ceny
</pre>
                            <pre style="color: red;"></pre>
                        </div>
                        <!--css div popup end-->
                    </div>
                </td>
            </tr>
            
        
        <tr class='passClass' style="font-weight:bold;color:white;">
            <td><a href="javascript:showClassDetail('c3','2')">KTGHU_Automation_Local_Deploy_PyCharm.fulltext_C.Test_Fulltext_C</a></td>
            <td>2</td>
            <td>2</td>
            <td>0</td>
            <td>0</td>
            <td>
                <button><a href="javascript:showClassDetail('c3','2')"
                           style="color:#660066;">Detail</a></button>
            </td>
        </tr>
            
            <tr id="pt3.1" class='hiddenRow'>
                <td class='passCase'>
                    <div class='testcase'>
                        <a class="popup_link" onfocus='this.blur();'
                           href="javascript:showTestDetail('div_pt3.1')">test_fulltext_naseptavac</a>
                    </div>
                </td>
                <td colspan='5' align='center'>
                    <div>
                        <!--css div popup start-->
                        <button>
                            <a class="popup_link" onfocus='this.blur();'
                               href="javascript:showTestDetail('div_pt3.1')" style="color:#660066;">
                                PASS
                            </a></button>
                        <div id='div_pt3.1' class="popup_window">
                            <div style='text-align: right; color:red;cursor:pointer'>
                                <a onfocus='this.blur();'
                                   onclick="document.getElementById('div_pt3.1').style.display = 'none'; "
                                   style="color:red;">
                                    [x]</a>
                            </div>
                            <pre>2023-03-02 13:26:36.602692 : 
                             
                             
2023-03-02 13:26:36.602692 : ====== WebDriver manager ======
                             
2023-03-02 13:26:36.636599 : Current google-chrome version is 110.0.5481
                             
2023-03-02 13:26:36.636599 : Get LATEST chromedriver version for 110.0.5481 google-chrome
                             
2023-03-02 13:26:36.737164 : Driver [C:\Users\KADOUN\.wdm\drivers\chromedriver\win32\110.0.5481.77\chromedriver.exe] found in cache
                             
2023-03-02 13:26:42.583022 : <selenium.webdriver.remote.webelement.WebElement (session="c6fc01f6e2c0556c238e0be53115bed0", element="163b7ee7-f892-4831-b9b3-3a6ee062151f")>
2023-03-02 13:26:46.343120 : GÖRÖGORSZÁG
2023-03-02 13:27:11.503371 : first no such ele except
2023-03-02 13:27:12.971560 : last no such ele except
2023-03-02 13:27:17.600358 : TÖRÖKORSZÁG
2023-03-02 13:27:42.634300 : first no such ele except
2023-03-02 13:27:43.503003 : last no such ele except
2023-03-02 13:27:47.041669 : EGYIPTOM
2023-03-02 13:28:12.097547 : first no such ele except
2023-03-02 13:28:13.383929 : last no such ele except
2023-03-02 13:28:16.881974 : BULGÁRIA
2023-03-02 13:28:41.929063 : first no such ele except
2023-03-02 13:28:43.300410 : last no such ele except
2023-03-02 13:28:43.392165 : https://kartagohu.web2.dtweb.cz/keresesi-eredmenyek?DS=0&TT=0&D=63483|63484|63485|63486&DD=2023-06-01&RD=2023-08-01&ER=0&NN=7|8|9&AC1=2&KC1=0&IC1=0
</pre>
                            <pre style="color: red;"></pre>
                        </div>
                        <!--css div popup end-->
                    </div>
                </td>
            </tr>
            
            <tr id="pt3.2" class='hiddenRow'>
                <td class='passCase'>
                    <div class='testcase'>
                        <a class="popup_link" onfocus='this.blur();'
                           href="javascript:showTestDetail('div_pt3.2')">test_fulltext_results_status_check</a>
                    </div>
                </td>
                <td colspan='5' align='center'>
                    <div>
                        <!--css div popup start-->
                        <button>
                            <a class="popup_link" onfocus='this.blur();'
                               href="javascript:showTestDetail('div_pt3.2')" style="color:#660066;">
                                PASS
                            </a></button>
                        <div id='div_pt3.2' class="popup_window">
                            <div style='text-align: right; color:red;cursor:pointer'>
                                <a onfocus='this.blur();'
                                   onclick="document.getElementById('div_pt3.2').style.display = 'none'; "
                                   style="color:red;">
                                    [x]</a>
                            </div>
                            <pre>2023-03-02 13:28:45.684501 : 
                             
                             
2023-03-02 13:28:45.685549 : ====== WebDriver manager ======
                             
2023-03-02 13:28:45.738566 : Current google-chrome version is 110.0.5481
                             
2023-03-02 13:28:45.738566 : Get LATEST chromedriver version for 110.0.5481 google-chrome
                             
2023-03-02 13:28:45.822442 : Driver [C:\Users\KADOUN\.wdm\drivers\chromedriver\win32\110.0.5481.77\chromedriver.exe] found in cache
                             
2023-03-02 13:28:51.451963 : <selenium.webdriver.remote.webelement.WebElement (session="641ea363f1a3ae83cd330dd24725a98d", element="cfab595f-f193-4b1a-a9cd-190172e77b5f")>
2023-03-02 13:28:51.679358 : GÖRÖGORSZÁG
2023-03-02 13:28:54.724422 : TÖRÖKORSZÁG
2023-03-02 13:28:57.253670 : EGYIPTOM
2023-03-02 13:28:59.413313 : BULGÁRIA
2023-03-02 13:29:26.150695 : https://kartagohu.web2.dtweb.cz//kereses?q=Bulg%C3%A1ria
</pre>
                            <pre style="color: red;"></pre>
                        </div>
                        <!--css div popup end-->
                    </div>
                </td>
            </tr>
            
        
        <tr class='errorClass' style="font-weight:bold;color:white;">
            <td><a href="javascript:showClassDetail('c4','2')">KTGHU_Automation_Local_Deploy_PyCharm.groupsearch_D.Test_Groupsearch_D</a></td>
            <td>2</td>
            <td>0</td>
            <td>0</td>
            <td>2</td>
            <td>
                <button><a href="javascript:showClassDetail('c4','2')"
                           style="color:#660066;">Detail</a></button>
            </td>
        </tr>
            
            <tr id="ft4.1" class='none'>
                <td class='errorCase'>
                    <div class='testcase'>
                        <a class="popup_link" onfocus='this.blur();'
                           href="javascript:showTestDetail('div_ft4.1')">test_groupsearch_D</a>
                    </div>
                </td>
                <td colspan='5' align='center'>
                    <div>
                        <!--css div popup start-->
                        <button>
                            <a class="popup_link" onfocus='this.blur();'
                               href="javascript:showTestDetail('div_ft4.1')" style="color:#660066;">
                                ERROR
                            </a></button>
                        <div id='div_ft4.1' class="popup_window">
                            <div style='text-align: right; color:red;cursor:pointer'>
                                <a onfocus='this.blur();'
                                   onclick="document.getElementById('div_ft4.1').style.display = 'none'; "
                                   style="color:red;">
                                    [x]</a>
                            </div>
                            <pre>2023-03-02 13:29:28.280178 : 
                             
                             
2023-03-02 13:29:28.281176 : ====== WebDriver manager ======
                             
2023-03-02 13:29:28.324059 : Current google-chrome version is 110.0.5481
                             
2023-03-02 13:29:28.324059 : Get LATEST chromedriver version for 110.0.5481 google-chrome
                             
2023-03-02 13:29:28.439750 : Driver [C:\Users\KADOUN\.wdm\drivers\chromedriver\win32\110.0.5481.77\chromedriver.exe] found in cache
                             
2023-03-02 13:29:33.856029 : <selenium.webdriver.remote.webelement.WebElement (session="8f097504e184d3c5e99cf40365ba2749", element="962e4c04-85b9-48d0-8f15-9b25639b73db")>
2023-03-02 13:29:59.117646 : https://kartagohu.web2.dtweb.cz/keresesi-eredmenyek?tt=1&to=489&dd=2022-09-01&rd=2022-10-31
</pre>
                            <pre style="color: red;">Traceback (most recent call last):
  File "C:\Users\KADOUN\Desktop\Automatization_Project_Master_QA\KTGHU_Automation_Local_Deploy_PyCharm\groupsearch_D.py", line 72, in test_groupsearch_D
    groupSearch_D(self, driver)
  File "C:\Users\KADOUN\Desktop\Automatization_Project_Master_QA\KTGHU_Automation_Local_Deploy_PyCharm\groupsearch_D.py", line 11, in groupSearch_D
    wait.until(EC.visibility_of(driver.find_element_by_xpath("//*[@class='f_teaser-item']")))
  File "C:\Users\KADOUN\AppData\Local\Programs\Python\Python38\lib\site-packages\selenium\webdriver\remote\webdriver.py", line 394, in find_element_by_xpath
    return self.find_element(by=By.XPATH, value=xpath)
  File "C:\Users\KADOUN\AppData\Local\Programs\Python\Python38\lib\site-packages\selenium\webdriver\remote\webdriver.py", line 976, in find_element
    return self.execute(Command.FIND_ELEMENT, {
  File "C:\Users\KADOUN\AppData\Local\Programs\Python\Python38\lib\site-packages\selenium\webdriver\remote\webdriver.py", line 321, in execute
    self.error_handler.check_response(response)
  File "C:\Users\KADOUN\AppData\Local\Programs\Python\Python38\lib\site-packages\selenium\webdriver\remote\errorhandler.py", line 242, in check_response
    raise exception_class(message, screen, stacktrace)
selenium.common.exceptions.NoSuchElementException: Message: no such element: Unable to locate element: {"method":"xpath","selector":"//*[@class='f_teaser-item']"}
  (Session info: chrome=110.0.5481.178)

</pre>
                        </div>
                        <!--css div popup end-->
                    </div>
                </td>
            </tr>
            
            <tr id="ft4.2" class='none'>
                <td class='errorCase'>
                    <div class='testcase'>
                        <a class="popup_link" onfocus='this.blur();'
                           href="javascript:showTestDetail('div_ft4.2')">test_groupsearch_D</a>
                    </div>
                </td>
                <td colspan='5' align='center'>
                    <div>
                        <!--css div popup start-->
                        <button>
                            <a class="popup_link" onfocus='this.blur();'
                               href="javascript:showTestDetail('div_ft4.2')" style="color:#660066;">
                                ERROR
                            </a></button>
                        <div id='div_ft4.2' class="popup_window">
                            <div style='text-align: right; color:red;cursor:pointer'>
                                <a onfocus='this.blur();'
                                   onclick="document.getElementById('div_ft4.2').style.display = 'none'; "
                                   style="color:red;">
                                    [x]</a>
                            </div>
                            <pre></pre>
                            <pre style="color: red;">Traceback (most recent call last):
  File "C:\Users\KADOUN\AppData\Local\Programs\Python\Python38\lib\site-packages\urllib3\connection.py", line 159, in _new_conn
    conn = connection.create_connection(
  File "C:\Users\KADOUN\AppData\Local\Programs\Python\Python38\lib\site-packages\urllib3\util\connection.py", line 84, in create_connection
    raise err
  File "C:\Users\KADOUN\AppData\Local\Programs\Python\Python38\lib\site-packages\urllib3\util\connection.py", line 74, in create_connection
    sock.connect(sa)
ConnectionRefusedError: [WinError 10061] No connection could be made because the target machine actively refused it

During handling of the above exception, another exception occurred:

Traceback (most recent call last):
  File "C:\Users\KADOUN\AppData\Local\Programs\Python\Python38\lib\site-packages\urllib3\connectionpool.py", line 670, in urlopen
    httplib_response = self._make_request(
  File "C:\Users\KADOUN\AppData\Local\Programs\Python\Python38\lib\site-packages\urllib3\connectionpool.py", line 392, in _make_request
    conn.request(method, url, **httplib_request_kw)
  File "C:\Users\KADOUN\AppData\Local\Programs\Python\Python38\lib\http\client.py", line 1255, in request
    self._send_request(method, url, body, headers, encode_chunked)
  File "C:\Users\KADOUN\AppData\Local\Programs\Python\Python38\lib\http\client.py", line 1301, in _send_request
    self.endheaders(body, encode_chunked=encode_chunked)
  File "C:\Users\KADOUN\AppData\Local\Programs\Python\Python38\lib\http\client.py", line 1250, in endheaders
    self._send_output(message_body, encode_chunked=encode_chunked)
  File "C:\Users\KADOUN\AppData\Local\Programs\Python\Python38\lib\http\client.py", line 1010, in _send_output
    self.send(msg)
  File "C:\Users\KADOUN\AppData\Local\Programs\Python\Python38\lib\http\client.py", line 950, in send
    self.connect()
  File "C:\Users\KADOUN\AppData\Local\Programs\Python\Python38\lib\site-packages\urllib3\connection.py", line 187, in connect
    conn = self._new_conn()
  File "C:\Users\KADOUN\AppData\Local\Programs\Python\Python38\lib\site-packages\urllib3\connection.py", line 171, in _new_conn
    raise NewConnectionError(
urllib3.exceptions.NewConnectionError: <urllib3.connection.HTTPConnection object at 0x000001EEE5CB3EB0>: Failed to establish a new connection: [WinError 10061] No connection could be made because the target machine actively refused it

During handling of the above exception, another exception occurred:

Traceback (most recent call last):
  File "C:\Users\KADOUN\Desktop\Automatization_Project_Master_QA\KTGHU_Automation_Local_Deploy_PyCharm\groupsearch_D.py", line 64, in tearDown
    tearDown(self)
  File "C:\Users\KADOUN\Desktop\Automatization_Project_Master_QA\KTGHU_Automation_Local_Deploy_PyCharm\to_import.py", line 77, in tearDown
    self.driver.execute_script(
  File "C:\Users\KADOUN\AppData\Local\Programs\Python\Python38\lib\site-packages\selenium\webdriver\remote\webdriver.py", line 634, in execute_script
    return self.execute(command, {
  File "C:\Users\KADOUN\AppData\Local\Programs\Python\Python38\lib\site-packages\selenium\webdriver\remote\webdriver.py", line 319, in execute
    response = self.command_executor.execute(driver_command, params)
  File "C:\Users\KADOUN\AppData\Local\Programs\Python\Python38\lib\site-packages\selenium\webdriver\remote\remote_connection.py", line 374, in execute
    return self._request(command_info[0], url, body=data)
  File "C:\Users\KADOUN\AppData\Local\Programs\Python\Python38\lib\site-packages\selenium\webdriver\remote\remote_connection.py", line 397, in _request
    resp = self._conn.request(method, url, body=body, headers=headers)
  File "C:\Users\KADOUN\AppData\Local\Programs\Python\Python38\lib\site-packages\urllib3\request.py", line 79, in request
    return self.request_encode_body(
  File "C:\Users\KADOUN\AppData\Local\Programs\Python\Python38\lib\site-packages\urllib3\request.py", line 171, in request_encode_body
    return self.urlopen(method, url, **extra_kw)
  File "C:\Users\KADOUN\AppData\Local\Programs\Python\Python38\lib\site-packages\urllib3\poolmanager.py", line 336, in urlopen
    response = conn.urlopen(method, u.request_uri, **kw)
  File "C:\Users\KADOUN\AppData\Local\Programs\Python\Python38\lib\site-packages\urllib3\connectionpool.py", line 754, in urlopen
    return self.urlopen(
  File "C:\Users\KADOUN\AppData\Local\Programs\Python\Python38\lib\site-packages\urllib3\connectionpool.py", line 754, in urlopen
    return self.urlopen(
  File "C:\Users\KADOUN\AppData\Local\Programs\Python\Python38\lib\site-packages\urllib3\connectionpool.py", line 754, in urlopen
    return self.urlopen(
  File "C:\Users\KADOUN\AppData\Local\Programs\Python\Python38\lib\site-packages\urllib3\connectionpool.py", line 726, in urlopen
    retries = retries.increment(
  File "C:\Users\KADOUN\AppData\Local\Programs\Python\Python38\lib\site-packages\urllib3\util\retry.py", line 439, in increment
    raise MaxRetryError(_pool, url, error or ResponseError(cause))
urllib3.exceptions.MaxRetryError: HTTPConnectionPool(host='127.0.0.1', port=58390): Max retries exceeded with url: /session/8f097504e184d3c5e99cf40365ba2749/execute/sync (Caused by NewConnectionError('<urllib3.connection.HTTPConnection object at 0x000001EEE5CB3EB0>: Failed to establish a new connection: [WinError 10061] No connection could be made because the target machine actively refused it'))
</pre>
                        </div>
                        <!--css div popup end-->
                    </div>
                </td>
            </tr>
            
        
        <tr class='passClass' style="font-weight:bold;color:white;">
            <td><a href="javascript:showClassDetail('c5','1')">KTGHU_Automation_Local_Deploy_PyCharm.HP_D.TestHP_D</a></td>
            <td>1</td>
            <td>1</td>
            <td>0</td>
            <td>0</td>
            <td>
                <button><a href="javascript:showClassDetail('c5','1')"
                           style="color:#660066;">Detail</a></button>
            </td>
        </tr>
            
            <tr id="pt5.1" class='hiddenRow'>
                <td class='passCase'>
                    <div class='testcase'>
                        <a class="popup_link" onfocus='this.blur();'
                           href="javascript:showTestDetail('div_pt5.1')">test_homePage_D</a>
                    </div>
                </td>
                <td colspan='5' align='center'>
                    <div>
                        <!--css div popup start-->
                        <button>
                            <a class="popup_link" onfocus='this.blur();'
                               href="javascript:showTestDetail('div_pt5.1')" style="color:#660066;">
                                PASS
                            </a></button>
                        <div id='div_pt5.1' class="popup_window">
                            <div style='text-align: right; color:red;cursor:pointer'>
                                <a onfocus='this.blur();'
                                   onclick="document.getElementById('div_pt5.1').style.display = 'none'; "
                                   style="color:red;">
                                    [x]</a>
                            </div>
                            <pre>2023-03-02 13:30:09.505542 : 
                             
                             
2023-03-02 13:30:09.505542 : ====== WebDriver manager ======
                             
2023-03-02 13:30:09.535497 : Current google-chrome version is 110.0.5481
                             
2023-03-02 13:30:09.535497 : Get LATEST chromedriver version for 110.0.5481 google-chrome
                             
2023-03-02 13:30:09.644379 : Driver [C:\Users\KADOUN\.wdm\drivers\chromedriver\win32\110.0.5481.77\chromedriver.exe] found in cache
                             
2023-03-02 13:30:20.536993 : <selenium.webdriver.remote.webelement.WebElement (session="eb365a8633519e7871c45a907af41d1a", element="f3087f87-c01b-4f32-a338-c56618573ae9")>
2023-03-02 13:30:24.720493 : https://kartagohu.web2.dtweb.cz/
</pre>
                            <pre style="color: red;"></pre>
                        </div>
                        <!--css div popup end-->
                    </div>
                </td>
            </tr>
            
        
        <tr class='passClass' style="font-weight:bold;color:white;">
            <td><a href="javascript:showClassDetail('c6','1')">KTGHU_Automation_Local_Deploy_PyCharm.LM_D.TestLM_D</a></td>
            <td>1</td>
            <td>1</td>
            <td>0</td>
            <td>0</td>
            <td>
                <button><a href="javascript:showClassDetail('c6','1')"
                           style="color:#660066;">Detail</a></button>
            </td>
        </tr>
            
            <tr id="pt6.1" class='hiddenRow'>
                <td class='passCase'>
                    <div class='testcase'>
                        <a class="popup_link" onfocus='this.blur();'
                           href="javascript:showTestDetail('div_pt6.1')">test_lM_isDisplayed</a>
                    </div>
                </td>
                <td colspan='5' align='center'>
                    <div>
                        <!--css div popup start-->
                        <button>
                            <a class="popup_link" onfocus='this.blur();'
                               href="javascript:showTestDetail('div_pt6.1')" style="color:#660066;">
                                PASS
                            </a></button>
                        <div id='div_pt6.1' class="popup_window">
                            <div style='text-align: right; color:red;cursor:pointer'>
                                <a onfocus='this.blur();'
                                   onclick="document.getElementById('div_pt6.1').style.display = 'none'; "
                                   style="color:red;">
                                    [x]</a>
                            </div>
                            <pre>2023-03-02 13:30:26.845813 : 
                             
                             
2023-03-02 13:30:26.845813 : ====== WebDriver manager ======
                             
2023-03-02 13:30:26.900822 : Current google-chrome version is 110.0.5481
                             
2023-03-02 13:30:26.900822 : Get LATEST chromedriver version for 110.0.5481 google-chrome
                             
2023-03-02 13:30:26.982731 : Driver [C:\Users\KADOUN\.wdm\drivers\chromedriver\win32\110.0.5481.77\chromedriver.exe] found in cache
                             
2023-03-02 13:30:35.075078 : <selenium.webdriver.remote.webelement.WebElement (session="56926303581366c8b292a601c18cf2c3", element="56b1f979-5496-471e-bab1-070e7d8d7303")>
2023-03-02 13:30:37.786530 : https://kartagohu.web2.dtweb.cz/last-minute
</pre>
                            <pre style="color: red;"></pre>
                        </div>
                        <!--css div popup end-->
                    </div>
                </td>
            </tr>
            
        
        <tr class='passClass' style="font-weight:bold;color:white;">
            <td><a href="javascript:showClassDetail('c7','1')">KTGHU_Automation_Local_Deploy_PyCharm.pobocky.TestPobocky_D</a></td>
            <td>1</td>
            <td>1</td>
            <td>0</td>
            <td>0</td>
            <td>
                <button><a href="javascript:showClassDetail('c7','1')"
                           style="color:#660066;">Detail</a></button>
            </td>
        </tr>
            
            <tr id="pt7.1" class='hiddenRow'>
                <td class='passCase'>
                    <div class='testcase'>
                        <a class="popup_link" onfocus='this.blur();'
                           href="javascript:showTestDetail('div_pt7.1')">test_pobocky_D</a>
                    </div>
                </td>
                <td colspan='5' align='center'>
                    <div>
                        <!--css div popup start-->
                        <button>
                            <a class="popup_link" onfocus='this.blur();'
                               href="javascript:showTestDetail('div_pt7.1')" style="color:#660066;">
                                PASS
                            </a></button>
                        <div id='div_pt7.1' class="popup_window">
                            <div style='text-align: right; color:red;cursor:pointer'>
                                <a onfocus='this.blur();'
                                   onclick="document.getElementById('div_pt7.1').style.display = 'none'; "
                                   style="color:red;">
                                    [x]</a>
                            </div>
                            <pre>2023-03-02 13:30:39.925101 : 
                             
                             
2023-03-02 13:30:39.925101 : ====== WebDriver manager ======
                             
2023-03-02 13:30:39.999899 : Current google-chrome version is 110.0.5481
                             
2023-03-02 13:30:39.999899 : Get LATEST chromedriver version for 110.0.5481 google-chrome
                             
2023-03-02 13:30:40.114363 : Driver [C:\Users\KADOUN\.wdm\drivers\chromedriver\win32\110.0.5481.77\chromedriver.exe] found in cache
                             
2023-03-02 13:30:50.789997 : <selenium.webdriver.remote.webelement.WebElement (session="26ddaf38d077f2ffaaf5c418e51397a9", element="33f6b3da-7d5c-4846-9c74-fd9f8ce7f4a7")>
2023-03-02 13:31:18.178835 : basic info 
2023-03-02 13:31:18.187509 : basic info 
2023-03-02 13:31:18.196178 : basic info 
2023-03-02 13:31:18.205081 : basic info 
2023-03-02 13:31:18.213070 : basic info 
2023-03-02 13:31:18.221389 : basic info 
2023-03-02 13:31:18.229654 : basic info 
2023-03-02 13:31:18.252044 : boxiky
2023-03-02 13:31:18.260790 : boxiky
2023-03-02 13:31:18.269309 : boxiky
2023-03-02 13:31:18.277310 : boxiky
2023-03-02 13:31:18.285300 : boxiky
2023-03-02 13:31:18.294322 : boxiky
2023-03-02 13:31:18.302728 : boxiky
2023-03-02 13:31:18.310746 : boxiky
2023-03-02 13:31:18.319999 : boxiky
2023-03-02 13:31:18.328530 : boxiky
2023-03-02 13:31:18.336628 : boxiky
2023-03-02 13:31:18.346267 : boxiky
2023-03-02 13:31:18.354747 : boxiky
2023-03-02 13:31:18.362816 : boxiky
2023-03-02 13:31:18.375430 : https://kartagohu.web2.dtweb.cz/irodaink
</pre>
                            <pre style="color: red;"></pre>
                        </div>
                        <!--css div popup end-->
                    </div>
                </td>
            </tr>
            
        
        <tr class='errorClass' style="font-weight:bold;color:white;">
            <td><a href="javascript:showClassDetail('c8','2')">KTGHU_Automation_Local_Deploy_PyCharm.SDO_D.TestSDO_D</a></td>
            <td>2</td>
            <td>0</td>
            <td>0</td>
            <td>2</td>
            <td>
                <button><a href="javascript:showClassDetail('c8','2')"
                           style="color:#660066;">Detail</a></button>
            </td>
        </tr>
            
            <tr id="ft8.1" class='none'>
                <td class='errorCase'>
                    <div class='testcase'>
                        <a class="popup_link" onfocus='this.blur();'
                           href="javascript:showTestDetail('div_ft8.1')">test_SDO_D</a>
                    </div>
                </td>
                <td colspan='5' align='center'>
                    <div>
                        <!--css div popup start-->
                        <button>
                            <a class="popup_link" onfocus='this.blur();'
                               href="javascript:showTestDetail('div_ft8.1')" style="color:#660066;">
                                ERROR
                            </a></button>
                        <div id='div_ft8.1' class="popup_window">
                            <div style='text-align: right; color:red;cursor:pointer'>
                                <a onfocus='this.blur();'
                                   onclick="document.getElementById('div_ft8.1').style.display = 'none'; "
                                   style="color:red;">
                                    [x]</a>
                            </div>
                            <pre>2023-03-02 13:31:20.509705 : 
                             
                             
2023-03-02 13:31:20.509705 : ====== WebDriver manager ======
                             
2023-03-02 13:31:20.546606 : Current google-chrome version is 110.0.5481
                             
2023-03-02 13:31:20.546606 : Get LATEST chromedriver version for 110.0.5481 google-chrome
                             
2023-03-02 13:31:20.629384 : Driver [C:\Users\KADOUN\.wdm\drivers\chromedriver\win32\110.0.5481.77\chromedriver.exe] found in cache
                             
2023-03-02 13:31:30.088973 : <selenium.webdriver.remote.webelement.WebElement (session="0c72a8132f43d9ad6b378759a9cf62a2", element="c6fd498d-f464-4acd-b8d3-3edf1f058829")>
2023-03-02 13:31:57.471194 : https://kartagohu.web2.dtweb.cz/egyiptom
</pre>
                            <pre style="color: red;">Traceback (most recent call last):
  File "C:\Users\KADOUN\Desktop\Automatization_Project_Master_QA\KTGHU_Automation_Local_Deploy_PyCharm\SDO_D.py", line 80, in test_SDO_D
    assert mapa.is_displayed() == True
UnboundLocalError: local variable 'mapa' referenced before assignment
</pre>
                        </div>
                        <!--css div popup end-->
                    </div>
                </td>
            </tr>
            
            <tr id="ft8.2" class='none'>
                <td class='errorCase'>
                    <div class='testcase'>
                        <a class="popup_link" onfocus='this.blur();'
                           href="javascript:showTestDetail('div_ft8.2')">test_SDO_D</a>
                    </div>
                </td>
                <td colspan='5' align='center'>
                    <div>
                        <!--css div popup start-->
                        <button>
                            <a class="popup_link" onfocus='this.blur();'
                               href="javascript:showTestDetail('div_ft8.2')" style="color:#660066;">
                                ERROR
                            </a></button>
                        <div id='div_ft8.2' class="popup_window">
                            <div style='text-align: right; color:red;cursor:pointer'>
                                <a onfocus='this.blur();'
                                   onclick="document.getElementById('div_ft8.2').style.display = 'none'; "
                                   style="color:red;">
                                    [x]</a>
                            </div>
                            <pre></pre>
                            <pre style="color: red;">Traceback (most recent call last):
  File "C:\Users\KADOUN\AppData\Local\Programs\Python\Python38\lib\site-packages\urllib3\connection.py", line 159, in _new_conn
    conn = connection.create_connection(
  File "C:\Users\KADOUN\AppData\Local\Programs\Python\Python38\lib\site-packages\urllib3\util\connection.py", line 84, in create_connection
    raise err
  File "C:\Users\KADOUN\AppData\Local\Programs\Python\Python38\lib\site-packages\urllib3\util\connection.py", line 74, in create_connection
    sock.connect(sa)
ConnectionRefusedError: [WinError 10061] No connection could be made because the target machine actively refused it

During handling of the above exception, another exception occurred:

Traceback (most recent call last):
  File "C:\Users\KADOUN\AppData\Local\Programs\Python\Python38\lib\site-packages\urllib3\connectionpool.py", line 670, in urlopen
    httplib_response = self._make_request(
  File "C:\Users\KADOUN\AppData\Local\Programs\Python\Python38\lib\site-packages\urllib3\connectionpool.py", line 392, in _make_request
    conn.request(method, url, **httplib_request_kw)
  File "C:\Users\KADOUN\AppData\Local\Programs\Python\Python38\lib\http\client.py", line 1255, in request
    self._send_request(method, url, body, headers, encode_chunked)
  File "C:\Users\KADOUN\AppData\Local\Programs\Python\Python38\lib\http\client.py", line 1301, in _send_request
    self.endheaders(body, encode_chunked=encode_chunked)
  File "C:\Users\KADOUN\AppData\Local\Programs\Python\Python38\lib\http\client.py", line 1250, in endheaders
    self._send_output(message_body, encode_chunked=encode_chunked)
  File "C:\Users\KADOUN\AppData\Local\Programs\Python\Python38\lib\http\client.py", line 1010, in _send_output
    self.send(msg)
  File "C:\Users\KADOUN\AppData\Local\Programs\Python\Python38\lib\http\client.py", line 950, in send
    self.connect()
  File "C:\Users\KADOUN\AppData\Local\Programs\Python\Python38\lib\site-packages\urllib3\connection.py", line 187, in connect
    conn = self._new_conn()
  File "C:\Users\KADOUN\AppData\Local\Programs\Python\Python38\lib\site-packages\urllib3\connection.py", line 171, in _new_conn
    raise NewConnectionError(
urllib3.exceptions.NewConnectionError: <urllib3.connection.HTTPConnection object at 0x000001EEE5D5D550>: Failed to establish a new connection: [WinError 10061] No connection could be made because the target machine actively refused it

During handling of the above exception, another exception occurred:

Traceback (most recent call last):
  File "C:\Users\KADOUN\Desktop\Automatization_Project_Master_QA\KTGHU_Automation_Local_Deploy_PyCharm\SDO_D.py", line 11, in tearDown
    tearDown(self)
  File "C:\Users\KADOUN\Desktop\Automatization_Project_Master_QA\KTGHU_Automation_Local_Deploy_PyCharm\to_import.py", line 77, in tearDown
    self.driver.execute_script(
  File "C:\Users\KADOUN\AppData\Local\Programs\Python\Python38\lib\site-packages\selenium\webdriver\remote\webdriver.py", line 634, in execute_script
    return self.execute(command, {
  File "C:\Users\KADOUN\AppData\Local\Programs\Python\Python38\lib\site-packages\selenium\webdriver\remote\webdriver.py", line 319, in execute
    response = self.command_executor.execute(driver_command, params)
  File "C:\Users\KADOUN\AppData\Local\Programs\Python\Python38\lib\site-packages\selenium\webdriver\remote\remote_connection.py", line 374, in execute
    return self._request(command_info[0], url, body=data)
  File "C:\Users\KADOUN\AppData\Local\Programs\Python\Python38\lib\site-packages\selenium\webdriver\remote\remote_connection.py", line 397, in _request
    resp = self._conn.request(method, url, body=body, headers=headers)
  File "C:\Users\KADOUN\AppData\Local\Programs\Python\Python38\lib\site-packages\urllib3\request.py", line 79, in request
    return self.request_encode_body(
  File "C:\Users\KADOUN\AppData\Local\Programs\Python\Python38\lib\site-packages\urllib3\request.py", line 171, in request_encode_body
    return self.urlopen(method, url, **extra_kw)
  File "C:\Users\KADOUN\AppData\Local\Programs\Python\Python38\lib\site-packages\urllib3\poolmanager.py", line 336, in urlopen
    response = conn.urlopen(method, u.request_uri, **kw)
  File "C:\Users\KADOUN\AppData\Local\Programs\Python\Python38\lib\site-packages\urllib3\connectionpool.py", line 754, in urlopen
    return self.urlopen(
  File "C:\Users\KADOUN\AppData\Local\Programs\Python\Python38\lib\site-packages\urllib3\connectionpool.py", line 754, in urlopen
    return self.urlopen(
  File "C:\Users\KADOUN\AppData\Local\Programs\Python\Python38\lib\site-packages\urllib3\connectionpool.py", line 754, in urlopen
    return self.urlopen(
  File "C:\Users\KADOUN\AppData\Local\Programs\Python\Python38\lib\site-packages\urllib3\connectionpool.py", line 726, in urlopen
    retries = retries.increment(
  File "C:\Users\KADOUN\AppData\Local\Programs\Python\Python38\lib\site-packages\urllib3\util\retry.py", line 439, in increment
    raise MaxRetryError(_pool, url, error or ResponseError(cause))
urllib3.exceptions.MaxRetryError: HTTPConnectionPool(host='127.0.0.1', port=58897): Max retries exceeded with url: /session/0c72a8132f43d9ad6b378759a9cf62a2/execute/sync (Caused by NewConnectionError('<urllib3.connection.HTTPConnection object at 0x000001EEE5D5D550>: Failed to establish a new connection: [WinError 10061] No connection could be made because the target machine actively refused it'))
</pre>
                        </div>
                        <!--css div popup end-->
                    </div>
                </td>
            </tr>
            
        
        <tr class='errorClass' style="font-weight:bold;color:white;">
            <td><a href="javascript:showClassDetail('c9','10')">KTGHU_Automation_Local_Deploy_PyCharm.SRL_C.Test_SRL_C</a></td>
            <td>10</td>
            <td>0</td>
            <td>0</td>
            <td>10</td>
            <td>
                <button><a href="javascript:showClassDetail('c9','10')"
                           style="color:#660066;">Detail</a></button>
            </td>
        </tr>
            
            <tr id="ft9.1" class='none'>
                <td class='errorCase'>
                    <div class='testcase'>
                        <a class="popup_link" onfocus='this.blur();'
                           href="javascript:showTestDetail('div_ft9.1')">test_SRL_sort_cheapest</a>
                    </div>
                </td>
                <td colspan='5' align='center'>
                    <div>
                        <!--css div popup start-->
                        <button>
                            <a class="popup_link" onfocus='this.blur();'
                               href="javascript:showTestDetail('div_ft9.1')" style="color:#660066;">
                                ERROR
                            </a></button>
                        <div id='div_ft9.1' class="popup_window">
                            <div style='text-align: right; color:red;cursor:pointer'>
                                <a onfocus='this.blur();'
                                   onclick="document.getElementById('div_ft9.1').style.display = 'none'; "
                                   style="color:red;">
                                    [x]</a>
                            </div>
                            <pre>2023-03-02 13:32:07.763715 : 
                             
                             
2023-03-02 13:32:07.763715 : ====== WebDriver manager ======
                             
2023-03-02 13:32:07.806600 : Current google-chrome version is 110.0.5481
                             
2023-03-02 13:32:07.806600 : Get LATEST chromedriver version for 110.0.5481 google-chrome
                             
2023-03-02 13:32:07.892372 : Driver [C:\Users\KADOUN\.wdm\drivers\chromedriver\win32\110.0.5481.77\chromedriver.exe] found in cache
                             
2023-03-02 13:32:15.550672 : <selenium.webdriver.remote.webelement.WebElement (session="73f45ebf5083a262eb297e42e6938386", element="fbafc1a2-b603-4fc2-9c6f-2ef6b0cca6a0")>
2023-03-02 13:32:45.208208 : https://kartagohu.web2.dtweb.cz/keresesi-eredmenyek?ac1=2&d=63252|63447&dd=2023-06-01&nn=7|8|9&rd=2023-07-31&to=489|4371&tt=1
</pre>
                            <pre style="color: red;">Traceback (most recent call last):
  File "C:\Users\KADOUN\Desktop\Automatization_Project_Master_QA\KTGHU_Automation_Local_Deploy_PyCharm\SRL_C.py", line 33, in test_SRL_sort_cheapest
    generalized_SRL_price_sorter(self.driver, sorterCheapXpath, hotelyKartyXpath, cenaZajezduXpath, typeOfSort)
  File "C:\Users\KADOUN\Desktop\Automatization_Project_Master_QA\generalized_test_functions.py", line 181, in generalized_SRL_price_sorter
    sorter_Element = driver.find_element_by_xpath(sorter_Xpath)
  File "C:\Users\KADOUN\AppData\Local\Programs\Python\Python38\lib\site-packages\selenium\webdriver\remote\webdriver.py", line 394, in find_element_by_xpath
    return self.find_element(by=By.XPATH, value=xpath)
  File "C:\Users\KADOUN\AppData\Local\Programs\Python\Python38\lib\site-packages\selenium\webdriver\remote\webdriver.py", line 976, in find_element
    return self.execute(Command.FIND_ELEMENT, {
  File "C:\Users\KADOUN\AppData\Local\Programs\Python\Python38\lib\site-packages\selenium\webdriver\remote\webdriver.py", line 321, in execute
    self.error_handler.check_response(response)
  File "C:\Users\KADOUN\AppData\Local\Programs\Python\Python38\lib\site-packages\selenium\webdriver\remote\errorhandler.py", line 242, in check_response
    raise exception_class(message, screen, stacktrace)
selenium.common.exceptions.NoSuchElementException: Message: no such element: Unable to locate element: {"method":"xpath","selector":"//*[@class='f_tabBar-text' and contains(text(), 'Rendezés - a legolcsóbb elöl')]"}
  (Session info: chrome=110.0.5481.178)

</pre>
                        </div>
                        <!--css div popup end-->
                    </div>
                </td>
            </tr>
            
            <tr id="ft9.2" class='none'>
                <td class='errorCase'>
                    <div class='testcase'>
                        <a class="popup_link" onfocus='this.blur();'
                           href="javascript:showTestDetail('div_ft9.2')">test_SRL_sort_cheapest</a>
                    </div>
                </td>
                <td colspan='5' align='center'>
                    <div>
                        <!--css div popup start-->
                        <button>
                            <a class="popup_link" onfocus='this.blur();'
                               href="javascript:showTestDetail('div_ft9.2')" style="color:#660066;">
                                ERROR
                            </a></button>
                        <div id='div_ft9.2' class="popup_window">
                            <div style='text-align: right; color:red;cursor:pointer'>
                                <a onfocus='this.blur();'
                                   onclick="document.getElementById('div_ft9.2').style.display = 'none'; "
                                   style="color:red;">
                                    [x]</a>
                            </div>
                            <pre></pre>
                            <pre style="color: red;">Traceback (most recent call last):
  File "C:\Users\KADOUN\AppData\Local\Programs\Python\Python38\lib\site-packages\urllib3\connection.py", line 159, in _new_conn
    conn = connection.create_connection(
  File "C:\Users\KADOUN\AppData\Local\Programs\Python\Python38\lib\site-packages\urllib3\util\connection.py", line 84, in create_connection
    raise err
  File "C:\Users\KADOUN\AppData\Local\Programs\Python\Python38\lib\site-packages\urllib3\util\connection.py", line 74, in create_connection
    sock.connect(sa)
ConnectionRefusedError: [WinError 10061] No connection could be made because the target machine actively refused it

During handling of the above exception, another exception occurred:

Traceback (most recent call last):
  File "C:\Users\KADOUN\AppData\Local\Programs\Python\Python38\lib\site-packages\urllib3\connectionpool.py", line 670, in urlopen
    httplib_response = self._make_request(
  File "C:\Users\KADOUN\AppData\Local\Programs\Python\Python38\lib\site-packages\urllib3\connectionpool.py", line 392, in _make_request
    conn.request(method, url, **httplib_request_kw)
  File "C:\Users\KADOUN\AppData\Local\Programs\Python\Python38\lib\http\client.py", line 1255, in request
    self._send_request(method, url, body, headers, encode_chunked)
  File "C:\Users\KADOUN\AppData\Local\Programs\Python\Python38\lib\http\client.py", line 1301, in _send_request
    self.endheaders(body, encode_chunked=encode_chunked)
  File "C:\Users\KADOUN\AppData\Local\Programs\Python\Python38\lib\http\client.py", line 1250, in endheaders
    self._send_output(message_body, encode_chunked=encode_chunked)
  File "C:\Users\KADOUN\AppData\Local\Programs\Python\Python38\lib\http\client.py", line 1010, in _send_output
    self.send(msg)
  File "C:\Users\KADOUN\AppData\Local\Programs\Python\Python38\lib\http\client.py", line 950, in send
    self.connect()
  File "C:\Users\KADOUN\AppData\Local\Programs\Python\Python38\lib\site-packages\urllib3\connection.py", line 187, in connect
    conn = self._new_conn()
  File "C:\Users\KADOUN\AppData\Local\Programs\Python\Python38\lib\site-packages\urllib3\connection.py", line 171, in _new_conn
    raise NewConnectionError(
urllib3.exceptions.NewConnectionError: <urllib3.connection.HTTPConnection object at 0x000001EEE5D55490>: Failed to establish a new connection: [WinError 10061] No connection could be made because the target machine actively refused it

During handling of the above exception, another exception occurred:

Traceback (most recent call last):
  File "C:\Users\KADOUN\Desktop\Automatization_Project_Master_QA\KTGHU_Automation_Local_Deploy_PyCharm\SRL_C.py", line 19, in tearDown
    tearDown(self)
  File "C:\Users\KADOUN\Desktop\Automatization_Project_Master_QA\KTGHU_Automation_Local_Deploy_PyCharm\to_import.py", line 77, in tearDown
    self.driver.execute_script(
  File "C:\Users\KADOUN\AppData\Local\Programs\Python\Python38\lib\site-packages\selenium\webdriver\remote\webdriver.py", line 634, in execute_script
    return self.execute(command, {
  File "C:\Users\KADOUN\AppData\Local\Programs\Python\Python38\lib\site-packages\selenium\webdriver\remote\webdriver.py", line 319, in execute
    response = self.command_executor.execute(driver_command, params)
  File "C:\Users\KADOUN\AppData\Local\Programs\Python\Python38\lib\site-packages\selenium\webdriver\remote\remote_connection.py", line 374, in execute
    return self._request(command_info[0], url, body=data)
  File "C:\Users\KADOUN\AppData\Local\Programs\Python\Python38\lib\site-packages\selenium\webdriver\remote\remote_connection.py", line 397, in _request
    resp = self._conn.request(method, url, body=body, headers=headers)
  File "C:\Users\KADOUN\AppData\Local\Programs\Python\Python38\lib\site-packages\urllib3\request.py", line 79, in request
    return self.request_encode_body(
  File "C:\Users\KADOUN\AppData\Local\Programs\Python\Python38\lib\site-packages\urllib3\request.py", line 171, in request_encode_body
    return self.urlopen(method, url, **extra_kw)
  File "C:\Users\KADOUN\AppData\Local\Programs\Python\Python38\lib\site-packages\urllib3\poolmanager.py", line 336, in urlopen
    response = conn.urlopen(method, u.request_uri, **kw)
  File "C:\Users\KADOUN\AppData\Local\Programs\Python\Python38\lib\site-packages\urllib3\connectionpool.py", line 754, in urlopen
    return self.urlopen(
  File "C:\Users\KADOUN\AppData\Local\Programs\Python\Python38\lib\site-packages\urllib3\connectionpool.py", line 754, in urlopen
    return self.urlopen(
  File "C:\Users\KADOUN\AppData\Local\Programs\Python\Python38\lib\site-packages\urllib3\connectionpool.py", line 754, in urlopen
    return self.urlopen(
  File "C:\Users\KADOUN\AppData\Local\Programs\Python\Python38\lib\site-packages\urllib3\connectionpool.py", line 726, in urlopen
    retries = retries.increment(
  File "C:\Users\KADOUN\AppData\Local\Programs\Python\Python38\lib\site-packages\urllib3\util\retry.py", line 439, in increment
    raise MaxRetryError(_pool, url, error or ResponseError(cause))
urllib3.exceptions.MaxRetryError: HTTPConnectionPool(host='127.0.0.1', port=59245): Max retries exceeded with url: /session/73f45ebf5083a262eb297e42e6938386/execute/sync (Caused by NewConnectionError('<urllib3.connection.HTTPConnection object at 0x000001EEE5D55490>: Failed to establish a new connection: [WinError 10061] No connection could be made because the target machine actively refused it'))
</pre>
                        </div>
                        <!--css div popup end-->
                    </div>
                </td>
            </tr>
            
            <tr id="ft9.3" class='none'>
                <td class='errorCase'>
                    <div class='testcase'>
                        <a class="popup_link" onfocus='this.blur();'
                           href="javascript:showTestDetail('div_ft9.3')">test_SRL_sort_expensive</a>
                    </div>
                </td>
                <td colspan='5' align='center'>
                    <div>
                        <!--css div popup start-->
                        <button>
                            <a class="popup_link" onfocus='this.blur();'
                               href="javascript:showTestDetail('div_ft9.3')" style="color:#660066;">
                                ERROR
                            </a></button>
                        <div id='div_ft9.3' class="popup_window">
                            <div style='text-align: right; color:red;cursor:pointer'>
                                <a onfocus='this.blur();'
                                   onclick="document.getElementById('div_ft9.3').style.display = 'none'; "
                                   style="color:red;">
                                    [x]</a>
                            </div>
                            <pre>2023-03-02 13:32:55.520165 : 
                             
                             
2023-03-02 13:32:55.520165 : ====== WebDriver manager ======
                             
2023-03-02 13:32:55.775344 : Current google-chrome version is 110.0.5481
                             
2023-03-02 13:32:55.776341 : Get LATEST chromedriver version for 110.0.5481 google-chrome
                             
2023-03-02 13:32:55.859120 : Driver [C:\Users\KADOUN\.wdm\drivers\chromedriver\win32\110.0.5481.77\chromedriver.exe] found in cache
                             
2023-03-02 13:33:03.501103 : <selenium.webdriver.remote.webelement.WebElement (session="b1933678d364a27a28bcb5e406f22dcd", element="585b9ea3-4ceb-4e53-917e-e7ccca25db7f")>
2023-03-02 13:33:35.654880 : https://kartagohu.web2.dtweb.cz/keresesi-eredmenyek?ac1=2&d=63252|63447&dd=2023-06-01&nn=7|8|9&rd=2023-07-31&to=489|4371&tt=1
</pre>
                            <pre style="color: red;">Traceback (most recent call last):
  File "C:\Users\KADOUN\Desktop\Automatization_Project_Master_QA\KTGHU_Automation_Local_Deploy_PyCharm\SRL_C.py", line 48, in test_SRL_sort_expensive
    generalized_SRL_price_sorter(self.driver, sorterExpensiveXpath, hotelyKartyXpath, cenaZajezduXpath, typeOfSort)
  File "C:\Users\KADOUN\Desktop\Automatization_Project_Master_QA\generalized_test_functions.py", line 181, in generalized_SRL_price_sorter
    sorter_Element = driver.find_element_by_xpath(sorter_Xpath)
  File "C:\Users\KADOUN\AppData\Local\Programs\Python\Python38\lib\site-packages\selenium\webdriver\remote\webdriver.py", line 394, in find_element_by_xpath
    return self.find_element(by=By.XPATH, value=xpath)
  File "C:\Users\KADOUN\AppData\Local\Programs\Python\Python38\lib\site-packages\selenium\webdriver\remote\webdriver.py", line 976, in find_element
    return self.execute(Command.FIND_ELEMENT, {
  File "C:\Users\KADOUN\AppData\Local\Programs\Python\Python38\lib\site-packages\selenium\webdriver\remote\webdriver.py", line 321, in execute
    self.error_handler.check_response(response)
  File "C:\Users\KADOUN\AppData\Local\Programs\Python\Python38\lib\site-packages\selenium\webdriver\remote\errorhandler.py", line 242, in check_response
    raise exception_class(message, screen, stacktrace)
selenium.common.exceptions.NoSuchElementException: Message: no such element: Unable to locate element: {"method":"xpath","selector":"//*[@class='f_tabBar-text' and contains(text(), 'Rendezés - a legdrágább elöl')]"}
  (Session info: chrome=110.0.5481.178)

</pre>
                        </div>
                        <!--css div popup end-->
                    </div>
                </td>
            </tr>
            
            <tr id="ft9.4" class='none'>
                <td class='errorCase'>
                    <div class='testcase'>
                        <a class="popup_link" onfocus='this.blur();'
                           href="javascript:showTestDetail('div_ft9.4')">test_SRL_sort_expensive</a>
                    </div>
                </td>
                <td colspan='5' align='center'>
                    <div>
                        <!--css div popup start-->
                        <button>
                            <a class="popup_link" onfocus='this.blur();'
                               href="javascript:showTestDetail('div_ft9.4')" style="color:#660066;">
                                ERROR
                            </a></button>
                        <div id='div_ft9.4' class="popup_window">
                            <div style='text-align: right; color:red;cursor:pointer'>
                                <a onfocus='this.blur();'
                                   onclick="document.getElementById('div_ft9.4').style.display = 'none'; "
                                   style="color:red;">
                                    [x]</a>
                            </div>
                            <pre></pre>
                            <pre style="color: red;">Traceback (most recent call last):
  File "C:\Users\KADOUN\AppData\Local\Programs\Python\Python38\lib\site-packages\urllib3\connection.py", line 159, in _new_conn
    conn = connection.create_connection(
  File "C:\Users\KADOUN\AppData\Local\Programs\Python\Python38\lib\site-packages\urllib3\util\connection.py", line 84, in create_connection
    raise err
  File "C:\Users\KADOUN\AppData\Local\Programs\Python\Python38\lib\site-packages\urllib3\util\connection.py", line 74, in create_connection
    sock.connect(sa)
ConnectionRefusedError: [WinError 10061] No connection could be made because the target machine actively refused it

During handling of the above exception, another exception occurred:

Traceback (most recent call last):
  File "C:\Users\KADOUN\AppData\Local\Programs\Python\Python38\lib\site-packages\urllib3\connectionpool.py", line 670, in urlopen
    httplib_response = self._make_request(
  File "C:\Users\KADOUN\AppData\Local\Programs\Python\Python38\lib\site-packages\urllib3\connectionpool.py", line 392, in _make_request
    conn.request(method, url, **httplib_request_kw)
  File "C:\Users\KADOUN\AppData\Local\Programs\Python\Python38\lib\http\client.py", line 1255, in request
    self._send_request(method, url, body, headers, encode_chunked)
  File "C:\Users\KADOUN\AppData\Local\Programs\Python\Python38\lib\http\client.py", line 1301, in _send_request
    self.endheaders(body, encode_chunked=encode_chunked)
  File "C:\Users\KADOUN\AppData\Local\Programs\Python\Python38\lib\http\client.py", line 1250, in endheaders
    self._send_output(message_body, encode_chunked=encode_chunked)
  File "C:\Users\KADOUN\AppData\Local\Programs\Python\Python38\lib\http\client.py", line 1010, in _send_output
    self.send(msg)
  File "C:\Users\KADOUN\AppData\Local\Programs\Python\Python38\lib\http\client.py", line 950, in send
    self.connect()
  File "C:\Users\KADOUN\AppData\Local\Programs\Python\Python38\lib\site-packages\urllib3\connection.py", line 187, in connect
    conn = self._new_conn()
  File "C:\Users\KADOUN\AppData\Local\Programs\Python\Python38\lib\site-packages\urllib3\connection.py", line 171, in _new_conn
    raise NewConnectionError(
urllib3.exceptions.NewConnectionError: <urllib3.connection.HTTPConnection object at 0x000001EEE5D5D9A0>: Failed to establish a new connection: [WinError 10061] No connection could be made because the target machine actively refused it

During handling of the above exception, another exception occurred:

Traceback (most recent call last):
  File "C:\Users\KADOUN\Desktop\Automatization_Project_Master_QA\KTGHU_Automation_Local_Deploy_PyCharm\SRL_C.py", line 19, in tearDown
    tearDown(self)
  File "C:\Users\KADOUN\Desktop\Automatization_Project_Master_QA\KTGHU_Automation_Local_Deploy_PyCharm\to_import.py", line 77, in tearDown
    self.driver.execute_script(
  File "C:\Users\KADOUN\AppData\Local\Programs\Python\Python38\lib\site-packages\selenium\webdriver\remote\webdriver.py", line 634, in execute_script
    return self.execute(command, {
  File "C:\Users\KADOUN\AppData\Local\Programs\Python\Python38\lib\site-packages\selenium\webdriver\remote\webdriver.py", line 319, in execute
    response = self.command_executor.execute(driver_command, params)
  File "C:\Users\KADOUN\AppData\Local\Programs\Python\Python38\lib\site-packages\selenium\webdriver\remote\remote_connection.py", line 374, in execute
    return self._request(command_info[0], url, body=data)
  File "C:\Users\KADOUN\AppData\Local\Programs\Python\Python38\lib\site-packages\selenium\webdriver\remote\remote_connection.py", line 397, in _request
    resp = self._conn.request(method, url, body=body, headers=headers)
  File "C:\Users\KADOUN\AppData\Local\Programs\Python\Python38\lib\site-packages\urllib3\request.py", line 79, in request
    return self.request_encode_body(
  File "C:\Users\KADOUN\AppData\Local\Programs\Python\Python38\lib\site-packages\urllib3\request.py", line 171, in request_encode_body
    return self.urlopen(method, url, **extra_kw)
  File "C:\Users\KADOUN\AppData\Local\Programs\Python\Python38\lib\site-packages\urllib3\poolmanager.py", line 336, in urlopen
    response = conn.urlopen(method, u.request_uri, **kw)
  File "C:\Users\KADOUN\AppData\Local\Programs\Python\Python38\lib\site-packages\urllib3\connectionpool.py", line 754, in urlopen
    return self.urlopen(
  File "C:\Users\KADOUN\AppData\Local\Programs\Python\Python38\lib\site-packages\urllib3\connectionpool.py", line 754, in urlopen
    return self.urlopen(
  File "C:\Users\KADOUN\AppData\Local\Programs\Python\Python38\lib\site-packages\urllib3\connectionpool.py", line 754, in urlopen
    return self.urlopen(
  File "C:\Users\KADOUN\AppData\Local\Programs\Python\Python38\lib\site-packages\urllib3\connectionpool.py", line 726, in urlopen
    retries = retries.increment(
  File "C:\Users\KADOUN\AppData\Local\Programs\Python\Python38\lib\site-packages\urllib3\util\retry.py", line 439, in increment
    raise MaxRetryError(_pool, url, error or ResponseError(cause))
urllib3.exceptions.MaxRetryError: HTTPConnectionPool(host='127.0.0.1', port=59533): Max retries exceeded with url: /session/b1933678d364a27a28bcb5e406f22dcd/execute/sync (Caused by NewConnectionError('<urllib3.connection.HTTPConnection object at 0x000001EEE5D5D9A0>: Failed to establish a new connection: [WinError 10061] No connection could be made because the target machine actively refused it'))
</pre>
                        </div>
                        <!--css div popup end-->
                    </div>
                </td>
            </tr>
            
            <tr id="ft9.5" class='none'>
                <td class='errorCase'>
                    <div class='testcase'>
                        <a class="popup_link" onfocus='this.blur();'
                           href="javascript:showTestDetail('div_ft9.5')">test_SRL_map</a>
                    </div>
                </td>
                <td colspan='5' align='center'>
                    <div>
                        <!--css div popup start-->
                        <button>
                            <a class="popup_link" onfocus='this.blur();'
                               href="javascript:showTestDetail('div_ft9.5')" style="color:#660066;">
                                ERROR
                            </a></button>
                        <div id='div_ft9.5' class="popup_window">
                            <div style='text-align: right; color:red;cursor:pointer'>
                                <a onfocus='this.blur();'
                                   onclick="document.getElementById('div_ft9.5').style.display = 'none'; "
                                   style="color:red;">
                                    [x]</a>
                            </div>
                            <pre>2023-03-02 13:33:45.963642 : 
                             
                             
2023-03-02 13:33:45.963642 : ====== WebDriver manager ======
                             
2023-03-02 13:33:45.994505 : Current google-chrome version is 110.0.5481
                             
2023-03-02 13:33:45.995503 : Get LATEST chromedriver version for 110.0.5481 google-chrome
                             
2023-03-02 13:33:46.078220 : Driver [C:\Users\KADOUN\.wdm\drivers\chromedriver\win32\110.0.5481.77\chromedriver.exe] found in cache
                             
2023-03-02 13:33:51.935826 : <selenium.webdriver.remote.webelement.WebElement (session="034fe1bfa0066d1e76b30fb329584236", element="ab498f72-da92-4fbc-911c-175b0e15f5fe")>
2023-03-02 13:34:19.074586 : https://kartagohu.web2.dtweb.cz/keresesi-eredmenyek?ac1=2&d=63252|63447&dd=2023-06-01&nn=7|8|9&rd=2023-07-31&to=489|4371&tt=1
</pre>
                            <pre style="color: red;">Traceback (most recent call last):
  File "C:\Users\KADOUN\Desktop\Automatization_Project_Master_QA\KTGHU_Automation_Local_Deploy_PyCharm\SRL_C.py", line 61, in test_SRL_map
    generalized_map_test_click_through_circles(driver, zobrazitNaMapeXpath)
  File "C:\Users\KADOUN\Desktop\Automatization_Project_Master_QA\generalized_test_functions.py", line 66, in generalized_map_test_click_through_circles
    zobrazitNaMape = driver.find_element_by_xpath(zobrazitNaMapeXpath)
  File "C:\Users\KADOUN\AppData\Local\Programs\Python\Python38\lib\site-packages\selenium\webdriver\remote\webdriver.py", line 394, in find_element_by_xpath
    return self.find_element(by=By.XPATH, value=xpath)
  File "C:\Users\KADOUN\AppData\Local\Programs\Python\Python38\lib\site-packages\selenium\webdriver\remote\webdriver.py", line 976, in find_element
    return self.execute(Command.FIND_ELEMENT, {
  File "C:\Users\KADOUN\AppData\Local\Programs\Python\Python38\lib\site-packages\selenium\webdriver\remote\webdriver.py", line 321, in execute
    self.error_handler.check_response(response)
  File "C:\Users\KADOUN\AppData\Local\Programs\Python\Python38\lib\site-packages\selenium\webdriver\remote\errorhandler.py", line 242, in check_response
    raise exception_class(message, screen, stacktrace)
selenium.common.exceptions.NoSuchElementException: Message: no such element: Unable to locate element: {"method":"xpath","selector":"//*[@class='f_bar-item f_bar-map']"}
  (Session info: chrome=110.0.5481.178)

</pre>
                        </div>
                        <!--css div popup end-->
                    </div>
                </td>
            </tr>
            
            <tr id="ft9.6" class='none'>
                <td class='errorCase'>
                    <div class='testcase'>
                        <a class="popup_link" onfocus='this.blur();'
                           href="javascript:showTestDetail('div_ft9.6')">test_SRL_map</a>
                    </div>
                </td>
                <td colspan='5' align='center'>
                    <div>
                        <!--css div popup start-->
                        <button>
                            <a class="popup_link" onfocus='this.blur();'
                               href="javascript:showTestDetail('div_ft9.6')" style="color:#660066;">
                                ERROR
                            </a></button>
                        <div id='div_ft9.6' class="popup_window">
                            <div style='text-align: right; color:red;cursor:pointer'>
                                <a onfocus='this.blur();'
                                   onclick="document.getElementById('div_ft9.6').style.display = 'none'; "
                                   style="color:red;">
                                    [x]</a>
                            </div>
                            <pre></pre>
                            <pre style="color: red;">Traceback (most recent call last):
  File "C:\Users\KADOUN\AppData\Local\Programs\Python\Python38\lib\site-packages\urllib3\connection.py", line 159, in _new_conn
    conn = connection.create_connection(
  File "C:\Users\KADOUN\AppData\Local\Programs\Python\Python38\lib\site-packages\urllib3\util\connection.py", line 84, in create_connection
    raise err
  File "C:\Users\KADOUN\AppData\Local\Programs\Python\Python38\lib\site-packages\urllib3\util\connection.py", line 74, in create_connection
    sock.connect(sa)
ConnectionRefusedError: [WinError 10061] No connection could be made because the target machine actively refused it

During handling of the above exception, another exception occurred:

Traceback (most recent call last):
  File "C:\Users\KADOUN\AppData\Local\Programs\Python\Python38\lib\site-packages\urllib3\connectionpool.py", line 670, in urlopen
    httplib_response = self._make_request(
  File "C:\Users\KADOUN\AppData\Local\Programs\Python\Python38\lib\site-packages\urllib3\connectionpool.py", line 392, in _make_request
    conn.request(method, url, **httplib_request_kw)
  File "C:\Users\KADOUN\AppData\Local\Programs\Python\Python38\lib\http\client.py", line 1255, in request
    self._send_request(method, url, body, headers, encode_chunked)
  File "C:\Users\KADOUN\AppData\Local\Programs\Python\Python38\lib\http\client.py", line 1301, in _send_request
    self.endheaders(body, encode_chunked=encode_chunked)
  File "C:\Users\KADOUN\AppData\Local\Programs\Python\Python38\lib\http\client.py", line 1250, in endheaders
    self._send_output(message_body, encode_chunked=encode_chunked)
  File "C:\Users\KADOUN\AppData\Local\Programs\Python\Python38\lib\http\client.py", line 1010, in _send_output
    self.send(msg)
  File "C:\Users\KADOUN\AppData\Local\Programs\Python\Python38\lib\http\client.py", line 950, in send
    self.connect()
  File "C:\Users\KADOUN\AppData\Local\Programs\Python\Python38\lib\site-packages\urllib3\connection.py", line 187, in connect
    conn = self._new_conn()
  File "C:\Users\KADOUN\AppData\Local\Programs\Python\Python38\lib\site-packages\urllib3\connection.py", line 171, in _new_conn
    raise NewConnectionError(
urllib3.exceptions.NewConnectionError: <urllib3.connection.HTTPConnection object at 0x000001EEE5D5D490>: Failed to establish a new connection: [WinError 10061] No connection could be made because the target machine actively refused it

During handling of the above exception, another exception occurred:

Traceback (most recent call last):
  File "C:\Users\KADOUN\Desktop\Automatization_Project_Master_QA\KTGHU_Automation_Local_Deploy_PyCharm\SRL_C.py", line 19, in tearDown
    tearDown(self)
  File "C:\Users\KADOUN\Desktop\Automatization_Project_Master_QA\KTGHU_Automation_Local_Deploy_PyCharm\to_import.py", line 77, in tearDown
    self.driver.execute_script(
  File "C:\Users\KADOUN\AppData\Local\Programs\Python\Python38\lib\site-packages\selenium\webdriver\remote\webdriver.py", line 634, in execute_script
    return self.execute(command, {
  File "C:\Users\KADOUN\AppData\Local\Programs\Python\Python38\lib\site-packages\selenium\webdriver\remote\webdriver.py", line 319, in execute
    response = self.command_executor.execute(driver_command, params)
  File "C:\Users\KADOUN\AppData\Local\Programs\Python\Python38\lib\site-packages\selenium\webdriver\remote\remote_connection.py", line 374, in execute
    return self._request(command_info[0], url, body=data)
  File "C:\Users\KADOUN\AppData\Local\Programs\Python\Python38\lib\site-packages\selenium\webdriver\remote\remote_connection.py", line 397, in _request
    resp = self._conn.request(method, url, body=body, headers=headers)
  File "C:\Users\KADOUN\AppData\Local\Programs\Python\Python38\lib\site-packages\urllib3\request.py", line 79, in request
    return self.request_encode_body(
  File "C:\Users\KADOUN\AppData\Local\Programs\Python\Python38\lib\site-packages\urllib3\request.py", line 171, in request_encode_body
    return self.urlopen(method, url, **extra_kw)
  File "C:\Users\KADOUN\AppData\Local\Programs\Python\Python38\lib\site-packages\urllib3\poolmanager.py", line 336, in urlopen
    response = conn.urlopen(method, u.request_uri, **kw)
  File "C:\Users\KADOUN\AppData\Local\Programs\Python\Python38\lib\site-packages\urllib3\connectionpool.py", line 754, in urlopen
    return self.urlopen(
  File "C:\Users\KADOUN\AppData\Local\Programs\Python\Python38\lib\site-packages\urllib3\connectionpool.py", line 754, in urlopen
    return self.urlopen(
  File "C:\Users\KADOUN\AppData\Local\Programs\Python\Python38\lib\site-packages\urllib3\connectionpool.py", line 754, in urlopen
    return self.urlopen(
  File "C:\Users\KADOUN\AppData\Local\Programs\Python\Python38\lib\site-packages\urllib3\connectionpool.py", line 726, in urlopen
    retries = retries.increment(
  File "C:\Users\KADOUN\AppData\Local\Programs\Python\Python38\lib\site-packages\urllib3\util\retry.py", line 439, in increment
    raise MaxRetryError(_pool, url, error or ResponseError(cause))
urllib3.exceptions.MaxRetryError: HTTPConnectionPool(host='127.0.0.1', port=59701): Max retries exceeded with url: /session/034fe1bfa0066d1e76b30fb329584236/execute/sync (Caused by NewConnectionError('<urllib3.connection.HTTPConnection object at 0x000001EEE5D5D490>: Failed to establish a new connection: [WinError 10061] No connection could be made because the target machine actively refused it'))
</pre>
                        </div>
                        <!--css div popup end-->
                    </div>
                </td>
            </tr>
            
            <tr id="ft9.7" class='none'>
                <td class='errorCase'>
                    <div class='testcase'>
                        <a class="popup_link" onfocus='this.blur();'
                           href="javascript:showTestDetail('div_ft9.7')">test_SRL_filtr_strava</a>
                    </div>
                </td>
                <td colspan='5' align='center'>
                    <div>
                        <!--css div popup start-->
                        <button>
                            <a class="popup_link" onfocus='this.blur();'
                               href="javascript:showTestDetail('div_ft9.7')" style="color:#660066;">
                                ERROR
                            </a></button>
                        <div id='div_ft9.7' class="popup_window">
                            <div style='text-align: right; color:red;cursor:pointer'>
                                <a onfocus='this.blur();'
                                   onclick="document.getElementById('div_ft9.7').style.display = 'none'; "
                                   style="color:red;">
                                    [x]</a>
                            </div>
                            <pre>2023-03-02 13:34:29.341492 : 
                             
                             
2023-03-02 13:34:29.341492 : ====== WebDriver manager ======
                             
2023-03-02 13:34:29.380365 : Current google-chrome version is 110.0.5481
                             
2023-03-02 13:34:29.380365 : Get LATEST chromedriver version for 110.0.5481 google-chrome
                             
2023-03-02 13:34:29.500954 : Driver [C:\Users\KADOUN\.wdm\drivers\chromedriver\win32\110.0.5481.77\chromedriver.exe] found in cache
                             
2023-03-02 13:34:37.081642 : <selenium.webdriver.remote.webelement.WebElement (session="97b7532ea5e87e22ad91cf09dca6559e", element="fd4c39e1-eab6-4a33-a53d-443dfae85b90")>
2023-03-02 13:35:04.251601 : https://kartagohu.web2.dtweb.cz/keresesi-eredmenyek?ac1=2&d=63252|63447&dd=2023-06-01&nn=7|8|9&rd=2023-07-31&to=489|4371&tt=1
</pre>
                            <pre style="color: red;">Traceback (most recent call last):
  File "C:\Users\KADOUN\Desktop\Automatization_Project_Master_QA\KTGHU_Automation_Local_Deploy_PyCharm\SRL_C.py", line 85, in test_SRL_filtr_strava
    generalized_SRL_choose_meal_filter_EW_like(driver, stravaMenuXpath)
  File "C:\Users\KADOUN\Desktop\Automatization_Project_Master_QA\generalized_test_functions.py", line 106, in generalized_SRL_choose_meal_filter_EW_like
    stravaMenu = driver.find_element_by_xpath(stravaMenuXpath)
  File "C:\Users\KADOUN\AppData\Local\Programs\Python\Python38\lib\site-packages\selenium\webdriver\remote\webdriver.py", line 394, in find_element_by_xpath
    return self.find_element(by=By.XPATH, value=xpath)
  File "C:\Users\KADOUN\AppData\Local\Programs\Python\Python38\lib\site-packages\selenium\webdriver\remote\webdriver.py", line 976, in find_element
    return self.execute(Command.FIND_ELEMENT, {
  File "C:\Users\KADOUN\AppData\Local\Programs\Python\Python38\lib\site-packages\selenium\webdriver\remote\webdriver.py", line 321, in execute
    self.error_handler.check_response(response)
  File "C:\Users\KADOUN\AppData\Local\Programs\Python\Python38\lib\site-packages\selenium\webdriver\remote\errorhandler.py", line 242, in check_response
    raise exception_class(message, screen, stacktrace)
selenium.common.exceptions.NoSuchElementException: Message: no such element: Unable to locate element: {"method":"xpath","selector":"//*[@class='f_input-label']//*[contains(text(), 'All Inclusive')]"}
  (Session info: chrome=110.0.5481.178)

</pre>
                        </div>
                        <!--css div popup end-->
                    </div>
                </td>
            </tr>
            
            <tr id="ft9.8" class='none'>
                <td class='errorCase'>
                    <div class='testcase'>
                        <a class="popup_link" onfocus='this.blur();'
                           href="javascript:showTestDetail('div_ft9.8')">test_SRL_filtr_strava</a>
                    </div>
                </td>
                <td colspan='5' align='center'>
                    <div>
                        <!--css div popup start-->
                        <button>
                            <a class="popup_link" onfocus='this.blur();'
                               href="javascript:showTestDetail('div_ft9.8')" style="color:#660066;">
                                ERROR
                            </a></button>
                        <div id='div_ft9.8' class="popup_window">
                            <div style='text-align: right; color:red;cursor:pointer'>
                                <a onfocus='this.blur();'
                                   onclick="document.getElementById('div_ft9.8').style.display = 'none'; "
                                   style="color:red;">
                                    [x]</a>
                            </div>
                            <pre></pre>
                            <pre style="color: red;">Traceback (most recent call last):
  File "C:\Users\KADOUN\AppData\Local\Programs\Python\Python38\lib\site-packages\urllib3\connection.py", line 159, in _new_conn
    conn = connection.create_connection(
  File "C:\Users\KADOUN\AppData\Local\Programs\Python\Python38\lib\site-packages\urllib3\util\connection.py", line 84, in create_connection
    raise err
  File "C:\Users\KADOUN\AppData\Local\Programs\Python\Python38\lib\site-packages\urllib3\util\connection.py", line 74, in create_connection
    sock.connect(sa)
ConnectionRefusedError: [WinError 10061] No connection could be made because the target machine actively refused it

During handling of the above exception, another exception occurred:

Traceback (most recent call last):
  File "C:\Users\KADOUN\AppData\Local\Programs\Python\Python38\lib\site-packages\urllib3\connectionpool.py", line 670, in urlopen
    httplib_response = self._make_request(
  File "C:\Users\KADOUN\AppData\Local\Programs\Python\Python38\lib\site-packages\urllib3\connectionpool.py", line 392, in _make_request
    conn.request(method, url, **httplib_request_kw)
  File "C:\Users\KADOUN\AppData\Local\Programs\Python\Python38\lib\http\client.py", line 1255, in request
    self._send_request(method, url, body, headers, encode_chunked)
  File "C:\Users\KADOUN\AppData\Local\Programs\Python\Python38\lib\http\client.py", line 1301, in _send_request
    self.endheaders(body, encode_chunked=encode_chunked)
  File "C:\Users\KADOUN\AppData\Local\Programs\Python\Python38\lib\http\client.py", line 1250, in endheaders
    self._send_output(message_body, encode_chunked=encode_chunked)
  File "C:\Users\KADOUN\AppData\Local\Programs\Python\Python38\lib\http\client.py", line 1010, in _send_output
    self.send(msg)
  File "C:\Users\KADOUN\AppData\Local\Programs\Python\Python38\lib\http\client.py", line 950, in send
    self.connect()
  File "C:\Users\KADOUN\AppData\Local\Programs\Python\Python38\lib\site-packages\urllib3\connection.py", line 187, in connect
    conn = self._new_conn()
  File "C:\Users\KADOUN\AppData\Local\Programs\Python\Python38\lib\site-packages\urllib3\connection.py", line 171, in _new_conn
    raise NewConnectionError(
urllib3.exceptions.NewConnectionError: <urllib3.connection.HTTPConnection object at 0x000001EEE5D842E0>: Failed to establish a new connection: [WinError 10061] No connection could be made because the target machine actively refused it

During handling of the above exception, another exception occurred:

Traceback (most recent call last):
  File "C:\Users\KADOUN\Desktop\Automatization_Project_Master_QA\KTGHU_Automation_Local_Deploy_PyCharm\SRL_C.py", line 19, in tearDown
    tearDown(self)
  File "C:\Users\KADOUN\Desktop\Automatization_Project_Master_QA\KTGHU_Automation_Local_Deploy_PyCharm\to_import.py", line 77, in tearDown
    self.driver.execute_script(
  File "C:\Users\KADOUN\AppData\Local\Programs\Python\Python38\lib\site-packages\selenium\webdriver\remote\webdriver.py", line 634, in execute_script
    return self.execute(command, {
  File "C:\Users\KADOUN\AppData\Local\Programs\Python\Python38\lib\site-packages\selenium\webdriver\remote\webdriver.py", line 319, in execute
    response = self.command_executor.execute(driver_command, params)
  File "C:\Users\KADOUN\AppData\Local\Programs\Python\Python38\lib\site-packages\selenium\webdriver\remote\remote_connection.py", line 374, in execute
    return self._request(command_info[0], url, body=data)
  File "C:\Users\KADOUN\AppData\Local\Programs\Python\Python38\lib\site-packages\selenium\webdriver\remote\remote_connection.py", line 397, in _request
    resp = self._conn.request(method, url, body=body, headers=headers)
  File "C:\Users\KADOUN\AppData\Local\Programs\Python\Python38\lib\site-packages\urllib3\request.py", line 79, in request
    return self.request_encode_body(
  File "C:\Users\KADOUN\AppData\Local\Programs\Python\Python38\lib\site-packages\urllib3\request.py", line 171, in request_encode_body
    return self.urlopen(method, url, **extra_kw)
  File "C:\Users\KADOUN\AppData\Local\Programs\Python\Python38\lib\site-packages\urllib3\poolmanager.py", line 336, in urlopen
    response = conn.urlopen(method, u.request_uri, **kw)
  File "C:\Users\KADOUN\AppData\Local\Programs\Python\Python38\lib\site-packages\urllib3\connectionpool.py", line 754, in urlopen
    return self.urlopen(
  File "C:\Users\KADOUN\AppData\Local\Programs\Python\Python38\lib\site-packages\urllib3\connectionpool.py", line 754, in urlopen
    return self.urlopen(
  File "C:\Users\KADOUN\AppData\Local\Programs\Python\Python38\lib\site-packages\urllib3\connectionpool.py", line 754, in urlopen
    return self.urlopen(
  File "C:\Users\KADOUN\AppData\Local\Programs\Python\Python38\lib\site-packages\urllib3\connectionpool.py", line 726, in urlopen
    retries = retries.increment(
  File "C:\Users\KADOUN\AppData\Local\Programs\Python\Python38\lib\site-packages\urllib3\util\retry.py", line 439, in increment
    raise MaxRetryError(_pool, url, error or ResponseError(cause))
urllib3.exceptions.MaxRetryError: HTTPConnectionPool(host='127.0.0.1', port=59829): Max retries exceeded with url: /session/97b7532ea5e87e22ad91cf09dca6559e/execute/sync (Caused by NewConnectionError('<urllib3.connection.HTTPConnection object at 0x000001EEE5D842E0>: Failed to establish a new connection: [WinError 10061] No connection could be made because the target machine actively refused it'))
</pre>
                        </div>
                        <!--css div popup end-->
                    </div>
                </td>
            </tr>
            
            <tr id="ft9.9" class='none'>
                <td class='errorCase'>
                    <div class='testcase'>
                        <a class="popup_link" onfocus='this.blur();'
                           href="javascript:showTestDetail('div_ft9.9')">test_srl_C</a>
                    </div>
                </td>
                <td colspan='5' align='center'>
                    <div>
                        <!--css div popup start-->
                        <button>
                            <a class="popup_link" onfocus='this.blur();'
                               href="javascript:showTestDetail('div_ft9.9')" style="color:#660066;">
                                ERROR
                            </a></button>
                        <div id='div_ft9.9' class="popup_window">
                            <div style='text-align: right; color:red;cursor:pointer'>
                                <a onfocus='this.blur();'
                                   onclick="document.getElementById('div_ft9.9').style.display = 'none'; "
                                   style="color:red;">
                                    [x]</a>
                            </div>
                            <pre>2023-03-02 13:35:14.573105 : 
                             
                             
2023-03-02 13:35:14.573105 : ====== WebDriver manager ======
                             
2023-03-02 13:35:14.604838 : Current google-chrome version is 110.0.5481
                             
2023-03-02 13:35:14.604838 : Get LATEST chromedriver version for 110.0.5481 google-chrome
                             
2023-03-02 13:35:14.687454 : Driver [C:\Users\KADOUN\.wdm\drivers\chromedriver\win32\110.0.5481.77\chromedriver.exe] found in cache
                             
2023-03-02 13:35:22.181421 : <selenium.webdriver.remote.webelement.WebElement (session="a6938c9a0738b0ad06b47de8fbb2473f", element="32d3ef8a-35e5-45ff-980c-b9243233b8df")>
2023-03-02 13:35:50.850115 : nenasle se exponea banner
2023-03-02 13:36:15.861580 : https://kartagohu.web2.dtweb.cz/keresesi-eredmenyek?ac1=2&d=63252|63447&dd=2023-06-01&nn=7|8|9&rd=2023-07-31&to=489|4371&tt=1
</pre>
                            <pre style="color: red;">Traceback (most recent call last):
  File "C:\Users\KADOUN\Desktop\Automatization_Project_Master_QA\KTGHU_Automation_Local_Deploy_PyCharm\SRL_C.py", line 104, in test_srl_C
    wait.until(EC.visibility_of(hotelyAllKarty[1]))
IndexError: list index out of range
</pre>
                        </div>
                        <!--css div popup end-->
                    </div>
                </td>
            </tr>
            
            <tr id="ft9.10" class='none'>
                <td class='errorCase'>
                    <div class='testcase'>
                        <a class="popup_link" onfocus='this.blur();'
                           href="javascript:showTestDetail('div_ft9.10')">test_srl_C</a>
                    </div>
                </td>
                <td colspan='5' align='center'>
                    <div>
                        <!--css div popup start-->
                        <button>
                            <a class="popup_link" onfocus='this.blur();'
                               href="javascript:showTestDetail('div_ft9.10')" style="color:#660066;">
                                ERROR
                            </a></button>
                        <div id='div_ft9.10' class="popup_window">
                            <div style='text-align: right; color:red;cursor:pointer'>
                                <a onfocus='this.blur();'
                                   onclick="document.getElementById('div_ft9.10').style.display = 'none'; "
                                   style="color:red;">
                                    [x]</a>
                            </div>
                            <pre></pre>
                            <pre style="color: red;">Traceback (most recent call last):
  File "C:\Users\KADOUN\AppData\Local\Programs\Python\Python38\lib\site-packages\urllib3\connection.py", line 159, in _new_conn
    conn = connection.create_connection(
  File "C:\Users\KADOUN\AppData\Local\Programs\Python\Python38\lib\site-packages\urllib3\util\connection.py", line 84, in create_connection
    raise err
  File "C:\Users\KADOUN\AppData\Local\Programs\Python\Python38\lib\site-packages\urllib3\util\connection.py", line 74, in create_connection
    sock.connect(sa)
ConnectionRefusedError: [WinError 10061] No connection could be made because the target machine actively refused it

During handling of the above exception, another exception occurred:

Traceback (most recent call last):
  File "C:\Users\KADOUN\AppData\Local\Programs\Python\Python38\lib\site-packages\urllib3\connectionpool.py", line 670, in urlopen
    httplib_response = self._make_request(
  File "C:\Users\KADOUN\AppData\Local\Programs\Python\Python38\lib\site-packages\urllib3\connectionpool.py", line 392, in _make_request
    conn.request(method, url, **httplib_request_kw)
  File "C:\Users\KADOUN\AppData\Local\Programs\Python\Python38\lib\http\client.py", line 1255, in request
    self._send_request(method, url, body, headers, encode_chunked)
  File "C:\Users\KADOUN\AppData\Local\Programs\Python\Python38\lib\http\client.py", line 1301, in _send_request
    self.endheaders(body, encode_chunked=encode_chunked)
  File "C:\Users\KADOUN\AppData\Local\Programs\Python\Python38\lib\http\client.py", line 1250, in endheaders
    self._send_output(message_body, encode_chunked=encode_chunked)
  File "C:\Users\KADOUN\AppData\Local\Programs\Python\Python38\lib\http\client.py", line 1010, in _send_output
    self.send(msg)
  File "C:\Users\KADOUN\AppData\Local\Programs\Python\Python38\lib\http\client.py", line 950, in send
    self.connect()
  File "C:\Users\KADOUN\AppData\Local\Programs\Python\Python38\lib\site-packages\urllib3\connection.py", line 187, in connect
    conn = self._new_conn()
  File "C:\Users\KADOUN\AppData\Local\Programs\Python\Python38\lib\site-packages\urllib3\connection.py", line 171, in _new_conn
    raise NewConnectionError(
urllib3.exceptions.NewConnectionError: <urllib3.connection.HTTPConnection object at 0x000001EEE5D848B0>: Failed to establish a new connection: [WinError 10061] No connection could be made because the target machine actively refused it

During handling of the above exception, another exception occurred:

Traceback (most recent call last):
  File "C:\Users\KADOUN\Desktop\Automatization_Project_Master_QA\KTGHU_Automation_Local_Deploy_PyCharm\SRL_C.py", line 19, in tearDown
    tearDown(self)
  File "C:\Users\KADOUN\Desktop\Automatization_Project_Master_QA\KTGHU_Automation_Local_Deploy_PyCharm\to_import.py", line 77, in tearDown
    self.driver.execute_script(
  File "C:\Users\KADOUN\AppData\Local\Programs\Python\Python38\lib\site-packages\selenium\webdriver\remote\webdriver.py", line 634, in execute_script
    return self.execute(command, {
  File "C:\Users\KADOUN\AppData\Local\Programs\Python\Python38\lib\site-packages\selenium\webdriver\remote\webdriver.py", line 319, in execute
    response = self.command_executor.execute(driver_command, params)
  File "C:\Users\KADOUN\AppData\Local\Programs\Python\Python38\lib\site-packages\selenium\webdriver\remote\remote_connection.py", line 374, in execute
    return self._request(command_info[0], url, body=data)
  File "C:\Users\KADOUN\AppData\Local\Programs\Python\Python38\lib\site-packages\selenium\webdriver\remote\remote_connection.py", line 397, in _request
    resp = self._conn.request(method, url, body=body, headers=headers)
  File "C:\Users\KADOUN\AppData\Local\Programs\Python\Python38\lib\site-packages\urllib3\request.py", line 79, in request
    return self.request_encode_body(
  File "C:\Users\KADOUN\AppData\Local\Programs\Python\Python38\lib\site-packages\urllib3\request.py", line 171, in request_encode_body
    return self.urlopen(method, url, **extra_kw)
  File "C:\Users\KADOUN\AppData\Local\Programs\Python\Python38\lib\site-packages\urllib3\poolmanager.py", line 336, in urlopen
    response = conn.urlopen(method, u.request_uri, **kw)
  File "C:\Users\KADOUN\AppData\Local\Programs\Python\Python38\lib\site-packages\urllib3\connectionpool.py", line 754, in urlopen
    return self.urlopen(
  File "C:\Users\KADOUN\AppData\Local\Programs\Python\Python38\lib\site-packages\urllib3\connectionpool.py", line 754, in urlopen
    return self.urlopen(
  File "C:\Users\KADOUN\AppData\Local\Programs\Python\Python38\lib\site-packages\urllib3\connectionpool.py", line 754, in urlopen
    return self.urlopen(
  File "C:\Users\KADOUN\AppData\Local\Programs\Python\Python38\lib\site-packages\urllib3\connectionpool.py", line 726, in urlopen
    retries = retries.increment(
  File "C:\Users\KADOUN\AppData\Local\Programs\Python\Python38\lib\site-packages\urllib3\util\retry.py", line 439, in increment
    raise MaxRetryError(_pool, url, error or ResponseError(cause))
urllib3.exceptions.MaxRetryError: HTTPConnectionPool(host='127.0.0.1', port=59973): Max retries exceeded with url: /session/a6938c9a0738b0ad06b47de8fbb2473f/execute/sync (Caused by NewConnectionError('<urllib3.connection.HTTPConnection object at 0x000001EEE5D848B0>: Failed to establish a new connection: [WinError 10061] No connection could be made because the target machine actively refused it'))
</pre>
                        </div>
                        <!--css div popup end-->
                    </div>
                </td>
            </tr>
            
        
        <tr class='errorClass' style="font-weight:bold;color:white;">
            <td><a href="javascript:showClassDetail('c10','2')">KTGHU_Automation_Local_Deploy_PyCharm.SRL_D.TestSRL_D</a></td>
            <td>2</td>
            <td>0</td>
            <td>0</td>
            <td>2</td>
            <td>
                <button><a href="javascript:showClassDetail('c10','2')"
                           style="color:#660066;">Detail</a></button>
            </td>
        </tr>
            
            <tr id="ft10.1" class='none'>
                <td class='errorCase'>
                    <div class='testcase'>
                        <a class="popup_link" onfocus='this.blur();'
                           href="javascript:showTestDetail('div_ft10.1')">test_SRL_D</a>
                    </div>
                </td>
                <td colspan='5' align='center'>
                    <div>
                        <!--css div popup start-->
                        <button>
                            <a class="popup_link" onfocus='this.blur();'
                               href="javascript:showTestDetail('div_ft10.1')" style="color:#660066;">
                                ERROR
                            </a></button>
                        <div id='div_ft10.1' class="popup_window">
                            <div style='text-align: right; color:red;cursor:pointer'>
                                <a onfocus='this.blur();'
                                   onclick="document.getElementById('div_ft10.1').style.display = 'none'; "
                                   style="color:red;">
                                    [x]</a>
                            </div>
                            <pre>2023-03-02 13:36:26.148471 : 
                             
                             
2023-03-02 13:36:26.148471 : ====== WebDriver manager ======
                             
2023-03-02 13:36:26.176367 : Current google-chrome version is 110.0.5481
                             
2023-03-02 13:36:26.176367 : Get LATEST chromedriver version for 110.0.5481 google-chrome
                             
2023-03-02 13:36:26.263135 : Driver [C:\Users\KADOUN\.wdm\drivers\chromedriver\win32\110.0.5481.77\chromedriver.exe] found in cache
                             
2023-03-02 13:36:33.473683 : <selenium.webdriver.remote.webelement.WebElement (session="d6ab728b6ee69dea5ed190407759c272", element="512bf099-6bf0-46b1-8ce7-76399c399811")>
2023-03-02 13:37:01.070769 : https://kartagohu.web2.dtweb.cz/keresesi-eredmenyek?ac1=2&d=63252|63447&dd=2023-06-01&nn=7|8|9&rd=2023-07-31&to=489|4371&tt=1
</pre>
                            <pre style="color: red;">Traceback (most recent call last):
  File "C:\Users\KADOUN\Desktop\Automatization_Project_Master_QA\KTGHU_Automation_Local_Deploy_PyCharm\SRL_D.py", line 119, in test_SRL_D
    SRL_D(self, self.driver)
  File "C:\Users\KADOUN\Desktop\Automatization_Project_Master_QA\KTGHU_Automation_Local_Deploy_PyCharm\SRL_D.py", line 15, in SRL_D
    hotelySingle = self.driver.find_element_by_xpath(SRLhotelyKartyXpath)
  File "C:\Users\KADOUN\AppData\Local\Programs\Python\Python38\lib\site-packages\selenium\webdriver\remote\webdriver.py", line 394, in find_element_by_xpath
    return self.find_element(by=By.XPATH, value=xpath)
  File "C:\Users\KADOUN\AppData\Local\Programs\Python\Python38\lib\site-packages\selenium\webdriver\remote\webdriver.py", line 976, in find_element
    return self.execute(Command.FIND_ELEMENT, {
  File "C:\Users\KADOUN\AppData\Local\Programs\Python\Python38\lib\site-packages\selenium\webdriver\remote\webdriver.py", line 321, in execute
    self.error_handler.check_response(response)
  File "C:\Users\KADOUN\AppData\Local\Programs\Python\Python38\lib\site-packages\selenium\webdriver\remote\errorhandler.py", line 242, in check_response
    raise exception_class(message, screen, stacktrace)
selenium.common.exceptions.NoSuchElementException: Message: no such element: Unable to locate element: {"method":"xpath","selector":"//*[@class='f_searchResult-content-item relative']"}
  (Session info: chrome=110.0.5481.178)

</pre>
                        </div>
                        <!--css div popup end-->
                    </div>
                </td>
            </tr>
            
            <tr id="ft10.2" class='none'>
                <td class='errorCase'>
                    <div class='testcase'>
                        <a class="popup_link" onfocus='this.blur();'
                           href="javascript:showTestDetail('div_ft10.2')">test_SRL_D</a>
                    </div>
                </td>
                <td colspan='5' align='center'>
                    <div>
                        <!--css div popup start-->
                        <button>
                            <a class="popup_link" onfocus='this.blur();'
                               href="javascript:showTestDetail('div_ft10.2')" style="color:#660066;">
                                ERROR
                            </a></button>
                        <div id='div_ft10.2' class="popup_window">
                            <div style='text-align: right; color:red;cursor:pointer'>
                                <a onfocus='this.blur();'
                                   onclick="document.getElementById('div_ft10.2').style.display = 'none'; "
                                   style="color:red;">
                                    [x]</a>
                            </div>
                            <pre></pre>
                            <pre style="color: red;">Traceback (most recent call last):
  File "C:\Users\KADOUN\AppData\Local\Programs\Python\Python38\lib\site-packages\urllib3\connection.py", line 159, in _new_conn
    conn = connection.create_connection(
  File "C:\Users\KADOUN\AppData\Local\Programs\Python\Python38\lib\site-packages\urllib3\util\connection.py", line 84, in create_connection
    raise err
  File "C:\Users\KADOUN\AppData\Local\Programs\Python\Python38\lib\site-packages\urllib3\util\connection.py", line 74, in create_connection
    sock.connect(sa)
ConnectionRefusedError: [WinError 10061] No connection could be made because the target machine actively refused it

During handling of the above exception, another exception occurred:

Traceback (most recent call last):
  File "C:\Users\KADOUN\AppData\Local\Programs\Python\Python38\lib\site-packages\urllib3\connectionpool.py", line 670, in urlopen
    httplib_response = self._make_request(
  File "C:\Users\KADOUN\AppData\Local\Programs\Python\Python38\lib\site-packages\urllib3\connectionpool.py", line 392, in _make_request
    conn.request(method, url, **httplib_request_kw)
  File "C:\Users\KADOUN\AppData\Local\Programs\Python\Python38\lib\http\client.py", line 1255, in request
    self._send_request(method, url, body, headers, encode_chunked)
  File "C:\Users\KADOUN\AppData\Local\Programs\Python\Python38\lib\http\client.py", line 1301, in _send_request
    self.endheaders(body, encode_chunked=encode_chunked)
  File "C:\Users\KADOUN\AppData\Local\Programs\Python\Python38\lib\http\client.py", line 1250, in endheaders
    self._send_output(message_body, encode_chunked=encode_chunked)
  File "C:\Users\KADOUN\AppData\Local\Programs\Python\Python38\lib\http\client.py", line 1010, in _send_output
    self.send(msg)
  File "C:\Users\KADOUN\AppData\Local\Programs\Python\Python38\lib\http\client.py", line 950, in send
    self.connect()
  File "C:\Users\KADOUN\AppData\Local\Programs\Python\Python38\lib\site-packages\urllib3\connection.py", line 187, in connect
    conn = self._new_conn()
  File "C:\Users\KADOUN\AppData\Local\Programs\Python\Python38\lib\site-packages\urllib3\connection.py", line 171, in _new_conn
    raise NewConnectionError(
urllib3.exceptions.NewConnectionError: <urllib3.connection.HTTPConnection object at 0x000001EEE5D84040>: Failed to establish a new connection: [WinError 10061] No connection could be made because the target machine actively refused it

During handling of the above exception, another exception occurred:

Traceback (most recent call last):
  File "C:\Users\KADOUN\Desktop\Automatization_Project_Master_QA\KTGHU_Automation_Local_Deploy_PyCharm\SRL_D.py", line 108, in tearDown
    tearDown(self)
  File "C:\Users\KADOUN\Desktop\Automatization_Project_Master_QA\KTGHU_Automation_Local_Deploy_PyCharm\to_import.py", line 77, in tearDown
    self.driver.execute_script(
  File "C:\Users\KADOUN\AppData\Local\Programs\Python\Python38\lib\site-packages\selenium\webdriver\remote\webdriver.py", line 634, in execute_script
    return self.execute(command, {
  File "C:\Users\KADOUN\AppData\Local\Programs\Python\Python38\lib\site-packages\selenium\webdriver\remote\webdriver.py", line 319, in execute
    response = self.command_executor.execute(driver_command, params)
  File "C:\Users\KADOUN\AppData\Local\Programs\Python\Python38\lib\site-packages\selenium\webdriver\remote\remote_connection.py", line 374, in execute
    return self._request(command_info[0], url, body=data)
  File "C:\Users\KADOUN\AppData\Local\Programs\Python\Python38\lib\site-packages\selenium\webdriver\remote\remote_connection.py", line 397, in _request
    resp = self._conn.request(method, url, body=body, headers=headers)
  File "C:\Users\KADOUN\AppData\Local\Programs\Python\Python38\lib\site-packages\urllib3\request.py", line 79, in request
    return self.request_encode_body(
  File "C:\Users\KADOUN\AppData\Local\Programs\Python\Python38\lib\site-packages\urllib3\request.py", line 171, in request_encode_body
    return self.urlopen(method, url, **extra_kw)
  File "C:\Users\KADOUN\AppData\Local\Programs\Python\Python38\lib\site-packages\urllib3\poolmanager.py", line 336, in urlopen
    response = conn.urlopen(method, u.request_uri, **kw)
  File "C:\Users\KADOUN\AppData\Local\Programs\Python\Python38\lib\site-packages\urllib3\connectionpool.py", line 754, in urlopen
    return self.urlopen(
  File "C:\Users\KADOUN\AppData\Local\Programs\Python\Python38\lib\site-packages\urllib3\connectionpool.py", line 754, in urlopen
    return self.urlopen(
  File "C:\Users\KADOUN\AppData\Local\Programs\Python\Python38\lib\site-packages\urllib3\connectionpool.py", line 754, in urlopen
    return self.urlopen(
  File "C:\Users\KADOUN\AppData\Local\Programs\Python\Python38\lib\site-packages\urllib3\connectionpool.py", line 726, in urlopen
    retries = retries.increment(
  File "C:\Users\KADOUN\AppData\Local\Programs\Python\Python38\lib\site-packages\urllib3\util\retry.py", line 439, in increment
    raise MaxRetryError(_pool, url, error or ResponseError(cause))
urllib3.exceptions.MaxRetryError: HTTPConnectionPool(host='127.0.0.1', port=60177): Max retries exceeded with url: /session/d6ab728b6ee69dea5ed190407759c272/execute/sync (Caused by NewConnectionError('<urllib3.connection.HTTPConnection object at 0x000001EEE5D84040>: Failed to establish a new connection: [WinError 10061] No connection could be made because the target machine actively refused it'))
</pre>
                        </div>
                        <!--css div popup end-->
                    </div>
                </td>
            </tr>
            
        
        <tr class='errorClass' style="font-weight:bold;color:white;">
            <td><a href="javascript:showClassDetail('c11','8')">KTGHU_Automation_Local_Deploy_PyCharm.HP_C.Test_HP_C</a></td>
            <td>8</td>
            <td>2</td>
            <td>0</td>
            <td>6</td>
            <td>
                <button><a href="javascript:showClassDetail('c11','8')"
                           style="color:#660066;">Detail</a></button>
            </td>
        </tr>
            
            <tr id="ft11.1" class='none'>
                <td class='errorCase'>
                    <div class='testcase'>
                        <a class="popup_link" onfocus='this.blur();'
                           href="javascript:showTestDetail('div_ft11.1')">test_HP_zlutak_to_SRL</a>
                    </div>
                </td>
                <td colspan='5' align='center'>
                    <div>
                        <!--css div popup start-->
                        <button>
                            <a class="popup_link" onfocus='this.blur();'
                               href="javascript:showTestDetail('div_ft11.1')" style="color:#660066;">
                                ERROR
                            </a></button>
                        <div id='div_ft11.1' class="popup_window">
                            <div style='text-align: right; color:red;cursor:pointer'>
                                <a onfocus='this.blur();'
                                   onclick="document.getElementById('div_ft11.1').style.display = 'none'; "
                                   style="color:red;">
                                    [x]</a>
                            </div>
                            <pre>2023-03-02 13:37:12.472209 : 
                             
                             
2023-03-02 13:37:12.472209 : ====== WebDriver manager ======
                             
2023-03-02 13:37:12.589893 : Current google-chrome version is 110.0.5481
                             
2023-03-02 13:37:12.589893 : Get LATEST chromedriver version for 110.0.5481 google-chrome
                             
2023-03-02 13:37:12.675670 : Driver [C:\Users\KADOUN\.wdm\drivers\chromedriver\win32\110.0.5481.77\chromedriver.exe] found in cache
                             
2023-03-02 13:37:23.735522 : <selenium.webdriver.remote.webelement.WebElement (session="9b144a768a357b3ac4897bb6d69e0497", element="fb9e7af5-ab8e-4acc-8212-c9feb479d43b")>
2023-03-02 13:37:51.716810 : https://kartagohu.web2.dtweb.cz/
</pre>
                            <pre style="color: red;">Traceback (most recent call last):
  File "C:\Users\KADOUN\Desktop\Automatization_Project_Master_QA\KTGHU_Automation_Local_Deploy_PyCharm\HP_C.py", line 57, in test_HP_zlutak_to_SRL
    wait.until(EC.visibility_of(self.driver.find_element_by_xpath(HPzlutakReckoDestinaceXpath))).click()
  File "C:\Users\KADOUN\AppData\Local\Programs\Python\Python38\lib\site-packages\selenium\webdriver\remote\webdriver.py", line 394, in find_element_by_xpath
    return self.find_element(by=By.XPATH, value=xpath)
  File "C:\Users\KADOUN\AppData\Local\Programs\Python\Python38\lib\site-packages\selenium\webdriver\remote\webdriver.py", line 976, in find_element
    return self.execute(Command.FIND_ELEMENT, {
  File "C:\Users\KADOUN\AppData\Local\Programs\Python\Python38\lib\site-packages\selenium\webdriver\remote\webdriver.py", line 321, in execute
    self.error_handler.check_response(response)
  File "C:\Users\KADOUN\AppData\Local\Programs\Python\Python38\lib\site-packages\selenium\webdriver\remote\errorhandler.py", line 242, in check_response
    raise exception_class(message, screen, stacktrace)
selenium.common.exceptions.NoSuchElementException: Message: no such element: Unable to locate element: {"method":"xpath","selector":"/html/body/header/div/div[2]/div/div/div/div[2]/div[1]/div[2]/div/div[2]/div[1]/div[2]/div/div[1]/div[1]/span/label/span/span"}
  (Session info: chrome=110.0.5481.178)

</pre>
                        </div>
                        <!--css div popup end-->
                    </div>
                </td>
            </tr>
            
            <tr id="ft11.2" class='none'>
                <td class='errorCase'>
                    <div class='testcase'>
                        <a class="popup_link" onfocus='this.blur();'
                           href="javascript:showTestDetail('div_ft11.2')">test_HP_zlutak_to_SRL</a>
                    </div>
                </td>
                <td colspan='5' align='center'>
                    <div>
                        <!--css div popup start-->
                        <button>
                            <a class="popup_link" onfocus='this.blur();'
                               href="javascript:showTestDetail('div_ft11.2')" style="color:#660066;">
                                ERROR
                            </a></button>
                        <div id='div_ft11.2' class="popup_window">
                            <div style='text-align: right; color:red;cursor:pointer'>
                                <a onfocus='this.blur();'
                                   onclick="document.getElementById('div_ft11.2').style.display = 'none'; "
                                   style="color:red;">
                                    [x]</a>
                            </div>
                            <pre></pre>
                            <pre style="color: red;">Traceback (most recent call last):
  File "C:\Users\KADOUN\AppData\Local\Programs\Python\Python38\lib\site-packages\urllib3\connection.py", line 159, in _new_conn
    conn = connection.create_connection(
  File "C:\Users\KADOUN\AppData\Local\Programs\Python\Python38\lib\site-packages\urllib3\util\connection.py", line 84, in create_connection
    raise err
  File "C:\Users\KADOUN\AppData\Local\Programs\Python\Python38\lib\site-packages\urllib3\util\connection.py", line 74, in create_connection
    sock.connect(sa)
ConnectionRefusedError: [WinError 10061] No connection could be made because the target machine actively refused it

During handling of the above exception, another exception occurred:

Traceback (most recent call last):
  File "C:\Users\KADOUN\AppData\Local\Programs\Python\Python38\lib\site-packages\urllib3\connectionpool.py", line 670, in urlopen
    httplib_response = self._make_request(
  File "C:\Users\KADOUN\AppData\Local\Programs\Python\Python38\lib\site-packages\urllib3\connectionpool.py", line 392, in _make_request
    conn.request(method, url, **httplib_request_kw)
  File "C:\Users\KADOUN\AppData\Local\Programs\Python\Python38\lib\http\client.py", line 1255, in request
    self._send_request(method, url, body, headers, encode_chunked)
  File "C:\Users\KADOUN\AppData\Local\Programs\Python\Python38\lib\http\client.py", line 1301, in _send_request
    self.endheaders(body, encode_chunked=encode_chunked)
  File "C:\Users\KADOUN\AppData\Local\Programs\Python\Python38\lib\http\client.py", line 1250, in endheaders
    self._send_output(message_body, encode_chunked=encode_chunked)
  File "C:\Users\KADOUN\AppData\Local\Programs\Python\Python38\lib\http\client.py", line 1010, in _send_output
    self.send(msg)
  File "C:\Users\KADOUN\AppData\Local\Programs\Python\Python38\lib\http\client.py", line 950, in send
    self.connect()
  File "C:\Users\KADOUN\AppData\Local\Programs\Python\Python38\lib\site-packages\urllib3\connection.py", line 187, in connect
    conn = self._new_conn()
  File "C:\Users\KADOUN\AppData\Local\Programs\Python\Python38\lib\site-packages\urllib3\connection.py", line 171, in _new_conn
    raise NewConnectionError(
urllib3.exceptions.NewConnectionError: <urllib3.connection.HTTPConnection object at 0x000001EEE5D5D700>: Failed to establish a new connection: [WinError 10061] No connection could be made because the target machine actively refused it

During handling of the above exception, another exception occurred:

Traceback (most recent call last):
  File "C:\Users\KADOUN\Desktop\Automatization_Project_Master_QA\KTGHU_Automation_Local_Deploy_PyCharm\HP_C.py", line 35, in tearDown
    tearDown(self)
  File "C:\Users\KADOUN\Desktop\Automatization_Project_Master_QA\KTGHU_Automation_Local_Deploy_PyCharm\to_import.py", line 77, in tearDown
    self.driver.execute_script(
  File "C:\Users\KADOUN\AppData\Local\Programs\Python\Python38\lib\site-packages\selenium\webdriver\remote\webdriver.py", line 634, in execute_script
    return self.execute(command, {
  File "C:\Users\KADOUN\AppData\Local\Programs\Python\Python38\lib\site-packages\selenium\webdriver\remote\webdriver.py", line 319, in execute
    response = self.command_executor.execute(driver_command, params)
  File "C:\Users\KADOUN\AppData\Local\Programs\Python\Python38\lib\site-packages\selenium\webdriver\remote\remote_connection.py", line 374, in execute
    return self._request(command_info[0], url, body=data)
  File "C:\Users\KADOUN\AppData\Local\Programs\Python\Python38\lib\site-packages\selenium\webdriver\remote\remote_connection.py", line 397, in _request
    resp = self._conn.request(method, url, body=body, headers=headers)
  File "C:\Users\KADOUN\AppData\Local\Programs\Python\Python38\lib\site-packages\urllib3\request.py", line 79, in request
    return self.request_encode_body(
  File "C:\Users\KADOUN\AppData\Local\Programs\Python\Python38\lib\site-packages\urllib3\request.py", line 171, in request_encode_body
    return self.urlopen(method, url, **extra_kw)
  File "C:\Users\KADOUN\AppData\Local\Programs\Python\Python38\lib\site-packages\urllib3\poolmanager.py", line 336, in urlopen
    response = conn.urlopen(method, u.request_uri, **kw)
  File "C:\Users\KADOUN\AppData\Local\Programs\Python\Python38\lib\site-packages\urllib3\connectionpool.py", line 754, in urlopen
    return self.urlopen(
  File "C:\Users\KADOUN\AppData\Local\Programs\Python\Python38\lib\site-packages\urllib3\connectionpool.py", line 754, in urlopen
    return self.urlopen(
  File "C:\Users\KADOUN\AppData\Local\Programs\Python\Python38\lib\site-packages\urllib3\connectionpool.py", line 754, in urlopen
    return self.urlopen(
  File "C:\Users\KADOUN\AppData\Local\Programs\Python\Python38\lib\site-packages\urllib3\connectionpool.py", line 726, in urlopen
    retries = retries.increment(
  File "C:\Users\KADOUN\AppData\Local\Programs\Python\Python38\lib\site-packages\urllib3\util\retry.py", line 439, in increment
    raise MaxRetryError(_pool, url, error or ResponseError(cause))
urllib3.exceptions.MaxRetryError: HTTPConnectionPool(host='127.0.0.1', port=60941): Max retries exceeded with url: /session/9b144a768a357b3ac4897bb6d69e0497/execute/sync (Caused by NewConnectionError('<urllib3.connection.HTTPConnection object at 0x000001EEE5D5D700>: Failed to establish a new connection: [WinError 10061] No connection could be made because the target machine actively refused it'))
</pre>
                        </div>
                        <!--css div popup end-->
                    </div>
                </td>
            </tr>
            
            <tr id="ft11.3" class='none'>
                <td class='errorCase'>
                    <div class='testcase'>
                        <a class="popup_link" onfocus='this.blur();'
                           href="javascript:showTestDetail('div_ft11.3')">test_HP_zlutak_to_groupsearch</a>
                    </div>
                </td>
                <td colspan='5' align='center'>
                    <div>
                        <!--css div popup start-->
                        <button>
                            <a class="popup_link" onfocus='this.blur();'
                               href="javascript:showTestDetail('div_ft11.3')" style="color:#660066;">
                                ERROR
                            </a></button>
                        <div id='div_ft11.3' class="popup_window">
                            <div style='text-align: right; color:red;cursor:pointer'>
                                <a onfocus='this.blur();'
                                   onclick="document.getElementById('div_ft11.3').style.display = 'none'; "
                                   style="color:red;">
                                    [x]</a>
                            </div>
                            <pre>2023-03-02 13:38:05.058027 : 
                             
                             
2023-03-02 13:38:05.058027 : ====== WebDriver manager ======
                             
2023-03-02 13:38:05.091638 : Current google-chrome version is 110.0.5481
                             
2023-03-02 13:38:05.092636 : Get LATEST chromedriver version for 110.0.5481 google-chrome
                             
2023-03-02 13:38:05.176339 : Driver [C:\Users\KADOUN\.wdm\drivers\chromedriver\win32\110.0.5481.77\chromedriver.exe] found in cache
                             
2023-03-02 13:38:13.074393 : <selenium.webdriver.remote.webelement.WebElement (session="1bab5f813f4c377663440b63b05d88e6", element="727b4f6e-7bc2-4bf2-8665-268d35ec1c34")>
2023-03-02 13:39:59.536961 : https://kartagohu.web2.dtweb.cz/?dd=2023-03-02&rd=2023-03-02&tt=0
</pre>
                            <pre style="color: red;">Traceback (most recent call last):
  File "C:\Users\KADOUN\Desktop\Automatization_Project_Master_QA\KTGHU_Automation_Local_Deploy_PyCharm\HP_C.py", line 45, in test_HP_zlutak_to_groupsearch
    groupSearch_D(self, self.driver)
  File "C:\Users\KADOUN\Desktop\Automatization_Project_Master_QA\KTGHU_Automation_Local_Deploy_PyCharm\groupsearch_D.py", line 56, in groupSearch_D
    assert srlItems[0].is_displayed() == True
IndexError: list index out of range
</pre>
                        </div>
                        <!--css div popup end-->
                    </div>
                </td>
            </tr>
            
            <tr id="ft11.4" class='none'>
                <td class='errorCase'>
                    <div class='testcase'>
                        <a class="popup_link" onfocus='this.blur();'
                           href="javascript:showTestDetail('div_ft11.4')">test_HP_zlutak_to_groupsearch</a>
                    </div>
                </td>
                <td colspan='5' align='center'>
                    <div>
                        <!--css div popup start-->
                        <button>
                            <a class="popup_link" onfocus='this.blur();'
                               href="javascript:showTestDetail('div_ft11.4')" style="color:#660066;">
                                ERROR
                            </a></button>
                        <div id='div_ft11.4' class="popup_window">
                            <div style='text-align: right; color:red;cursor:pointer'>
                                <a onfocus='this.blur();'
                                   onclick="document.getElementById('div_ft11.4').style.display = 'none'; "
                                   style="color:red;">
                                    [x]</a>
                            </div>
                            <pre></pre>
                            <pre style="color: red;">Traceback (most recent call last):
  File "C:\Users\KADOUN\AppData\Local\Programs\Python\Python38\lib\site-packages\urllib3\connection.py", line 159, in _new_conn
    conn = connection.create_connection(
  File "C:\Users\KADOUN\AppData\Local\Programs\Python\Python38\lib\site-packages\urllib3\util\connection.py", line 84, in create_connection
    raise err
  File "C:\Users\KADOUN\AppData\Local\Programs\Python\Python38\lib\site-packages\urllib3\util\connection.py", line 74, in create_connection
    sock.connect(sa)
ConnectionRefusedError: [WinError 10061] No connection could be made because the target machine actively refused it

During handling of the above exception, another exception occurred:

Traceback (most recent call last):
  File "C:\Users\KADOUN\AppData\Local\Programs\Python\Python38\lib\site-packages\urllib3\connectionpool.py", line 670, in urlopen
    httplib_response = self._make_request(
  File "C:\Users\KADOUN\AppData\Local\Programs\Python\Python38\lib\site-packages\urllib3\connectionpool.py", line 392, in _make_request
    conn.request(method, url, **httplib_request_kw)
  File "C:\Users\KADOUN\AppData\Local\Programs\Python\Python38\lib\http\client.py", line 1255, in request
    self._send_request(method, url, body, headers, encode_chunked)
  File "C:\Users\KADOUN\AppData\Local\Programs\Python\Python38\lib\http\client.py", line 1301, in _send_request
    self.endheaders(body, encode_chunked=encode_chunked)
  File "C:\Users\KADOUN\AppData\Local\Programs\Python\Python38\lib\http\client.py", line 1250, in endheaders
    self._send_output(message_body, encode_chunked=encode_chunked)
  File "C:\Users\KADOUN\AppData\Local\Programs\Python\Python38\lib\http\client.py", line 1010, in _send_output
    self.send(msg)
  File "C:\Users\KADOUN\AppData\Local\Programs\Python\Python38\lib\http\client.py", line 950, in send
    self.connect()
  File "C:\Users\KADOUN\AppData\Local\Programs\Python\Python38\lib\site-packages\urllib3\connection.py", line 187, in connect
    conn = self._new_conn()
  File "C:\Users\KADOUN\AppData\Local\Programs\Python\Python38\lib\site-packages\urllib3\connection.py", line 171, in _new_conn
    raise NewConnectionError(
urllib3.exceptions.NewConnectionError: <urllib3.connection.HTTPConnection object at 0x000001EEE5D8BD00>: Failed to establish a new connection: [WinError 10061] No connection could be made because the target machine actively refused it

During handling of the above exception, another exception occurred:

Traceback (most recent call last):
  File "C:\Users\KADOUN\Desktop\Automatization_Project_Master_QA\KTGHU_Automation_Local_Deploy_PyCharm\HP_C.py", line 35, in tearDown
    tearDown(self)
  File "C:\Users\KADOUN\Desktop\Automatization_Project_Master_QA\KTGHU_Automation_Local_Deploy_PyCharm\to_import.py", line 77, in tearDown
    self.driver.execute_script(
  File "C:\Users\KADOUN\AppData\Local\Programs\Python\Python38\lib\site-packages\selenium\webdriver\remote\webdriver.py", line 634, in execute_script
    return self.execute(command, {
  File "C:\Users\KADOUN\AppData\Local\Programs\Python\Python38\lib\site-packages\selenium\webdriver\remote\webdriver.py", line 319, in execute
    response = self.command_executor.execute(driver_command, params)
  File "C:\Users\KADOUN\AppData\Local\Programs\Python\Python38\lib\site-packages\selenium\webdriver\remote\remote_connection.py", line 374, in execute
    return self._request(command_info[0], url, body=data)
  File "C:\Users\KADOUN\AppData\Local\Programs\Python\Python38\lib\site-packages\selenium\webdriver\remote\remote_connection.py", line 397, in _request
    resp = self._conn.request(method, url, body=body, headers=headers)
  File "C:\Users\KADOUN\AppData\Local\Programs\Python\Python38\lib\site-packages\urllib3\request.py", line 79, in request
    return self.request_encode_body(
  File "C:\Users\KADOUN\AppData\Local\Programs\Python\Python38\lib\site-packages\urllib3\request.py", line 171, in request_encode_body
    return self.urlopen(method, url, **extra_kw)
  File "C:\Users\KADOUN\AppData\Local\Programs\Python\Python38\lib\site-packages\urllib3\poolmanager.py", line 336, in urlopen
    response = conn.urlopen(method, u.request_uri, **kw)
  File "C:\Users\KADOUN\AppData\Local\Programs\Python\Python38\lib\site-packages\urllib3\connectionpool.py", line 754, in urlopen
    return self.urlopen(
  File "C:\Users\KADOUN\AppData\Local\Programs\Python\Python38\lib\site-packages\urllib3\connectionpool.py", line 754, in urlopen
    return self.urlopen(
  File "C:\Users\KADOUN\AppData\Local\Programs\Python\Python38\lib\site-packages\urllib3\connectionpool.py", line 754, in urlopen
    return self.urlopen(
  File "C:\Users\KADOUN\AppData\Local\Programs\Python\Python38\lib\site-packages\urllib3\connectionpool.py", line 726, in urlopen
    retries = retries.increment(
  File "C:\Users\KADOUN\AppData\Local\Programs\Python\Python38\lib\site-packages\urllib3\util\retry.py", line 439, in increment
    raise MaxRetryError(_pool, url, error or ResponseError(cause))
urllib3.exceptions.MaxRetryError: HTTPConnectionPool(host='127.0.0.1', port=61354): Max retries exceeded with url: /session/1bab5f813f4c377663440b63b05d88e6/execute/sync (Caused by NewConnectionError('<urllib3.connection.HTTPConnection object at 0x000001EEE5D8BD00>: Failed to establish a new connection: [WinError 10061] No connection could be made because the target machine actively refused it'))
</pre>
                        </div>
                        <!--css div popup end-->
                    </div>
                </td>
            </tr>
            
            <tr id="pt11.5" class='hiddenRow'>
                <td class='passCase'>
                    <div class='testcase'>
                        <a class="popup_link" onfocus='this.blur();'
                           href="javascript:showTestDetail('div_pt11.5')">test_HP_nejlepsi_nabidky_vypis_btn_switch</a>
                    </div>
                </td>
                <td colspan='5' align='center'>
                    <div>
                        <!--css div popup start-->
                        <button>
                            <a class="popup_link" onfocus='this.blur();'
                               href="javascript:showTestDetail('div_pt11.5')" style="color:#660066;">
                                PASS
                            </a></button>
                        <div id='div_pt11.5' class="popup_window">
                            <div style='text-align: right; color:red;cursor:pointer'>
                                <a onfocus='this.blur();'
                                   onclick="document.getElementById('div_pt11.5').style.display = 'none'; "
                                   style="color:red;">
                                    [x]</a>
                            </div>
                            <pre>2023-03-02 13:40:09.933014 : 
                             
                             
2023-03-02 13:40:09.933014 : ====== WebDriver manager ======
                             
2023-03-02 13:40:09.969145 : Current google-chrome version is 110.0.5481
                             
2023-03-02 13:40:09.969145 : Get LATEST chromedriver version for 110.0.5481 google-chrome
                             
2023-03-02 13:40:10.052922 : Driver [C:\Users\KADOUN\.wdm\drivers\chromedriver\win32\110.0.5481.77\chromedriver.exe] found in cache
                             
2023-03-02 13:40:18.946728 : <selenium.webdriver.remote.webelement.WebElement (session="76d54fef725dd0edd4f78b2dbec50d5b", element="5c97c082-cf93-4580-a4e1-3806cfc3c362")>
2023-03-02 13:40:26.075730 : ['05.12. (P) / 7 éjszaka\nTunézia (szárazföld) (Tunézia)\nBudapest\n211 300 Ft /fõtõl', '05.12. (P) / 7 éjszaka\nTörök Riviéra (Törökország)\nBudapest\n221 300 Ft /fõtõl', '05.19. (P) / 7 éjszaka\nTörök Riviéra (Törökország)\nBudapest\n221 800 Ft /fõtõl', '05.19. (P) / 7 éjszaka\nTunézia (szárazföld) (Tunézia)\nBudapest\n212 600 Ft /fõtõl', '06.02. (P) / 7 éjszaka\nTörök Riviéra (Törökország)\nBudapest\n219 100 Ft /fõtõl', '06.04. (V) / 7 éjszaka\nHurghada (Egyiptom)\nBudapest\n273 700 Ft /fõtõl']
2023-03-02 13:40:26.075730 : ['03.03. (P) / 7 éjszaka\nTenerife (Spanyolország)\nBudapest\n372 300 Ft /fõtõl', '03.04. (Szo) / 7 éjszaka\nEgyesült Arab Emírségek (Egyesült Arab Emírségek)\nBudapest\n272 200 Ft /fõtõl']
2023-03-02 13:40:26.091299 : https://kartagohu.web2.dtweb.cz/
</pre>
                            <pre style="color: red;"></pre>
                        </div>
                        <!--css div popup end-->
                    </div>
                </td>
            </tr>
            
            <tr id="pt11.6" class='hiddenRow'>
                <td class='passCase'>
                    <div class='testcase'>
                        <a class="popup_link" onfocus='this.blur();'
                           href="javascript:showTestDetail('div_pt11.6')">test_HP_slider_click_detail_hotelu</a>
                    </div>
                </td>
                <td colspan='5' align='center'>
                    <div>
                        <!--css div popup start-->
                        <button>
                            <a class="popup_link" onfocus='this.blur();'
                               href="javascript:showTestDetail('div_pt11.6')" style="color:#660066;">
                                PASS
                            </a></button>
                        <div id='div_pt11.6' class="popup_window">
                            <div style='text-align: right; color:red;cursor:pointer'>
                                <a onfocus='this.blur();'
                                   onclick="document.getElementById('div_pt11.6').style.display = 'none'; "
                                   style="color:red;">
                                    [x]</a>
                            </div>
                            <pre>2023-03-02 13:40:28.222099 : 
                             
                             
2023-03-02 13:40:28.222099 : ====== WebDriver manager ======
                             
2023-03-02 13:40:28.262991 : Current google-chrome version is 110.0.5481
                             
2023-03-02 13:40:28.262991 : Get LATEST chromedriver version for 110.0.5481 google-chrome
                             
2023-03-02 13:40:28.347764 : Driver [C:\Users\KADOUN\.wdm\drivers\chromedriver\win32\110.0.5481.77\chromedriver.exe] found in cache
                             
2023-03-02 13:40:35.750004 : <selenium.webdriver.remote.webelement.WebElement (session="4f858af51ed890f67bf5b0e11f18ec1d", element="406cb177-4702-4ff9-96eb-a55d969cba7a")>
2023-03-02 13:40:47.326747 : https://kartagohu.web2.dtweb.cz/tunezia/tunezia-(szarazfold)/hammamet/samira-club-spa-a-aqua-park?DS=65536&GIATA=20914&D=64419|64420|64425|63219|63281|63311|63314|63316|63324|63362|63373|63402|63409|63431|63471|211801|211814|63260|63288|63448|63252|63447&HID=4765&MT=5&MMT=5&NN=7&DF=2023-05-01|2023-06-30&RD=2023-05-19&DD=2023-05-12&ERM=0&AC1=2&KC1=1&KA1=6&IC1=0&DP=489&TO=489|4371&TOM=489|4371&MNN=7&NNM=7|8|9|10|11|12|13|14&TT=1&TTM=1&PID=MIR10020&DPR=KARTAGO-HU-ATCOM
</pre>
                            <pre style="color: red;"></pre>
                        </div>
                        <!--css div popup end-->
                    </div>
                </td>
            </tr>
            
            <tr id="ft11.7" class='none'>
                <td class='errorCase'>
                    <div class='testcase'>
                        <a class="popup_link" onfocus='this.blur();'
                           href="javascript:showTestDetail('div_ft11.7')">test_HP_bannery_check</a>
                    </div>
                </td>
                <td colspan='5' align='center'>
                    <div>
                        <!--css div popup start-->
                        <button>
                            <a class="popup_link" onfocus='this.blur();'
                               href="javascript:showTestDetail('div_ft11.7')" style="color:#660066;">
                                ERROR
                            </a></button>
                        <div id='div_ft11.7' class="popup_window">
                            <div style='text-align: right; color:red;cursor:pointer'>
                                <a onfocus='this.blur();'
                                   onclick="document.getElementById('div_ft11.7').style.display = 'none'; "
                                   style="color:red;">
                                    [x]</a>
                            </div>
                            <pre>2023-03-02 13:40:49.562788 : 
                             
                             
2023-03-02 13:40:49.562788 : ====== WebDriver manager ======
                             
2023-03-02 13:40:49.607669 : Current google-chrome version is 110.0.5481
                             
2023-03-02 13:40:49.607669 : Get LATEST chromedriver version for 110.0.5481 google-chrome
                             
2023-03-02 13:40:49.690448 : Driver [C:\Users\KADOUN\.wdm\drivers\chromedriver\win32\110.0.5481.77\chromedriver.exe] found in cache
                             
2023-03-02 13:41:01.737617 : <selenium.webdriver.remote.webelement.WebElement (session="479fbf26b76e50cbc67c26229b7ba837", element="8d776838-4b1e-40ce-b860-5ebda607dbc4")>
</pre>
                            <pre style="color: red;">Traceback (most recent call last):
  File "C:\Users\KADOUN\Desktop\Automatization_Project_Master_QA\KTGHU_Automation_Local_Deploy_PyCharm\HP_C.py", line 141, in test_HP_bannery_check
    banner_check_public_prod_VS_deployed_web(self.driver, URL_prod_public, URL_deploying_web, banneryXpath_EW)
  File "C:\Users\KADOUN\Desktop\Automatization_Project_Master_QA\generalized_banners_compare_to_deploy_web.py", line 78, in banner_check_public_prod_VS_deployed_web
    if pocetNalezenychZajezduElementList_PROD[x]==pocetNalezenychZajezduElementList_DEPLOY[x]:
IndexError: list index out of range
</pre>
                        </div>
                        <!--css div popup end-->
                    </div>
                </td>
            </tr>
            
            <tr id="ft11.8" class='none'>
                <td class='errorCase'>
                    <div class='testcase'>
                        <a class="popup_link" onfocus='this.blur();'
                           href="javascript:showTestDetail('div_ft11.8')">test_HP_bannery_check</a>
                    </div>
                </td>
                <td colspan='5' align='center'>
                    <div>
                        <!--css div popup start-->
                        <button>
                            <a class="popup_link" onfocus='this.blur();'
                               href="javascript:showTestDetail('div_ft11.8')" style="color:#660066;">
                                ERROR
                            </a></button>
                        <div id='div_ft11.8' class="popup_window">
                            <div style='text-align: right; color:red;cursor:pointer'>
                                <a onfocus='this.blur();'
                                   onclick="document.getElementById('div_ft11.8').style.display = 'none'; "
                                   style="color:red;">
                                    [x]</a>
                            </div>
                            <pre></pre>
                            <pre style="color: red;">Traceback (most recent call last):
  File "C:\Users\KADOUN\Desktop\Automatization_Project_Master_QA\KTGHU_Automation_Local_Deploy_PyCharm\HP_C.py", line 35, in tearDown
    tearDown(self)
  File "C:\Users\KADOUN\Desktop\Automatization_Project_Master_QA\KTGHU_Automation_Local_Deploy_PyCharm\to_import.py", line 74, in tearDown
    print(self.driver.current_url)
  File "C:\Users\KADOUN\AppData\Local\Programs\Python\Python38\lib\site-packages\selenium\webdriver\remote\webdriver.py", line 669, in current_url
    return self.execute(Command.GET_CURRENT_URL)['value']
  File "C:\Users\KADOUN\AppData\Local\Programs\Python\Python38\lib\site-packages\selenium\webdriver\remote\webdriver.py", line 321, in execute
    self.error_handler.check_response(response)
  File "C:\Users\KADOUN\AppData\Local\Programs\Python\Python38\lib\site-packages\selenium\webdriver\remote\errorhandler.py", line 242, in check_response
    raise exception_class(message, screen, stacktrace)
selenium.common.exceptions.NoSuchWindowException: Message: no such window: target window already closed
from unknown error: web view not found
  (Session info: chrome=110.0.5481.178)

</pre>
                        </div>
                        <!--css div popup end-->
                    </div>
                </td>
            </tr>
            
        

        <tr id='total_row'>
            <td>Total</td>
            <td>33</td>
            <td>11</td>
            <td>0</td>
            <td>22</td>
            <td>&nbsp;</td>
        </tr>
    </table>
</div>
<br><br>
<div id='ending'><b>Time Elapsed: </b>0:17:35.234533</div>
</body>
</html>