<!DOCTYPE html>
<html>
<head>
    <title>EXIM ||| https://exim.web13.dtweb.cz/</title>
    <meta name="generator" content="HTMLTestRunner 1.0.17"/>
    <meta http-equiv="Content-Type" content="text/html; charset=UTF-8"/>
    <link rel="stylesheet" href="stylesheet.css">
    <script src="script.js"></script>
    <style>
        
    </style>
    <script>
        
    </script>
</head>
<body>
<div class='heading'>
    <h1 style="margin-left:1ex;">EXIM ||| https://exim.web13.dtweb.cz/</h1>
    
    <p class='attribute'><strong>Start Time : </strong> 2023-09-12 10:39:37</p>
    
    <p class='attribute'><strong>Duration : </strong> 0:16:15.208214</p>
    
    <p class='attribute'><strong>Status : </strong> Pass 12 Error 25</p>
    
    <p class='attribute'><strong>Descrition : </strong> EXIM WEB Suite Report Version : hotifx</p>
    
    <p class='attribute'><strong>Tested By : </strong> Unknown</p>
    
</div>
<div>
    <p id='show_detail_line'><b>Show</b>
        <button><a href='javascript:showCase(0)' style="color:#660066;">Summary</a></button>
        <button><a href='javascript:showCase(1)' style="color:#660066;">Failed</a></button>
        <button><a href='javascript:showCase(2)' style="color:#660066;">Passed</a></button>
        <button><a href='javascript:showCase(3)' style="color:#660066;">All</a></button>
    </p>
    <table id='result_table'>
        <colgroup>
            <col align='left'/>
            <col align='right'/>
            <col align='right'/>
            <col align='right'/>
            <col align='right'/>
            <col align='right'/>
        </colgroup>
        <tr id='header_row'>
            <td>Test Group/Test case</td>
            <td>Count</td>
            <td>Pass</td>
            <td>Fail</td>
            <td>Error</td>
            <td>View</td>
        </tr>
        
        <tr class='passClass' style="font-weight:bold;color:white;">
            <td><a href="javascript:showClassDetail('c1','1')">EW_Automation_Local_Deploy_PyCharm.CovidInfo_D.TestCovidInfo_D</a></td>
            <td>1</td>
            <td>1</td>
            <td>0</td>
            <td>0</td>
            <td>
                <button><a href="javascript:showClassDetail('c1','1')"
                           style="color:#660066;">Detail</a></button>
            </td>
        </tr>
            
            <tr id="pt1.1" class='hiddenRow'>
                <td class='passCase'>
                    <div class='testcase'>
                        <a class="popup_link" onfocus='this.blur();'
                           href="javascript:showTestDetail('div_pt1.1')">test_covidInfo_D</a>
                    </div>
                </td>
                <td colspan='5' align='center'>
                    <div>
                        <!--css div popup start-->
                        <button>
                            <a class="popup_link" onfocus='this.blur();'
                               href="javascript:showTestDetail('div_pt1.1')" style="color:#660066;">
                                PASS
                            </a></button>
                        <div id='div_pt1.1' class="popup_window">
                            <div style='text-align: right; color:red;cursor:pointer'>
                                <a onfocus='this.blur();'
                                   onclick="document.getElementById('div_pt1.1').style.display = 'none'; "
                                   style="color:red;">
                                    [x]</a>
                            </div>
                            <pre>2023-09-12 10:39:45.381660 : <selenium.webdriver.remote.webelement.WebElement (session="7936026b6662def68f3515701c743ebe", element="1EC778D961D60B41CF10767FA852BE74_element_289")>
2023-09-12 10:39:46.565103 : gridy jdou videt
2023-09-12 10:39:46.576085 : gridy jdou videt
2023-09-12 10:39:46.588028 : gridy jdou videt
2023-09-12 10:39:46.598001 : gridy jdou videt
2023-09-12 10:39:46.609969 : gridy jdou videt
2023-09-12 10:39:46.619943 : gridy jdou videt
2023-09-12 10:39:46.629916 : gridy jdou videt
2023-09-12 10:39:46.638893 : gridy jdou videt
2023-09-12 10:39:46.648866 : gridy jdou videt
2023-09-12 10:39:46.659836 : gridy jdou videt
2023-09-12 10:39:46.669810 : gridy jdou videt
2023-09-12 10:39:46.678787 : gridy jdou videt
2023-09-12 10:39:46.693746 : gridy jdou videt
2023-09-12 10:39:46.703723 : gridy jdou videt
2023-09-12 10:39:46.713694 : gridy jdou videt
2023-09-12 10:39:46.723666 : gridy jdou videt
2023-09-12 10:39:46.733643 : gridy jdou videt
2023-09-12 10:39:46.743613 : gridy jdou videt
2023-09-12 10:39:46.752589 : gridy jdou videt
2023-09-12 10:39:46.762563 : gridy jdou videt
2023-09-12 10:39:46.772536 : gridy jdou videt
2023-09-12 10:39:46.783506 : gridy jdou videt
2023-09-12 10:39:46.792483 : gridy jdou videt
2023-09-12 10:39:46.802456 : gridy jdou videt
2023-09-12 10:39:46.811432 : gridy jdou videt
2023-09-12 10:39:46.821408 : gridy jdou videt
2023-09-12 10:39:46.833386 : gridy jdou videt
2023-09-12 10:39:46.845342 : gridy jdou videt
2023-09-12 10:39:46.856314 : gridy jdou videt
2023-09-12 10:39:46.866287 : gridy jdou videt
2023-09-12 10:39:46.876259 : gridy jdou videt
2023-09-12 10:39:46.885183 : gridy jdou videt
2023-09-12 10:39:46.894158 : gridy jdou videt
2023-09-12 10:39:46.904132 : gridy jdou videt
2023-09-12 10:39:46.913108 : gridy jdou videt
2023-09-12 10:39:46.923081 : gridy jdou videt
2023-09-12 10:39:46.932057 : gridy jdou videt
2023-09-12 10:39:46.989903 : content jdou videt
2023-09-12 10:39:46.999877 : content jdou videt
2023-09-12 10:39:47.009849 : content jdou videt
2023-09-12 10:39:47.018826 : content jdou videt
2023-09-12 10:39:47.030793 : content jdou videt
2023-09-12 10:39:47.039770 : content jdou videt
2023-09-12 10:39:47.048746 : content jdou videt
2023-09-12 10:39:47.057723 : content jdou videt
2023-09-12 10:39:47.066698 : content jdou videt
2023-09-12 10:39:47.075674 : content jdou videt
2023-09-12 10:39:47.085647 : content jdou videt
2023-09-12 10:39:47.095621 : content jdou videt
2023-09-12 10:39:47.104597 : content jdou videt
2023-09-12 10:39:47.113573 : content jdou videt
2023-09-12 10:39:47.122549 : content jdou videt
2023-09-12 10:39:47.132522 : content jdou videt
2023-09-12 10:39:47.143494 : content jdou videt
2023-09-12 10:39:47.152469 : content jdou videt
2023-09-12 10:39:47.162442 : content jdou videt
2023-09-12 10:39:47.204331 : content jdou videt
2023-09-12 10:39:47.213307 : content jdou videt
2023-09-12 10:39:47.223280 : content jdou videt
2023-09-12 10:39:47.231258 : content jdou videt
2023-09-12 10:39:47.240236 : content jdou videt
2023-09-12 10:39:47.249212 : content jdou videt
2023-09-12 10:39:47.257190 : content jdou videt
2023-09-12 10:39:47.267163 : content jdou videt
2023-09-12 10:39:47.275142 : content jdou videt
2023-09-12 10:39:47.284118 : content jdou videt
2023-09-12 10:39:47.293094 : content jdou videt
2023-09-12 10:39:47.301073 : content jdou videt
2023-09-12 10:39:47.310049 : content jdou videt
2023-09-12 10:39:47.319025 : content jdou videt
2023-09-12 10:39:47.327003 : content jdou videt
2023-09-12 10:39:47.336978 : content jdou videt
2023-09-12 10:39:47.346950 : content jdou videt
2023-09-12 10:39:47.357921 : content jdou videt
2023-09-12 10:39:47.362910 : https://exim.web13.dtweb.cz/covid-info
</pre>
                            <pre style="color: red;"></pre>
                        </div>
                        <!--css div popup end-->
                    </div>
                </td>
            </tr>
            
        
        <tr class='passClass' style="font-weight:bold;color:white;">
            <td><a href="javascript:showClassDetail('c2','1')">EW_Automation_Local_Deploy_PyCharm.Detail_D.TestDetailHotelu_D</a></td>
            <td>1</td>
            <td>1</td>
            <td>0</td>
            <td>0</td>
            <td>
                <button><a href="javascript:showClassDetail('c2','1')"
                           style="color:#660066;">Detail</a></button>
            </td>
        </tr>
            
            <tr id="pt2.1" class='hiddenRow'>
                <td class='passCase'>
                    <div class='testcase'>
                        <a class="popup_link" onfocus='this.blur();'
                           href="javascript:showTestDetail('div_pt2.1')">test_detail_D</a>
                    </div>
                </td>
                <td colspan='5' align='center'>
                    <div>
                        <!--css div popup start-->
                        <button>
                            <a class="popup_link" onfocus='this.blur();'
                               href="javascript:showTestDetail('div_pt2.1')" style="color:#660066;">
                                PASS
                            </a></button>
                        <div id='div_pt2.1' class="popup_window">
                            <div style='text-align: right; color:red;cursor:pointer'>
                                <a onfocus='this.blur();'
                                   onclick="document.getElementById('div_pt2.1').style.display = 'none'; "
                                   style="color:red;">
                                    [x]</a>
                            </div>
                            <pre>2023-09-12 10:40:00.615041 : <selenium.webdriver.remote.webelement.WebElement (session="211d962b8831d5fc7d9c38d953f64131", element="8787F1A3EE393D18629398295B4E706F_element_538")>
2023-09-12 10:40:00.813465 : https://exim.web13.dtweb.cz//turecko/turecka-riviera/avsallar/incekum-su?D=63260|63288|63448|64152|64153|64154|64157|211801|211814&DD=2023-08-28&DP=4305&DPR=EXIM+TOURS+ATCOM&DS=8192&GIATA=59394&HID=374&MNN=7&MT=5&NN=7&PID=AYT19071&RD=2023-09-04&TO=4305&df=2023-08-21|2023-09-30&nnm=7|8|9|10|11|12|13&sortby=Departure&tt=1&ttm=1#/prehled
</pre>
                            <pre style="color: red;"></pre>
                        </div>
                        <!--css div popup end-->
                    </div>
                </td>
            </tr>
            
        
        <tr class='errorClass' style="font-weight:bold;color:white;">
            <td><a href="javascript:showClassDetail('c3','5')">EW_Automation_Local_Deploy_PyCharm.Detail_C.TestDetailHotelu_C</a></td>
            <td>5</td>
            <td>3</td>
            <td>0</td>
            <td>2</td>
            <td>
                <button><a href="javascript:showClassDetail('c3','5')"
                           style="color:#660066;">Detail</a></button>
            </td>
        </tr>
            
            <tr id="pt3.1" class='hiddenRow'>
                <td class='passCase'>
                    <div class='testcase'>
                        <a class="popup_link" onfocus='this.blur();'
                           href="javascript:showTestDetail('div_pt3.1')">test_detail_fotka</a>
                    </div>
                </td>
                <td colspan='5' align='center'>
                    <div>
                        <!--css div popup start-->
                        <button>
                            <a class="popup_link" onfocus='this.blur();'
                               href="javascript:showTestDetail('div_pt3.1')" style="color:#660066;">
                                PASS
                            </a></button>
                        <div id='div_pt3.1' class="popup_window">
                            <div style='text-align: right; color:red;cursor:pointer'>
                                <a onfocus='this.blur();'
                                   onclick="document.getElementById('div_pt3.1').style.display = 'none'; "
                                   style="color:red;">
                                    [x]</a>
                            </div>
                            <pre>2023-09-12 10:40:21.444146 : <selenium.webdriver.remote.webelement.WebElement (session="38e630f5e1e227fe49e7f63cb14fd0df", element="3DD4C044EE4B3A3787A47F8A00FC58B7_element_282")>
2023-09-12 10:40:30.432532 : its ok
2023-09-12 10:40:30.440516 : https://img.fischer.cz/hotels/turecko/turecka-riviera/avsallar/incekum-su-hotel/197078.jpeg
</pre>
                            <pre style="color: red;"></pre>
                        </div>
                        <!--css div popup end-->
                    </div>
                </td>
            </tr>
            
            <tr id="pt3.2" class='hiddenRow'>
                <td class='passCase'>
                    <div class='testcase'>
                        <a class="popup_link" onfocus='this.blur();'
                           href="javascript:showTestDetail('div_pt3.2')">test_detail_terminy_filtr_meal</a>
                    </div>
                </td>
                <td colspan='5' align='center'>
                    <div>
                        <!--css div popup start-->
                        <button>
                            <a class="popup_link" onfocus='this.blur();'
                               href="javascript:showTestDetail('div_pt3.2')" style="color:#660066;">
                                PASS
                            </a></button>
                        <div id='div_pt3.2' class="popup_window">
                            <div style='text-align: right; color:red;cursor:pointer'>
                                <a onfocus='this.blur();'
                                   onclick="document.getElementById('div_pt3.2').style.display = 'none'; "
                                   style="color:red;">
                                    [x]</a>
                            </div>
                            <pre>2023-09-12 10:40:41.337055 : <selenium.webdriver.remote.webelement.WebElement (session="6212770d53a9b2ccedf99850f7b168b4", element="EDCB6A032096F5ED68C38284B972DEC8_element_284")>
2023-09-12 10:40:47.592620 : else departure not true
2023-09-12 10:40:56.037221 : all inclusive
2023-09-12 10:40:58.047964 : 0
2023-09-12 10:40:58.264387 : ok
2023-09-12 10:40:58.264387 : ok
2023-09-12 10:40:58.264387 : ok
2023-09-12 10:40:58.264387 : ok
2023-09-12 10:40:58.264387 : ok
2023-09-12 10:40:58.264387 : ok
2023-09-12 10:40:58.264387 : ok
2023-09-12 10:40:58.264387 : ok
2023-09-12 10:40:58.264387 : ok
2023-09-12 10:40:58.264387 : ok
2023-09-12 10:40:58.264387 : ok
2023-09-12 10:40:58.264387 : ok
2023-09-12 10:40:58.265385 : ok
2023-09-12 10:40:58.265385 : ok
2023-09-12 10:40:58.265385 : ok
2023-09-12 10:40:58.265385 : ok
2023-09-12 10:40:58.265385 : ok
2023-09-12 10:40:58.265385 : ok
2023-09-12 10:40:58.265385 : ok
2023-09-12 10:40:58.265385 : ok
2023-09-12 10:40:58.265385 : ['all inclusive', 'all inclusive', 'all inclusive', 'all inclusive', 'all inclusive', 'all inclusive', 'all inclusive', 'all inclusive', 'all inclusive', 'all inclusive', 'all inclusive', 'all inclusive', 'all inclusive', 'all inclusive', 'all inclusive', 'all inclusive', 'all inclusive', 'all inclusive', 'all inclusive', 'all inclusive']
2023-09-12 10:40:58.269374 : https://exim.web13.dtweb.cz//turecko/turecka-riviera/avsallar/incekum-su?D=63260|63288|63448|64152|64153|64154|64157|211801|211814&DD=2023-08-28&DP=4305&DPR=EXIM+TOURS+ATCOM&DS=8192&GIATA=59394&HID=374&MNN=7&MT=5&NN=7&PID=AYT19071&RD=2023-09-04&TO=4305&df=2023-08-21|2023-09-30&mtm=5&nnm=7|8|9|10|11|12|13&ptm=0&sortby=Departure&tt=1&ttm=1#/terminy
</pre>
                            <pre style="color: red;"></pre>
                        </div>
                        <!--css div popup end-->
                    </div>
                </td>
            </tr>
            
            <tr id="pt3.3" class='hiddenRow'>
                <td class='passCase'>
                    <div class='testcase'>
                        <a class="popup_link" onfocus='this.blur();'
                           href="javascript:showTestDetail('div_pt3.3')">test_detail_terminy_filtr_airport</a>
                    </div>
                </td>
                <td colspan='5' align='center'>
                    <div>
                        <!--css div popup start-->
                        <button>
                            <a class="popup_link" onfocus='this.blur();'
                               href="javascript:showTestDetail('div_pt3.3')" style="color:#660066;">
                                PASS
                            </a></button>
                        <div id='div_pt3.3' class="popup_window">
                            <div style='text-align: right; color:red;cursor:pointer'>
                                <a onfocus='this.blur();'
                                   onclick="document.getElementById('div_pt3.3').style.display = 'none'; "
                                   style="color:red;">
                                    [x]</a>
                            </div>
                            <pre>2023-09-12 10:41:07.720746 : <selenium.webdriver.remote.webelement.WebElement (session="9487c7cf0fe23ca3b218ca40a3d5ce03", element="8EF446B0FA8B940F47153F7B0ED5B935_element_276")>
2023-09-12 10:41:13.992751 : if departure==True
2023-09-12 10:41:30.354946 : equal to brno
2023-09-12 10:41:30.388013 : equal to brno
2023-09-12 10:41:30.643690 : https://exim.web13.dtweb.cz//turecko/turecka-riviera/avsallar/incekum-su?D=63260|63288|63448|64152|64153|64154|64157|211801|211814&DD=2023-08-28&DP=4305&DPR=EXIM+TOURS+ATCOM&DS=8192&GIATA=59394&HID=374&MNN=7&MT=5&NN=7&PID=AYT19071&RD=2023-09-04&TO=4305&df=2023-08-21|2023-09-30&nnm=7|8|9|10|11|12|13&ptm=0&sortby=Departure&tom=4305&tt=1&ttm=1#/terminy
</pre>
                            <pre style="color: red;"></pre>
                        </div>
                        <!--css div popup end-->
                    </div>
                </td>
            </tr>
            
            <tr id="ft3.4" class='none'>
                <td class='errorCase'>
                    <div class='testcase'>
                        <a class="popup_link" onfocus='this.blur();'
                           href="javascript:showTestDetail('div_ft3.4')">test_detail_price_sorter_terminy_cheap</a>
                    </div>
                </td>
                <td colspan='5' align='center'>
                    <div>
                        <!--css div popup start-->
                        <button>
                            <a class="popup_link" onfocus='this.blur();'
                               href="javascript:showTestDetail('div_ft3.4')" style="color:#660066;">
                                ERROR
                            </a></button>
                        <div id='div_ft3.4' class="popup_window">
                            <div style='text-align: right; color:red;cursor:pointer'>
                                <a onfocus='this.blur();'
                                   onclick="document.getElementById('div_ft3.4').style.display = 'none'; "
                                   style="color:red;">
                                    [x]</a>
                            </div>
                            <pre></pre>
                            <pre style="color: red;">Traceback (most recent call last):
  File "C:\Users\KADOUN\AppData\Roaming\Python\Python38\site-packages\webdriver_manager\core\file_manager.py", line 65, in __extract_zip
    archive.extractall(to_directory)
  File "C:\Users\KADOUN\AppData\Local\Programs\Python\Python38\lib\zipfile.py", line 1647, in extractall
    self._extract_member(zipinfo, path, pwd)
  File "C:\Users\KADOUN\AppData\Local\Programs\Python\Python38\lib\zipfile.py", line 1701, in _extract_member
    open(targetpath, "wb") as target:
PermissionError: [Errno 13] Permission denied: 'C:\\Users\\KADOUN\\.wdm\\drivers\\chromedriver\\win64\\116.0.5845.180\\chromedriver-win32\\chromedriver.exe'

During handling of the above exception, another exception occurred:

Traceback (most recent call last):
  File "C:\Users\KADOUN\Desktop\Automatization_Project_Master_QA\EW_Automation_Local_Deploy_PyCharm\Detail_C.py", line 36, in setUp
    setUp(self)
  File "C:\Users\KADOUN\Desktop\Automatization_Project_Master_QA\EW_Automation_Local_Deploy_PyCharm\to_import.py", line 34, in setUp
    self.driver = webdriver.Chrome(ChromeDriverManager().install())
  File "C:\Users\KADOUN\AppData\Roaming\Python\Python38\site-packages\webdriver_manager\chrome.py", line 40, in install
    driver_path = self._get_driver_binary_path(self.driver)
  File "C:\Users\KADOUN\AppData\Roaming\Python\Python38\site-packages\webdriver_manager\core\manager.py", line 41, in _get_driver_binary_path
    binary_path = self._cache_manager.save_file_to_cache(driver, file)
  File "C:\Users\KADOUN\AppData\Roaming\Python\Python38\site-packages\webdriver_manager\core\driver_cache.py", line 54, in save_file_to_cache
    files = self.unpack_archive(archive, path)
  File "C:\Users\KADOUN\AppData\Roaming\Python\Python38\site-packages\webdriver_manager\core\driver_cache.py", line 49, in unpack_archive
    return self._file_manager.unpack_archive(archive, path)
  File "C:\Users\KADOUN\AppData\Roaming\Python\Python38\site-packages\webdriver_manager\core\file_manager.py", line 57, in unpack_archive
    return self.__extract_zip(archive_file, target_dir)
  File "C:\Users\KADOUN\AppData\Roaming\Python\Python38\site-packages\webdriver_manager\core\file_manager.py", line 81, in __extract_zip
    os.replace(source, destination)
PermissionError: [WinError 5] Access is denied: 'C:\\Users\\KADOUN\\.wdm\\drivers\\chromedriver\\win64\\116.0.5845.180\\chromedriver-win32\\chromedriver.exe' -> 'C:\\Users\\KADOUN\\.wdm\\drivers\\chromedriver\\win64\\116.0.5845.180\\chromedriver.exe'
</pre>
                        </div>
                        <!--css div popup end-->
                    </div>
                </td>
            </tr>
            
            <tr id="ft3.5" class='none'>
                <td class='errorCase'>
                    <div class='testcase'>
                        <a class="popup_link" onfocus='this.blur();'
                           href="javascript:showTestDetail('div_ft3.5')">test_detail_price_sorter_terminy_expensive</a>
                    </div>
                </td>
                <td colspan='5' align='center'>
                    <div>
                        <!--css div popup start-->
                        <button>
                            <a class="popup_link" onfocus='this.blur();'
                               href="javascript:showTestDetail('div_ft3.5')" style="color:#660066;">
                                ERROR
                            </a></button>
                        <div id='div_ft3.5' class="popup_window">
                            <div style='text-align: right; color:red;cursor:pointer'>
                                <a onfocus='this.blur();'
                                   onclick="document.getElementById('div_ft3.5').style.display = 'none'; "
                                   style="color:red;">
                                    [x]</a>
                            </div>
                            <pre></pre>
                            <pre style="color: red;">Traceback (most recent call last):
  File "C:\Users\KADOUN\AppData\Roaming\Python\Python38\site-packages\webdriver_manager\core\file_manager.py", line 65, in __extract_zip
    archive.extractall(to_directory)
  File "C:\Users\KADOUN\AppData\Local\Programs\Python\Python38\lib\zipfile.py", line 1647, in extractall
    self._extract_member(zipinfo, path, pwd)
  File "C:\Users\KADOUN\AppData\Local\Programs\Python\Python38\lib\zipfile.py", line 1701, in _extract_member
    open(targetpath, "wb") as target:
PermissionError: [Errno 13] Permission denied: 'C:\\Users\\KADOUN\\.wdm\\drivers\\chromedriver\\win64\\116.0.5845.180\\chromedriver-win32\\chromedriver.exe'

During handling of the above exception, another exception occurred:

Traceback (most recent call last):
  File "C:\Users\KADOUN\Desktop\Automatization_Project_Master_QA\EW_Automation_Local_Deploy_PyCharm\Detail_C.py", line 36, in setUp
    setUp(self)
  File "C:\Users\KADOUN\Desktop\Automatization_Project_Master_QA\EW_Automation_Local_Deploy_PyCharm\to_import.py", line 34, in setUp
    self.driver = webdriver.Chrome(ChromeDriverManager().install())
  File "C:\Users\KADOUN\AppData\Roaming\Python\Python38\site-packages\webdriver_manager\chrome.py", line 40, in install
    driver_path = self._get_driver_binary_path(self.driver)
  File "C:\Users\KADOUN\AppData\Roaming\Python\Python38\site-packages\webdriver_manager\core\manager.py", line 41, in _get_driver_binary_path
    binary_path = self._cache_manager.save_file_to_cache(driver, file)
  File "C:\Users\KADOUN\AppData\Roaming\Python\Python38\site-packages\webdriver_manager\core\driver_cache.py", line 54, in save_file_to_cache
    files = self.unpack_archive(archive, path)
  File "C:\Users\KADOUN\AppData\Roaming\Python\Python38\site-packages\webdriver_manager\core\driver_cache.py", line 49, in unpack_archive
    return self._file_manager.unpack_archive(archive, path)
  File "C:\Users\KADOUN\AppData\Roaming\Python\Python38\site-packages\webdriver_manager\core\file_manager.py", line 57, in unpack_archive
    return self.__extract_zip(archive_file, target_dir)
  File "C:\Users\KADOUN\AppData\Roaming\Python\Python38\site-packages\webdriver_manager\core\file_manager.py", line 81, in __extract_zip
    os.replace(source, destination)
PermissionError: [WinError 5] Access is denied: 'C:\\Users\\KADOUN\\.wdm\\drivers\\chromedriver\\win64\\116.0.5845.180\\chromedriver-win32\\chromedriver.exe' -> 'C:\\Users\\KADOUN\\.wdm\\drivers\\chromedriver\\win64\\116.0.5845.180\\chromedriver.exe'
</pre>
                        </div>
                        <!--css div popup end-->
                    </div>
                </td>
            </tr>
            
        
        <tr class='passClass' style="font-weight:bold;color:white;">
            <td><a href="javascript:showClassDetail('c4','1')">EW_Automation_Local_Deploy_PyCharm.DetskeKluby_D.TestDetskeKluby_D</a></td>
            <td>1</td>
            <td>1</td>
            <td>0</td>
            <td>0</td>
            <td>
                <button><a href="javascript:showClassDetail('c4','1')"
                           style="color:#660066;">Detail</a></button>
            </td>
        </tr>
            
            <tr id="pt4.1" class='hiddenRow'>
                <td class='passCase'>
                    <div class='testcase'>
                        <a class="popup_link" onfocus='this.blur();'
                           href="javascript:showTestDetail('div_pt4.1')">test_kluby_D</a>
                    </div>
                </td>
                <td colspan='5' align='center'>
                    <div>
                        <!--css div popup start-->
                        <button>
                            <a class="popup_link" onfocus='this.blur();'
                               href="javascript:showTestDetail('div_pt4.1')" style="color:#660066;">
                                PASS
                            </a></button>
                        <div id='div_pt4.1' class="popup_window">
                            <div style='text-align: right; color:red;cursor:pointer'>
                                <a onfocus='this.blur();'
                                   onclick="document.getElementById('div_pt4.1').style.display = 'none'; "
                                   style="color:red;">
                                    [x]</a>
                            </div>
                            <pre>2023-09-12 10:41:44.910601 : <selenium.webdriver.remote.webelement.WebElement (session="9c634ba9d6ed3f451c7f03e930e93c2c", element="FAC33D66BD05F4B4B05A5F6B97AB75CE_element_309")>
2023-09-12 10:41:48.113726 : benefit item
2023-09-12 10:41:48.127693 : benefit item
2023-09-12 10:41:48.138663 : benefit item
2023-09-12 10:41:48.286269 : grind container
2023-09-12 10:41:48.298237 : grind container
2023-09-12 10:41:48.313197 : grind container
2023-09-12 10:41:48.324168 : grind container
2023-09-12 10:41:48.336135 : grind container
2023-09-12 10:41:48.347107 : grind container
2023-09-12 10:41:48.356083 : grind container
2023-09-12 10:41:48.366056 : grind container
2023-09-12 10:41:48.377027 : grind container
2023-09-12 10:41:48.386003 : grind container
2023-09-12 10:41:48.394978 : grind container
2023-09-12 10:41:48.404953 : grind container
2023-09-12 10:41:48.414925 : grind container
2023-09-12 10:41:48.427891 : https://exim.web13.dtweb.cz/mango-club
</pre>
                            <pre style="color: red;"></pre>
                        </div>
                        <!--css div popup end-->
                    </div>
                </td>
            </tr>
            
        
        <tr class='errorClass' style="font-weight:bold;color:white;">
            <td><a href="javascript:showClassDetail('c5','2')">EW_Automation_Local_Deploy_PyCharm.FM_D.TestFM_D</a></td>
            <td>2</td>
            <td>0</td>
            <td>0</td>
            <td>2</td>
            <td>
                <button><a href="javascript:showClassDetail('c5','2')"
                           style="color:#660066;">Detail</a></button>
            </td>
        </tr>
            
            <tr id="ft5.1" class='none'>
                <td class='errorCase'>
                    <div class='testcase'>
                        <a class="popup_link" onfocus='this.blur();'
                           href="javascript:showTestDetail('div_ft5.1')">test_FM_D</a>
                    </div>
                </td>
                <td colspan='5' align='center'>
                    <div>
                        <!--css div popup start-->
                        <button>
                            <a class="popup_link" onfocus='this.blur();'
                               href="javascript:showTestDetail('div_ft5.1')" style="color:#660066;">
                                ERROR
                            </a></button>
                        <div id='div_ft5.1' class="popup_window">
                            <div style='text-align: right; color:red;cursor:pointer'>
                                <a onfocus='this.blur();'
                                   onclick="document.getElementById('div_ft5.1').style.display = 'none'; "
                                   style="color:red;">
                                    [x]</a>
                            </div>
                            <pre>2023-09-12 10:42:02.888426 : <selenium.webdriver.remote.webelement.WebElement (session="de039450aaa1426d4c2c89751619b0a2", element="56D615A0A2E1D32705923EAAE9CA83BB_element_491")>
</pre>
                            <pre style="color: red;">Traceback (most recent call last):
  File "C:\Users\KADOUN\Desktop\Automatization_Project_Master_QA\EW_Automation_Local_Deploy_PyCharm\FM_D.py", line 85, in test_FM_D
    wait.until(EC.visibility_of(benefitItemsSingle))
  File "C:\Users\KADOUN\AppData\Roaming\Python\Python38\site-packages\selenium\webdriver\support\wait.py", line 71, in until
    value = method(self._driver)
  File "C:\Users\KADOUN\AppData\Roaming\Python\Python38\site-packages\selenium\webdriver\support\expected_conditions.py", line 144, in __call__
    return _element_if_visible(self.element)
  File "C:\Users\KADOUN\AppData\Roaming\Python\Python38\site-packages\selenium\webdriver\support\expected_conditions.py", line 148, in _element_if_visible
    return element if element.is_displayed() == visibility else False
  File "C:\Users\KADOUN\AppData\Roaming\Python\Python38\site-packages\selenium\webdriver\remote\webelement.py", line 486, in is_displayed
    return self.parent.execute_script(
  File "C:\Users\KADOUN\AppData\Roaming\Python\Python38\site-packages\selenium\webdriver\remote\webdriver.py", line 634, in execute_script
    return self.execute(command, {
  File "C:\Users\KADOUN\AppData\Roaming\Python\Python38\site-packages\selenium\webdriver\remote\webdriver.py", line 321, in execute
    self.error_handler.check_response(response)
  File "C:\Users\KADOUN\AppData\Roaming\Python\Python38\site-packages\selenium\webdriver\remote\errorhandler.py", line 242, in check_response
    raise exception_class(message, screen, stacktrace)
selenium.common.exceptions.NoSuchWindowException: Message: no such window: target window already closed
from unknown error: web view not found
  (Session info: chrome=116.0.5845.180)

</pre>
                        </div>
                        <!--css div popup end-->
                    </div>
                </td>
            </tr>
            
            <tr id="ft5.2" class='none'>
                <td class='errorCase'>
                    <div class='testcase'>
                        <a class="popup_link" onfocus='this.blur();'
                           href="javascript:showTestDetail('div_ft5.2')">test_FM_D</a>
                    </div>
                </td>
                <td colspan='5' align='center'>
                    <div>
                        <!--css div popup start-->
                        <button>
                            <a class="popup_link" onfocus='this.blur();'
                               href="javascript:showTestDetail('div_ft5.2')" style="color:#660066;">
                                ERROR
                            </a></button>
                        <div id='div_ft5.2' class="popup_window">
                            <div style='text-align: right; color:red;cursor:pointer'>
                                <a onfocus='this.blur();'
                                   onclick="document.getElementById('div_ft5.2').style.display = 'none'; "
                                   style="color:red;">
                                    [x]</a>
                            </div>
                            <pre></pre>
                            <pre style="color: red;">Traceback (most recent call last):
  File "C:\Users\KADOUN\Desktop\Automatization_Project_Master_QA\EW_Automation_Local_Deploy_PyCharm\FM_D.py", line 16, in tearDown
    tearDown(self)
  File "C:\Users\KADOUN\Desktop\Automatization_Project_Master_QA\EW_Automation_Local_Deploy_PyCharm\to_import.py", line 74, in tearDown
    print(self.driver.current_url)
  File "C:\Users\KADOUN\AppData\Roaming\Python\Python38\site-packages\selenium\webdriver\remote\webdriver.py", line 669, in current_url
    return self.execute(Command.GET_CURRENT_URL)['value']
  File "C:\Users\KADOUN\AppData\Roaming\Python\Python38\site-packages\selenium\webdriver\remote\webdriver.py", line 321, in execute
    self.error_handler.check_response(response)
  File "C:\Users\KADOUN\AppData\Roaming\Python\Python38\site-packages\selenium\webdriver\remote\errorhandler.py", line 242, in check_response
    raise exception_class(message, screen, stacktrace)
selenium.common.exceptions.NoSuchWindowException: Message: no such window: target window already closed
from unknown error: web view not found
  (Session info: chrome=116.0.5845.180)

</pre>
                        </div>
                        <!--css div popup end-->
                    </div>
                </td>
            </tr>
            
        
        <tr class='errorClass' style="font-weight:bold;color:white;">
            <td><a href="javascript:showClassDetail('c6','2')">EW_Automation_Local_Deploy_PyCharm.fulltext_C.Test_Fulltext_C</a></td>
            <td>2</td>
            <td>0</td>
            <td>0</td>
            <td>2</td>
            <td>
                <button><a href="javascript:showClassDetail('c6','2')"
                           style="color:#660066;">Detail</a></button>
            </td>
        </tr>
            
            <tr id="ft6.1" class='none'>
                <td class='errorCase'>
                    <div class='testcase'>
                        <a class="popup_link" onfocus='this.blur();'
                           href="javascript:showTestDetail('div_ft6.1')">test_fulltext_naseptavac</a>
                    </div>
                </td>
                <td colspan='5' align='center'>
                    <div>
                        <!--css div popup start-->
                        <button>
                            <a class="popup_link" onfocus='this.blur();'
                               href="javascript:showTestDetail('div_ft6.1')" style="color:#660066;">
                                ERROR
                            </a></button>
                        <div id='div_ft6.1' class="popup_window">
                            <div style='text-align: right; color:red;cursor:pointer'>
                                <a onfocus='this.blur();'
                                   onclick="document.getElementById('div_ft6.1').style.display = 'none'; "
                                   style="color:red;">
                                    [x]</a>
                            </div>
                            <pre></pre>
                            <pre style="color: red;">Traceback (most recent call last):
  File "C:\Users\KADOUN\AppData\Roaming\Python\Python38\site-packages\webdriver_manager\core\file_manager.py", line 65, in __extract_zip
    archive.extractall(to_directory)
  File "C:\Users\KADOUN\AppData\Local\Programs\Python\Python38\lib\zipfile.py", line 1647, in extractall
    self._extract_member(zipinfo, path, pwd)
  File "C:\Users\KADOUN\AppData\Local\Programs\Python\Python38\lib\zipfile.py", line 1701, in _extract_member
    open(targetpath, "wb") as target:
PermissionError: [Errno 13] Permission denied: 'C:\\Users\\KADOUN\\.wdm\\drivers\\chromedriver\\win64\\116.0.5845.180\\chromedriver-win32\\chromedriver.exe'

During handling of the above exception, another exception occurred:

Traceback (most recent call last):
  File "C:\Users\KADOUN\Desktop\Automatization_Project_Master_QA\EW_Automation_Local_Deploy_PyCharm\fulltext_C.py", line 20, in setUp
    setUp(self)
  File "C:\Users\KADOUN\Desktop\Automatization_Project_Master_QA\EW_Automation_Local_Deploy_PyCharm\to_import.py", line 34, in setUp
    self.driver = webdriver.Chrome(ChromeDriverManager().install())
  File "C:\Users\KADOUN\AppData\Roaming\Python\Python38\site-packages\webdriver_manager\chrome.py", line 40, in install
    driver_path = self._get_driver_binary_path(self.driver)
  File "C:\Users\KADOUN\AppData\Roaming\Python\Python38\site-packages\webdriver_manager\core\manager.py", line 41, in _get_driver_binary_path
    binary_path = self._cache_manager.save_file_to_cache(driver, file)
  File "C:\Users\KADOUN\AppData\Roaming\Python\Python38\site-packages\webdriver_manager\core\driver_cache.py", line 54, in save_file_to_cache
    files = self.unpack_archive(archive, path)
  File "C:\Users\KADOUN\AppData\Roaming\Python\Python38\site-packages\webdriver_manager\core\driver_cache.py", line 49, in unpack_archive
    return self._file_manager.unpack_archive(archive, path)
  File "C:\Users\KADOUN\AppData\Roaming\Python\Python38\site-packages\webdriver_manager\core\file_manager.py", line 57, in unpack_archive
    return self.__extract_zip(archive_file, target_dir)
  File "C:\Users\KADOUN\AppData\Roaming\Python\Python38\site-packages\webdriver_manager\core\file_manager.py", line 81, in __extract_zip
    os.replace(source, destination)
PermissionError: [WinError 5] Access is denied: 'C:\\Users\\KADOUN\\.wdm\\drivers\\chromedriver\\win64\\116.0.5845.180\\chromedriver-win32\\chromedriver.exe' -> 'C:\\Users\\KADOUN\\.wdm\\drivers\\chromedriver\\win64\\116.0.5845.180\\chromedriver.exe'
</pre>
                        </div>
                        <!--css div popup end-->
                    </div>
                </td>
            </tr>
            
            <tr id="ft6.2" class='none'>
                <td class='errorCase'>
                    <div class='testcase'>
                        <a class="popup_link" onfocus='this.blur();'
                           href="javascript:showTestDetail('div_ft6.2')">test_fulltext_results_status_check</a>
                    </div>
                </td>
                <td colspan='5' align='center'>
                    <div>
                        <!--css div popup start-->
                        <button>
                            <a class="popup_link" onfocus='this.blur();'
                               href="javascript:showTestDetail('div_ft6.2')" style="color:#660066;">
                                ERROR
                            </a></button>
                        <div id='div_ft6.2' class="popup_window">
                            <div style='text-align: right; color:red;cursor:pointer'>
                                <a onfocus='this.blur();'
                                   onclick="document.getElementById('div_ft6.2').style.display = 'none'; "
                                   style="color:red;">
                                    [x]</a>
                            </div>
                            <pre></pre>
                            <pre style="color: red;">Traceback (most recent call last):
  File "C:\Users\KADOUN\AppData\Roaming\Python\Python38\site-packages\webdriver_manager\core\file_manager.py", line 65, in __extract_zip
    archive.extractall(to_directory)
  File "C:\Users\KADOUN\AppData\Local\Programs\Python\Python38\lib\zipfile.py", line 1647, in extractall
    self._extract_member(zipinfo, path, pwd)
  File "C:\Users\KADOUN\AppData\Local\Programs\Python\Python38\lib\zipfile.py", line 1701, in _extract_member
    open(targetpath, "wb") as target:
PermissionError: [Errno 13] Permission denied: 'C:\\Users\\KADOUN\\.wdm\\drivers\\chromedriver\\win64\\116.0.5845.180\\chromedriver-win32\\chromedriver.exe'

During handling of the above exception, another exception occurred:

Traceback (most recent call last):
  File "C:\Users\KADOUN\Desktop\Automatization_Project_Master_QA\EW_Automation_Local_Deploy_PyCharm\fulltext_C.py", line 20, in setUp
    setUp(self)
  File "C:\Users\KADOUN\Desktop\Automatization_Project_Master_QA\EW_Automation_Local_Deploy_PyCharm\to_import.py", line 34, in setUp
    self.driver = webdriver.Chrome(ChromeDriverManager().install())
  File "C:\Users\KADOUN\AppData\Roaming\Python\Python38\site-packages\webdriver_manager\chrome.py", line 40, in install
    driver_path = self._get_driver_binary_path(self.driver)
  File "C:\Users\KADOUN\AppData\Roaming\Python\Python38\site-packages\webdriver_manager\core\manager.py", line 41, in _get_driver_binary_path
    binary_path = self._cache_manager.save_file_to_cache(driver, file)
  File "C:\Users\KADOUN\AppData\Roaming\Python\Python38\site-packages\webdriver_manager\core\driver_cache.py", line 54, in save_file_to_cache
    files = self.unpack_archive(archive, path)
  File "C:\Users\KADOUN\AppData\Roaming\Python\Python38\site-packages\webdriver_manager\core\driver_cache.py", line 49, in unpack_archive
    return self._file_manager.unpack_archive(archive, path)
  File "C:\Users\KADOUN\AppData\Roaming\Python\Python38\site-packages\webdriver_manager\core\file_manager.py", line 57, in unpack_archive
    return self.__extract_zip(archive_file, target_dir)
  File "C:\Users\KADOUN\AppData\Roaming\Python\Python38\site-packages\webdriver_manager\core\file_manager.py", line 81, in __extract_zip
    os.replace(source, destination)
PermissionError: [WinError 5] Access is denied: 'C:\\Users\\KADOUN\\.wdm\\drivers\\chromedriver\\win64\\116.0.5845.180\\chromedriver-win32\\chromedriver.exe' -> 'C:\\Users\\KADOUN\\.wdm\\drivers\\chromedriver\\win64\\116.0.5845.180\\chromedriver.exe'
</pre>
                        </div>
                        <!--css div popup end-->
                    </div>
                </td>
            </tr>
            
        
        <tr class='errorClass' style="font-weight:bold;color:white;">
            <td><a href="javascript:showClassDetail('c7','1')">EW_Automation_Local_Deploy_PyCharm.groupsearch_D.Test_Groupsearch_D</a></td>
            <td>1</td>
            <td>0</td>
            <td>0</td>
            <td>1</td>
            <td>
                <button><a href="javascript:showClassDetail('c7','1')"
                           style="color:#660066;">Detail</a></button>
            </td>
        </tr>
            
            <tr id="ft7.1" class='none'>
                <td class='errorCase'>
                    <div class='testcase'>
                        <a class="popup_link" onfocus='this.blur();'
                           href="javascript:showTestDetail('div_ft7.1')">test_groupsearch_D</a>
                    </div>
                </td>
                <td colspan='5' align='center'>
                    <div>
                        <!--css div popup start-->
                        <button>
                            <a class="popup_link" onfocus='this.blur();'
                               href="javascript:showTestDetail('div_ft7.1')" style="color:#660066;">
                                ERROR
                            </a></button>
                        <div id='div_ft7.1' class="popup_window">
                            <div style='text-align: right; color:red;cursor:pointer'>
                                <a onfocus='this.blur();'
                                   onclick="document.getElementById('div_ft7.1').style.display = 'none'; "
                                   style="color:red;">
                                    [x]</a>
                            </div>
                            <pre></pre>
                            <pre style="color: red;">Traceback (most recent call last):
  File "C:\Users\KADOUN\AppData\Roaming\Python\Python38\site-packages\webdriver_manager\core\file_manager.py", line 65, in __extract_zip
    archive.extractall(to_directory)
  File "C:\Users\KADOUN\AppData\Local\Programs\Python\Python38\lib\zipfile.py", line 1647, in extractall
    self._extract_member(zipinfo, path, pwd)
  File "C:\Users\KADOUN\AppData\Local\Programs\Python\Python38\lib\zipfile.py", line 1701, in _extract_member
    open(targetpath, "wb") as target:
PermissionError: [Errno 13] Permission denied: 'C:\\Users\\KADOUN\\.wdm\\drivers\\chromedriver\\win64\\116.0.5845.180\\chromedriver-win32\\chromedriver.exe'

During handling of the above exception, another exception occurred:

Traceback (most recent call last):
  File "C:\Users\KADOUN\Desktop\Automatization_Project_Master_QA\EW_Automation_Local_Deploy_PyCharm\groupsearch_D.py", line 63, in setUp
    setUp(self)
  File "C:\Users\KADOUN\Desktop\Automatization_Project_Master_QA\EW_Automation_Local_Deploy_PyCharm\to_import.py", line 34, in setUp
    self.driver = webdriver.Chrome(ChromeDriverManager().install())
  File "C:\Users\KADOUN\AppData\Roaming\Python\Python38\site-packages\webdriver_manager\chrome.py", line 40, in install
    driver_path = self._get_driver_binary_path(self.driver)
  File "C:\Users\KADOUN\AppData\Roaming\Python\Python38\site-packages\webdriver_manager\core\manager.py", line 41, in _get_driver_binary_path
    binary_path = self._cache_manager.save_file_to_cache(driver, file)
  File "C:\Users\KADOUN\AppData\Roaming\Python\Python38\site-packages\webdriver_manager\core\driver_cache.py", line 54, in save_file_to_cache
    files = self.unpack_archive(archive, path)
  File "C:\Users\KADOUN\AppData\Roaming\Python\Python38\site-packages\webdriver_manager\core\driver_cache.py", line 49, in unpack_archive
    return self._file_manager.unpack_archive(archive, path)
  File "C:\Users\KADOUN\AppData\Roaming\Python\Python38\site-packages\webdriver_manager\core\file_manager.py", line 57, in unpack_archive
    return self.__extract_zip(archive_file, target_dir)
  File "C:\Users\KADOUN\AppData\Roaming\Python\Python38\site-packages\webdriver_manager\core\file_manager.py", line 81, in __extract_zip
    os.replace(source, destination)
PermissionError: [WinError 5] Access is denied: 'C:\\Users\\KADOUN\\.wdm\\drivers\\chromedriver\\win64\\116.0.5845.180\\chromedriver-win32\\chromedriver.exe' -> 'C:\\Users\\KADOUN\\.wdm\\drivers\\chromedriver\\win64\\116.0.5845.180\\chromedriver.exe'
</pre>
                        </div>
                        <!--css div popup end-->
                    </div>
                </td>
            </tr>
            
        
        <tr class='errorClass' style="font-weight:bold;color:white;">
            <td><a href="javascript:showClassDetail('c8','1')">EW_Automation_Local_Deploy_PyCharm.HP_D.TestHP_D</a></td>
            <td>1</td>
            <td>0</td>
            <td>0</td>
            <td>1</td>
            <td>
                <button><a href="javascript:showClassDetail('c8','1')"
                           style="color:#660066;">Detail</a></button>
            </td>
        </tr>
            
            <tr id="ft8.1" class='none'>
                <td class='errorCase'>
                    <div class='testcase'>
                        <a class="popup_link" onfocus='this.blur();'
                           href="javascript:showTestDetail('div_ft8.1')">test_homePage_D</a>
                    </div>
                </td>
                <td colspan='5' align='center'>
                    <div>
                        <!--css div popup start-->
                        <button>
                            <a class="popup_link" onfocus='this.blur();'
                               href="javascript:showTestDetail('div_ft8.1')" style="color:#660066;">
                                ERROR
                            </a></button>
                        <div id='div_ft8.1' class="popup_window">
                            <div style='text-align: right; color:red;cursor:pointer'>
                                <a onfocus='this.blur();'
                                   onclick="document.getElementById('div_ft8.1').style.display = 'none'; "
                                   style="color:red;">
                                    [x]</a>
                            </div>
                            <pre></pre>
                            <pre style="color: red;">Traceback (most recent call last):
  File "C:\Users\KADOUN\AppData\Roaming\Python\Python38\site-packages\webdriver_manager\core\file_manager.py", line 65, in __extract_zip
    archive.extractall(to_directory)
  File "C:\Users\KADOUN\AppData\Local\Programs\Python\Python38\lib\zipfile.py", line 1647, in extractall
    self._extract_member(zipinfo, path, pwd)
  File "C:\Users\KADOUN\AppData\Local\Programs\Python\Python38\lib\zipfile.py", line 1701, in _extract_member
    open(targetpath, "wb") as target:
PermissionError: [Errno 13] Permission denied: 'C:\\Users\\KADOUN\\.wdm\\drivers\\chromedriver\\win64\\116.0.5845.180\\chromedriver-win32\\chromedriver.exe'

During handling of the above exception, another exception occurred:

Traceback (most recent call last):
  File "C:\Users\KADOUN\Desktop\Automatization_Project_Master_QA\EW_Automation_Local_Deploy_PyCharm\HP_D.py", line 11, in setUp
    setUp(self)
  File "C:\Users\KADOUN\Desktop\Automatization_Project_Master_QA\EW_Automation_Local_Deploy_PyCharm\to_import.py", line 34, in setUp
    self.driver = webdriver.Chrome(ChromeDriverManager().install())
  File "C:\Users\KADOUN\AppData\Roaming\Python\Python38\site-packages\webdriver_manager\chrome.py", line 40, in install
    driver_path = self._get_driver_binary_path(self.driver)
  File "C:\Users\KADOUN\AppData\Roaming\Python\Python38\site-packages\webdriver_manager\core\manager.py", line 41, in _get_driver_binary_path
    binary_path = self._cache_manager.save_file_to_cache(driver, file)
  File "C:\Users\KADOUN\AppData\Roaming\Python\Python38\site-packages\webdriver_manager\core\driver_cache.py", line 54, in save_file_to_cache
    files = self.unpack_archive(archive, path)
  File "C:\Users\KADOUN\AppData\Roaming\Python\Python38\site-packages\webdriver_manager\core\driver_cache.py", line 49, in unpack_archive
    return self._file_manager.unpack_archive(archive, path)
  File "C:\Users\KADOUN\AppData\Roaming\Python\Python38\site-packages\webdriver_manager\core\file_manager.py", line 57, in unpack_archive
    return self.__extract_zip(archive_file, target_dir)
  File "C:\Users\KADOUN\AppData\Roaming\Python\Python38\site-packages\webdriver_manager\core\file_manager.py", line 81, in __extract_zip
    os.replace(source, destination)
PermissionError: [WinError 5] Access is denied: 'C:\\Users\\KADOUN\\.wdm\\drivers\\chromedriver\\win64\\116.0.5845.180\\chromedriver-win32\\chromedriver.exe' -> 'C:\\Users\\KADOUN\\.wdm\\drivers\\chromedriver\\win64\\116.0.5845.180\\chromedriver.exe'
</pre>
                        </div>
                        <!--css div popup end-->
                    </div>
                </td>
            </tr>
            
        
        <tr class='errorClass' style="font-weight:bold;color:white;">
            <td><a href="javascript:showClassDetail('c9','1')">EW_Automation_Local_Deploy_PyCharm.LM_D.TestLM_D</a></td>
            <td>1</td>
            <td>0</td>
            <td>0</td>
            <td>1</td>
            <td>
                <button><a href="javascript:showClassDetail('c9','1')"
                           style="color:#660066;">Detail</a></button>
            </td>
        </tr>
            
            <tr id="ft9.1" class='none'>
                <td class='errorCase'>
                    <div class='testcase'>
                        <a class="popup_link" onfocus='this.blur();'
                           href="javascript:showTestDetail('div_ft9.1')">test_lM_isDisplayed</a>
                    </div>
                </td>
                <td colspan='5' align='center'>
                    <div>
                        <!--css div popup start-->
                        <button>
                            <a class="popup_link" onfocus='this.blur();'
                               href="javascript:showTestDetail('div_ft9.1')" style="color:#660066;">
                                ERROR
                            </a></button>
                        <div id='div_ft9.1' class="popup_window">
                            <div style='text-align: right; color:red;cursor:pointer'>
                                <a onfocus='this.blur();'
                                   onclick="document.getElementById('div_ft9.1').style.display = 'none'; "
                                   style="color:red;">
                                    [x]</a>
                            </div>
                            <pre></pre>
                            <pre style="color: red;">Traceback (most recent call last):
  File "C:\Users\KADOUN\AppData\Roaming\Python\Python38\site-packages\webdriver_manager\core\file_manager.py", line 65, in __extract_zip
    archive.extractall(to_directory)
  File "C:\Users\KADOUN\AppData\Local\Programs\Python\Python38\lib\zipfile.py", line 1647, in extractall
    self._extract_member(zipinfo, path, pwd)
  File "C:\Users\KADOUN\AppData\Local\Programs\Python\Python38\lib\zipfile.py", line 1701, in _extract_member
    open(targetpath, "wb") as target:
PermissionError: [Errno 13] Permission denied: 'C:\\Users\\KADOUN\\.wdm\\drivers\\chromedriver\\win64\\116.0.5845.180\\chromedriver-win32\\chromedriver.exe'

During handling of the above exception, another exception occurred:

Traceback (most recent call last):
  File "C:\Users\KADOUN\Desktop\Automatization_Project_Master_QA\EW_Automation_Local_Deploy_PyCharm\LM_D.py", line 10, in setUp
    setUp(self)
  File "C:\Users\KADOUN\Desktop\Automatization_Project_Master_QA\EW_Automation_Local_Deploy_PyCharm\to_import.py", line 34, in setUp
    self.driver = webdriver.Chrome(ChromeDriverManager().install())
  File "C:\Users\KADOUN\AppData\Roaming\Python\Python38\site-packages\webdriver_manager\chrome.py", line 40, in install
    driver_path = self._get_driver_binary_path(self.driver)
  File "C:\Users\KADOUN\AppData\Roaming\Python\Python38\site-packages\webdriver_manager\core\manager.py", line 41, in _get_driver_binary_path
    binary_path = self._cache_manager.save_file_to_cache(driver, file)
  File "C:\Users\KADOUN\AppData\Roaming\Python\Python38\site-packages\webdriver_manager\core\driver_cache.py", line 54, in save_file_to_cache
    files = self.unpack_archive(archive, path)
  File "C:\Users\KADOUN\AppData\Roaming\Python\Python38\site-packages\webdriver_manager\core\driver_cache.py", line 49, in unpack_archive
    return self._file_manager.unpack_archive(archive, path)
  File "C:\Users\KADOUN\AppData\Roaming\Python\Python38\site-packages\webdriver_manager\core\file_manager.py", line 57, in unpack_archive
    return self.__extract_zip(archive_file, target_dir)
  File "C:\Users\KADOUN\AppData\Roaming\Python\Python38\site-packages\webdriver_manager\core\file_manager.py", line 81, in __extract_zip
    os.replace(source, destination)
PermissionError: [WinError 5] Access is denied: 'C:\\Users\\KADOUN\\.wdm\\drivers\\chromedriver\\win64\\116.0.5845.180\\chromedriver-win32\\chromedriver.exe' -> 'C:\\Users\\KADOUN\\.wdm\\drivers\\chromedriver\\win64\\116.0.5845.180\\chromedriver.exe'
</pre>
                        </div>
                        <!--css div popup end-->
                    </div>
                </td>
            </tr>
            
        
        <tr class='errorClass' style="font-weight:bold;color:white;">
            <td><a href="javascript:showClassDetail('c10','1')">EW_Automation_Local_Deploy_PyCharm.pobocky.TestPobocky_C</a></td>
            <td>1</td>
            <td>0</td>
            <td>0</td>
            <td>1</td>
            <td>
                <button><a href="javascript:showClassDetail('c10','1')"
                           style="color:#660066;">Detail</a></button>
            </td>
        </tr>
            
            <tr id="ft10.1" class='none'>
                <td class='errorCase'>
                    <div class='testcase'>
                        <a class="popup_link" onfocus='this.blur();'
                           href="javascript:showTestDetail('div_ft10.1')">test_pobocky_D</a>
                    </div>
                </td>
                <td colspan='5' align='center'>
                    <div>
                        <!--css div popup start-->
                        <button>
                            <a class="popup_link" onfocus='this.blur();'
                               href="javascript:showTestDetail('div_ft10.1')" style="color:#660066;">
                                ERROR
                            </a></button>
                        <div id='div_ft10.1' class="popup_window">
                            <div style='text-align: right; color:red;cursor:pointer'>
                                <a onfocus='this.blur();'
                                   onclick="document.getElementById('div_ft10.1').style.display = 'none'; "
                                   style="color:red;">
                                    [x]</a>
                            </div>
                            <pre></pre>
                            <pre style="color: red;">Traceback (most recent call last):
  File "C:\Users\KADOUN\AppData\Roaming\Python\Python38\site-packages\webdriver_manager\core\file_manager.py", line 65, in __extract_zip
    archive.extractall(to_directory)
  File "C:\Users\KADOUN\AppData\Local\Programs\Python\Python38\lib\zipfile.py", line 1647, in extractall
    self._extract_member(zipinfo, path, pwd)
  File "C:\Users\KADOUN\AppData\Local\Programs\Python\Python38\lib\zipfile.py", line 1701, in _extract_member
    open(targetpath, "wb") as target:
PermissionError: [Errno 13] Permission denied: 'C:\\Users\\KADOUN\\.wdm\\drivers\\chromedriver\\win64\\116.0.5845.180\\chromedriver-win32\\chromedriver.exe'

During handling of the above exception, another exception occurred:

Traceback (most recent call last):
  File "C:\Users\KADOUN\Desktop\Automatization_Project_Master_QA\EW_Automation_Local_Deploy_PyCharm\pobocky.py", line 16, in setUp
    setUp(self)
  File "C:\Users\KADOUN\Desktop\Automatization_Project_Master_QA\EW_Automation_Local_Deploy_PyCharm\to_import.py", line 34, in setUp
    self.driver = webdriver.Chrome(ChromeDriverManager().install())
  File "C:\Users\KADOUN\AppData\Roaming\Python\Python38\site-packages\webdriver_manager\chrome.py", line 40, in install
    driver_path = self._get_driver_binary_path(self.driver)
  File "C:\Users\KADOUN\AppData\Roaming\Python\Python38\site-packages\webdriver_manager\core\manager.py", line 41, in _get_driver_binary_path
    binary_path = self._cache_manager.save_file_to_cache(driver, file)
  File "C:\Users\KADOUN\AppData\Roaming\Python\Python38\site-packages\webdriver_manager\core\driver_cache.py", line 54, in save_file_to_cache
    files = self.unpack_archive(archive, path)
  File "C:\Users\KADOUN\AppData\Roaming\Python\Python38\site-packages\webdriver_manager\core\driver_cache.py", line 49, in unpack_archive
    return self._file_manager.unpack_archive(archive, path)
  File "C:\Users\KADOUN\AppData\Roaming\Python\Python38\site-packages\webdriver_manager\core\file_manager.py", line 57, in unpack_archive
    return self.__extract_zip(archive_file, target_dir)
  File "C:\Users\KADOUN\AppData\Roaming\Python\Python38\site-packages\webdriver_manager\core\file_manager.py", line 81, in __extract_zip
    os.replace(source, destination)
PermissionError: [WinError 5] Access is denied: 'C:\\Users\\KADOUN\\.wdm\\drivers\\chromedriver\\win64\\116.0.5845.180\\chromedriver-win32\\chromedriver.exe' -> 'C:\\Users\\KADOUN\\.wdm\\drivers\\chromedriver\\win64\\116.0.5845.180\\chromedriver.exe'
</pre>
                        </div>
                        <!--css div popup end-->
                    </div>
                </td>
            </tr>
            
        
        <tr class='errorClass' style="font-weight:bold;color:white;">
            <td><a href="javascript:showClassDetail('c11','6')">EW_Automation_Local_Deploy_PyCharm.poznavacky.TestPoznavacky_D</a></td>
            <td>6</td>
            <td>1</td>
            <td>0</td>
            <td>5</td>
            <td>
                <button><a href="javascript:showClassDetail('c11','6')"
                           style="color:#660066;">Detail</a></button>
            </td>
        </tr>
            
            <tr id="ft11.1" class='none'>
                <td class='errorCase'>
                    <div class='testcase'>
                        <a class="popup_link" onfocus='this.blur();'
                           href="javascript:showTestDetail('div_ft11.1')">test_poznavacky_okruzni_D</a>
                    </div>
                </td>
                <td colspan='5' align='center'>
                    <div>
                        <!--css div popup start-->
                        <button>
                            <a class="popup_link" onfocus='this.blur();'
                               href="javascript:showTestDetail('div_ft11.1')" style="color:#660066;">
                                ERROR
                            </a></button>
                        <div id='div_ft11.1' class="popup_window">
                            <div style='text-align: right; color:red;cursor:pointer'>
                                <a onfocus='this.blur();'
                                   onclick="document.getElementById('div_ft11.1').style.display = 'none'; "
                                   style="color:red;">
                                    [x]</a>
                            </div>
                            <pre></pre>
                            <pre style="color: red;">Traceback (most recent call last):
  File "C:\Users\KADOUN\AppData\Roaming\Python\Python38\site-packages\webdriver_manager\core\file_manager.py", line 65, in __extract_zip
    archive.extractall(to_directory)
  File "C:\Users\KADOUN\AppData\Local\Programs\Python\Python38\lib\zipfile.py", line 1647, in extractall
    self._extract_member(zipinfo, path, pwd)
  File "C:\Users\KADOUN\AppData\Local\Programs\Python\Python38\lib\zipfile.py", line 1701, in _extract_member
    open(targetpath, "wb") as target:
PermissionError: [Errno 13] Permission denied: 'C:\\Users\\KADOUN\\.wdm\\drivers\\chromedriver\\win64\\116.0.5845.180\\chromedriver-win32\\chromedriver.exe'

During handling of the above exception, another exception occurred:

Traceback (most recent call last):
  File "C:\Users\KADOUN\Desktop\Automatization_Project_Master_QA\EW_Automation_Local_Deploy_PyCharm\poznavacky.py", line 12, in setUp
    setUp(self)
  File "C:\Users\KADOUN\Desktop\Automatization_Project_Master_QA\EW_Automation_Local_Deploy_PyCharm\to_import.py", line 34, in setUp
    self.driver = webdriver.Chrome(ChromeDriverManager().install())
  File "C:\Users\KADOUN\AppData\Roaming\Python\Python38\site-packages\webdriver_manager\chrome.py", line 40, in install
    driver_path = self._get_driver_binary_path(self.driver)
  File "C:\Users\KADOUN\AppData\Roaming\Python\Python38\site-packages\webdriver_manager\core\manager.py", line 41, in _get_driver_binary_path
    binary_path = self._cache_manager.save_file_to_cache(driver, file)
  File "C:\Users\KADOUN\AppData\Roaming\Python\Python38\site-packages\webdriver_manager\core\driver_cache.py", line 54, in save_file_to_cache
    files = self.unpack_archive(archive, path)
  File "C:\Users\KADOUN\AppData\Roaming\Python\Python38\site-packages\webdriver_manager\core\driver_cache.py", line 49, in unpack_archive
    return self._file_manager.unpack_archive(archive, path)
  File "C:\Users\KADOUN\AppData\Roaming\Python\Python38\site-packages\webdriver_manager\core\file_manager.py", line 57, in unpack_archive
    return self.__extract_zip(archive_file, target_dir)
  File "C:\Users\KADOUN\AppData\Roaming\Python\Python38\site-packages\webdriver_manager\core\file_manager.py", line 81, in __extract_zip
    os.replace(source, destination)
PermissionError: [WinError 5] Access is denied: 'C:\\Users\\KADOUN\\.wdm\\drivers\\chromedriver\\win64\\116.0.5845.180\\chromedriver-win32\\chromedriver.exe' -> 'C:\\Users\\KADOUN\\.wdm\\drivers\\chromedriver\\win64\\116.0.5845.180\\chromedriver.exe'
</pre>
                        </div>
                        <!--css div popup end-->
                    </div>
                </td>
            </tr>
            
            <tr id="ft11.2" class='none'>
                <td class='errorCase'>
                    <div class='testcase'>
                        <a class="popup_link" onfocus='this.blur();'
                           href="javascript:showTestDetail('div_ft11.2')">test_poznavacky_vikendy_D</a>
                    </div>
                </td>
                <td colspan='5' align='center'>
                    <div>
                        <!--css div popup start-->
                        <button>
                            <a class="popup_link" onfocus='this.blur();'
                               href="javascript:showTestDetail('div_ft11.2')" style="color:#660066;">
                                ERROR
                            </a></button>
                        <div id='div_ft11.2' class="popup_window">
                            <div style='text-align: right; color:red;cursor:pointer'>
                                <a onfocus='this.blur();'
                                   onclick="document.getElementById('div_ft11.2').style.display = 'none'; "
                                   style="color:red;">
                                    [x]</a>
                            </div>
                            <pre></pre>
                            <pre style="color: red;">Traceback (most recent call last):
  File "C:\Users\KADOUN\AppData\Roaming\Python\Python38\site-packages\webdriver_manager\core\file_manager.py", line 65, in __extract_zip
    archive.extractall(to_directory)
  File "C:\Users\KADOUN\AppData\Local\Programs\Python\Python38\lib\zipfile.py", line 1647, in extractall
    self._extract_member(zipinfo, path, pwd)
  File "C:\Users\KADOUN\AppData\Local\Programs\Python\Python38\lib\zipfile.py", line 1701, in _extract_member
    open(targetpath, "wb") as target:
PermissionError: [Errno 13] Permission denied: 'C:\\Users\\KADOUN\\.wdm\\drivers\\chromedriver\\win64\\116.0.5845.180\\chromedriver-win32\\chromedriver.exe'

During handling of the above exception, another exception occurred:

Traceback (most recent call last):
  File "C:\Users\KADOUN\Desktop\Automatization_Project_Master_QA\EW_Automation_Local_Deploy_PyCharm\poznavacky.py", line 12, in setUp
    setUp(self)
  File "C:\Users\KADOUN\Desktop\Automatization_Project_Master_QA\EW_Automation_Local_Deploy_PyCharm\to_import.py", line 34, in setUp
    self.driver = webdriver.Chrome(ChromeDriverManager().install())
  File "C:\Users\KADOUN\AppData\Roaming\Python\Python38\site-packages\webdriver_manager\chrome.py", line 40, in install
    driver_path = self._get_driver_binary_path(self.driver)
  File "C:\Users\KADOUN\AppData\Roaming\Python\Python38\site-packages\webdriver_manager\core\manager.py", line 41, in _get_driver_binary_path
    binary_path = self._cache_manager.save_file_to_cache(driver, file)
  File "C:\Users\KADOUN\AppData\Roaming\Python\Python38\site-packages\webdriver_manager\core\driver_cache.py", line 54, in save_file_to_cache
    files = self.unpack_archive(archive, path)
  File "C:\Users\KADOUN\AppData\Roaming\Python\Python38\site-packages\webdriver_manager\core\driver_cache.py", line 49, in unpack_archive
    return self._file_manager.unpack_archive(archive, path)
  File "C:\Users\KADOUN\AppData\Roaming\Python\Python38\site-packages\webdriver_manager\core\file_manager.py", line 57, in unpack_archive
    return self.__extract_zip(archive_file, target_dir)
  File "C:\Users\KADOUN\AppData\Roaming\Python\Python38\site-packages\webdriver_manager\core\file_manager.py", line 81, in __extract_zip
    os.replace(source, destination)
PermissionError: [WinError 5] Access is denied: 'C:\\Users\\KADOUN\\.wdm\\drivers\\chromedriver\\win64\\116.0.5845.180\\chromedriver-win32\\chromedriver.exe' -> 'C:\\Users\\KADOUN\\.wdm\\drivers\\chromedriver\\win64\\116.0.5845.180\\chromedriver.exe'
</pre>
                        </div>
                        <!--css div popup end-->
                    </div>
                </td>
            </tr>
            
            <tr id="ft11.3" class='none'>
                <td class='errorCase'>
                    <div class='testcase'>
                        <a class="popup_link" onfocus='this.blur();'
                           href="javascript:showTestDetail('div_ft11.3')">test_poznavacky_rodiny_D</a>
                    </div>
                </td>
                <td colspan='5' align='center'>
                    <div>
                        <!--css div popup start-->
                        <button>
                            <a class="popup_link" onfocus='this.blur();'
                               href="javascript:showTestDetail('div_ft11.3')" style="color:#660066;">
                                ERROR
                            </a></button>
                        <div id='div_ft11.3' class="popup_window">
                            <div style='text-align: right; color:red;cursor:pointer'>
                                <a onfocus='this.blur();'
                                   onclick="document.getElementById('div_ft11.3').style.display = 'none'; "
                                   style="color:red;">
                                    [x]</a>
                            </div>
                            <pre></pre>
                            <pre style="color: red;">Traceback (most recent call last):
  File "C:\Users\KADOUN\AppData\Roaming\Python\Python38\site-packages\webdriver_manager\core\file_manager.py", line 65, in __extract_zip
    archive.extractall(to_directory)
  File "C:\Users\KADOUN\AppData\Local\Programs\Python\Python38\lib\zipfile.py", line 1647, in extractall
    self._extract_member(zipinfo, path, pwd)
  File "C:\Users\KADOUN\AppData\Local\Programs\Python\Python38\lib\zipfile.py", line 1701, in _extract_member
    open(targetpath, "wb") as target:
PermissionError: [Errno 13] Permission denied: 'C:\\Users\\KADOUN\\.wdm\\drivers\\chromedriver\\win64\\116.0.5845.180\\chromedriver-win32\\chromedriver.exe'

During handling of the above exception, another exception occurred:

Traceback (most recent call last):
  File "C:\Users\KADOUN\Desktop\Automatization_Project_Master_QA\EW_Automation_Local_Deploy_PyCharm\poznavacky.py", line 12, in setUp
    setUp(self)
  File "C:\Users\KADOUN\Desktop\Automatization_Project_Master_QA\EW_Automation_Local_Deploy_PyCharm\to_import.py", line 34, in setUp
    self.driver = webdriver.Chrome(ChromeDriverManager().install())
  File "C:\Users\KADOUN\AppData\Roaming\Python\Python38\site-packages\webdriver_manager\chrome.py", line 40, in install
    driver_path = self._get_driver_binary_path(self.driver)
  File "C:\Users\KADOUN\AppData\Roaming\Python\Python38\site-packages\webdriver_manager\core\manager.py", line 41, in _get_driver_binary_path
    binary_path = self._cache_manager.save_file_to_cache(driver, file)
  File "C:\Users\KADOUN\AppData\Roaming\Python\Python38\site-packages\webdriver_manager\core\driver_cache.py", line 54, in save_file_to_cache
    files = self.unpack_archive(archive, path)
  File "C:\Users\KADOUN\AppData\Roaming\Python\Python38\site-packages\webdriver_manager\core\driver_cache.py", line 49, in unpack_archive
    return self._file_manager.unpack_archive(archive, path)
  File "C:\Users\KADOUN\AppData\Roaming\Python\Python38\site-packages\webdriver_manager\core\file_manager.py", line 57, in unpack_archive
    return self.__extract_zip(archive_file, target_dir)
  File "C:\Users\KADOUN\AppData\Roaming\Python\Python38\site-packages\webdriver_manager\core\file_manager.py", line 81, in __extract_zip
    os.replace(source, destination)
PermissionError: [WinError 5] Access is denied: 'C:\\Users\\KADOUN\\.wdm\\drivers\\chromedriver\\win64\\116.0.5845.180\\chromedriver-win32\\chromedriver.exe' -> 'C:\\Users\\KADOUN\\.wdm\\drivers\\chromedriver\\win64\\116.0.5845.180\\chromedriver.exe'
</pre>
                        </div>
                        <!--css div popup end-->
                    </div>
                </td>
            </tr>
            
            <tr id="ft11.4" class='none'>
                <td class='errorCase'>
                    <div class='testcase'>
                        <a class="popup_link" onfocus='this.blur();'
                           href="javascript:showTestDetail('div_ft11.4')">test_poznavacky_zazitky_D</a>
                    </div>
                </td>
                <td colspan='5' align='center'>
                    <div>
                        <!--css div popup start-->
                        <button>
                            <a class="popup_link" onfocus='this.blur();'
                               href="javascript:showTestDetail('div_ft11.4')" style="color:#660066;">
                                ERROR
                            </a></button>
                        <div id='div_ft11.4' class="popup_window">
                            <div style='text-align: right; color:red;cursor:pointer'>
                                <a onfocus='this.blur();'
                                   onclick="document.getElementById('div_ft11.4').style.display = 'none'; "
                                   style="color:red;">
                                    [x]</a>
                            </div>
                            <pre></pre>
                            <pre style="color: red;">Traceback (most recent call last):
  File "C:\Users\KADOUN\AppData\Roaming\Python\Python38\site-packages\webdriver_manager\core\file_manager.py", line 65, in __extract_zip
    archive.extractall(to_directory)
  File "C:\Users\KADOUN\AppData\Local\Programs\Python\Python38\lib\zipfile.py", line 1647, in extractall
    self._extract_member(zipinfo, path, pwd)
  File "C:\Users\KADOUN\AppData\Local\Programs\Python\Python38\lib\zipfile.py", line 1701, in _extract_member
    open(targetpath, "wb") as target:
PermissionError: [Errno 13] Permission denied: 'C:\\Users\\KADOUN\\.wdm\\drivers\\chromedriver\\win64\\116.0.5845.180\\chromedriver-win32\\chromedriver.exe'

During handling of the above exception, another exception occurred:

Traceback (most recent call last):
  File "C:\Users\KADOUN\Desktop\Automatization_Project_Master_QA\EW_Automation_Local_Deploy_PyCharm\poznavacky.py", line 12, in setUp
    setUp(self)
  File "C:\Users\KADOUN\Desktop\Automatization_Project_Master_QA\EW_Automation_Local_Deploy_PyCharm\to_import.py", line 34, in setUp
    self.driver = webdriver.Chrome(ChromeDriverManager().install())
  File "C:\Users\KADOUN\AppData\Roaming\Python\Python38\site-packages\webdriver_manager\chrome.py", line 40, in install
    driver_path = self._get_driver_binary_path(self.driver)
  File "C:\Users\KADOUN\AppData\Roaming\Python\Python38\site-packages\webdriver_manager\core\manager.py", line 41, in _get_driver_binary_path
    binary_path = self._cache_manager.save_file_to_cache(driver, file)
  File "C:\Users\KADOUN\AppData\Roaming\Python\Python38\site-packages\webdriver_manager\core\driver_cache.py", line 54, in save_file_to_cache
    files = self.unpack_archive(archive, path)
  File "C:\Users\KADOUN\AppData\Roaming\Python\Python38\site-packages\webdriver_manager\core\driver_cache.py", line 49, in unpack_archive
    return self._file_manager.unpack_archive(archive, path)
  File "C:\Users\KADOUN\AppData\Roaming\Python\Python38\site-packages\webdriver_manager\core\file_manager.py", line 57, in unpack_archive
    return self.__extract_zip(archive_file, target_dir)
  File "C:\Users\KADOUN\AppData\Roaming\Python\Python38\site-packages\webdriver_manager\core\file_manager.py", line 81, in __extract_zip
    os.replace(source, destination)
PermissionError: [WinError 5] Access is denied: 'C:\\Users\\KADOUN\\.wdm\\drivers\\chromedriver\\win64\\116.0.5845.180\\chromedriver-win32\\chromedriver.exe' -> 'C:\\Users\\KADOUN\\.wdm\\drivers\\chromedriver\\win64\\116.0.5845.180\\chromedriver.exe'
</pre>
                        </div>
                        <!--css div popup end-->
                    </div>
                </td>
            </tr>
            
            <tr id="ft11.5" class='none'>
                <td class='errorCase'>
                    <div class='testcase'>
                        <a class="popup_link" onfocus='this.blur();'
                           href="javascript:showTestDetail('div_ft11.5')">test_poznavacky_all_URL_check</a>
                    </div>
                </td>
                <td colspan='5' align='center'>
                    <div>
                        <!--css div popup start-->
                        <button>
                            <a class="popup_link" onfocus='this.blur();'
                               href="javascript:showTestDetail('div_ft11.5')" style="color:#660066;">
                                ERROR
                            </a></button>
                        <div id='div_ft11.5' class="popup_window">
                            <div style='text-align: right; color:red;cursor:pointer'>
                                <a onfocus='this.blur();'
                                   onclick="document.getElementById('div_ft11.5').style.display = 'none'; "
                                   style="color:red;">
                                    [x]</a>
                            </div>
                            <pre></pre>
                            <pre style="color: red;">Traceback (most recent call last):
  File "C:\Users\KADOUN\AppData\Roaming\Python\Python38\site-packages\webdriver_manager\core\file_manager.py", line 65, in __extract_zip
    archive.extractall(to_directory)
  File "C:\Users\KADOUN\AppData\Local\Programs\Python\Python38\lib\zipfile.py", line 1647, in extractall
    self._extract_member(zipinfo, path, pwd)
  File "C:\Users\KADOUN\AppData\Local\Programs\Python\Python38\lib\zipfile.py", line 1701, in _extract_member
    open(targetpath, "wb") as target:
PermissionError: [Errno 13] Permission denied: 'C:\\Users\\KADOUN\\.wdm\\drivers\\chromedriver\\win64\\116.0.5845.180\\chromedriver-win32\\chromedriver.exe'

During handling of the above exception, another exception occurred:

Traceback (most recent call last):
  File "C:\Users\KADOUN\Desktop\Automatization_Project_Master_QA\EW_Automation_Local_Deploy_PyCharm\poznavacky.py", line 12, in setUp
    setUp(self)
  File "C:\Users\KADOUN\Desktop\Automatization_Project_Master_QA\EW_Automation_Local_Deploy_PyCharm\to_import.py", line 34, in setUp
    self.driver = webdriver.Chrome(ChromeDriverManager().install())
  File "C:\Users\KADOUN\AppData\Roaming\Python\Python38\site-packages\webdriver_manager\chrome.py", line 40, in install
    driver_path = self._get_driver_binary_path(self.driver)
  File "C:\Users\KADOUN\AppData\Roaming\Python\Python38\site-packages\webdriver_manager\core\manager.py", line 41, in _get_driver_binary_path
    binary_path = self._cache_manager.save_file_to_cache(driver, file)
  File "C:\Users\KADOUN\AppData\Roaming\Python\Python38\site-packages\webdriver_manager\core\driver_cache.py", line 54, in save_file_to_cache
    files = self.unpack_archive(archive, path)
  File "C:\Users\KADOUN\AppData\Roaming\Python\Python38\site-packages\webdriver_manager\core\driver_cache.py", line 49, in unpack_archive
    return self._file_manager.unpack_archive(archive, path)
  File "C:\Users\KADOUN\AppData\Roaming\Python\Python38\site-packages\webdriver_manager\core\file_manager.py", line 57, in unpack_archive
    return self.__extract_zip(archive_file, target_dir)
  File "C:\Users\KADOUN\AppData\Roaming\Python\Python38\site-packages\webdriver_manager\core\file_manager.py", line 81, in __extract_zip
    os.replace(source, destination)
PermissionError: [WinError 5] Access is denied: 'C:\\Users\\KADOUN\\.wdm\\drivers\\chromedriver\\win64\\116.0.5845.180\\chromedriver-win32\\chromedriver.exe' -> 'C:\\Users\\KADOUN\\.wdm\\drivers\\chromedriver\\win64\\116.0.5845.180\\chromedriver.exe'
</pre>
                        </div>
                        <!--css div popup end-->
                    </div>
                </td>
            </tr>
            
            <tr id="pt11.6" class='hiddenRow'>
                <td class='passCase'>
                    <div class='testcase'>
                        <a class="popup_link" onfocus='this.blur();'
                           href="javascript:showTestDetail('div_pt11.6')">test_poznavacky_C</a>
                    </div>
                </td>
                <td colspan='5' align='center'>
                    <div>
                        <!--css div popup start-->
                        <button>
                            <a class="popup_link" onfocus='this.blur();'
                               href="javascript:showTestDetail('div_pt11.6')" style="color:#660066;">
                                PASS
                            </a></button>
                        <div id='div_pt11.6' class="popup_window">
                            <div style='text-align: right; color:red;cursor:pointer'>
                                <a onfocus='this.blur();'
                                   onclick="document.getElementById('div_pt11.6').style.display = 'none'; "
                                   style="color:red;">
                                    [x]</a>
                            </div>
                            <pre>2023-09-12 10:55:17.389360 : <selenium.webdriver.remote.webelement.WebElement (session="eedfcce8dbfcb22cedb1f5babc30d5f8", element="6F2D8E1F7BEEA6AAD6FA5D1EA212A060_element_227")>
2023-09-12 10:55:31.221874 : https://exim.web13.dtweb.cz/lotyssko/vidzeme/vidzeme/carokrasne-pobalti-riga-tallin?DS=8192&GIATA=0&HID=147760&MT=1&NN=3&DF=2023-11-10|2023-12-05&RD=2023-11-21&DD=2023-11-17&ERM=0&AC1=2&KC1=0&IC1=0&DP=4312&MNN=3&NNM=3&TT=1&TTM=0&PID=LVR00003&DPR=EXIM%20TOURS%20ATCOM
2023-09-12 10:55:32.478522 : True
2023-09-12 10:55:32.538362 : https://exim.web13.dtweb.cz/lotyssko/vidzeme/vidzeme/carokrasne-pobalti-riga-tallin?DS=8192&GIATA=0&HID=147760&MT=1&NN=3&DF=2023-11-10|2023-12-05&RD=2023-11-21&DD=2023-11-17&ERM=0&AC1=2&KC1=0&IC1=0&DP=4312&MNN=3&NNM=3&TT=1&TTM=0&PID=LVR00003&DPR=EXIM%20TOURS%20ATCOM
</pre>
                            <pre style="color: red;"></pre>
                        </div>
                        <!--css div popup end-->
                    </div>
                </td>
            </tr>
            
        
        <tr class='errorClass' style="font-weight:bold;color:white;">
            <td><a href="javascript:showClassDetail('c12','1')">EW_Automation_Local_Deploy_PyCharm.SDO_D.TestSDO_D</a></td>
            <td>1</td>
            <td>0</td>
            <td>0</td>
            <td>1</td>
            <td>
                <button><a href="javascript:showClassDetail('c12','1')"
                           style="color:#660066;">Detail</a></button>
            </td>
        </tr>
            
            <tr id="ft12.1" class='none'>
                <td class='errorCase'>
                    <div class='testcase'>
                        <a class="popup_link" onfocus='this.blur();'
                           href="javascript:showTestDetail('div_ft12.1')">test_SDO_D</a>
                    </div>
                </td>
                <td colspan='5' align='center'>
                    <div>
                        <!--css div popup start-->
                        <button>
                            <a class="popup_link" onfocus='this.blur();'
                               href="javascript:showTestDetail('div_ft12.1')" style="color:#660066;">
                                ERROR
                            </a></button>
                        <div id='div_ft12.1' class="popup_window">
                            <div style='text-align: right; color:red;cursor:pointer'>
                                <a onfocus='this.blur();'
                                   onclick="document.getElementById('div_ft12.1').style.display = 'none'; "
                                   style="color:red;">
                                    [x]</a>
                            </div>
                            <pre></pre>
                            <pre style="color: red;">Traceback (most recent call last):
  File "C:\Users\KADOUN\AppData\Roaming\Python\Python38\site-packages\webdriver_manager\core\file_manager.py", line 65, in __extract_zip
    archive.extractall(to_directory)
  File "C:\Users\KADOUN\AppData\Local\Programs\Python\Python38\lib\zipfile.py", line 1647, in extractall
    self._extract_member(zipinfo, path, pwd)
  File "C:\Users\KADOUN\AppData\Local\Programs\Python\Python38\lib\zipfile.py", line 1701, in _extract_member
    open(targetpath, "wb") as target:
PermissionError: [Errno 13] Permission denied: 'C:\\Users\\KADOUN\\.wdm\\drivers\\chromedriver\\win64\\116.0.5845.180\\chromedriver-win32\\chromedriver.exe'

During handling of the above exception, another exception occurred:

Traceback (most recent call last):
  File "C:\Users\KADOUN\Desktop\Automatization_Project_Master_QA\EW_Automation_Local_Deploy_PyCharm\SDO_D.py", line 8, in setUp
    setUp(self)
  File "C:\Users\KADOUN\Desktop\Automatization_Project_Master_QA\EW_Automation_Local_Deploy_PyCharm\to_import.py", line 34, in setUp
    self.driver = webdriver.Chrome(ChromeDriverManager().install())
  File "C:\Users\KADOUN\AppData\Roaming\Python\Python38\site-packages\webdriver_manager\chrome.py", line 40, in install
    driver_path = self._get_driver_binary_path(self.driver)
  File "C:\Users\KADOUN\AppData\Roaming\Python\Python38\site-packages\webdriver_manager\core\manager.py", line 41, in _get_driver_binary_path
    binary_path = self._cache_manager.save_file_to_cache(driver, file)
  File "C:\Users\KADOUN\AppData\Roaming\Python\Python38\site-packages\webdriver_manager\core\driver_cache.py", line 54, in save_file_to_cache
    files = self.unpack_archive(archive, path)
  File "C:\Users\KADOUN\AppData\Roaming\Python\Python38\site-packages\webdriver_manager\core\driver_cache.py", line 49, in unpack_archive
    return self._file_manager.unpack_archive(archive, path)
  File "C:\Users\KADOUN\AppData\Roaming\Python\Python38\site-packages\webdriver_manager\core\file_manager.py", line 57, in unpack_archive
    return self.__extract_zip(archive_file, target_dir)
  File "C:\Users\KADOUN\AppData\Roaming\Python\Python38\site-packages\webdriver_manager\core\file_manager.py", line 81, in __extract_zip
    os.replace(source, destination)
PermissionError: [WinError 5] Access is denied: 'C:\\Users\\KADOUN\\.wdm\\drivers\\chromedriver\\win64\\116.0.5845.180\\chromedriver-win32\\chromedriver.exe' -> 'C:\\Users\\KADOUN\\.wdm\\drivers\\chromedriver\\win64\\116.0.5845.180\\chromedriver.exe'
</pre>
                        </div>
                        <!--css div popup end-->
                    </div>
                </td>
            </tr>
            
        
        <tr class='errorClass' style="font-weight:bold;color:white;">
            <td><a href="javascript:showClassDetail('c13','6')">EW_Automation_Local_Deploy_PyCharm.SRL_C.Test_SRL_C</a></td>
            <td>6</td>
            <td>3</td>
            <td>0</td>
            <td>3</td>
            <td>
                <button><a href="javascript:showClassDetail('c13','6')"
                           style="color:#660066;">Detail</a></button>
            </td>
        </tr>
            
            <tr id="ft13.1" class='none'>
                <td class='errorCase'>
                    <div class='testcase'>
                        <a class="popup_link" onfocus='this.blur();'
                           href="javascript:showTestDetail('div_ft13.1')">test_SRL_sort_cheapest</a>
                    </div>
                </td>
                <td colspan='5' align='center'>
                    <div>
                        <!--css div popup start-->
                        <button>
                            <a class="popup_link" onfocus='this.blur();'
                               href="javascript:showTestDetail('div_ft13.1')" style="color:#660066;">
                                ERROR
                            </a></button>
                        <div id='div_ft13.1' class="popup_window">
                            <div style='text-align: right; color:red;cursor:pointer'>
                                <a onfocus='this.blur();'
                                   onclick="document.getElementById('div_ft13.1').style.display = 'none'; "
                                   style="color:red;">
                                    [x]</a>
                            </div>
                            <pre></pre>
                            <pre style="color: red;">Traceback (most recent call last):
  File "C:\Users\KADOUN\AppData\Roaming\Python\Python38\site-packages\webdriver_manager\core\file_manager.py", line 65, in __extract_zip
    archive.extractall(to_directory)
  File "C:\Users\KADOUN\AppData\Local\Programs\Python\Python38\lib\zipfile.py", line 1647, in extractall
    self._extract_member(zipinfo, path, pwd)
  File "C:\Users\KADOUN\AppData\Local\Programs\Python\Python38\lib\zipfile.py", line 1701, in _extract_member
    open(targetpath, "wb") as target:
PermissionError: [Errno 13] Permission denied: 'C:\\Users\\KADOUN\\.wdm\\drivers\\chromedriver\\win64\\116.0.5845.180\\chromedriver-win32\\chromedriver.exe'

During handling of the above exception, another exception occurred:

Traceback (most recent call last):
  File "C:\Users\KADOUN\Desktop\Automatization_Project_Master_QA\EW_Automation_Local_Deploy_PyCharm\SRL_C.py", line 19, in setUp
    setUp(self)
  File "C:\Users\KADOUN\Desktop\Automatization_Project_Master_QA\EW_Automation_Local_Deploy_PyCharm\to_import.py", line 34, in setUp
    self.driver = webdriver.Chrome(ChromeDriverManager().install())
  File "C:\Users\KADOUN\AppData\Roaming\Python\Python38\site-packages\webdriver_manager\chrome.py", line 40, in install
    driver_path = self._get_driver_binary_path(self.driver)
  File "C:\Users\KADOUN\AppData\Roaming\Python\Python38\site-packages\webdriver_manager\core\manager.py", line 41, in _get_driver_binary_path
    binary_path = self._cache_manager.save_file_to_cache(driver, file)
  File "C:\Users\KADOUN\AppData\Roaming\Python\Python38\site-packages\webdriver_manager\core\driver_cache.py", line 54, in save_file_to_cache
    files = self.unpack_archive(archive, path)
  File "C:\Users\KADOUN\AppData\Roaming\Python\Python38\site-packages\webdriver_manager\core\driver_cache.py", line 49, in unpack_archive
    return self._file_manager.unpack_archive(archive, path)
  File "C:\Users\KADOUN\AppData\Roaming\Python\Python38\site-packages\webdriver_manager\core\file_manager.py", line 57, in unpack_archive
    return self.__extract_zip(archive_file, target_dir)
  File "C:\Users\KADOUN\AppData\Roaming\Python\Python38\site-packages\webdriver_manager\core\file_manager.py", line 81, in __extract_zip
    os.replace(source, destination)
PermissionError: [WinError 5] Access is denied: 'C:\\Users\\KADOUN\\.wdm\\drivers\\chromedriver\\win64\\116.0.5845.180\\chromedriver-win32\\chromedriver.exe' -> 'C:\\Users\\KADOUN\\.wdm\\drivers\\chromedriver\\win64\\116.0.5845.180\\chromedriver.exe'
</pre>
                        </div>
                        <!--css div popup end-->
                    </div>
                </td>
            </tr>
            
            <tr id="ft13.2" class='none'>
                <td class='errorCase'>
                    <div class='testcase'>
                        <a class="popup_link" onfocus='this.blur();'
                           href="javascript:showTestDetail('div_ft13.2')">test_SRL_sort_expensive</a>
                    </div>
                </td>
                <td colspan='5' align='center'>
                    <div>
                        <!--css div popup start-->
                        <button>
                            <a class="popup_link" onfocus='this.blur();'
                               href="javascript:showTestDetail('div_ft13.2')" style="color:#660066;">
                                ERROR
                            </a></button>
                        <div id='div_ft13.2' class="popup_window">
                            <div style='text-align: right; color:red;cursor:pointer'>
                                <a onfocus='this.blur();'
                                   onclick="document.getElementById('div_ft13.2').style.display = 'none'; "
                                   style="color:red;">
                                    [x]</a>
                            </div>
                            <pre></pre>
                            <pre style="color: red;">Traceback (most recent call last):
  File "C:\Users\KADOUN\AppData\Roaming\Python\Python38\site-packages\webdriver_manager\core\file_manager.py", line 65, in __extract_zip
    archive.extractall(to_directory)
  File "C:\Users\KADOUN\AppData\Local\Programs\Python\Python38\lib\zipfile.py", line 1647, in extractall
    self._extract_member(zipinfo, path, pwd)
  File "C:\Users\KADOUN\AppData\Local\Programs\Python\Python38\lib\zipfile.py", line 1701, in _extract_member
    open(targetpath, "wb") as target:
PermissionError: [Errno 13] Permission denied: 'C:\\Users\\KADOUN\\.wdm\\drivers\\chromedriver\\win64\\116.0.5845.180\\chromedriver-win32\\chromedriver.exe'

During handling of the above exception, another exception occurred:

Traceback (most recent call last):
  File "C:\Users\KADOUN\Desktop\Automatization_Project_Master_QA\EW_Automation_Local_Deploy_PyCharm\SRL_C.py", line 19, in setUp
    setUp(self)
  File "C:\Users\KADOUN\Desktop\Automatization_Project_Master_QA\EW_Automation_Local_Deploy_PyCharm\to_import.py", line 34, in setUp
    self.driver = webdriver.Chrome(ChromeDriverManager().install())
  File "C:\Users\KADOUN\AppData\Roaming\Python\Python38\site-packages\webdriver_manager\chrome.py", line 40, in install
    driver_path = self._get_driver_binary_path(self.driver)
  File "C:\Users\KADOUN\AppData\Roaming\Python\Python38\site-packages\webdriver_manager\core\manager.py", line 41, in _get_driver_binary_path
    binary_path = self._cache_manager.save_file_to_cache(driver, file)
  File "C:\Users\KADOUN\AppData\Roaming\Python\Python38\site-packages\webdriver_manager\core\driver_cache.py", line 54, in save_file_to_cache
    files = self.unpack_archive(archive, path)
  File "C:\Users\KADOUN\AppData\Roaming\Python\Python38\site-packages\webdriver_manager\core\driver_cache.py", line 49, in unpack_archive
    return self._file_manager.unpack_archive(archive, path)
  File "C:\Users\KADOUN\AppData\Roaming\Python\Python38\site-packages\webdriver_manager\core\file_manager.py", line 57, in unpack_archive
    return self.__extract_zip(archive_file, target_dir)
  File "C:\Users\KADOUN\AppData\Roaming\Python\Python38\site-packages\webdriver_manager\core\file_manager.py", line 81, in __extract_zip
    os.replace(source, destination)
PermissionError: [WinError 5] Access is denied: 'C:\\Users\\KADOUN\\.wdm\\drivers\\chromedriver\\win64\\116.0.5845.180\\chromedriver-win32\\chromedriver.exe' -> 'C:\\Users\\KADOUN\\.wdm\\drivers\\chromedriver\\win64\\116.0.5845.180\\chromedriver.exe'
</pre>
                        </div>
                        <!--css div popup end-->
                    </div>
                </td>
            </tr>
            
            <tr id="pt13.3" class='hiddenRow'>
                <td class='passCase'>
                    <div class='testcase'>
                        <a class="popup_link" onfocus='this.blur();'
                           href="javascript:showTestDetail('div_pt13.3')">test_SRL_map</a>
                    </div>
                </td>
                <td colspan='5' align='center'>
                    <div>
                        <!--css div popup start-->
                        <button>
                            <a class="popup_link" onfocus='this.blur();'
                               href="javascript:showTestDetail('div_pt13.3')" style="color:#660066;">
                                PASS
                            </a></button>
                        <div id='div_pt13.3' class="popup_window">
                            <div style='text-align: right; color:red;cursor:pointer'>
                                <a onfocus='this.blur();'
                                   onclick="document.getElementById('div_pt13.3').style.display = 'none'; "
                                   style="color:red;">
                                    [x]</a>
                            </div>
                            <pre>2023-09-12 10:48:11.426098 : <selenium.webdriver.remote.webelement.WebElement (session="1e6ec1f8869651a64c93756ed7189bb9", element="36DC91B0ABA719D69E2441E4E44289DF_element_320")>
2023-09-12 10:48:52.023058 : nenasel se kolecko//*[@class='leaflet-marker-icon marker-cluster marker-cluster-large leaflet-zoom-animated leaflet-interactive']
2023-09-12 10:49:20.291684 : nenasel se kolecko//*[@class='leaflet-marker-icon marker-cluster marker-cluster-large leaflet-zoom-animated leaflet-interactive']
2023-09-12 10:49:46.597056 : nenasel se kolecko//*[@class='leaflet-marker-icon marker-cluster marker-cluster-medium leaflet-zoom-animated leaflet-interactive']
2023-09-12 10:50:14.890201 : nenasel se kolecko//*[@class='leaflet-marker-icon marker-cluster marker-cluster-medium leaflet-zoom-animated leaflet-interactive']
2023-09-12 10:50:41.140159 : nenasel se kolecko//*[@class='leaflet-marker-icon marker-cluster marker-cluster-small leaflet-zoom-animated leaflet-interactive']
2023-09-12 10:51:09.437443 : nenasel se kolecko//*[@class='leaflet-marker-icon marker-cluster marker-cluster-small leaflet-zoom-animated leaflet-interactive']
2023-09-12 10:51:38.315281 : actually OK
2023-09-12 10:51:43.588397 : https://exim.web13.dtweb.cz/egypt/sharm-el-sheikh/dahab/hotel-happy-life-village?DS=8192&GIATA=36603&D=64419|64420|64425&HID=9722&PF=0&PT=900000&MT=5&NN=7&DF=2023-09-01|2023-10-31&RD=2023-09-28&DD=2023-09-21&ERM=0&AC1=2&KC1=1&KA1=11&IC1=0&DP=4312&TO=4312|4305|2682|4308&TOM=4312|4305|2682|4308&MNN=7&NNM=7|8|9|10|11|12|13|14&TT=1&TTM=1&PID=SSH90017&DPR=EXIM%20TOURS%20ATCOM
2023-09-12 10:51:43.588397 : https://exim.web13.dtweb.cz//vysledky-vyhledavani?ac1=2&d=64419|64420|64425&dd=2023-09-01&ka1=11&kc1=1&nn=7|8|9|10|11|12|13|14&rd=2023-10-31&to=4312|4305|2682|4308&tt=1
2023-09-12 10:51:43.592387 : https://exim.web13.dtweb.cz/egypt/sharm-el-sheikh/dahab/hotel-happy-life-village?DS=8192&GIATA=36603&D=64419|64420|64425&HID=9722&PF=0&PT=900000&MT=5&NN=7&DF=2023-09-01|2023-10-31&RD=2023-09-28&DD=2023-09-21&ERM=0&AC1=2&KC1=1&KA1=11&IC1=0&DP=4312&TO=4312|4305|2682|4308&TOM=4312|4305|2682|4308&MNN=7&NNM=7|8|9|10|11|12|13|14&TT=1&TTM=1&PID=SSH90017&DPR=EXIM%20TOURS%20ATCOM
</pre>
                            <pre style="color: red;"></pre>
                        </div>
                        <!--css div popup end-->
                    </div>
                </td>
            </tr>
            
            <tr id="pt13.4" class='hiddenRow'>
                <td class='passCase'>
                    <div class='testcase'>
                        <a class="popup_link" onfocus='this.blur();'
                           href="javascript:showTestDetail('div_pt13.4')">test_SRL_filtr_strava</a>
                    </div>
                </td>
                <td colspan='5' align='center'>
                    <div>
                        <!--css div popup start-->
                        <button>
                            <a class="popup_link" onfocus='this.blur();'
                               href="javascript:showTestDetail('div_pt13.4')" style="color:#660066;">
                                PASS
                            </a></button>
                        <div id='div_pt13.4' class="popup_window">
                            <div style='text-align: right; color:red;cursor:pointer'>
                                <a onfocus='this.blur();'
                                   onclick="document.getElementById('div_pt13.4').style.display = 'none'; "
                                   style="color:red;">
                                    [x]</a>
                            </div>
                            <pre>2023-09-12 10:51:54.374830 : <selenium.webdriver.remote.webelement.WebElement (session="84f6e8f51d496516204b1fb56a81bf07", element="C0155F1B67D4B73FF9A3714C5B96E8DF_element_323")>
2023-09-12 10:52:00.706129 : 0
2023-09-12 10:52:00.953245 : ok
2023-09-12 10:52:00.953245 : ok
2023-09-12 10:52:00.953245 : ok
2023-09-12 10:52:00.953245 : ok
2023-09-12 10:52:00.953245 : ok
2023-09-12 10:52:00.953245 : ok
2023-09-12 10:52:00.953245 : ok
2023-09-12 10:52:00.953245 : ok
2023-09-12 10:52:00.953245 : ok
2023-09-12 10:52:00.953245 : ok
2023-09-12 10:52:00.953245 : ok
2023-09-12 10:52:00.953245 : ok
2023-09-12 10:52:00.953245 : ok
2023-09-12 10:52:00.953245 : ok
2023-09-12 10:52:00.953245 : ok
2023-09-12 10:52:00.953245 : ok
2023-09-12 10:52:00.953245 : ok
2023-09-12 10:52:00.953245 : ok
2023-09-12 10:52:00.953245 : ok
2023-09-12 10:52:00.953245 : ok
2023-09-12 10:52:00.953245 : ['all inclusive', 'all inclusive extra', 'all inclusive ultra', 'all inclusive', 'all inclusive', 'all inclusive', 'all inclusive', 'all inclusive', 'all inclusive', 'all inclusive', 'all inclusive', 'all inclusive', 'all inclusive', 'all inclusive', 'all inclusive', 'all inclusive', 'all inclusive', 'all inclusive', 'all inclusive', 'all inclusive']
2023-09-12 10:52:00.958792 : https://exim.web13.dtweb.cz//vysledky-vyhledavani?ac1=2&d=64419|64420|64425&dd=2023-09-01&ka1=11&kc1=1&m=5&nn=7|8|9|10|11|12|13|14&rd=2023-10-31&to=4312|4305|2682|4308&tt=1
</pre>
                            <pre style="color: red;"></pre>
                        </div>
                        <!--css div popup end-->
                    </div>
                </td>
            </tr>
            
            <tr id="pt13.5" class='hiddenRow'>
                <td class='passCase'>
                    <div class='testcase'>
                        <a class="popup_link" onfocus='this.blur();'
                           href="javascript:showTestDetail('div_pt13.5')">test_srl_C</a>
                    </div>
                </td>
                <td colspan='5' align='center'>
                    <div>
                        <!--css div popup start-->
                        <button>
                            <a class="popup_link" onfocus='this.blur();'
                               href="javascript:showTestDetail('div_pt13.5')" style="color:#660066;">
                                PASS
                            </a></button>
                        <div id='div_pt13.5' class="popup_window">
                            <div style='text-align: right; color:red;cursor:pointer'>
                                <a onfocus='this.blur();'
                                   onclick="document.getElementById('div_pt13.5').style.display = 'none'; "
                                   style="color:red;">
                                    [x]</a>
                            </div>
                            <pre>2023-09-12 10:52:11.550050 : <selenium.webdriver.remote.webelement.WebElement (session="47e54a40732cd770a392612aa7851eae", element="476E9E822DC293C80A053498B8ABCB40_element_331")>
2023-09-12 10:52:12.746470 : |||||HOTEL CISLO|||||||
2023-09-12 10:52:12.746470 : 1
2023-09-12 10:52:12.746470 : 1
2023-09-12 10:52:12.746470 : 1
2023-09-12 10:52:16.502148 : All Inclusive
2023-09-12 10:52:16.539050 : Dvoulkov pokoj , Vhled zahrada
2023-09-12 10:52:16.570965 : 42 770 K
2023-09-12 10:52:16.592906 : 16 890 K
2023-09-12 10:52:16.592906 : pokoje sedi srl vs detail
2023-09-12 10:52:16.592906 : stravy sedi srl vs detail
2023-09-12 10:52:16.592906 : ceny all sedi srl vs detail
2023-09-12 10:52:16.592906 :  cena adult sedi srl vs detail
2023-09-12 10:52:16.607867 : 1
2023-09-12 10:52:16.607867 : 2
2023-09-12 10:52:16.607867 : |||||HOTEL CISLO|||||||
2023-09-12 10:52:16.607867 : 2
2023-09-12 10:52:16.607867 : 2
2023-09-12 10:52:16.607867 : 2
2023-09-12 10:52:24.546791 : All Inclusive Extra
2023-09-12 10:52:24.571363 : Dvoulkov pokoj
2023-09-12 10:52:24.601209 : 43 570 K
2023-09-12 10:52:24.625977 : 17 290 K
2023-09-12 10:52:24.625977 : pokoje sedi srl vs detail
2023-09-12 10:52:24.625977 : stravy sedi srl vs detail
2023-09-12 10:52:24.625977 : ceny all sedi srl vs detail
2023-09-12 10:52:24.625977 :  cena adult sedi srl vs detail
2023-09-12 10:52:24.644664 : 2
2023-09-12 10:52:24.644664 : 3
2023-09-12 10:52:24.644664 : |||||HOTEL CISLO|||||||
2023-09-12 10:52:24.644664 : 3
2023-09-12 10:52:24.644664 : 3
2023-09-12 10:52:24.644664 : 3
2023-09-12 10:52:53.697445 : All Inclusive Ultra
2023-09-12 10:52:53.723343 : Dvoulkov pokoj , Superior , Vhled moe
2023-09-12 10:52:53.750802 : 45 770 K
2023-09-12 10:52:53.778052 : 18 390 K
2023-09-12 10:52:53.778052 : pokoje sedi srl vs detail
2023-09-12 10:52:53.778052 : stravy sedi srl vs detail
2023-09-12 10:52:53.778052 : ceny all sedi srl vs detail
2023-09-12 10:52:53.778052 :  cena adult sedi srl vs detail
2023-09-12 10:52:53.795391 : 3
2023-09-12 10:52:53.795391 : 4
2023-09-12 10:52:53.795391 : |||||HOTEL CISLO|||||||
2023-09-12 10:52:53.795391 : 4
2023-09-12 10:52:53.795391 : 4
2023-09-12 10:52:53.795391 : 4
2023-09-12 10:53:00.179848 : All Inclusive
2023-09-12 10:53:00.202787 : Dvoulkov pokoj
2023-09-12 10:53:00.228718 : 27 370 K
2023-09-12 10:53:00.248664 : 9 190 K
2023-09-12 10:53:00.248664 : pokoje sedi srl vs detail
2023-09-12 10:53:00.248664 : stravy sedi srl vs detail
2023-09-12 10:53:00.248664 : ceny all sedi srl vs detail
2023-09-12 10:53:00.248664 :  cena adult sedi srl vs detail
2023-09-12 10:53:00.265619 : 4
2023-09-12 10:53:00.265619 : 5
2023-09-12 10:53:00.265619 : |||||HOTEL CISLO|||||||
2023-09-12 10:53:00.265619 : 5
2023-09-12 10:53:00.265619 : 5
2023-09-12 10:53:00.265619 : 5
2023-09-12 10:53:07.143666 : All Inclusive
2023-09-12 10:53:07.171768 : Dvoulkov pokoj , Hlavn budova
2023-09-12 10:53:07.200096 : 30 570 K
2023-09-12 10:53:07.228019 : 10 790 K
2023-09-12 10:53:07.228019 : pokoje sedi srl vs detail
2023-09-12 10:53:07.228019 : stravy sedi srl vs detail
2023-09-12 10:53:07.228019 : ceny all sedi srl vs detail
2023-09-12 10:53:07.228019 :  cena adult sedi srl vs detail
2023-09-12 10:53:07.299827 : 5
2023-09-12 10:53:07.300824 : 6
2023-09-12 10:53:07.300824 : |||||HOTEL CISLO|||||||
2023-09-12 10:53:07.300824 : 6
2023-09-12 10:53:07.300824 : 6
2023-09-12 10:53:07.300824 : 6
2023-09-12 10:53:36.188330 : All Inclusive
2023-09-12 10:53:36.233209 : Dvoulkov pokoj
2023-09-12 10:53:36.277092 : 37 370 K
2023-09-12 10:53:36.308010 : 14 190 K
2023-09-12 10:53:36.308010 : pokoje sedi srl vs detail
2023-09-12 10:53:36.308010 : stravy sedi srl vs detail
2023-09-12 10:53:36.308010 : ceny all sedi srl vs detail
2023-09-12 10:53:36.308010 :  cena adult sedi srl vs detail
2023-09-12 10:53:36.327958 : 6
2023-09-12 10:53:36.327958 : 7
2023-09-12 10:53:36.355888 : https://exim.web13.dtweb.cz//vysledky-vyhledavani?ac1=2&d=64419|64420|64425&dd=2023-09-01&ka1=11&kc1=1&nn=7|8|9|10|11|12|13|14&rd=2023-10-31&to=4312|4305|2682|4308&tt=1
</pre>
                            <pre style="color: red;"></pre>
                        </div>
                        <!--css div popup end-->
                    </div>
                </td>
            </tr>
            
            <tr id="ft13.6" class='none'>
                <td class='errorCase'>
                    <div class='testcase'>
                        <a class="popup_link" onfocus='this.blur();'
                           href="javascript:showTestDetail('div_ft13.6')">test_SRL_kuba_srl_D_R</a>
                    </div>
                </td>
                <td colspan='5' align='center'>
                    <div>
                        <!--css div popup start-->
                        <button>
                            <a class="popup_link" onfocus='this.blur();'
                               href="javascript:showTestDetail('div_ft13.6')" style="color:#660066;">
                                ERROR
                            </a></button>
                        <div id='div_ft13.6' class="popup_window">
                            <div style='text-align: right; color:red;cursor:pointer'>
                                <a onfocus='this.blur();'
                                   onclick="document.getElementById('div_ft13.6').style.display = 'none'; "
                                   style="color:red;">
                                    [x]</a>
                            </div>
                            <pre></pre>
                            <pre style="color: red;">Traceback (most recent call last):
  File "C:\Users\KADOUN\AppData\Roaming\Python\Python38\site-packages\webdriver_manager\core\file_manager.py", line 65, in __extract_zip
    archive.extractall(to_directory)
  File "C:\Users\KADOUN\AppData\Local\Programs\Python\Python38\lib\zipfile.py", line 1647, in extractall
    self._extract_member(zipinfo, path, pwd)
  File "C:\Users\KADOUN\AppData\Local\Programs\Python\Python38\lib\zipfile.py", line 1701, in _extract_member
    open(targetpath, "wb") as target:
PermissionError: [Errno 13] Permission denied: 'C:\\Users\\KADOUN\\.wdm\\drivers\\chromedriver\\win64\\116.0.5845.180\\chromedriver-win32\\chromedriver.exe'

During handling of the above exception, another exception occurred:

Traceback (most recent call last):
  File "C:\Users\KADOUN\Desktop\Automatization_Project_Master_QA\EW_Automation_Local_Deploy_PyCharm\SRL_C.py", line 19, in setUp
    setUp(self)
  File "C:\Users\KADOUN\Desktop\Automatization_Project_Master_QA\EW_Automation_Local_Deploy_PyCharm\to_import.py", line 34, in setUp
    self.driver = webdriver.Chrome(ChromeDriverManager().install())
  File "C:\Users\KADOUN\AppData\Roaming\Python\Python38\site-packages\webdriver_manager\chrome.py", line 40, in install
    driver_path = self._get_driver_binary_path(self.driver)
  File "C:\Users\KADOUN\AppData\Roaming\Python\Python38\site-packages\webdriver_manager\core\manager.py", line 41, in _get_driver_binary_path
    binary_path = self._cache_manager.save_file_to_cache(driver, file)
  File "C:\Users\KADOUN\AppData\Roaming\Python\Python38\site-packages\webdriver_manager\core\driver_cache.py", line 54, in save_file_to_cache
    files = self.unpack_archive(archive, path)
  File "C:\Users\KADOUN\AppData\Roaming\Python\Python38\site-packages\webdriver_manager\core\driver_cache.py", line 49, in unpack_archive
    return self._file_manager.unpack_archive(archive, path)
  File "C:\Users\KADOUN\AppData\Roaming\Python\Python38\site-packages\webdriver_manager\core\file_manager.py", line 57, in unpack_archive
    return self.__extract_zip(archive_file, target_dir)
  File "C:\Users\KADOUN\AppData\Roaming\Python\Python38\site-packages\webdriver_manager\core\file_manager.py", line 81, in __extract_zip
    os.replace(source, destination)
PermissionError: [WinError 5] Access is denied: 'C:\\Users\\KADOUN\\.wdm\\drivers\\chromedriver\\win64\\116.0.5845.180\\chromedriver-win32\\chromedriver.exe' -> 'C:\\Users\\KADOUN\\.wdm\\drivers\\chromedriver\\win64\\116.0.5845.180\\chromedriver.exe'
</pre>
                        </div>
                        <!--css div popup end-->
                    </div>
                </td>
            </tr>
            
        
        <tr class='passClass' style="font-weight:bold;color:white;">
            <td><a href="javascript:showClassDetail('c14','1')">EW_Automation_Local_Deploy_PyCharm.SRL_D.TestSRL_D</a></td>
            <td>1</td>
            <td>1</td>
            <td>0</td>
            <td>0</td>
            <td>
                <button><a href="javascript:showClassDetail('c14','1')"
                           style="color:#660066;">Detail</a></button>
            </td>
        </tr>
            
            <tr id="pt14.1" class='hiddenRow'>
                <td class='passCase'>
                    <div class='testcase'>
                        <a class="popup_link" onfocus='this.blur();'
                           href="javascript:showTestDetail('div_pt14.1')">test_SRL_D</a>
                    </div>
                </td>
                <td colspan='5' align='center'>
                    <div>
                        <!--css div popup start-->
                        <button>
                            <a class="popup_link" onfocus='this.blur();'
                               href="javascript:showTestDetail('div_pt14.1')" style="color:#660066;">
                                PASS
                            </a></button>
                        <div id='div_pt14.1' class="popup_window">
                            <div style='text-align: right; color:red;cursor:pointer'>
                                <a onfocus='this.blur();'
                                   onclick="document.getElementById('div_pt14.1').style.display = 'none'; "
                                   style="color:red;">
                                    [x]</a>
                            </div>
                            <pre>2023-09-12 10:53:48.586487 : <selenium.webdriver.remote.webelement.WebElement (session="91d4536884d5ec94866f1e0179933753", element="930E87826931611923739F791A482302_element_329")>
2023-09-12 10:53:54.775852 : None
2023-09-12 10:53:54.775852 : consent pass
2023-09-12 10:53:54.876648 : True
2023-09-12 10:53:54.891628 : True
2023-09-12 10:53:54.902243 : True
2023-09-12 10:53:54.916420 : True
2023-09-12 10:53:54.926528 : True
2023-09-12 10:53:54.937800 : True
2023-09-12 10:53:54.951633 : True
2023-09-12 10:53:54.962752 : True
2023-09-12 10:53:54.976674 : True
2023-09-12 10:53:54.986697 : True
2023-09-12 10:53:54.998799 : True
2023-09-12 10:53:55.012762 : True
2023-09-12 10:53:55.026728 : True
2023-09-12 10:53:55.041685 : True
2023-09-12 10:53:55.057645 : True
2023-09-12 10:53:55.072603 : True
2023-09-12 10:53:55.082576 : True
2023-09-12 10:53:55.095541 : True
2023-09-12 10:53:55.109504 : True
2023-09-12 10:53:55.120475 : True
2023-09-12 10:53:55.216618 : True
2023-09-12 10:53:55.230769 : True
2023-09-12 10:53:55.242446 : True
2023-09-12 10:53:55.252778 : True
2023-09-12 10:53:55.265157 : True
2023-09-12 10:53:55.276583 : True
2023-09-12 10:53:55.289907 : True
2023-09-12 10:53:55.299549 : True
2023-09-12 10:53:55.311472 : True
2023-09-12 10:53:55.325444 : True
2023-09-12 10:53:55.336652 : True
2023-09-12 10:53:55.346096 : True
2023-09-12 10:53:55.359425 : True
2023-09-12 10:53:55.370986 : True
2023-09-12 10:53:55.383918 : True
2023-09-12 10:53:55.393940 : True
2023-09-12 10:53:55.405851 : True
2023-09-12 10:53:55.419911 : True
2023-09-12 10:53:55.431402 : True
2023-09-12 10:53:55.445260 : True
2023-09-12 10:53:55.523427 : ceny
2023-09-12 10:53:55.533119 : ceny
2023-09-12 10:53:55.546241 : ceny
2023-09-12 10:53:55.557071 : ceny
2023-09-12 10:53:55.571128 : ceny
2023-09-12 10:53:55.581447 : ceny
2023-09-12 10:53:55.593702 : ceny
2023-09-12 10:53:55.607763 : ceny
2023-09-12 10:53:55.619041 : ceny
2023-09-12 10:53:55.632918 : ceny
2023-09-12 10:53:55.643404 : ceny
2023-09-12 10:53:55.654985 : ceny
2023-09-12 10:53:55.667355 : ceny
2023-09-12 10:53:55.677411 : ceny
2023-09-12 10:53:55.688763 : ceny
2023-09-12 10:53:55.702550 : ceny
2023-09-12 10:53:55.715205 : ceny
2023-09-12 10:53:55.729280 : ceny
2023-09-12 10:53:55.740571 : ceny
2023-09-12 10:53:55.751595 : ceny
2023-09-12 10:53:55.766007 : ceny
2023-09-12 10:53:55.777769 : ceny
2023-09-12 10:53:55.791750 : ceny
2023-09-12 10:53:55.802436 : ceny
2023-09-12 10:53:55.813366 : ceny
2023-09-12 10:53:55.827647 : ceny
2023-09-12 10:53:55.839565 : ceny
2023-09-12 10:53:55.851918 : ceny
2023-09-12 10:53:55.863534 : ceny
2023-09-12 10:53:55.874623 : ceny
2023-09-12 10:53:55.889696 : ceny
2023-09-12 10:53:55.901580 : ceny
2023-09-12 10:53:55.914974 : ceny
2023-09-12 10:53:55.925556 : ceny
2023-09-12 10:53:55.937914 : ceny
2023-09-12 10:53:55.951836 : ceny
2023-09-12 10:53:55.963828 : ceny
2023-09-12 10:53:55.977607 : ceny
2023-09-12 10:53:55.988444 : ceny
2023-09-12 10:53:55.999936 : ceny
2023-09-12 10:53:56.053900 : https://exim.web13.dtweb.cz//vysledky-vyhledavani?ac1=2&d=64419|64420|64425&dd=2023-09-01&ka1=11&kc1=1&nn=7|8|9|10|11|12|13|14&rd=2023-10-31&to=4312|4305|2682|4308&tt=1
</pre>
                            <pre style="color: red;"></pre>
                        </div>
                        <!--css div popup end-->
                    </div>
                </td>
            </tr>
            
        
        <tr class='errorClass' style="font-weight:bold;color:white;">
            <td><a href="javascript:showClassDetail('c15','6')">EW_Automation_Local_Deploy_PyCharm.HP_C.Test_HP_C</a></td>
            <td>6</td>
            <td>1</td>
            <td>0</td>
            <td>5</td>
            <td>
                <button><a href="javascript:showClassDetail('c15','6')"
                           style="color:#660066;">Detail</a></button>
            </td>
        </tr>
            
            <tr id="pt15.1" class='hiddenRow'>
                <td class='passCase'>
                    <div class='testcase'>
                        <a class="popup_link" onfocus='this.blur();'
                           href="javascript:showTestDetail('div_pt15.1')">test_HP_bannery_check</a>
                    </div>
                </td>
                <td colspan='5' align='center'>
                    <div>
                        <!--css div popup start-->
                        <button>
                            <a class="popup_link" onfocus='this.blur();'
                               href="javascript:showTestDetail('div_pt15.1')" style="color:#660066;">
                                PASS
                            </a></button>
                        <div id='div_pt15.1' class="popup_window">
                            <div style='text-align: right; color:red;cursor:pointer'>
                                <a onfocus='this.blur();'
                                   onclick="document.getElementById('div_pt15.1').style.display = 'none'; "
                                   style="color:red;">
                                    [x]</a>
                            </div>
                            <pre>2023-09-12 10:54:13.332534 : <selenium.webdriver.remote.webelement.WebElement (session="f04f05af58c2fff09ea9a6fc5bcd802d", element="7170499EAD4D51B82760BCB7A4D6938E_element_310")>
2023-09-12 10:54:57.917227 : ------------------------------------------
2023-09-12 10:54:57.917227 : LIST FROM PUBLIC WWW PRODUCTION https://www.eximtours.cz/
2023-09-12 10:54:57.922213 : ['last minute', '10 zjezd v 1 destinaci', '95 zjezd v 1 destinaci', '452 zjezd v 1 destinaci', '252 zjezd v 1 destinaci', '']
2023-09-12 10:54:57.922213 : ------------------------------------------
2023-09-12 10:54:57.922213 : LIST FROM DEPLOYING WEB https://exim.web13.dtweb.cz/
2023-09-12 10:54:57.922213 : ['last minute', '10 zjezd v 1 destinaci', '95 zjezd v 1 destinaci', '452 zjezd v 1 destinaci', '252 zjezd v 1 destinaci', '']
2023-09-12 10:54:57.922213 : ------------------------------------------
2023-09-12 10:54:57.922213 : Banners are GOOD, TEST OK https://www.eximtours.cz/ VS https://exim.web13.dtweb.cz/
2023-09-12 10:54:57.928170 : https://exim.web13.dtweb.cz/
</pre>
                            <pre style="color: red;"></pre>
                        </div>
                        <!--css div popup end-->
                    </div>
                </td>
            </tr>
            
            <tr id="ft15.2" class='none'>
                <td class='errorCase'>
                    <div class='testcase'>
                        <a class="popup_link" onfocus='this.blur();'
                           href="javascript:showTestDetail('div_ft15.2')">test_HP_top_nabidka_status</a>
                    </div>
                </td>
                <td colspan='5' align='center'>
                    <div>
                        <!--css div popup start-->
                        <button>
                            <a class="popup_link" onfocus='this.blur();'
                               href="javascript:showTestDetail('div_ft15.2')" style="color:#660066;">
                                ERROR
                            </a></button>
                        <div id='div_ft15.2' class="popup_window">
                            <div style='text-align: right; color:red;cursor:pointer'>
                                <a onfocus='this.blur();'
                                   onclick="document.getElementById('div_ft15.2').style.display = 'none'; "
                                   style="color:red;">
                                    [x]</a>
                            </div>
                            <pre></pre>
                            <pre style="color: red;">Traceback (most recent call last):
  File "C:\Users\KADOUN\AppData\Roaming\Python\Python38\site-packages\webdriver_manager\core\file_manager.py", line 65, in __extract_zip
    archive.extractall(to_directory)
  File "C:\Users\KADOUN\AppData\Local\Programs\Python\Python38\lib\zipfile.py", line 1647, in extractall
    self._extract_member(zipinfo, path, pwd)
  File "C:\Users\KADOUN\AppData\Local\Programs\Python\Python38\lib\zipfile.py", line 1701, in _extract_member
    open(targetpath, "wb") as target:
PermissionError: [Errno 13] Permission denied: 'C:\\Users\\KADOUN\\.wdm\\drivers\\chromedriver\\win64\\116.0.5845.180\\chromedriver-win32\\chromedriver.exe'

During handling of the above exception, another exception occurred:

Traceback (most recent call last):
  File "C:\Users\KADOUN\Desktop\Automatization_Project_Master_QA\EW_Automation_Local_Deploy_PyCharm\HP_C.py", line 48, in setUp
    setUp(self)
  File "C:\Users\KADOUN\Desktop\Automatization_Project_Master_QA\EW_Automation_Local_Deploy_PyCharm\to_import.py", line 34, in setUp
    self.driver = webdriver.Chrome(ChromeDriverManager().install())
  File "C:\Users\KADOUN\AppData\Roaming\Python\Python38\site-packages\webdriver_manager\chrome.py", line 40, in install
    driver_path = self._get_driver_binary_path(self.driver)
  File "C:\Users\KADOUN\AppData\Roaming\Python\Python38\site-packages\webdriver_manager\core\manager.py", line 41, in _get_driver_binary_path
    binary_path = self._cache_manager.save_file_to_cache(driver, file)
  File "C:\Users\KADOUN\AppData\Roaming\Python\Python38\site-packages\webdriver_manager\core\driver_cache.py", line 54, in save_file_to_cache
    files = self.unpack_archive(archive, path)
  File "C:\Users\KADOUN\AppData\Roaming\Python\Python38\site-packages\webdriver_manager\core\driver_cache.py", line 49, in unpack_archive
    return self._file_manager.unpack_archive(archive, path)
  File "C:\Users\KADOUN\AppData\Roaming\Python\Python38\site-packages\webdriver_manager\core\file_manager.py", line 57, in unpack_archive
    return self.__extract_zip(archive_file, target_dir)
  File "C:\Users\KADOUN\AppData\Roaming\Python\Python38\site-packages\webdriver_manager\core\file_manager.py", line 81, in __extract_zip
    os.replace(source, destination)
PermissionError: [WinError 5] Access is denied: 'C:\\Users\\KADOUN\\.wdm\\drivers\\chromedriver\\win64\\116.0.5845.180\\chromedriver-win32\\chromedriver.exe' -> 'C:\\Users\\KADOUN\\.wdm\\drivers\\chromedriver\\win64\\116.0.5845.180\\chromedriver.exe'
</pre>
                        </div>
                        <!--css div popup end-->
                    </div>
                </td>
            </tr>
            
            <tr id="ft15.3" class='none'>
                <td class='errorCase'>
                    <div class='testcase'>
                        <a class="popup_link" onfocus='this.blur();'
                           href="javascript:showTestDetail('div_ft15.3')">test_HP_zlutak_to_SRL_pobyt</a>
                    </div>
                </td>
                <td colspan='5' align='center'>
                    <div>
                        <!--css div popup start-->
                        <button>
                            <a class="popup_link" onfocus='this.blur();'
                               href="javascript:showTestDetail('div_ft15.3')" style="color:#660066;">
                                ERROR
                            </a></button>
                        <div id='div_ft15.3' class="popup_window">
                            <div style='text-align: right; color:red;cursor:pointer'>
                                <a onfocus='this.blur();'
                                   onclick="document.getElementById('div_ft15.3').style.display = 'none'; "
                                   style="color:red;">
                                    [x]</a>
                            </div>
                            <pre></pre>
                            <pre style="color: red;">Traceback (most recent call last):
  File "C:\Users\KADOUN\AppData\Roaming\Python\Python38\site-packages\webdriver_manager\core\file_manager.py", line 65, in __extract_zip
    archive.extractall(to_directory)
  File "C:\Users\KADOUN\AppData\Local\Programs\Python\Python38\lib\zipfile.py", line 1647, in extractall
    self._extract_member(zipinfo, path, pwd)
  File "C:\Users\KADOUN\AppData\Local\Programs\Python\Python38\lib\zipfile.py", line 1701, in _extract_member
    open(targetpath, "wb") as target:
PermissionError: [Errno 13] Permission denied: 'C:\\Users\\KADOUN\\.wdm\\drivers\\chromedriver\\win64\\116.0.5845.180\\chromedriver-win32\\chromedriver.exe'

During handling of the above exception, another exception occurred:

Traceback (most recent call last):
  File "C:\Users\KADOUN\Desktop\Automatization_Project_Master_QA\EW_Automation_Local_Deploy_PyCharm\HP_C.py", line 48, in setUp
    setUp(self)
  File "C:\Users\KADOUN\Desktop\Automatization_Project_Master_QA\EW_Automation_Local_Deploy_PyCharm\to_import.py", line 34, in setUp
    self.driver = webdriver.Chrome(ChromeDriverManager().install())
  File "C:\Users\KADOUN\AppData\Roaming\Python\Python38\site-packages\webdriver_manager\chrome.py", line 40, in install
    driver_path = self._get_driver_binary_path(self.driver)
  File "C:\Users\KADOUN\AppData\Roaming\Python\Python38\site-packages\webdriver_manager\core\manager.py", line 41, in _get_driver_binary_path
    binary_path = self._cache_manager.save_file_to_cache(driver, file)
  File "C:\Users\KADOUN\AppData\Roaming\Python\Python38\site-packages\webdriver_manager\core\driver_cache.py", line 54, in save_file_to_cache
    files = self.unpack_archive(archive, path)
  File "C:\Users\KADOUN\AppData\Roaming\Python\Python38\site-packages\webdriver_manager\core\driver_cache.py", line 49, in unpack_archive
    return self._file_manager.unpack_archive(archive, path)
  File "C:\Users\KADOUN\AppData\Roaming\Python\Python38\site-packages\webdriver_manager\core\file_manager.py", line 57, in unpack_archive
    return self.__extract_zip(archive_file, target_dir)
  File "C:\Users\KADOUN\AppData\Roaming\Python\Python38\site-packages\webdriver_manager\core\file_manager.py", line 81, in __extract_zip
    os.replace(source, destination)
PermissionError: [WinError 5] Access is denied: 'C:\\Users\\KADOUN\\.wdm\\drivers\\chromedriver\\win64\\116.0.5845.180\\chromedriver-win32\\chromedriver.exe' -> 'C:\\Users\\KADOUN\\.wdm\\drivers\\chromedriver\\win64\\116.0.5845.180\\chromedriver.exe'
</pre>
                        </div>
                        <!--css div popup end-->
                    </div>
                </td>
            </tr>
            
            <tr id="ft15.4" class='none'>
                <td class='errorCase'>
                    <div class='testcase'>
                        <a class="popup_link" onfocus='this.blur();'
                           href="javascript:showTestDetail('div_ft15.4')">test_HP_zlutak_to_SRL_poznavacky</a>
                    </div>
                </td>
                <td colspan='5' align='center'>
                    <div>
                        <!--css div popup start-->
                        <button>
                            <a class="popup_link" onfocus='this.blur();'
                               href="javascript:showTestDetail('div_ft15.4')" style="color:#660066;">
                                ERROR
                            </a></button>
                        <div id='div_ft15.4' class="popup_window">
                            <div style='text-align: right; color:red;cursor:pointer'>
                                <a onfocus='this.blur();'
                                   onclick="document.getElementById('div_ft15.4').style.display = 'none'; "
                                   style="color:red;">
                                    [x]</a>
                            </div>
                            <pre></pre>
                            <pre style="color: red;">Traceback (most recent call last):
  File "C:\Users\KADOUN\AppData\Roaming\Python\Python38\site-packages\webdriver_manager\core\file_manager.py", line 65, in __extract_zip
    archive.extractall(to_directory)
  File "C:\Users\KADOUN\AppData\Local\Programs\Python\Python38\lib\zipfile.py", line 1647, in extractall
    self._extract_member(zipinfo, path, pwd)
  File "C:\Users\KADOUN\AppData\Local\Programs\Python\Python38\lib\zipfile.py", line 1701, in _extract_member
    open(targetpath, "wb") as target:
PermissionError: [Errno 13] Permission denied: 'C:\\Users\\KADOUN\\.wdm\\drivers\\chromedriver\\win64\\116.0.5845.180\\chromedriver-win32\\chromedriver.exe'

During handling of the above exception, another exception occurred:

Traceback (most recent call last):
  File "C:\Users\KADOUN\Desktop\Automatization_Project_Master_QA\EW_Automation_Local_Deploy_PyCharm\HP_C.py", line 48, in setUp
    setUp(self)
  File "C:\Users\KADOUN\Desktop\Automatization_Project_Master_QA\EW_Automation_Local_Deploy_PyCharm\to_import.py", line 34, in setUp
    self.driver = webdriver.Chrome(ChromeDriverManager().install())
  File "C:\Users\KADOUN\AppData\Roaming\Python\Python38\site-packages\webdriver_manager\chrome.py", line 40, in install
    driver_path = self._get_driver_binary_path(self.driver)
  File "C:\Users\KADOUN\AppData\Roaming\Python\Python38\site-packages\webdriver_manager\core\manager.py", line 41, in _get_driver_binary_path
    binary_path = self._cache_manager.save_file_to_cache(driver, file)
  File "C:\Users\KADOUN\AppData\Roaming\Python\Python38\site-packages\webdriver_manager\core\driver_cache.py", line 54, in save_file_to_cache
    files = self.unpack_archive(archive, path)
  File "C:\Users\KADOUN\AppData\Roaming\Python\Python38\site-packages\webdriver_manager\core\driver_cache.py", line 49, in unpack_archive
    return self._file_manager.unpack_archive(archive, path)
  File "C:\Users\KADOUN\AppData\Roaming\Python\Python38\site-packages\webdriver_manager\core\file_manager.py", line 57, in unpack_archive
    return self.__extract_zip(archive_file, target_dir)
  File "C:\Users\KADOUN\AppData\Roaming\Python\Python38\site-packages\webdriver_manager\core\file_manager.py", line 81, in __extract_zip
    os.replace(source, destination)
PermissionError: [WinError 5] Access is denied: 'C:\\Users\\KADOUN\\.wdm\\drivers\\chromedriver\\win64\\116.0.5845.180\\chromedriver-win32\\chromedriver.exe' -> 'C:\\Users\\KADOUN\\.wdm\\drivers\\chromedriver\\win64\\116.0.5845.180\\chromedriver.exe'
</pre>
                        </div>
                        <!--css div popup end-->
                    </div>
                </td>
            </tr>
            
            <tr id="ft15.5" class='none'>
                <td class='errorCase'>
                    <div class='testcase'>
                        <a class="popup_link" onfocus='this.blur();'
                           href="javascript:showTestDetail('div_ft15.5')">test_HP_zlutak_to_groupsearch_pobyt</a>
                    </div>
                </td>
                <td colspan='5' align='center'>
                    <div>
                        <!--css div popup start-->
                        <button>
                            <a class="popup_link" onfocus='this.blur();'
                               href="javascript:showTestDetail('div_ft15.5')" style="color:#660066;">
                                ERROR
                            </a></button>
                        <div id='div_ft15.5' class="popup_window">
                            <div style='text-align: right; color:red;cursor:pointer'>
                                <a onfocus='this.blur();'
                                   onclick="document.getElementById('div_ft15.5').style.display = 'none'; "
                                   style="color:red;">
                                    [x]</a>
                            </div>
                            <pre></pre>
                            <pre style="color: red;">Traceback (most recent call last):
  File "C:\Users\KADOUN\AppData\Roaming\Python\Python38\site-packages\webdriver_manager\core\file_manager.py", line 65, in __extract_zip
    archive.extractall(to_directory)
  File "C:\Users\KADOUN\AppData\Local\Programs\Python\Python38\lib\zipfile.py", line 1647, in extractall
    self._extract_member(zipinfo, path, pwd)
  File "C:\Users\KADOUN\AppData\Local\Programs\Python\Python38\lib\zipfile.py", line 1701, in _extract_member
    open(targetpath, "wb") as target:
PermissionError: [Errno 13] Permission denied: 'C:\\Users\\KADOUN\\.wdm\\drivers\\chromedriver\\win64\\116.0.5845.180\\chromedriver-win32\\chromedriver.exe'

During handling of the above exception, another exception occurred:

Traceback (most recent call last):
  File "C:\Users\KADOUN\Desktop\Automatization_Project_Master_QA\EW_Automation_Local_Deploy_PyCharm\HP_C.py", line 48, in setUp
    setUp(self)
  File "C:\Users\KADOUN\Desktop\Automatization_Project_Master_QA\EW_Automation_Local_Deploy_PyCharm\to_import.py", line 34, in setUp
    self.driver = webdriver.Chrome(ChromeDriverManager().install())
  File "C:\Users\KADOUN\AppData\Roaming\Python\Python38\site-packages\webdriver_manager\chrome.py", line 40, in install
    driver_path = self._get_driver_binary_path(self.driver)
  File "C:\Users\KADOUN\AppData\Roaming\Python\Python38\site-packages\webdriver_manager\core\manager.py", line 41, in _get_driver_binary_path
    binary_path = self._cache_manager.save_file_to_cache(driver, file)
  File "C:\Users\KADOUN\AppData\Roaming\Python\Python38\site-packages\webdriver_manager\core\driver_cache.py", line 54, in save_file_to_cache
    files = self.unpack_archive(archive, path)
  File "C:\Users\KADOUN\AppData\Roaming\Python\Python38\site-packages\webdriver_manager\core\driver_cache.py", line 49, in unpack_archive
    return self._file_manager.unpack_archive(archive, path)
  File "C:\Users\KADOUN\AppData\Roaming\Python\Python38\site-packages\webdriver_manager\core\file_manager.py", line 57, in unpack_archive
    return self.__extract_zip(archive_file, target_dir)
  File "C:\Users\KADOUN\AppData\Roaming\Python\Python38\site-packages\webdriver_manager\core\file_manager.py", line 81, in __extract_zip
    os.replace(source, destination)
PermissionError: [WinError 5] Access is denied: 'C:\\Users\\KADOUN\\.wdm\\drivers\\chromedriver\\win64\\116.0.5845.180\\chromedriver-win32\\chromedriver.exe' -> 'C:\\Users\\KADOUN\\.wdm\\drivers\\chromedriver\\win64\\116.0.5845.180\\chromedriver.exe'
</pre>
                        </div>
                        <!--css div popup end-->
                    </div>
                </td>
            </tr>
            
            <tr id="ft15.6" class='none'>
                <td class='errorCase'>
                    <div class='testcase'>
                        <a class="popup_link" onfocus='this.blur();'
                           href="javascript:showTestDetail('div_ft15.6')">test_HP_zlutak_to_groupsearch_poznavacky</a>
                    </div>
                </td>
                <td colspan='5' align='center'>
                    <div>
                        <!--css div popup start-->
                        <button>
                            <a class="popup_link" onfocus='this.blur();'
                               href="javascript:showTestDetail('div_ft15.6')" style="color:#660066;">
                                ERROR
                            </a></button>
                        <div id='div_ft15.6' class="popup_window">
                            <div style='text-align: right; color:red;cursor:pointer'>
                                <a onfocus='this.blur();'
                                   onclick="document.getElementById('div_ft15.6').style.display = 'none'; "
                                   style="color:red;">
                                    [x]</a>
                            </div>
                            <pre></pre>
                            <pre style="color: red;">Traceback (most recent call last):
  File "C:\Users\KADOUN\AppData\Roaming\Python\Python38\site-packages\webdriver_manager\core\file_manager.py", line 65, in __extract_zip
    archive.extractall(to_directory)
  File "C:\Users\KADOUN\AppData\Local\Programs\Python\Python38\lib\zipfile.py", line 1647, in extractall
    self._extract_member(zipinfo, path, pwd)
  File "C:\Users\KADOUN\AppData\Local\Programs\Python\Python38\lib\zipfile.py", line 1701, in _extract_member
    open(targetpath, "wb") as target:
PermissionError: [Errno 13] Permission denied: 'C:\\Users\\KADOUN\\.wdm\\drivers\\chromedriver\\win64\\116.0.5845.180\\chromedriver-win32\\chromedriver.exe'

During handling of the above exception, another exception occurred:

Traceback (most recent call last):
  File "C:\Users\KADOUN\Desktop\Automatization_Project_Master_QA\EW_Automation_Local_Deploy_PyCharm\HP_C.py", line 48, in setUp
    setUp(self)
  File "C:\Users\KADOUN\Desktop\Automatization_Project_Master_QA\EW_Automation_Local_Deploy_PyCharm\to_import.py", line 34, in setUp
    self.driver = webdriver.Chrome(ChromeDriverManager().install())
  File "C:\Users\KADOUN\AppData\Roaming\Python\Python38\site-packages\webdriver_manager\chrome.py", line 40, in install
    driver_path = self._get_driver_binary_path(self.driver)
  File "C:\Users\KADOUN\AppData\Roaming\Python\Python38\site-packages\webdriver_manager\core\manager.py", line 41, in _get_driver_binary_path
    binary_path = self._cache_manager.save_file_to_cache(driver, file)
  File "C:\Users\KADOUN\AppData\Roaming\Python\Python38\site-packages\webdriver_manager\core\driver_cache.py", line 54, in save_file_to_cache
    files = self.unpack_archive(archive, path)
  File "C:\Users\KADOUN\AppData\Roaming\Python\Python38\site-packages\webdriver_manager\core\driver_cache.py", line 49, in unpack_archive
    return self._file_manager.unpack_archive(archive, path)
  File "C:\Users\KADOUN\AppData\Roaming\Python\Python38\site-packages\webdriver_manager\core\file_manager.py", line 57, in unpack_archive
    return self.__extract_zip(archive_file, target_dir)
  File "C:\Users\KADOUN\AppData\Roaming\Python\Python38\site-packages\webdriver_manager\core\file_manager.py", line 81, in __extract_zip
    os.replace(source, destination)
PermissionError: [WinError 5] Access is denied: 'C:\\Users\\KADOUN\\.wdm\\drivers\\chromedriver\\win64\\116.0.5845.180\\chromedriver-win32\\chromedriver.exe' -> 'C:\\Users\\KADOUN\\.wdm\\drivers\\chromedriver\\win64\\116.0.5845.180\\chromedriver.exe'
</pre>
                        </div>
                        <!--css div popup end-->
                    </div>
                </td>
            </tr>
            
        
        <tr class='errorClass' style="font-weight:bold;color:white;">
            <td><a href="javascript:showClassDetail('c16','1')">EW_Automation_Local_Deploy_PyCharm.SRL_results_comparer.Test_SRL_C_comparer</a></td>
            <td>1</td>
            <td>0</td>
            <td>0</td>
            <td>1</td>
            <td>
                <button><a href="javascript:showClassDetail('c16','1')"
                           style="color:#660066;">Detail</a></button>
            </td>
        </tr>
            
            <tr id="ft16.1" class='none'>
                <td class='errorCase'>
                    <div class='testcase'>
                        <a class="popup_link" onfocus='this.blur();'
                           href="javascript:showTestDetail('div_ft16.1')">test_SRL_number_of_results_comparer</a>
                    </div>
                </td>
                <td colspan='5' align='center'>
                    <div>
                        <!--css div popup start-->
                        <button>
                            <a class="popup_link" onfocus='this.blur();'
                               href="javascript:showTestDetail('div_ft16.1')" style="color:#660066;">
                                ERROR
                            </a></button>
                        <div id='div_ft16.1' class="popup_window">
                            <div style='text-align: right; color:red;cursor:pointer'>
                                <a onfocus='this.blur();'
                                   onclick="document.getElementById('div_ft16.1').style.display = 'none'; "
                                   style="color:red;">
                                    [x]</a>
                            </div>
                            <pre></pre>
                            <pre style="color: red;">Traceback (most recent call last):
  File "C:\Users\KADOUN\AppData\Roaming\Python\Python38\site-packages\webdriver_manager\core\file_manager.py", line 65, in __extract_zip
    archive.extractall(to_directory)
  File "C:\Users\KADOUN\AppData\Local\Programs\Python\Python38\lib\zipfile.py", line 1647, in extractall
    self._extract_member(zipinfo, path, pwd)
  File "C:\Users\KADOUN\AppData\Local\Programs\Python\Python38\lib\zipfile.py", line 1701, in _extract_member
    open(targetpath, "wb") as target:
PermissionError: [Errno 13] Permission denied: 'C:\\Users\\KADOUN\\.wdm\\drivers\\chromedriver\\win64\\116.0.5845.180\\chromedriver-win32\\chromedriver.exe'

During handling of the above exception, another exception occurred:

Traceback (most recent call last):
  File "C:\Users\KADOUN\Desktop\Automatization_Project_Master_QA\EW_Automation_Local_Deploy_PyCharm\SRL_results_comparer.py", line 56, in setUp
    setUp(self)
  File "C:\Users\KADOUN\Desktop\Automatization_Project_Master_QA\EW_Automation_Local_Deploy_PyCharm\to_import.py", line 34, in setUp
    self.driver = webdriver.Chrome(ChromeDriverManager().install())
  File "C:\Users\KADOUN\AppData\Roaming\Python\Python38\site-packages\webdriver_manager\chrome.py", line 40, in install
    driver_path = self._get_driver_binary_path(self.driver)
  File "C:\Users\KADOUN\AppData\Roaming\Python\Python38\site-packages\webdriver_manager\core\manager.py", line 41, in _get_driver_binary_path
    binary_path = self._cache_manager.save_file_to_cache(driver, file)
  File "C:\Users\KADOUN\AppData\Roaming\Python\Python38\site-packages\webdriver_manager\core\driver_cache.py", line 54, in save_file_to_cache
    files = self.unpack_archive(archive, path)
  File "C:\Users\KADOUN\AppData\Roaming\Python\Python38\site-packages\webdriver_manager\core\driver_cache.py", line 49, in unpack_archive
    return self._file_manager.unpack_archive(archive, path)
  File "C:\Users\KADOUN\AppData\Roaming\Python\Python38\site-packages\webdriver_manager\core\file_manager.py", line 57, in unpack_archive
    return self.__extract_zip(archive_file, target_dir)
  File "C:\Users\KADOUN\AppData\Roaming\Python\Python38\site-packages\webdriver_manager\core\file_manager.py", line 81, in __extract_zip
    os.replace(source, destination)
PermissionError: [WinError 5] Access is denied: 'C:\\Users\\KADOUN\\.wdm\\drivers\\chromedriver\\win64\\116.0.5845.180\\chromedriver-win32\\chromedriver.exe' -> 'C:\\Users\\KADOUN\\.wdm\\drivers\\chromedriver\\win64\\116.0.5845.180\\chromedriver.exe'
</pre>
                        </div>
                        <!--css div popup end-->
                    </div>
                </td>
            </tr>
            
        

        <tr id='total_row'>
            <td>Total</td>
            <td>37</td>
            <td>12</td>
            <td>0</td>
            <td>25</td>
            <td>&nbsp;</td>
        </tr>
    </table>
</div>
<br><br>
<div id='ending'><b>Time Elapsed: </b>0:16:15.208214</div>
</body>
</html>