<!DOCTYPE html>
<html>
<head>
    <title>EXIM ||| http://exim.stg.dtweb.cz/</title>
    <meta name="generator" content="HTMLTestRunner 1.0.17"/>
    <meta http-equiv="Content-Type" content="text/html; charset=UTF-8"/>
    <link rel="stylesheet" href="stylesheet.css">
    <script src="script.js"></script>
    <style>
        
    </style>
    <script>
        
    </script>
</head>
<body>
<div class='heading'>
    <h1 style="margin-left:1ex;">EXIM ||| http://exim.stg.dtweb.cz/</h1>
    
    <p class='attribute'><strong>Start Time : </strong> 2023-08-08 14:10:54</p>
    
    <p class='attribute'><strong>Duration : </strong> 0:14:13.153569</p>
    
    <p class='attribute'><strong>Status : </strong> Pass 10 Failure 1 Error 25</p>
    
    <p class='attribute'><strong>Descrition : </strong> EXIM WEB Suite Report Version : hotifx</p>
    
    <p class='attribute'><strong>Tested By : </strong> Unknown</p>
    
</div>
<div>
    <p id='show_detail_line'><b>Show</b>
        <button><a href='javascript:showCase(0)' style="color:#660066;">Summary</a></button>
        <button><a href='javascript:showCase(1)' style="color:#660066;">Failed</a></button>
        <button><a href='javascript:showCase(2)' style="color:#660066;">Passed</a></button>
        <button><a href='javascript:showCase(3)' style="color:#660066;">All</a></button>
    </p>
    <table id='result_table'>
        <colgroup>
            <col align='left'/>
            <col align='right'/>
            <col align='right'/>
            <col align='right'/>
            <col align='right'/>
            <col align='right'/>
        </colgroup>
        <tr id='header_row'>
            <td>Test Group/Test case</td>
            <td>Count</td>
            <td>Pass</td>
            <td>Fail</td>
            <td>Error</td>
            <td>View</td>
        </tr>
        
        <tr class='passClass' style="font-weight:bold;color:white;">
            <td><a href="javascript:showClassDetail('c1','1')">EW_Automation_Local_Deploy_PyCharm.CovidInfo_D.TestCovidInfo_D</a></td>
            <td>1</td>
            <td>1</td>
            <td>0</td>
            <td>0</td>
            <td>
                <button><a href="javascript:showClassDetail('c1','1')"
                           style="color:#660066;">Detail</a></button>
            </td>
        </tr>
            
            <tr id="pt1.1" class='hiddenRow'>
                <td class='passCase'>
                    <div class='testcase'>
                        <a class="popup_link" onfocus='this.blur();'
                           href="javascript:showTestDetail('div_pt1.1')">test_covidInfo_D</a>
                    </div>
                </td>
                <td colspan='5' align='center'>
                    <div>
                        <!--css div popup start-->
                        <button>
                            <a class="popup_link" onfocus='this.blur();'
                               href="javascript:showTestDetail('div_pt1.1')" style="color:#660066;">
                                PASS
                            </a></button>
                        <div id='div_pt1.1' class="popup_window">
                            <div style='text-align: right; color:red;cursor:pointer'>
                                <a onfocus='this.blur();'
                                   onclick="document.getElementById('div_pt1.1').style.display = 'none'; "
                                   style="color:red;">
                                    [x]</a>
                            </div>
                            <pre>2023-08-08 14:11:03.108323 : <selenium.webdriver.remote.webelement.WebElement (session="a33f9fd5f662cac0c9dadccbfe258017", element="DFCCF68C90055CE2450E370808006F5E_element_74")>
2023-08-08 14:11:04.579711 : gridy jdou videt
2023-08-08 14:11:04.594674 : gridy jdou videt
2023-08-08 14:11:04.606638 : gridy jdou videt
2023-08-08 14:11:04.616611 : gridy jdou videt
2023-08-08 14:11:04.626584 : gridy jdou videt
2023-08-08 14:11:04.635561 : gridy jdou videt
2023-08-08 14:11:04.644536 : gridy jdou videt
2023-08-08 14:11:04.653513 : gridy jdou videt
2023-08-08 14:11:04.662489 : gridy jdou videt
2023-08-08 14:11:04.670467 : gridy jdou videt
2023-08-08 14:11:04.679444 : gridy jdou videt
2023-08-08 14:11:04.687422 : gridy jdou videt
2023-08-08 14:11:04.695400 : gridy jdou videt
2023-08-08 14:11:04.703379 : gridy jdou videt
2023-08-08 14:11:04.712355 : gridy jdou videt
2023-08-08 14:11:04.720334 : gridy jdou videt
2023-08-08 14:11:04.728312 : gridy jdou videt
2023-08-08 14:11:04.737288 : gridy jdou videt
2023-08-08 14:11:04.750254 : gridy jdou videt
2023-08-08 14:11:04.759230 : gridy jdou videt
2023-08-08 14:11:04.767208 : gridy jdou videt
2023-08-08 14:11:04.775186 : gridy jdou videt
2023-08-08 14:11:04.785160 : gridy jdou videt
2023-08-08 14:11:04.793138 : gridy jdou videt
2023-08-08 14:11:04.801117 : gridy jdou videt
2023-08-08 14:11:04.810059 : gridy jdou videt
2023-08-08 14:11:04.819006 : gridy jdou videt
2023-08-08 14:11:04.827983 : gridy jdou videt
2023-08-08 14:11:04.836958 : gridy jdou videt
2023-08-08 14:11:04.846933 : gridy jdou videt
2023-08-08 14:11:04.855909 : gridy jdou videt
2023-08-08 14:11:04.864912 : gridy jdou videt
2023-08-08 14:11:04.873860 : gridy jdou videt
2023-08-08 14:11:04.881838 : gridy jdou videt
2023-08-08 14:11:04.890815 : gridy jdou videt
2023-08-08 14:11:04.898792 : gridy jdou videt
2023-08-08 14:11:04.907769 : gridy jdou videt
2023-08-08 14:11:04.962622 : content jdou videt
2023-08-08 14:11:04.972595 : content jdou videt
2023-08-08 14:11:04.981571 : content jdou videt
2023-08-08 14:11:04.990571 : content jdou videt
2023-08-08 14:11:05.000521 : content jdou videt
2023-08-08 14:11:05.008500 : content jdou videt
2023-08-08 14:11:05.016478 : content jdou videt
2023-08-08 14:11:05.025454 : content jdou videt
2023-08-08 14:11:05.035428 : content jdou videt
2023-08-08 14:11:05.044404 : content jdou videt
2023-08-08 14:11:05.054376 : content jdou videt
2023-08-08 14:11:05.063352 : content jdou videt
2023-08-08 14:11:05.073326 : content jdou videt
2023-08-08 14:11:05.082302 : content jdou videt
2023-08-08 14:11:05.092275 : content jdou videt
2023-08-08 14:11:05.101252 : content jdou videt
2023-08-08 14:11:05.110227 : content jdou videt
2023-08-08 14:11:05.120200 : content jdou videt
2023-08-08 14:11:05.130174 : content jdou videt
2023-08-08 14:11:05.139148 : content jdou videt
2023-08-08 14:11:05.149122 : content jdou videt
2023-08-08 14:11:05.161090 : content jdou videt
2023-08-08 14:11:05.170090 : content jdou videt
2023-08-08 14:11:05.179042 : content jdou videt
2023-08-08 14:11:05.221927 : content jdou videt
2023-08-08 14:11:05.230903 : content jdou videt
2023-08-08 14:11:05.241420 : content jdou videt
2023-08-08 14:11:05.252733 : content jdou videt
2023-08-08 14:11:05.262705 : content jdou videt
2023-08-08 14:11:05.273675 : content jdou videt
2023-08-08 14:11:05.283649 : content jdou videt
2023-08-08 14:11:05.293622 : content jdou videt
2023-08-08 14:11:05.303605 : content jdou videt
2023-08-08 14:11:05.313568 : content jdou videt
2023-08-08 14:11:05.323543 : content jdou videt
2023-08-08 14:11:05.333713 : content jdou videt
2023-08-08 14:11:05.343311 : content jdou videt
2023-08-08 14:11:05.348298 : https://exim.stg.dtweb.cz/covid-info
</pre>
                            <pre style="color: red;"></pre>
                        </div>
                        <!--css div popup end-->
                    </div>
                </td>
            </tr>
            
        
        <tr class='passClass' style="font-weight:bold;color:white;">
            <td><a href="javascript:showClassDetail('c2','1')">EW_Automation_Local_Deploy_PyCharm.Detail_D.TestDetailHotelu_D</a></td>
            <td>1</td>
            <td>1</td>
            <td>0</td>
            <td>0</td>
            <td>
                <button><a href="javascript:showClassDetail('c2','1')"
                           style="color:#660066;">Detail</a></button>
            </td>
        </tr>
            
            <tr id="pt2.1" class='hiddenRow'>
                <td class='passCase'>
                    <div class='testcase'>
                        <a class="popup_link" onfocus='this.blur();'
                           href="javascript:showTestDetail('div_pt2.1')">test_detail_D</a>
                    </div>
                </td>
                <td colspan='5' align='center'>
                    <div>
                        <!--css div popup start-->
                        <button>
                            <a class="popup_link" onfocus='this.blur();'
                               href="javascript:showTestDetail('div_pt2.1')" style="color:#660066;">
                                PASS
                            </a></button>
                        <div id='div_pt2.1' class="popup_window">
                            <div style='text-align: right; color:red;cursor:pointer'>
                                <a onfocus='this.blur();'
                                   onclick="document.getElementById('div_pt2.1').style.display = 'none'; "
                                   style="color:red;">
                                    [x]</a>
                            </div>
                            <pre>2023-08-08 14:11:18.388724 : <selenium.webdriver.remote.webelement.WebElement (session="226a4f12186d09ea878ffdd06ab67106", element="2C0A6DCAB5CA9DF78B3E8D82CAD4CEAF_element_104")>
2023-08-08 14:11:18.755304 : https://exim.stg.dtweb.cz/turecko/turecka-riviera/avsallar/incekum-su?D=63260|63288|63448|64152|64153|64154|64157|211801|211814&DD=2023-08-28&DP=4305&DPR=EXIM+TOURS+ATCOM&DS=8192&GIATA=59394&HID=374&MNN=7&MT=5&NN=7&PID=AYT19071&RD=2023-09-04&TO=4305&df=2023-08-21|2023-09-30&nnm=7|8|9|10|11|12|13&sortby=Departure&tt=1&ttm=1#/prehled
</pre>
                            <pre style="color: red;"></pre>
                        </div>
                        <!--css div popup end-->
                    </div>
                </td>
            </tr>
            
        
        <tr class='errorClass' style="font-weight:bold;color:white;">
            <td><a href="javascript:showClassDetail('c3','5')">EW_Automation_Local_Deploy_PyCharm.Detail_C.TestDetailHotelu_C</a></td>
            <td>5</td>
            <td>3</td>
            <td>0</td>
            <td>2</td>
            <td>
                <button><a href="javascript:showClassDetail('c3','5')"
                           style="color:#660066;">Detail</a></button>
            </td>
        </tr>
            
            <tr id="pt3.1" class='hiddenRow'>
                <td class='passCase'>
                    <div class='testcase'>
                        <a class="popup_link" onfocus='this.blur();'
                           href="javascript:showTestDetail('div_pt3.1')">test_detail_fotka</a>
                    </div>
                </td>
                <td colspan='5' align='center'>
                    <div>
                        <!--css div popup start-->
                        <button>
                            <a class="popup_link" onfocus='this.blur();'
                               href="javascript:showTestDetail('div_pt3.1')" style="color:#660066;">
                                PASS
                            </a></button>
                        <div id='div_pt3.1' class="popup_window">
                            <div style='text-align: right; color:red;cursor:pointer'>
                                <a onfocus='this.blur();'
                                   onclick="document.getElementById('div_pt3.1').style.display = 'none'; "
                                   style="color:red;">
                                    [x]</a>
                            </div>
                            <pre>2023-08-08 14:11:28.791170 : <selenium.webdriver.remote.webelement.WebElement (session="0995273b6e171f1357df4c14e6b188da", element="5614D6E728820E1B9D3F8A18C2D80286_element_82")>
2023-08-08 14:11:34.064372 : its ok
2023-08-08 14:11:34.069357 : https://img.fischer.cz/hotels/turecko/turecka-riviera/avsallar/incekum-su-hotel/197078.jpeg
</pre>
                            <pre style="color: red;"></pre>
                        </div>
                        <!--css div popup end-->
                    </div>
                </td>
            </tr>
            
            <tr id="pt3.2" class='hiddenRow'>
                <td class='passCase'>
                    <div class='testcase'>
                        <a class="popup_link" onfocus='this.blur();'
                           href="javascript:showTestDetail('div_pt3.2')">test_detail_terminy_filtr_meal</a>
                    </div>
                </td>
                <td colspan='5' align='center'>
                    <div>
                        <!--css div popup start-->
                        <button>
                            <a class="popup_link" onfocus='this.blur();'
                               href="javascript:showTestDetail('div_pt3.2')" style="color:#660066;">
                                PASS
                            </a></button>
                        <div id='div_pt3.2' class="popup_window">
                            <div style='text-align: right; color:red;cursor:pointer'>
                                <a onfocus='this.blur();'
                                   onclick="document.getElementById('div_pt3.2').style.display = 'none'; "
                                   style="color:red;">
                                    [x]</a>
                            </div>
                            <pre>2023-08-08 14:11:45.495603 : <selenium.webdriver.remote.webelement.WebElement (session="1401c72164dacb0d40f00514ec16b27a", element="56AF82CB502609A939927A39ED05DB72_element_78")>
2023-08-08 14:11:51.764875 : else departure not true
2023-08-08 14:12:00.340229 : all inclusive
2023-08-08 14:12:02.344610 : 0
2023-08-08 14:12:02.539062 : ok
2023-08-08 14:12:02.539062 : ok
2023-08-08 14:12:02.539062 : ok
2023-08-08 14:12:02.539062 : ok
2023-08-08 14:12:02.539062 : ok
2023-08-08 14:12:02.539062 : ok
2023-08-08 14:12:02.539062 : ok
2023-08-08 14:12:02.539062 : ok
2023-08-08 14:12:02.539062 : ok
2023-08-08 14:12:02.539062 : ok
2023-08-08 14:12:02.539062 : ok
2023-08-08 14:12:02.539062 : ok
2023-08-08 14:12:02.539062 : ok
2023-08-08 14:12:02.539062 : ok
2023-08-08 14:12:02.539062 : ok
2023-08-08 14:12:02.539062 : ok
2023-08-08 14:12:02.539062 : ok
2023-08-08 14:12:02.539062 : ok
2023-08-08 14:12:02.539062 : ok
2023-08-08 14:12:02.539062 : ok
2023-08-08 14:12:02.539062 : ['all inclusive', 'all inclusive', 'all inclusive', 'all inclusive', 'all inclusive', 'all inclusive', 'all inclusive', 'all inclusive', 'all inclusive', 'all inclusive', 'all inclusive', 'all inclusive', 'all inclusive', 'all inclusive', 'all inclusive', 'all inclusive', 'all inclusive', 'all inclusive', 'all inclusive', 'all inclusive']
2023-08-08 14:12:02.543051 : https://exim.stg.dtweb.cz/turecko/turecka-riviera/avsallar/incekum-su?D=63260|63288|63448|64152|64153|64154|64157|211801|211814&DD=2023-08-28&DP=4305&DPR=EXIM+TOURS+ATCOM&DS=8192&GIATA=59394&HID=374&MNN=7&MT=5&NN=7&PID=AYT19071&RD=2023-09-04&TO=4305&df=2023-08-21|2023-09-30&mtm=5&nnm=7|8|9|10|11|12|13&sortby=Departure&tt=1&ttm=1#/terminy
</pre>
                            <pre style="color: red;"></pre>
                        </div>
                        <!--css div popup end-->
                    </div>
                </td>
            </tr>
            
            <tr id="pt3.3" class='hiddenRow'>
                <td class='passCase'>
                    <div class='testcase'>
                        <a class="popup_link" onfocus='this.blur();'
                           href="javascript:showTestDetail('div_pt3.3')">test_detail_terminy_filtr_airport</a>
                    </div>
                </td>
                <td colspan='5' align='center'>
                    <div>
                        <!--css div popup start-->
                        <button>
                            <a class="popup_link" onfocus='this.blur();'
                               href="javascript:showTestDetail('div_pt3.3')" style="color:#660066;">
                                PASS
                            </a></button>
                        <div id='div_pt3.3' class="popup_window">
                            <div style='text-align: right; color:red;cursor:pointer'>
                                <a onfocus='this.blur();'
                                   onclick="document.getElementById('div_pt3.3').style.display = 'none'; "
                                   style="color:red;">
                                    [x]</a>
                            </div>
                            <pre>2023-08-08 14:12:12.556024 : <selenium.webdriver.remote.webelement.WebElement (session="2e577276791c122af5039ae73d4b8dfe", element="F24FC6CDB1CCABD332083C0C2F04426D_element_81")>
2023-08-08 14:12:18.901262 : if departure==True
2023-08-08 14:12:35.214000 : equal to brno
2023-08-08 14:12:35.244917 : equal to brno
2023-08-08 14:12:35.273839 : equal to brno
2023-08-08 14:12:35.299781 : equal to brno
2023-08-08 14:12:35.326702 : equal to brno
2023-08-08 14:12:35.353625 : equal to brno
2023-08-08 14:12:35.376618 : equal to brno
2023-08-08 14:12:35.401555 : equal to brno
2023-08-08 14:12:35.428378 : equal to brno
2023-08-08 14:12:35.682059 : https://exim.stg.dtweb.cz/turecko/turecka-riviera/avsallar/incekum-su?D=63260|63288|63448|64152|64153|64154|64157|211801|211814&DD=2023-08-28&DP=4305&DPR=EXIM+TOURS+ATCOM&DS=8192&GIATA=59394&HID=374&MNN=7&MT=5&NN=7&PID=AYT19071&RD=2023-09-04&TO=4305&df=2023-08-21|2023-09-30&nnm=7|8|9|10|11|12|13&sortby=Departure&tom=4305&tt=1&ttm=1#/terminy
</pre>
                            <pre style="color: red;"></pre>
                        </div>
                        <!--css div popup end-->
                    </div>
                </td>
            </tr>
            
            <tr id="ft3.4" class='none'>
                <td class='errorCase'>
                    <div class='testcase'>
                        <a class="popup_link" onfocus='this.blur();'
                           href="javascript:showTestDetail('div_ft3.4')">test_detail_price_sorter_terminy_cheap</a>
                    </div>
                </td>
                <td colspan='5' align='center'>
                    <div>
                        <!--css div popup start-->
                        <button>
                            <a class="popup_link" onfocus='this.blur();'
                               href="javascript:showTestDetail('div_ft3.4')" style="color:#660066;">
                                ERROR
                            </a></button>
                        <div id='div_ft3.4' class="popup_window">
                            <div style='text-align: right; color:red;cursor:pointer'>
                                <a onfocus='this.blur();'
                                   onclick="document.getElementById('div_ft3.4').style.display = 'none'; "
                                   style="color:red;">
                                    [x]</a>
                            </div>
                            <pre>2023-08-08 14:23:38.059200 : https://exim.stg.dtweb.cz/turecko/turecka-riviera/avsallar/incekum-su?D=63260|63288|63448|64152|64153|64154|64157|211801|211814&DD=2023-08-28&DP=4305&DPR=EXIM+TOURS+ATCOM&DS=8192&GIATA=59394&HID=374&MNN=7&MT=5&NN=7&PID=AYT19071&RD=2023-09-04&TO=4305&df=2023-08-21|2023-09-30&nnm=7|8|9|10|11|12|13&sortby=Departure&tt=1&ttm=1#/prehled
</pre>
                            <pre style="color: red;">Traceback (most recent call last):
  File "C:\Users\KADOUN\Desktop\Automatization_Project_Master_QA\EW_Automation_Local_Deploy_PyCharm\Detail_C.py", line 110, in test_detail_price_sorter_terminy_cheap
    acceptConsent(driver)
  File "C:\Users\KADOUN\Desktop\Automatization_Project_Master_QA\EW_Automation_Local_Deploy_PyCharm\to_import.py", line 95, in acceptConsent
    element = driver.execute_script(
  File "C:\Users\KADOUN\AppData\Roaming\Python\Python38\site-packages\selenium\webdriver\remote\webdriver.py", line 634, in execute_script
    return self.execute(command, {
  File "C:\Users\KADOUN\AppData\Roaming\Python\Python38\site-packages\selenium\webdriver\remote\webdriver.py", line 321, in execute
    self.error_handler.check_response(response)
  File "C:\Users\KADOUN\AppData\Roaming\Python\Python38\site-packages\selenium\webdriver\remote\errorhandler.py", line 242, in check_response
    raise exception_class(message, screen, stacktrace)
selenium.common.exceptions.JavascriptException: Message: javascript error: Cannot read properties of null (reading 'shadowRoot')
  (Session info: chrome=115.0.5790.170)

</pre>
                        </div>
                        <!--css div popup end-->
                    </div>
                </td>
            </tr>
            
            <tr id="ft3.5" class='none'>
                <td class='errorCase'>
                    <div class='testcase'>
                        <a class="popup_link" onfocus='this.blur();'
                           href="javascript:showTestDetail('div_ft3.5')">test_detail_price_sorter_terminy_expensive</a>
                    </div>
                </td>
                <td colspan='5' align='center'>
                    <div>
                        <!--css div popup start-->
                        <button>
                            <a class="popup_link" onfocus='this.blur();'
                               href="javascript:showTestDetail('div_ft3.5')" style="color:#660066;">
                                ERROR
                            </a></button>
                        <div id='div_ft3.5' class="popup_window">
                            <div style='text-align: right; color:red;cursor:pointer'>
                                <a onfocus='this.blur();'
                                   onclick="document.getElementById('div_ft3.5').style.display = 'none'; "
                                   style="color:red;">
                                    [x]</a>
                            </div>
                            <pre>2023-08-08 14:23:51.839971 : https://exim.stg.dtweb.cz/turecko/turecka-riviera/avsallar/incekum-su?D=63260|63288|63448|64152|64153|64154|64157|211801|211814&DD=2023-08-28&DP=4305&DPR=EXIM+TOURS+ATCOM&DS=8192&GIATA=59394&HID=374&MNN=7&MT=5&NN=7&PID=AYT19071&RD=2023-09-04&TO=4305&df=2023-08-21|2023-09-30&nnm=7|8|9|10|11|12|13&sortby=Departure&tt=1&ttm=1#/prehled
</pre>
                            <pre style="color: red;">Traceback (most recent call last):
  File "C:\Users\KADOUN\Desktop\Automatization_Project_Master_QA\EW_Automation_Local_Deploy_PyCharm\Detail_C.py", line 57, in test_detail_price_sorter_terminy_expensive
    acceptConsent(driver)
  File "C:\Users\KADOUN\Desktop\Automatization_Project_Master_QA\EW_Automation_Local_Deploy_PyCharm\to_import.py", line 95, in acceptConsent
    element = driver.execute_script(
  File "C:\Users\KADOUN\AppData\Roaming\Python\Python38\site-packages\selenium\webdriver\remote\webdriver.py", line 634, in execute_script
    return self.execute(command, {
  File "C:\Users\KADOUN\AppData\Roaming\Python\Python38\site-packages\selenium\webdriver\remote\webdriver.py", line 321, in execute
    self.error_handler.check_response(response)
  File "C:\Users\KADOUN\AppData\Roaming\Python\Python38\site-packages\selenium\webdriver\remote\errorhandler.py", line 242, in check_response
    raise exception_class(message, screen, stacktrace)
selenium.common.exceptions.JavascriptException: Message: javascript error: Cannot read properties of null (reading 'shadowRoot')
  (Session info: chrome=115.0.5790.170)

</pre>
                        </div>
                        <!--css div popup end-->
                    </div>
                </td>
            </tr>
            
        
        <tr class='passClass' style="font-weight:bold;color:white;">
            <td><a href="javascript:showClassDetail('c4','1')">EW_Automation_Local_Deploy_PyCharm.DetskeKluby_D.TestDetskeKluby_D</a></td>
            <td>1</td>
            <td>1</td>
            <td>0</td>
            <td>0</td>
            <td>
                <button><a href="javascript:showClassDetail('c4','1')"
                           style="color:#660066;">Detail</a></button>
            </td>
        </tr>
            
            <tr id="pt4.1" class='hiddenRow'>
                <td class='passCase'>
                    <div class='testcase'>
                        <a class="popup_link" onfocus='this.blur();'
                           href="javascript:showTestDetail('div_pt4.1')">test_kluby_D</a>
                    </div>
                </td>
                <td colspan='5' align='center'>
                    <div>
                        <!--css div popup start-->
                        <button>
                            <a class="popup_link" onfocus='this.blur();'
                               href="javascript:showTestDetail('div_pt4.1')" style="color:#660066;">
                                PASS
                            </a></button>
                        <div id='div_pt4.1' class="popup_window">
                            <div style='text-align: right; color:red;cursor:pointer'>
                                <a onfocus='this.blur();'
                                   onclick="document.getElementById('div_pt4.1').style.display = 'none'; "
                                   style="color:red;">
                                    [x]</a>
                            </div>
                            <pre>2023-08-08 14:12:50.070493 : <selenium.webdriver.remote.webelement.WebElement (session="da5b018d47c73f211060dc2aa84b8330", element="90A9E0FC53719BA060DE95A0E7AC47A0_element_107")>
2023-08-08 14:12:53.208182 : benefit item
2023-08-08 14:12:53.222133 : benefit item
2023-08-08 14:12:53.233122 : benefit item
2023-08-08 14:12:53.378713 : grind container
2023-08-08 14:12:53.388686 : grind container
2023-08-08 14:12:53.397662 : grind container
2023-08-08 14:12:53.407635 : grind container
2023-08-08 14:12:53.417608 : grind container
2023-08-08 14:12:53.426584 : grind container
2023-08-08 14:12:53.436558 : grind container
2023-08-08 14:12:53.445533 : grind container
2023-08-08 14:12:53.454509 : grind container
2023-08-08 14:12:53.463486 : grind container
2023-08-08 14:12:53.473459 : grind container
2023-08-08 14:12:53.481437 : grind container
2023-08-08 14:12:53.490413 : grind container
2023-08-08 14:12:53.504376 : https://exim.stg.dtweb.cz/mango-club
</pre>
                            <pre style="color: red;"></pre>
                        </div>
                        <!--css div popup end-->
                    </div>
                </td>
            </tr>
            
        
        <tr class='passClass' style="font-weight:bold;color:white;">
            <td><a href="javascript:showClassDetail('c5','1')">EW_Automation_Local_Deploy_PyCharm.FM_D.TestFM_D</a></td>
            <td>1</td>
            <td>1</td>
            <td>0</td>
            <td>0</td>
            <td>
                <button><a href="javascript:showClassDetail('c5','1')"
                           style="color:#660066;">Detail</a></button>
            </td>
        </tr>
            
            <tr id="pt5.1" class='hiddenRow'>
                <td class='passCase'>
                    <div class='testcase'>
                        <a class="popup_link" onfocus='this.blur();'
                           href="javascript:showTestDetail('div_pt5.1')">test_FM_D</a>
                    </div>
                </td>
                <td colspan='5' align='center'>
                    <div>
                        <!--css div popup start-->
                        <button>
                            <a class="popup_link" onfocus='this.blur();'
                               href="javascript:showTestDetail('div_pt5.1')" style="color:#660066;">
                                PASS
                            </a></button>
                        <div id='div_pt5.1' class="popup_window">
                            <div style='text-align: right; color:red;cursor:pointer'>
                                <a onfocus='this.blur();'
                                   onclick="document.getElementById('div_pt5.1').style.display = 'none'; "
                                   style="color:red;">
                                    [x]</a>
                            </div>
                            <pre>2023-08-08 14:13:05.832402 : <selenium.webdriver.remote.webelement.WebElement (session="da7617b7ce5e7a1dc0c746353111c72c", element="CCB46BBCE0B11F22F3E2A9764D0C4B0F_element_88")>
2023-08-08 14:13:07.721455 : benefit items jdou videt
2023-08-08 14:13:07.726349 : https://exim.stg.dtweb.cz/first-minute/leto
</pre>
                            <pre style="color: red;"></pre>
                        </div>
                        <!--css div popup end-->
                    </div>
                </td>
            </tr>
            
        
        <tr class='passClass' style="font-weight:bold;color:white;">
            <td><a href="javascript:showClassDetail('c6','2')">EW_Automation_Local_Deploy_PyCharm.fulltext_C.Test_Fulltext_C</a></td>
            <td>2</td>
            <td>2</td>
            <td>0</td>
            <td>0</td>
            <td>
                <button><a href="javascript:showClassDetail('c6','2')"
                           style="color:#660066;">Detail</a></button>
            </td>
        </tr>
            
            <tr id="pt6.1" class='hiddenRow'>
                <td class='passCase'>
                    <div class='testcase'>
                        <a class="popup_link" onfocus='this.blur();'
                           href="javascript:showTestDetail('div_pt6.1')">test_fulltext_naseptavac</a>
                    </div>
                </td>
                <td colspan='5' align='center'>
                    <div>
                        <!--css div popup start-->
                        <button>
                            <a class="popup_link" onfocus='this.blur();'
                               href="javascript:showTestDetail('div_pt6.1')" style="color:#660066;">
                                PASS
                            </a></button>
                        <div id='div_pt6.1' class="popup_window">
                            <div style='text-align: right; color:red;cursor:pointer'>
                                <a onfocus='this.blur();'
                                   onclick="document.getElementById('div_pt6.1').style.display = 'none'; "
                                   style="color:red;">
                                    [x]</a>
                            </div>
                            <pre>2023-08-08 14:13:35.155644 : <selenium.webdriver.remote.webelement.WebElement (session="eeff06cf73c3350fd0805289fc25b14e", element="251654024D679E3F40B779A3B5686F90_element_95")>
2023-08-08 14:13:38.970895 : ZANZIBAR
2023-08-08 14:13:42.341195 : hote dlazdice klik
2023-08-08 14:13:52.617850 : ØECKO
2023-08-08 14:13:54.968197 : hote dlazdice klik
2023-08-08 14:14:03.961935 : TURECKO
2023-08-08 14:14:07.061224 : hote dlazdice klik
2023-08-08 14:14:16.729931 : EGYPT
2023-08-08 14:14:18.504361 : hote dlazdice klik
2023-08-08 14:14:27.683059 : KAPVERDY
2023-08-08 14:14:29.654040 : hote dlazdice klik
2023-08-08 14:14:38.703691 : OMAN
2023-08-08 14:14:41.528442 : hote dlazdice klik
2023-08-08 14:14:50.492396 : KEFALONIA
2023-08-08 14:14:53.066723 : hote dlazdice klik
2023-08-08 14:15:02.733750 : MIRAGE BAY
2023-08-08 14:15:08.136543 : hote dlazdice klik
2023-08-08 14:15:17.076484 : PORTO SKALA 7
2023-08-08 14:15:19.206811 : hote dlazdice klik
2023-08-08 14:15:28.382339 : DOUBLETREE
2023-08-08 14:15:31.817141 : hote dlazdice klik
2023-08-08 14:15:31.853045 : https://exim.stg.dtweb.cz/egypt/sharm-el-sheikh/sharm-el-sheikh/hotel-hilton-sharks-bay?DS=8192&GIATA=26627&D=64425&HID=9724&DF=2023-08-14|2023-09-11&RD=2023-09-04&DD=2023-08-28&ERM=0&AC1=2&KC1=0&IC1=0&MNN=0|1|2|3|4|5|6|7|8|9|10|11|12|13|14|15|16|17|18|19|20|21|22|23|24|25|26&NNM=0|1|2|3|4|5|6|7|8|9|10|11|12|13|14|15|16|17|18|19|20|21|22|23|24|25|26&PID=SSH90011&DPR=EXIM%20TOURS%20ATCOM
</pre>
                            <pre style="color: red;"></pre>
                        </div>
                        <!--css div popup end-->
                    </div>
                </td>
            </tr>
            
            <tr id="pt6.2" class='hiddenRow'>
                <td class='passCase'>
                    <div class='testcase'>
                        <a class="popup_link" onfocus='this.blur();'
                           href="javascript:showTestDetail('div_pt6.2')">test_fulltext_results_status_check</a>
                    </div>
                </td>
                <td colspan='5' align='center'>
                    <div>
                        <!--css div popup start-->
                        <button>
                            <a class="popup_link" onfocus='this.blur();'
                               href="javascript:showTestDetail('div_pt6.2')" style="color:#660066;">
                                PASS
                            </a></button>
                        <div id='div_pt6.2' class="popup_window">
                            <div style='text-align: right; color:red;cursor:pointer'>
                                <a onfocus='this.blur();'
                                   onclick="document.getElementById('div_pt6.2').style.display = 'none'; "
                                   style="color:red;">
                                    [x]</a>
                            </div>
                            <pre>2023-08-08 14:15:45.998982 : <selenium.webdriver.remote.webelement.WebElement (session="417a43eed7b7284fa84e0f8c30691b7c", element="AFE0BFB072C783A46A759C73B1331C37_element_57")>
2023-08-08 14:15:46.267263 : ZANZIBAR
2023-08-08 14:15:52.325015 : ØECKO
2023-08-08 14:16:25.537420 : TURECKO
2023-08-08 14:16:57.891361 : EGYPT
2023-08-08 14:17:30.010459 : KAPVERDY
2023-08-08 14:17:59.090765 : OMAN
2023-08-08 14:18:03.775228 : KEFALONIA
2023-08-08 14:18:09.565040 : MIRAGE BAY
2023-08-08 14:18:12.684854 : PORTO SKALA 7
2023-08-08 14:18:17.012895 : DOUBLETREE
2023-08-08 14:18:18.901692 : https://exim.stg.dtweb.cz/hledani-vysledky?q=Doubletree
</pre>
                            <pre style="color: red;"></pre>
                        </div>
                        <!--css div popup end-->
                    </div>
                </td>
            </tr>
            
        
        <tr class='passClass' style="font-weight:bold;color:white;">
            <td><a href="javascript:showClassDetail('c7','1')">EW_Automation_Local_Deploy_PyCharm.groupsearch_D.Test_Groupsearch_D</a></td>
            <td>1</td>
            <td>1</td>
            <td>0</td>
            <td>0</td>
            <td>
                <button><a href="javascript:showClassDetail('c7','1')"
                           style="color:#660066;">Detail</a></button>
            </td>
        </tr>
            
            <tr id="pt7.1" class='hiddenRow'>
                <td class='passCase'>
                    <div class='testcase'>
                        <a class="popup_link" onfocus='this.blur();'
                           href="javascript:showTestDetail('div_pt7.1')">test_groupsearch_D</a>
                    </div>
                </td>
                <td colspan='5' align='center'>
                    <div>
                        <!--css div popup start-->
                        <button>
                            <a class="popup_link" onfocus='this.blur();'
                               href="javascript:showTestDetail('div_pt7.1')" style="color:#660066;">
                                PASS
                            </a></button>
                        <div id='div_pt7.1' class="popup_window">
                            <div style='text-align: right; color:red;cursor:pointer'>
                                <a onfocus='this.blur();'
                                   onclick="document.getElementById('div_pt7.1').style.display = 'none'; "
                                   style="color:red;">
                                    [x]</a>
                            </div>
                            <pre>2023-08-08 14:18:30.167702 : <selenium.webdriver.remote.webelement.WebElement (session="931ac65d4211fa5e96d62e61a9e6f59e", element="57BA4ADD5D8E174E3856402B6236B4C9_element_90")>
2023-08-08 14:18:36.707882 : https://exim.stg.dtweb.cz/vysledky-vyhledavani?tt=1&to=4312|4305|2682|4308&dd=2022-07-01&rd=2022-08-31&nn=7|8|9|10|11|12|13&ic1=1&ac1=2
</pre>
                            <pre style="color: red;"></pre>
                        </div>
                        <!--css div popup end-->
                    </div>
                </td>
            </tr>
            
        
        <tr class='errorClass' style="font-weight:bold;color:white;">
            <td><a href="javascript:showClassDetail('c8','1')">EW_Automation_Local_Deploy_PyCharm.HP_D.TestHP_D</a></td>
            <td>1</td>
            <td>0</td>
            <td>0</td>
            <td>1</td>
            <td>
                <button><a href="javascript:showClassDetail('c8','1')"
                           style="color:#660066;">Detail</a></button>
            </td>
        </tr>
            
            <tr id="ft8.1" class='none'>
                <td class='errorCase'>
                    <div class='testcase'>
                        <a class="popup_link" onfocus='this.blur();'
                           href="javascript:showTestDetail('div_ft8.1')">test_homePage_D</a>
                    </div>
                </td>
                <td colspan='5' align='center'>
                    <div>
                        <!--css div popup start-->
                        <button>
                            <a class="popup_link" onfocus='this.blur();'
                               href="javascript:showTestDetail('div_ft8.1')" style="color:#660066;">
                                ERROR
                            </a></button>
                        <div id='div_ft8.1' class="popup_window">
                            <div style='text-align: right; color:red;cursor:pointer'>
                                <a onfocus='this.blur();'
                                   onclick="document.getElementById('div_ft8.1').style.display = 'none'; "
                                   style="color:red;">
                                    [x]</a>
                            </div>
                            <pre>2023-08-08 14:19:45.841725 : https://exim.stg.dtweb.cz/
</pre>
                            <pre style="color: red;">Traceback (most recent call last):
  File "C:\Users\KADOUN\Desktop\Automatization_Project_Master_QA\EW_Automation_Local_Deploy_PyCharm\HP_D.py", line 21, in test_homePage_D
    acceptConsent(self.driver)
  File "C:\Users\KADOUN\Desktop\Automatization_Project_Master_QA\EW_Automation_Local_Deploy_PyCharm\to_import.py", line 95, in acceptConsent
    element = driver.execute_script(
  File "C:\Users\KADOUN\AppData\Roaming\Python\Python38\site-packages\selenium\webdriver\remote\webdriver.py", line 634, in execute_script
    return self.execute(command, {
  File "C:\Users\KADOUN\AppData\Roaming\Python\Python38\site-packages\selenium\webdriver\remote\webdriver.py", line 321, in execute
    self.error_handler.check_response(response)
  File "C:\Users\KADOUN\AppData\Roaming\Python\Python38\site-packages\selenium\webdriver\remote\errorhandler.py", line 242, in check_response
    raise exception_class(message, screen, stacktrace)
selenium.common.exceptions.JavascriptException: Message: javascript error: Cannot read properties of null (reading 'shadowRoot')
  (Session info: chrome=115.0.5790.170)

</pre>
                        </div>
                        <!--css div popup end-->
                    </div>
                </td>
            </tr>
            
        
        <tr class='errorClass' style="font-weight:bold;color:white;">
            <td><a href="javascript:showClassDetail('c9','1')">EW_Automation_Local_Deploy_PyCharm.LM_D.TestLM_D</a></td>
            <td>1</td>
            <td>0</td>
            <td>0</td>
            <td>1</td>
            <td>
                <button><a href="javascript:showClassDetail('c9','1')"
                           style="color:#660066;">Detail</a></button>
            </td>
        </tr>
            
            <tr id="ft9.1" class='none'>
                <td class='errorCase'>
                    <div class='testcase'>
                        <a class="popup_link" onfocus='this.blur();'
                           href="javascript:showTestDetail('div_ft9.1')">test_lM_isDisplayed</a>
                    </div>
                </td>
                <td colspan='5' align='center'>
                    <div>
                        <!--css div popup start-->
                        <button>
                            <a class="popup_link" onfocus='this.blur();'
                               href="javascript:showTestDetail('div_ft9.1')" style="color:#660066;">
                                ERROR
                            </a></button>
                        <div id='div_ft9.1' class="popup_window">
                            <div style='text-align: right; color:red;cursor:pointer'>
                                <a onfocus='this.blur();'
                                   onclick="document.getElementById('div_ft9.1').style.display = 'none'; "
                                   style="color:red;">
                                    [x]</a>
                            </div>
                            <pre>2023-08-08 14:19:57.842087 : https://exim.stg.dtweb.cz/last-minute
</pre>
                            <pre style="color: red;">Traceback (most recent call last):
  File "C:\Users\KADOUN\Desktop\Automatization_Project_Master_QA\EW_Automation_Local_Deploy_PyCharm\LM_D.py", line 20, in test_lM_isDisplayed
    acceptConsent(self.driver)
  File "C:\Users\KADOUN\Desktop\Automatization_Project_Master_QA\EW_Automation_Local_Deploy_PyCharm\to_import.py", line 95, in acceptConsent
    element = driver.execute_script(
  File "C:\Users\KADOUN\AppData\Roaming\Python\Python38\site-packages\selenium\webdriver\remote\webdriver.py", line 634, in execute_script
    return self.execute(command, {
  File "C:\Users\KADOUN\AppData\Roaming\Python\Python38\site-packages\selenium\webdriver\remote\webdriver.py", line 321, in execute
    self.error_handler.check_response(response)
  File "C:\Users\KADOUN\AppData\Roaming\Python\Python38\site-packages\selenium\webdriver\remote\errorhandler.py", line 242, in check_response
    raise exception_class(message, screen, stacktrace)
selenium.common.exceptions.JavascriptException: Message: javascript error: Cannot read properties of null (reading 'shadowRoot')
  (Session info: chrome=115.0.5790.170)

</pre>
                        </div>
                        <!--css div popup end-->
                    </div>
                </td>
            </tr>
            
        
        <tr class='errorClass' style="font-weight:bold;color:white;">
            <td><a href="javascript:showClassDetail('c10','1')">EW_Automation_Local_Deploy_PyCharm.pobocky.TestPobocky_C</a></td>
            <td>1</td>
            <td>0</td>
            <td>0</td>
            <td>1</td>
            <td>
                <button><a href="javascript:showClassDetail('c10','1')"
                           style="color:#660066;">Detail</a></button>
            </td>
        </tr>
            
            <tr id="ft10.1" class='none'>
                <td class='errorCase'>
                    <div class='testcase'>
                        <a class="popup_link" onfocus='this.blur();'
                           href="javascript:showTestDetail('div_ft10.1')">test_pobocky_D</a>
                    </div>
                </td>
                <td colspan='5' align='center'>
                    <div>
                        <!--css div popup start-->
                        <button>
                            <a class="popup_link" onfocus='this.blur();'
                               href="javascript:showTestDetail('div_ft10.1')" style="color:#660066;">
                                ERROR
                            </a></button>
                        <div id='div_ft10.1' class="popup_window">
                            <div style='text-align: right; color:red;cursor:pointer'>
                                <a onfocus='this.blur();'
                                   onclick="document.getElementById('div_ft10.1').style.display = 'none'; "
                                   style="color:red;">
                                    [x]</a>
                            </div>
                            <pre>2023-08-08 14:20:12.564378 : https://exim.stg.dtweb.cz/kontakty/nase-pobocky
</pre>
                            <pre style="color: red;">Traceback (most recent call last):
  File "C:\Users\KADOUN\Desktop\Automatization_Project_Master_QA\EW_Automation_Local_Deploy_PyCharm\pobocky.py", line 27, in test_pobocky_D
    acceptConsent(self.driver)
  File "C:\Users\KADOUN\Desktop\Automatization_Project_Master_QA\EW_Automation_Local_Deploy_PyCharm\to_import.py", line 95, in acceptConsent
    element = driver.execute_script(
  File "C:\Users\KADOUN\AppData\Roaming\Python\Python38\site-packages\selenium\webdriver\remote\webdriver.py", line 634, in execute_script
    return self.execute(command, {
  File "C:\Users\KADOUN\AppData\Roaming\Python\Python38\site-packages\selenium\webdriver\remote\webdriver.py", line 321, in execute
    self.error_handler.check_response(response)
  File "C:\Users\KADOUN\AppData\Roaming\Python\Python38\site-packages\selenium\webdriver\remote\errorhandler.py", line 242, in check_response
    raise exception_class(message, screen, stacktrace)
selenium.common.exceptions.JavascriptException: Message: javascript error: Cannot read properties of null (reading 'shadowRoot')
  (Session info: chrome=115.0.5790.170)

</pre>
                        </div>
                        <!--css div popup end-->
                    </div>
                </td>
            </tr>
            
        
        <tr class='errorClass' style="font-weight:bold;color:white;">
            <td><a href="javascript:showClassDetail('c11','6')">EW_Automation_Local_Deploy_PyCharm.poznavacky.TestPoznavacky_D</a></td>
            <td>6</td>
            <td>0</td>
            <td>0</td>
            <td>6</td>
            <td>
                <button><a href="javascript:showClassDetail('c11','6')"
                           style="color:#660066;">Detail</a></button>
            </td>
        </tr>
            
            <tr id="ft11.1" class='none'>
                <td class='errorCase'>
                    <div class='testcase'>
                        <a class="popup_link" onfocus='this.blur();'
                           href="javascript:showTestDetail('div_ft11.1')">test_poznavacky_okruzni_D</a>
                    </div>
                </td>
                <td colspan='5' align='center'>
                    <div>
                        <!--css div popup start-->
                        <button>
                            <a class="popup_link" onfocus='this.blur();'
                               href="javascript:showTestDetail('div_ft11.1')" style="color:#660066;">
                                ERROR
                            </a></button>
                        <div id='div_ft11.1' class="popup_window">
                            <div style='text-align: right; color:red;cursor:pointer'>
                                <a onfocus='this.blur();'
                                   onclick="document.getElementById('div_ft11.1').style.display = 'none'; "
                                   style="color:red;">
                                    [x]</a>
                            </div>
                            <pre>2023-08-08 14:20:28.397723 : https://exim.stg.dtweb.cz/poznavaci-zajezdy
</pre>
                            <pre style="color: red;">Traceback (most recent call last):
  File "C:\Users\KADOUN\Desktop\Automatization_Project_Master_QA\EW_Automation_Local_Deploy_PyCharm\poznavacky.py", line 45, in test_poznavacky_okruzni_D
    acceptConsent(self.driver)
  File "C:\Users\KADOUN\Desktop\Automatization_Project_Master_QA\EW_Automation_Local_Deploy_PyCharm\to_import.py", line 95, in acceptConsent
    element = driver.execute_script(
  File "C:\Users\KADOUN\AppData\Roaming\Python\Python38\site-packages\selenium\webdriver\remote\webdriver.py", line 634, in execute_script
    return self.execute(command, {
  File "C:\Users\KADOUN\AppData\Roaming\Python\Python38\site-packages\selenium\webdriver\remote\webdriver.py", line 321, in execute
    self.error_handler.check_response(response)
  File "C:\Users\KADOUN\AppData\Roaming\Python\Python38\site-packages\selenium\webdriver\remote\errorhandler.py", line 242, in check_response
    raise exception_class(message, screen, stacktrace)
selenium.common.exceptions.JavascriptException: Message: javascript error: Cannot read properties of null (reading 'shadowRoot')
  (Session info: chrome=115.0.5790.170)

</pre>
                        </div>
                        <!--css div popup end-->
                    </div>
                </td>
            </tr>
            
            <tr id="ft11.2" class='none'>
                <td class='errorCase'>
                    <div class='testcase'>
                        <a class="popup_link" onfocus='this.blur();'
                           href="javascript:showTestDetail('div_ft11.2')">test_poznavacky_vikendy_D</a>
                    </div>
                </td>
                <td colspan='5' align='center'>
                    <div>
                        <!--css div popup start-->
                        <button>
                            <a class="popup_link" onfocus='this.blur();'
                               href="javascript:showTestDetail('div_ft11.2')" style="color:#660066;">
                                ERROR
                            </a></button>
                        <div id='div_ft11.2' class="popup_window">
                            <div style='text-align: right; color:red;cursor:pointer'>
                                <a onfocus='this.blur();'
                                   onclick="document.getElementById('div_ft11.2').style.display = 'none'; "
                                   style="color:red;">
                                    [x]</a>
                            </div>
                            <pre>2023-08-08 14:20:40.085188 : https://exim.stg.dtweb.cz/poznavaci-zajezdy#vikendy
</pre>
                            <pre style="color: red;">Traceback (most recent call last):
  File "C:\Users\KADOUN\Desktop\Automatization_Project_Master_QA\EW_Automation_Local_Deploy_PyCharm\poznavacky.py", line 80, in test_poznavacky_vikendy_D
    acceptConsent(self.driver)
  File "C:\Users\KADOUN\Desktop\Automatization_Project_Master_QA\EW_Automation_Local_Deploy_PyCharm\to_import.py", line 95, in acceptConsent
    element = driver.execute_script(
  File "C:\Users\KADOUN\AppData\Roaming\Python\Python38\site-packages\selenium\webdriver\remote\webdriver.py", line 634, in execute_script
    return self.execute(command, {
  File "C:\Users\KADOUN\AppData\Roaming\Python\Python38\site-packages\selenium\webdriver\remote\webdriver.py", line 321, in execute
    self.error_handler.check_response(response)
  File "C:\Users\KADOUN\AppData\Roaming\Python\Python38\site-packages\selenium\webdriver\remote\errorhandler.py", line 242, in check_response
    raise exception_class(message, screen, stacktrace)
selenium.common.exceptions.JavascriptException: Message: javascript error: Cannot read properties of null (reading 'shadowRoot')
  (Session info: chrome=115.0.5790.170)

</pre>
                        </div>
                        <!--css div popup end-->
                    </div>
                </td>
            </tr>
            
            <tr id="ft11.3" class='none'>
                <td class='errorCase'>
                    <div class='testcase'>
                        <a class="popup_link" onfocus='this.blur();'
                           href="javascript:showTestDetail('div_ft11.3')">test_poznavacky_rodiny_D</a>
                    </div>
                </td>
                <td colspan='5' align='center'>
                    <div>
                        <!--css div popup start-->
                        <button>
                            <a class="popup_link" onfocus='this.blur();'
                               href="javascript:showTestDetail('div_ft11.3')" style="color:#660066;">
                                ERROR
                            </a></button>
                        <div id='div_ft11.3' class="popup_window">
                            <div style='text-align: right; color:red;cursor:pointer'>
                                <a onfocus='this.blur();'
                                   onclick="document.getElementById('div_ft11.3').style.display = 'none'; "
                                   style="color:red;">
                                    [x]</a>
                            </div>
                            <pre>2023-08-08 14:20:48.620678 : https://exim.stg.dtweb.cz/poznavaci-zajezdy#rodiny
</pre>
                            <pre style="color: red;">Traceback (most recent call last):
  File "C:\Users\KADOUN\Desktop\Automatization_Project_Master_QA\EW_Automation_Local_Deploy_PyCharm\poznavacky.py", line 115, in test_poznavacky_rodiny_D
    acceptConsent(self.driver)
  File "C:\Users\KADOUN\Desktop\Automatization_Project_Master_QA\EW_Automation_Local_Deploy_PyCharm\to_import.py", line 95, in acceptConsent
    element = driver.execute_script(
  File "C:\Users\KADOUN\AppData\Roaming\Python\Python38\site-packages\selenium\webdriver\remote\webdriver.py", line 634, in execute_script
    return self.execute(command, {
  File "C:\Users\KADOUN\AppData\Roaming\Python\Python38\site-packages\selenium\webdriver\remote\webdriver.py", line 321, in execute
    self.error_handler.check_response(response)
  File "C:\Users\KADOUN\AppData\Roaming\Python\Python38\site-packages\selenium\webdriver\remote\errorhandler.py", line 242, in check_response
    raise exception_class(message, screen, stacktrace)
selenium.common.exceptions.JavascriptException: Message: javascript error: Cannot read properties of null (reading 'shadowRoot')
  (Session info: chrome=115.0.5790.170)

</pre>
                        </div>
                        <!--css div popup end-->
                    </div>
                </td>
            </tr>
            
            <tr id="ft11.4" class='none'>
                <td class='errorCase'>
                    <div class='testcase'>
                        <a class="popup_link" onfocus='this.blur();'
                           href="javascript:showTestDetail('div_ft11.4')">test_poznavacky_zazitky_D</a>
                    </div>
                </td>
                <td colspan='5' align='center'>
                    <div>
                        <!--css div popup start-->
                        <button>
                            <a class="popup_link" onfocus='this.blur();'
                               href="javascript:showTestDetail('div_ft11.4')" style="color:#660066;">
                                ERROR
                            </a></button>
                        <div id='div_ft11.4' class="popup_window">
                            <div style='text-align: right; color:red;cursor:pointer'>
                                <a onfocus='this.blur();'
                                   onclick="document.getElementById('div_ft11.4').style.display = 'none'; "
                                   style="color:red;">
                                    [x]</a>
                            </div>
                            <pre>2023-08-08 14:21:01.761979 : https://exim.stg.dtweb.cz/poznavaci-zajezdy#rodiny
</pre>
                            <pre style="color: red;">Traceback (most recent call last):
  File "C:\Users\KADOUN\Desktop\Automatization_Project_Master_QA\EW_Automation_Local_Deploy_PyCharm\poznavacky.py", line 147, in test_poznavacky_zazitky_D
    acceptConsent(self.driver)
  File "C:\Users\KADOUN\Desktop\Automatization_Project_Master_QA\EW_Automation_Local_Deploy_PyCharm\to_import.py", line 95, in acceptConsent
    element = driver.execute_script(
  File "C:\Users\KADOUN\AppData\Roaming\Python\Python38\site-packages\selenium\webdriver\remote\webdriver.py", line 634, in execute_script
    return self.execute(command, {
  File "C:\Users\KADOUN\AppData\Roaming\Python\Python38\site-packages\selenium\webdriver\remote\webdriver.py", line 321, in execute
    self.error_handler.check_response(response)
  File "C:\Users\KADOUN\AppData\Roaming\Python\Python38\site-packages\selenium\webdriver\remote\errorhandler.py", line 242, in check_response
    raise exception_class(message, screen, stacktrace)
selenium.common.exceptions.JavascriptException: Message: javascript error: Cannot read properties of null (reading 'shadowRoot')
  (Session info: chrome=115.0.5790.170)

</pre>
                        </div>
                        <!--css div popup end-->
                    </div>
                </td>
            </tr>
            
            <tr id="ft11.5" class='none'>
                <td class='errorCase'>
                    <div class='testcase'>
                        <a class="popup_link" onfocus='this.blur();'
                           href="javascript:showTestDetail('div_ft11.5')">test_poznavacky_all_URL_check</a>
                    </div>
                </td>
                <td colspan='5' align='center'>
                    <div>
                        <!--css div popup start-->
                        <button>
                            <a class="popup_link" onfocus='this.blur();'
                               href="javascript:showTestDetail('div_ft11.5')" style="color:#660066;">
                                ERROR
                            </a></button>
                        <div id='div_ft11.5' class="popup_window">
                            <div style='text-align: right; color:red;cursor:pointer'>
                                <a onfocus='this.blur();'
                                   onclick="document.getElementById('div_ft11.5').style.display = 'none'; "
                                   style="color:red;">
                                    [x]</a>
                            </div>
                            <pre>2023-08-08 14:23:26.776141 : https://exim.stg.dtweb.cz/poznavaci-zajezdy
</pre>
                            <pre style="color: red;">Traceback (most recent call last):
  File "C:\Users\KADOUN\Desktop\Automatization_Project_Master_QA\EW_Automation_Local_Deploy_PyCharm\poznavacky.py", line 23, in test_poznavacky_all_URL_check
    acceptConsent(driver)
  File "C:\Users\KADOUN\Desktop\Automatization_Project_Master_QA\EW_Automation_Local_Deploy_PyCharm\to_import.py", line 95, in acceptConsent
    element = driver.execute_script(
  File "C:\Users\KADOUN\AppData\Roaming\Python\Python38\site-packages\selenium\webdriver\remote\webdriver.py", line 634, in execute_script
    return self.execute(command, {
  File "C:\Users\KADOUN\AppData\Roaming\Python\Python38\site-packages\selenium\webdriver\remote\webdriver.py", line 321, in execute
    self.error_handler.check_response(response)
  File "C:\Users\KADOUN\AppData\Roaming\Python\Python38\site-packages\selenium\webdriver\remote\errorhandler.py", line 242, in check_response
    raise exception_class(message, screen, stacktrace)
selenium.common.exceptions.JavascriptException: Message: javascript error: Cannot read properties of null (reading 'shadowRoot')
  (Session info: chrome=115.0.5790.170)

</pre>
                        </div>
                        <!--css div popup end-->
                    </div>
                </td>
            </tr>
            
            <tr id="ft11.6" class='none'>
                <td class='errorCase'>
                    <div class='testcase'>
                        <a class="popup_link" onfocus='this.blur();'
                           href="javascript:showTestDetail('div_ft11.6')">test_poznavacky_C</a>
                    </div>
                </td>
                <td colspan='5' align='center'>
                    <div>
                        <!--css div popup start-->
                        <button>
                            <a class="popup_link" onfocus='this.blur();'
                               href="javascript:showTestDetail('div_ft11.6')" style="color:#660066;">
                                ERROR
                            </a></button>
                        <div id='div_ft11.6' class="popup_window">
                            <div style='text-align: right; color:red;cursor:pointer'>
                                <a onfocus='this.blur();'
                                   onclick="document.getElementById('div_ft11.6').style.display = 'none'; "
                                   style="color:red;">
                                    [x]</a>
                            </div>
                            <pre>2023-08-08 14:24:02.596259 : https://exim.stg.dtweb.cz/poznavaci-zajezdy
</pre>
                            <pre style="color: red;">Traceback (most recent call last):
  File "C:\Users\KADOUN\Desktop\Automatization_Project_Master_QA\EW_Automation_Local_Deploy_PyCharm\poznavacky.py", line 183, in test_poznavacky_C
    acceptConsent(self.driver)
  File "C:\Users\KADOUN\Desktop\Automatization_Project_Master_QA\EW_Automation_Local_Deploy_PyCharm\to_import.py", line 95, in acceptConsent
    element = driver.execute_script(
  File "C:\Users\KADOUN\AppData\Roaming\Python\Python38\site-packages\selenium\webdriver\remote\webdriver.py", line 634, in execute_script
    return self.execute(command, {
  File "C:\Users\KADOUN\AppData\Roaming\Python\Python38\site-packages\selenium\webdriver\remote\webdriver.py", line 321, in execute
    self.error_handler.check_response(response)
  File "C:\Users\KADOUN\AppData\Roaming\Python\Python38\site-packages\selenium\webdriver\remote\errorhandler.py", line 242, in check_response
    raise exception_class(message, screen, stacktrace)
selenium.common.exceptions.JavascriptException: Message: javascript error: Cannot read properties of null (reading 'shadowRoot')
  (Session info: chrome=115.0.5790.170)

</pre>
                        </div>
                        <!--css div popup end-->
                    </div>
                </td>
            </tr>
            
        
        <tr class='errorClass' style="font-weight:bold;color:white;">
            <td><a href="javascript:showClassDetail('c12','1')">EW_Automation_Local_Deploy_PyCharm.SDO_D.TestSDO_D</a></td>
            <td>1</td>
            <td>0</td>
            <td>0</td>
            <td>1</td>
            <td>
                <button><a href="javascript:showClassDetail('c12','1')"
                           style="color:#660066;">Detail</a></button>
            </td>
        </tr>
            
            <tr id="ft12.1" class='none'>
                <td class='errorCase'>
                    <div class='testcase'>
                        <a class="popup_link" onfocus='this.blur();'
                           href="javascript:showTestDetail('div_ft12.1')">test_SDO_D</a>
                    </div>
                </td>
                <td colspan='5' align='center'>
                    <div>
                        <!--css div popup start-->
                        <button>
                            <a class="popup_link" onfocus='this.blur();'
                               href="javascript:showTestDetail('div_ft12.1')" style="color:#660066;">
                                ERROR
                            </a></button>
                        <div id='div_ft12.1' class="popup_window">
                            <div style='text-align: right; color:red;cursor:pointer'>
                                <a onfocus='this.blur();'
                                   onclick="document.getElementById('div_ft12.1').style.display = 'none'; "
                                   style="color:red;">
                                    [x]</a>
                            </div>
                            <pre>2023-08-08 14:21:10.810796 : https://exim.stg.dtweb.cz/spanelsko
</pre>
                            <pre style="color: red;">Traceback (most recent call last):
  File "C:\Users\KADOUN\Desktop\Automatization_Project_Master_QA\EW_Automation_Local_Deploy_PyCharm\SDO_D.py", line 18, in test_SDO_D
    acceptConsent(self.driver)
  File "C:\Users\KADOUN\Desktop\Automatization_Project_Master_QA\EW_Automation_Local_Deploy_PyCharm\to_import.py", line 95, in acceptConsent
    element = driver.execute_script(
  File "C:\Users\KADOUN\AppData\Roaming\Python\Python38\site-packages\selenium\webdriver\remote\webdriver.py", line 634, in execute_script
    return self.execute(command, {
  File "C:\Users\KADOUN\AppData\Roaming\Python\Python38\site-packages\selenium\webdriver\remote\webdriver.py", line 321, in execute
    self.error_handler.check_response(response)
  File "C:\Users\KADOUN\AppData\Roaming\Python\Python38\site-packages\selenium\webdriver\remote\errorhandler.py", line 242, in check_response
    raise exception_class(message, screen, stacktrace)
selenium.common.exceptions.JavascriptException: Message: javascript error: Cannot read properties of null (reading 'shadowRoot')
  (Session info: chrome=115.0.5790.170)

</pre>
                        </div>
                        <!--css div popup end-->
                    </div>
                </td>
            </tr>
            
        
        <tr class='errorClass' style="font-weight:bold;color:white;">
            <td><a href="javascript:showClassDetail('c13','6')">EW_Automation_Local_Deploy_PyCharm.SRL_C.Test_SRL_C</a></td>
            <td>6</td>
            <td>0</td>
            <td>0</td>
            <td>6</td>
            <td>
                <button><a href="javascript:showClassDetail('c13','6')"
                           style="color:#660066;">Detail</a></button>
            </td>
        </tr>
            
            <tr id="ft13.1" class='none'>
                <td class='errorCase'>
                    <div class='testcase'>
                        <a class="popup_link" onfocus='this.blur();'
                           href="javascript:showTestDetail('div_ft13.1')">test_SRL_sort_cheapest</a>
                    </div>
                </td>
                <td colspan='5' align='center'>
                    <div>
                        <!--css div popup start-->
                        <button>
                            <a class="popup_link" onfocus='this.blur();'
                               href="javascript:showTestDetail('div_ft13.1')" style="color:#660066;">
                                ERROR
                            </a></button>
                        <div id='div_ft13.1' class="popup_window">
                            <div style='text-align: right; color:red;cursor:pointer'>
                                <a onfocus='this.blur();'
                                   onclick="document.getElementById('div_ft13.1').style.display = 'none'; "
                                   style="color:red;">
                                    [x]</a>
                            </div>
                            <pre>2023-08-08 14:21:24.687637 : https://exim.stg.dtweb.cz/vysledky-vyhledavani?ac1=2&d=64419|64420|64425&dd=2023-09-01&ka1=11&kc1=1&nn=7|8|9|10|11|12|13|14&rd=2023-10-31&to=4312|4305|2682|4308&tt=1
</pre>
                            <pre style="color: red;">Traceback (most recent call last):
  File "C:\Users\KADOUN\Desktop\Automatization_Project_Master_QA\EW_Automation_Local_Deploy_PyCharm\SRL_C.py", line 30, in test_SRL_sort_cheapest
    acceptConsent(self.driver)
  File "C:\Users\KADOUN\Desktop\Automatization_Project_Master_QA\EW_Automation_Local_Deploy_PyCharm\to_import.py", line 95, in acceptConsent
    element = driver.execute_script(
  File "C:\Users\KADOUN\AppData\Roaming\Python\Python38\site-packages\selenium\webdriver\remote\webdriver.py", line 634, in execute_script
    return self.execute(command, {
  File "C:\Users\KADOUN\AppData\Roaming\Python\Python38\site-packages\selenium\webdriver\remote\webdriver.py", line 321, in execute
    self.error_handler.check_response(response)
  File "C:\Users\KADOUN\AppData\Roaming\Python\Python38\site-packages\selenium\webdriver\remote\errorhandler.py", line 242, in check_response
    raise exception_class(message, screen, stacktrace)
selenium.common.exceptions.JavascriptException: Message: javascript error: Cannot read properties of null (reading 'shadowRoot')
  (Session info: chrome=115.0.5790.170)

</pre>
                        </div>
                        <!--css div popup end-->
                    </div>
                </td>
            </tr>
            
            <tr id="ft13.2" class='none'>
                <td class='errorCase'>
                    <div class='testcase'>
                        <a class="popup_link" onfocus='this.blur();'
                           href="javascript:showTestDetail('div_ft13.2')">test_SRL_sort_expensive</a>
                    </div>
                </td>
                <td colspan='5' align='center'>
                    <div>
                        <!--css div popup start-->
                        <button>
                            <a class="popup_link" onfocus='this.blur();'
                               href="javascript:showTestDetail('div_ft13.2')" style="color:#660066;">
                                ERROR
                            </a></button>
                        <div id='div_ft13.2' class="popup_window">
                            <div style='text-align: right; color:red;cursor:pointer'>
                                <a onfocus='this.blur();'
                                   onclick="document.getElementById('div_ft13.2').style.display = 'none'; "
                                   style="color:red;">
                                    [x]</a>
                            </div>
                            <pre>2023-08-08 14:21:33.282228 : https://exim.stg.dtweb.cz/vysledky-vyhledavani?ac1=2&d=64419|64420|64425&dd=2023-09-01&ka1=11&kc1=1&nn=7|8|9|10|11|12|13|14&rd=2023-10-31&to=4312|4305|2682|4308&tt=1
</pre>
                            <pre style="color: red;">Traceback (most recent call last):
  File "C:\Users\KADOUN\Desktop\Automatization_Project_Master_QA\EW_Automation_Local_Deploy_PyCharm\SRL_C.py", line 47, in test_SRL_sort_expensive
    acceptConsent(driver)
  File "C:\Users\KADOUN\Desktop\Automatization_Project_Master_QA\EW_Automation_Local_Deploy_PyCharm\to_import.py", line 95, in acceptConsent
    element = driver.execute_script(
  File "C:\Users\KADOUN\AppData\Roaming\Python\Python38\site-packages\selenium\webdriver\remote\webdriver.py", line 634, in execute_script
    return self.execute(command, {
  File "C:\Users\KADOUN\AppData\Roaming\Python\Python38\site-packages\selenium\webdriver\remote\webdriver.py", line 321, in execute
    self.error_handler.check_response(response)
  File "C:\Users\KADOUN\AppData\Roaming\Python\Python38\site-packages\selenium\webdriver\remote\errorhandler.py", line 242, in check_response
    raise exception_class(message, screen, stacktrace)
selenium.common.exceptions.JavascriptException: Message: javascript error: Cannot read properties of null (reading 'shadowRoot')
  (Session info: chrome=115.0.5790.170)

</pre>
                        </div>
                        <!--css div popup end-->
                    </div>
                </td>
            </tr>
            
            <tr id="ft13.3" class='none'>
                <td class='errorCase'>
                    <div class='testcase'>
                        <a class="popup_link" onfocus='this.blur();'
                           href="javascript:showTestDetail('div_ft13.3')">test_SRL_map</a>
                    </div>
                </td>
                <td colspan='5' align='center'>
                    <div>
                        <!--css div popup start-->
                        <button>
                            <a class="popup_link" onfocus='this.blur();'
                               href="javascript:showTestDetail('div_ft13.3')" style="color:#660066;">
                                ERROR
                            </a></button>
                        <div id='div_ft13.3' class="popup_window">
                            <div style='text-align: right; color:red;cursor:pointer'>
                                <a onfocus='this.blur();'
                                   onclick="document.getElementById('div_ft13.3').style.display = 'none'; "
                                   style="color:red;">
                                    [x]</a>
                            </div>
                            <pre>2023-08-08 14:21:44.301099 : https://exim.stg.dtweb.cz/vysledky-vyhledavani?ac1=2&d=64419|64420|64425&dd=2023-09-01&ka1=11&kc1=1&nn=7|8|9|10|11|12|13|14&rd=2023-10-31&to=4312|4305|2682|4308&tt=1
</pre>
                            <pre style="color: red;">Traceback (most recent call last):
  File "C:\Users\KADOUN\Desktop\Automatization_Project_Master_QA\EW_Automation_Local_Deploy_PyCharm\SRL_C.py", line 62, in test_SRL_map
    acceptConsent(driver)
  File "C:\Users\KADOUN\Desktop\Automatization_Project_Master_QA\EW_Automation_Local_Deploy_PyCharm\to_import.py", line 95, in acceptConsent
    element = driver.execute_script(
  File "C:\Users\KADOUN\AppData\Roaming\Python\Python38\site-packages\selenium\webdriver\remote\webdriver.py", line 634, in execute_script
    return self.execute(command, {
  File "C:\Users\KADOUN\AppData\Roaming\Python\Python38\site-packages\selenium\webdriver\remote\webdriver.py", line 321, in execute
    self.error_handler.check_response(response)
  File "C:\Users\KADOUN\AppData\Roaming\Python\Python38\site-packages\selenium\webdriver\remote\errorhandler.py", line 242, in check_response
    raise exception_class(message, screen, stacktrace)
selenium.common.exceptions.JavascriptException: Message: javascript error: Cannot read properties of null (reading 'shadowRoot')
  (Session info: chrome=115.0.5790.170)

</pre>
                        </div>
                        <!--css div popup end-->
                    </div>
                </td>
            </tr>
            
            <tr id="ft13.4" class='none'>
                <td class='errorCase'>
                    <div class='testcase'>
                        <a class="popup_link" onfocus='this.blur();'
                           href="javascript:showTestDetail('div_ft13.4')">test_SRL_filtr_strava</a>
                    </div>
                </td>
                <td colspan='5' align='center'>
                    <div>
                        <!--css div popup start-->
                        <button>
                            <a class="popup_link" onfocus='this.blur();'
                               href="javascript:showTestDetail('div_ft13.4')" style="color:#660066;">
                                ERROR
                            </a></button>
                        <div id='div_ft13.4' class="popup_window">
                            <div style='text-align: right; color:red;cursor:pointer'>
                                <a onfocus='this.blur();'
                                   onclick="document.getElementById('div_ft13.4').style.display = 'none'; "
                                   style="color:red;">
                                    [x]</a>
                            </div>
                            <pre>2023-08-08 14:21:52.593278 : https://exim.stg.dtweb.cz/vysledky-vyhledavani?ac1=2&d=64419|64420|64425&dd=2023-09-01&ka1=11&kc1=1&nn=7|8|9|10|11|12|13|14&rd=2023-10-31&to=4312|4305|2682|4308&tt=1
</pre>
                            <pre style="color: red;">Traceback (most recent call last):
  File "C:\Users\KADOUN\Desktop\Automatization_Project_Master_QA\EW_Automation_Local_Deploy_PyCharm\SRL_C.py", line 87, in test_SRL_filtr_strava
    acceptConsent(driver)
  File "C:\Users\KADOUN\Desktop\Automatization_Project_Master_QA\EW_Automation_Local_Deploy_PyCharm\to_import.py", line 95, in acceptConsent
    element = driver.execute_script(
  File "C:\Users\KADOUN\AppData\Roaming\Python\Python38\site-packages\selenium\webdriver\remote\webdriver.py", line 634, in execute_script
    return self.execute(command, {
  File "C:\Users\KADOUN\AppData\Roaming\Python\Python38\site-packages\selenium\webdriver\remote\webdriver.py", line 321, in execute
    self.error_handler.check_response(response)
  File "C:\Users\KADOUN\AppData\Roaming\Python\Python38\site-packages\selenium\webdriver\remote\errorhandler.py", line 242, in check_response
    raise exception_class(message, screen, stacktrace)
selenium.common.exceptions.JavascriptException: Message: javascript error: Cannot read properties of null (reading 'shadowRoot')
  (Session info: chrome=115.0.5790.170)

</pre>
                        </div>
                        <!--css div popup end-->
                    </div>
                </td>
            </tr>
            
            <tr id="ft13.5" class='none'>
                <td class='errorCase'>
                    <div class='testcase'>
                        <a class="popup_link" onfocus='this.blur();'
                           href="javascript:showTestDetail('div_ft13.5')">test_srl_C</a>
                    </div>
                </td>
                <td colspan='5' align='center'>
                    <div>
                        <!--css div popup start-->
                        <button>
                            <a class="popup_link" onfocus='this.blur();'
                               href="javascript:showTestDetail('div_ft13.5')" style="color:#660066;">
                                ERROR
                            </a></button>
                        <div id='div_ft13.5' class="popup_window">
                            <div style='text-align: right; color:red;cursor:pointer'>
                                <a onfocus='this.blur();'
                                   onclick="document.getElementById('div_ft13.5').style.display = 'none'; "
                                   style="color:red;">
                                    [x]</a>
                            </div>
                            <pre>2023-08-08 14:22:03.621300 : https://exim.stg.dtweb.cz/vysledky-vyhledavani?ac1=2&d=64419|64420|64425&dd=2023-09-01&ka1=11&kc1=1&nn=7|8|9|10|11|12|13|14&rd=2023-10-31&to=4312|4305|2682|4308&tt=1
</pre>
                            <pre style="color: red;">Traceback (most recent call last):
  File "C:\Users\KADOUN\Desktop\Automatization_Project_Master_QA\EW_Automation_Local_Deploy_PyCharm\SRL_C.py", line 104, in test_srl_C
    acceptConsent(self.driver)
  File "C:\Users\KADOUN\Desktop\Automatization_Project_Master_QA\EW_Automation_Local_Deploy_PyCharm\to_import.py", line 95, in acceptConsent
    element = driver.execute_script(
  File "C:\Users\KADOUN\AppData\Roaming\Python\Python38\site-packages\selenium\webdriver\remote\webdriver.py", line 634, in execute_script
    return self.execute(command, {
  File "C:\Users\KADOUN\AppData\Roaming\Python\Python38\site-packages\selenium\webdriver\remote\webdriver.py", line 321, in execute
    self.error_handler.check_response(response)
  File "C:\Users\KADOUN\AppData\Roaming\Python\Python38\site-packages\selenium\webdriver\remote\errorhandler.py", line 242, in check_response
    raise exception_class(message, screen, stacktrace)
selenium.common.exceptions.JavascriptException: Message: javascript error: Cannot read properties of null (reading 'shadowRoot')
  (Session info: chrome=115.0.5790.170)

</pre>
                        </div>
                        <!--css div popup end-->
                    </div>
                </td>
            </tr>
            
            <tr id="ft13.6" class='none'>
                <td class='errorCase'>
                    <div class='testcase'>
                        <a class="popup_link" onfocus='this.blur();'
                           href="javascript:showTestDetail('div_ft13.6')">test_SRL_kuba_srl_D_R</a>
                    </div>
                </td>
                <td colspan='5' align='center'>
                    <div>
                        <!--css div popup start-->
                        <button>
                            <a class="popup_link" onfocus='this.blur();'
                               href="javascript:showTestDetail('div_ft13.6')" style="color:#660066;">
                                ERROR
                            </a></button>
                        <div id='div_ft13.6' class="popup_window">
                            <div style='text-align: right; color:red;cursor:pointer'>
                                <a onfocus='this.blur();'
                                   onclick="document.getElementById('div_ft13.6').style.display = 'none'; "
                                   style="color:red;">
                                    [x]</a>
                            </div>
                            <pre>2023-08-08 14:24:55.560867 : https://exim.stg.dtweb.cz/vysledky-vyhledavani?ac1=2&d=63888&dd=2023-07-01&nn=7|8|9|10|11|12|13|14|15|16|17|18|19|20|21&rd=2023-08-31&to=4312|4305|2682|4308&tt=1
</pre>
                            <pre style="color: red;">Traceback (most recent call last):
  File "C:\Users\KADOUN\Desktop\Automatization_Project_Master_QA\EW_Automation_Local_Deploy_PyCharm\SRL_C.py", line 242, in test_SRL_kuba_srl_D_R
    acceptConsent(self.driver)
  File "C:\Users\KADOUN\Desktop\Automatization_Project_Master_QA\EW_Automation_Local_Deploy_PyCharm\to_import.py", line 95, in acceptConsent
    element = driver.execute_script(
  File "C:\Users\KADOUN\AppData\Roaming\Python\Python38\site-packages\selenium\webdriver\remote\webdriver.py", line 634, in execute_script
    return self.execute(command, {
  File "C:\Users\KADOUN\AppData\Roaming\Python\Python38\site-packages\selenium\webdriver\remote\webdriver.py", line 321, in execute
    self.error_handler.check_response(response)
  File "C:\Users\KADOUN\AppData\Roaming\Python\Python38\site-packages\selenium\webdriver\remote\errorhandler.py", line 242, in check_response
    raise exception_class(message, screen, stacktrace)
selenium.common.exceptions.JavascriptException: Message: javascript error: Cannot read properties of null (reading 'shadowRoot')
  (Session info: chrome=115.0.5790.170)

</pre>
                        </div>
                        <!--css div popup end-->
                    </div>
                </td>
            </tr>
            
        
        <tr class='errorClass' style="font-weight:bold;color:white;">
            <td><a href="javascript:showClassDetail('c14','1')">EW_Automation_Local_Deploy_PyCharm.SRL_D.TestSRL_D</a></td>
            <td>1</td>
            <td>0</td>
            <td>0</td>
            <td>1</td>
            <td>
                <button><a href="javascript:showClassDetail('c14','1')"
                           style="color:#660066;">Detail</a></button>
            </td>
        </tr>
            
            <tr id="ft14.1" class='none'>
                <td class='errorCase'>
                    <div class='testcase'>
                        <a class="popup_link" onfocus='this.blur();'
                           href="javascript:showTestDetail('div_ft14.1')">test_SRL_D</a>
                    </div>
                </td>
                <td colspan='5' align='center'>
                    <div>
                        <!--css div popup start-->
                        <button>
                            <a class="popup_link" onfocus='this.blur();'
                               href="javascript:showTestDetail('div_ft14.1')" style="color:#660066;">
                                ERROR
                            </a></button>
                        <div id='div_ft14.1' class="popup_window">
                            <div style='text-align: right; color:red;cursor:pointer'>
                                <a onfocus='this.blur();'
                                   onclick="document.getElementById('div_ft14.1').style.display = 'none'; "
                                   style="color:red;">
                                    [x]</a>
                            </div>
                            <pre>2023-08-08 14:22:10.448853 : https://exim.stg.dtweb.cz/vysledky-vyhledavani?ac1=2&d=64419|64420|64425&dd=2023-09-01&ka1=11&kc1=1&nn=7|8|9|10|11|12|13|14&rd=2023-10-31&to=4312|4305|2682|4308&tt=1
</pre>
                            <pre style="color: red;">Traceback (most recent call last):
  File "C:\Users\KADOUN\Desktop\Automatization_Project_Master_QA\EW_Automation_Local_Deploy_PyCharm\SRL_D.py", line 119, in test_SRL_D
    acceptConsent(self.driver)
  File "C:\Users\KADOUN\Desktop\Automatization_Project_Master_QA\EW_Automation_Local_Deploy_PyCharm\to_import.py", line 95, in acceptConsent
    element = driver.execute_script(
  File "C:\Users\KADOUN\AppData\Roaming\Python\Python38\site-packages\selenium\webdriver\remote\webdriver.py", line 634, in execute_script
    return self.execute(command, {
  File "C:\Users\KADOUN\AppData\Roaming\Python\Python38\site-packages\selenium\webdriver\remote\webdriver.py", line 321, in execute
    self.error_handler.check_response(response)
  File "C:\Users\KADOUN\AppData\Roaming\Python\Python38\site-packages\selenium\webdriver\remote\errorhandler.py", line 242, in check_response
    raise exception_class(message, screen, stacktrace)
selenium.common.exceptions.JavascriptException: Message: javascript error: Cannot read properties of null (reading 'shadowRoot')
  (Session info: chrome=115.0.5790.170)

</pre>
                        </div>
                        <!--css div popup end-->
                    </div>
                </td>
            </tr>
            
        
        <tr class='errorClass' style="font-weight:bold;color:white;">
            <td><a href="javascript:showClassDetail('c15','6')">EW_Automation_Local_Deploy_PyCharm.HP_C.Test_HP_C</a></td>
            <td>6</td>
            <td>0</td>
            <td>1</td>
            <td>5</td>
            <td>
                <button><a href="javascript:showClassDetail('c15','6')"
                           style="color:#660066;">Detail</a></button>
            </td>
        </tr>
            
            <tr id="ft15.1" class='none'>
                <td class='failCase'>
                    <div class='testcase'>
                        <a class="popup_link" onfocus='this.blur();'
                           href="javascript:showTestDetail('div_ft15.1')">test_HP_bannery_check</a>
                    </div>
                </td>
                <td colspan='5' align='center'>
                    <div>
                        <!--css div popup start-->
                        <button>
                            <a class="popup_link" onfocus='this.blur();'
                               href="javascript:showTestDetail('div_ft15.1')" style="color:#660066;">
                                FAIL
                            </a></button>
                        <div id='div_ft15.1' class="popup_window">
                            <div style='text-align: right; color:red;cursor:pointer'>
                                <a onfocus='this.blur();'
                                   onclick="document.getElementById('div_ft15.1').style.display = 'none'; "
                                   style="color:red;">
                                    [x]</a>
                            </div>
                            <pre>2023-08-08 14:22:26.946945 : <selenium.webdriver.remote.webelement.WebElement (session="b906f4d235c73a0362e12d85cd351b2d", element="B157CEC29CADC368EA47460F5989407D_element_87")>
2023-08-08 14:23:13.384081 : ------------------------------------------
2023-08-08 14:23:13.384081 : LIST FROM PUBLIC WWW PRODUCTION https://www.eximtours.cz/
2023-08-08 14:23:13.384081 : ['last minute', '257 zájezdù v 1 destinaci', '86 zájezdù v 1 destinaci', '442 zájezdù v 1 destinaci', '', '']
2023-08-08 14:23:13.384081 : ------------------------------------------
2023-08-08 14:23:13.384081 : LIST FROM DEPLOYING WEB http://exim.stg.dtweb.cz/
2023-08-08 14:23:13.384081 : []
2023-08-08 14:23:13.401945 : https://exim.stg.dtweb.cz/
</pre>
                            <pre style="color: red;">Traceback (most recent call last):
  File "C:\Users\KADOUN\Desktop\Automatization_Project_Master_QA\EW_Automation_Local_Deploy_PyCharm\HP_C.py", line 284, in test_HP_bannery_check
    banner_check_public_prod_VS_deployed_web(self.driver, URL_prod_public, URL_deploying_web, banneryXpath_EW)
  File "C:\Users\KADOUN\Desktop\Automatization_Project_Master_QA\generalized_banners_compare_to_deploy_web.py", line 101, in banner_check_public_prod_VS_deployed_web
    assert pocetNalezenychZajezduElementList_DEPLOY == pocetNalezenychZajezduElementList_PROD
AssertionError
</pre>
                        </div>
                        <!--css div popup end-->
                    </div>
                </td>
            </tr>
            
            <tr id="ft15.2" class='none'>
                <td class='errorCase'>
                    <div class='testcase'>
                        <a class="popup_link" onfocus='this.blur();'
                           href="javascript:showTestDetail('div_ft15.2')">test_HP_top_nabidka_status</a>
                    </div>
                </td>
                <td colspan='5' align='center'>
                    <div>
                        <!--css div popup start-->
                        <button>
                            <a class="popup_link" onfocus='this.blur();'
                               href="javascript:showTestDetail('div_ft15.2')" style="color:#660066;">
                                ERROR
                            </a></button>
                        <div id='div_ft15.2' class="popup_window">
                            <div style='text-align: right; color:red;cursor:pointer'>
                                <a onfocus='this.blur();'
                                   onclick="document.getElementById('div_ft15.2').style.display = 'none'; "
                                   style="color:red;">
                                    [x]</a>
                            </div>
                            <pre>2023-08-08 14:24:12.335405 : https://exim.stg.dtweb.cz/
</pre>
                            <pre style="color: red;">Traceback (most recent call last):
  File "C:\Users\KADOUN\Desktop\Automatization_Project_Master_QA\EW_Automation_Local_Deploy_PyCharm\HP_C.py", line 295, in test_HP_top_nabidka_status
    acceptConsent(self.driver)
  File "C:\Users\KADOUN\Desktop\Automatization_Project_Master_QA\EW_Automation_Local_Deploy_PyCharm\to_import.py", line 95, in acceptConsent
    element = driver.execute_script(
  File "C:\Users\KADOUN\AppData\Roaming\Python\Python38\site-packages\selenium\webdriver\remote\webdriver.py", line 634, in execute_script
    return self.execute(command, {
  File "C:\Users\KADOUN\AppData\Roaming\Python\Python38\site-packages\selenium\webdriver\remote\webdriver.py", line 321, in execute
    self.error_handler.check_response(response)
  File "C:\Users\KADOUN\AppData\Roaming\Python\Python38\site-packages\selenium\webdriver\remote\errorhandler.py", line 242, in check_response
    raise exception_class(message, screen, stacktrace)
selenium.common.exceptions.JavascriptException: Message: javascript error: Cannot read properties of null (reading 'shadowRoot')
  (Session info: chrome=115.0.5790.170)

</pre>
                        </div>
                        <!--css div popup end-->
                    </div>
                </td>
            </tr>
            
            <tr id="ft15.3" class='none'>
                <td class='errorCase'>
                    <div class='testcase'>
                        <a class="popup_link" onfocus='this.blur();'
                           href="javascript:showTestDetail('div_ft15.3')">test_HP_zlutak_to_SRL_pobyt</a>
                    </div>
                </td>
                <td colspan='5' align='center'>
                    <div>
                        <!--css div popup start-->
                        <button>
                            <a class="popup_link" onfocus='this.blur();'
                               href="javascript:showTestDetail('div_ft15.3')" style="color:#660066;">
                                ERROR
                            </a></button>
                        <div id='div_ft15.3' class="popup_window">
                            <div style='text-align: right; color:red;cursor:pointer'>
                                <a onfocus='this.blur();'
                                   onclick="document.getElementById('div_ft15.3').style.display = 'none'; "
                                   style="color:red;">
                                    [x]</a>
                            </div>
                            <pre>2023-08-08 14:24:21.924122 : https://exim.stg.dtweb.cz/
</pre>
                            <pre style="color: red;">Traceback (most recent call last):
  File "C:\Users\KADOUN\Desktop\Automatization_Project_Master_QA\EW_Automation_Local_Deploy_PyCharm\HP_C.py", line 151, in test_HP_zlutak_to_SRL_pobyt
    acceptConsent(self.driver)
  File "C:\Users\KADOUN\Desktop\Automatization_Project_Master_QA\EW_Automation_Local_Deploy_PyCharm\to_import.py", line 95, in acceptConsent
    element = driver.execute_script(
  File "C:\Users\KADOUN\AppData\Roaming\Python\Python38\site-packages\selenium\webdriver\remote\webdriver.py", line 634, in execute_script
    return self.execute(command, {
  File "C:\Users\KADOUN\AppData\Roaming\Python\Python38\site-packages\selenium\webdriver\remote\webdriver.py", line 321, in execute
    self.error_handler.check_response(response)
  File "C:\Users\KADOUN\AppData\Roaming\Python\Python38\site-packages\selenium\webdriver\remote\errorhandler.py", line 242, in check_response
    raise exception_class(message, screen, stacktrace)
selenium.common.exceptions.JavascriptException: Message: javascript error: Cannot read properties of null (reading 'shadowRoot')
  (Session info: chrome=115.0.5790.170)

</pre>
                        </div>
                        <!--css div popup end-->
                    </div>
                </td>
            </tr>
            
            <tr id="ft15.4" class='none'>
                <td class='errorCase'>
                    <div class='testcase'>
                        <a class="popup_link" onfocus='this.blur();'
                           href="javascript:showTestDetail('div_ft15.4')">test_HP_zlutak_to_SRL_poznavacky</a>
                    </div>
                </td>
                <td colspan='5' align='center'>
                    <div>
                        <!--css div popup start-->
                        <button>
                            <a class="popup_link" onfocus='this.blur();'
                               href="javascript:showTestDetail('div_ft15.4')" style="color:#660066;">
                                ERROR
                            </a></button>
                        <div id='div_ft15.4' class="popup_window">
                            <div style='text-align: right; color:red;cursor:pointer'>
                                <a onfocus='this.blur();'
                                   onclick="document.getElementById('div_ft15.4').style.display = 'none'; "
                                   style="color:red;">
                                    [x]</a>
                            </div>
                            <pre>2023-08-08 14:24:28.803853 : https://exim.stg.dtweb.cz/
</pre>
                            <pre style="color: red;">Traceback (most recent call last):
  File "C:\Users\KADOUN\Desktop\Automatization_Project_Master_QA\EW_Automation_Local_Deploy_PyCharm\HP_C.py", line 165, in test_HP_zlutak_to_SRL_poznavacky
    acceptConsent(self.driver)
  File "C:\Users\KADOUN\Desktop\Automatization_Project_Master_QA\EW_Automation_Local_Deploy_PyCharm\to_import.py", line 95, in acceptConsent
    element = driver.execute_script(
  File "C:\Users\KADOUN\AppData\Roaming\Python\Python38\site-packages\selenium\webdriver\remote\webdriver.py", line 634, in execute_script
    return self.execute(command, {
  File "C:\Users\KADOUN\AppData\Roaming\Python\Python38\site-packages\selenium\webdriver\remote\webdriver.py", line 321, in execute
    self.error_handler.check_response(response)
  File "C:\Users\KADOUN\AppData\Roaming\Python\Python38\site-packages\selenium\webdriver\remote\errorhandler.py", line 242, in check_response
    raise exception_class(message, screen, stacktrace)
selenium.common.exceptions.JavascriptException: Message: javascript error: Cannot read properties of null (reading 'shadowRoot')
  (Session info: chrome=115.0.5790.170)

</pre>
                        </div>
                        <!--css div popup end-->
                    </div>
                </td>
            </tr>
            
            <tr id="ft15.5" class='none'>
                <td class='errorCase'>
                    <div class='testcase'>
                        <a class="popup_link" onfocus='this.blur();'
                           href="javascript:showTestDetail('div_ft15.5')">test_HP_zlutak_to_groupsearch_pobyt</a>
                    </div>
                </td>
                <td colspan='5' align='center'>
                    <div>
                        <!--css div popup start-->
                        <button>
                            <a class="popup_link" onfocus='this.blur();'
                               href="javascript:showTestDetail('div_ft15.5')" style="color:#660066;">
                                ERROR
                            </a></button>
                        <div id='div_ft15.5' class="popup_window">
                            <div style='text-align: right; color:red;cursor:pointer'>
                                <a onfocus='this.blur();'
                                   onclick="document.getElementById('div_ft15.5').style.display = 'none'; "
                                   style="color:red;">
                                    [x]</a>
                            </div>
                            <pre>2023-08-08 14:24:38.084292 : https://exim.stg.dtweb.cz/
</pre>
                            <pre style="color: red;">Traceback (most recent call last):
  File "C:\Users\KADOUN\Desktop\Automatization_Project_Master_QA\EW_Automation_Local_Deploy_PyCharm\HP_C.py", line 106, in test_HP_zlutak_to_groupsearch_pobyt
    acceptConsent(self.driver)
  File "C:\Users\KADOUN\Desktop\Automatization_Project_Master_QA\EW_Automation_Local_Deploy_PyCharm\to_import.py", line 95, in acceptConsent
    element = driver.execute_script(
  File "C:\Users\KADOUN\AppData\Roaming\Python\Python38\site-packages\selenium\webdriver\remote\webdriver.py", line 634, in execute_script
    return self.execute(command, {
  File "C:\Users\KADOUN\AppData\Roaming\Python\Python38\site-packages\selenium\webdriver\remote\webdriver.py", line 321, in execute
    self.error_handler.check_response(response)
  File "C:\Users\KADOUN\AppData\Roaming\Python\Python38\site-packages\selenium\webdriver\remote\errorhandler.py", line 242, in check_response
    raise exception_class(message, screen, stacktrace)
selenium.common.exceptions.JavascriptException: Message: javascript error: Cannot read properties of null (reading 'shadowRoot')
  (Session info: chrome=115.0.5790.170)

</pre>
                        </div>
                        <!--css div popup end-->
                    </div>
                </td>
            </tr>
            
            <tr id="ft15.6" class='none'>
                <td class='errorCase'>
                    <div class='testcase'>
                        <a class="popup_link" onfocus='this.blur();'
                           href="javascript:showTestDetail('div_ft15.6')">test_HP_zlutak_to_groupsearch_poznavacky</a>
                    </div>
                </td>
                <td colspan='5' align='center'>
                    <div>
                        <!--css div popup start-->
                        <button>
                            <a class="popup_link" onfocus='this.blur();'
                               href="javascript:showTestDetail('div_ft15.6')" style="color:#660066;">
                                ERROR
                            </a></button>
                        <div id='div_ft15.6' class="popup_window">
                            <div style='text-align: right; color:red;cursor:pointer'>
                                <a onfocus='this.blur();'
                                   onclick="document.getElementById('div_ft15.6').style.display = 'none'; "
                                   style="color:red;">
                                    [x]</a>
                            </div>
                            <pre>2023-08-08 14:24:44.636941 : https://exim.stg.dtweb.cz/
</pre>
                            <pre style="color: red;">Traceback (most recent call last):
  File "C:\Users\KADOUN\Desktop\Automatization_Project_Master_QA\EW_Automation_Local_Deploy_PyCharm\HP_C.py", line 120, in test_HP_zlutak_to_groupsearch_poznavacky
    acceptConsent(self.driver)
  File "C:\Users\KADOUN\Desktop\Automatization_Project_Master_QA\EW_Automation_Local_Deploy_PyCharm\to_import.py", line 95, in acceptConsent
    element = driver.execute_script(
  File "C:\Users\KADOUN\AppData\Roaming\Python\Python38\site-packages\selenium\webdriver\remote\webdriver.py", line 634, in execute_script
    return self.execute(command, {
  File "C:\Users\KADOUN\AppData\Roaming\Python\Python38\site-packages\selenium\webdriver\remote\webdriver.py", line 321, in execute
    self.error_handler.check_response(response)
  File "C:\Users\KADOUN\AppData\Roaming\Python\Python38\site-packages\selenium\webdriver\remote\errorhandler.py", line 242, in check_response
    raise exception_class(message, screen, stacktrace)
selenium.common.exceptions.JavascriptException: Message: javascript error: Cannot read properties of null (reading 'shadowRoot')
  (Session info: chrome=115.0.5790.170)

</pre>
                        </div>
                        <!--css div popup end-->
                    </div>
                </td>
            </tr>
            
        
        <tr class='errorClass' style="font-weight:bold;color:white;">
            <td><a href="javascript:showClassDetail('c16','1')">EW_Automation_Local_Deploy_PyCharm.SRL_results_comparer.Test_SRL_C_comparer</a></td>
            <td>1</td>
            <td>0</td>
            <td>0</td>
            <td>1</td>
            <td>
                <button><a href="javascript:showClassDetail('c16','1')"
                           style="color:#660066;">Detail</a></button>
            </td>
        </tr>
            
            <tr id="ft16.1" class='none'>
                <td class='errorCase'>
                    <div class='testcase'>
                        <a class="popup_link" onfocus='this.blur();'
                           href="javascript:showTestDetail('div_ft16.1')">test_SRL_number_of_results_comparer</a>
                    </div>
                </td>
                <td colspan='5' align='center'>
                    <div>
                        <!--css div popup start-->
                        <button>
                            <a class="popup_link" onfocus='this.blur();'
                               href="javascript:showTestDetail('div_ft16.1')" style="color:#660066;">
                                ERROR
                            </a></button>
                        <div id='div_ft16.1' class="popup_window">
                            <div style='text-align: right; color:red;cursor:pointer'>
                                <a onfocus='this.blur();'
                                   onclick="document.getElementById('div_ft16.1').style.display = 'none'; "
                                   style="color:red;">
                                    [x]</a>
                            </div>
                            <pre>2023-08-08 14:25:05.728133 : https://exim.stg.dtweb.cz/
</pre>
                            <pre style="color: red;">Traceback (most recent call last):
  File "C:\Users\KADOUN\Desktop\Automatization_Project_Master_QA\EW_Automation_Local_Deploy_PyCharm\SRL_results_comparer.py", line 64, in test_SRL_number_of_results_comparer
    list_SRL_number_of_results(self.driver, URL, URL_public_prod, URL_SRLs_list_EW)
  File "C:\Users\KADOUN\Desktop\Automatization_Project_Master_QA\compare_SRL_results_DEV_vs_PROD.py", line 61, in list_SRL_number_of_results
    acceptConsent(driver)
  File "C:\Users\KADOUN\Desktop\Automatization_Project_Master_QA\FW_Automation_Local_Deploy_PyCharm\to_import.py", line 111, in acceptConsent
    element = driver.execute_script(
  File "C:\Users\KADOUN\AppData\Roaming\Python\Python38\site-packages\selenium\webdriver\remote\webdriver.py", line 634, in execute_script
    return self.execute(command, {
  File "C:\Users\KADOUN\AppData\Roaming\Python\Python38\site-packages\selenium\webdriver\remote\webdriver.py", line 321, in execute
    self.error_handler.check_response(response)
  File "C:\Users\KADOUN\AppData\Roaming\Python\Python38\site-packages\selenium\webdriver\remote\errorhandler.py", line 242, in check_response
    raise exception_class(message, screen, stacktrace)
selenium.common.exceptions.JavascriptException: Message: javascript error: Cannot read properties of null (reading 'shadowRoot')
  (Session info: chrome=115.0.5790.170)

</pre>
                        </div>
                        <!--css div popup end-->
                    </div>
                </td>
            </tr>
            
        

        <tr id='total_row'>
            <td>Total</td>
            <td>36</td>
            <td>10</td>
            <td>1</td>
            <td>25</td>
            <td>&nbsp;</td>
        </tr>
    </table>
</div>
<br><br>
<div id='ending'><b>Time Elapsed: </b>0:14:13.153569</div>
</body>
</html>