<!DOCTYPE html>
<html>
<head>
    <title>EXIM ||| https://exim.web11.dtweb.cz/</title>
    <meta name="generator" content="HTMLTestRunner 1.0.17"/>
    <meta http-equiv="Content-Type" content="text/html; charset=UTF-8"/>
    <link rel="stylesheet" href="stylesheet.css">
    <script src="script.js"></script>
    <style>
        
    </style>
    <script>
        
    </script>
</head>
<body>
<div class='heading'>
    <h1 style="margin-left:1ex;">EXIM ||| https://exim.web11.dtweb.cz/</h1>
    
    <p class='attribute'><strong>Start Time : </strong> 2023-10-24 14:56:34</p>
    
    <p class='attribute'><strong>Duration : </strong> 0:07:48.984458</p>
    
    <p class='attribute'><strong>Status : </strong> Pass 4 Failure 1 Error 31</p>
    
    <p class='attribute'><strong>Descrition : </strong> EXIM WEB Suite Report Version : hotifx</p>
    
    <p class='attribute'><strong>Tested By : </strong> Unknown</p>
    
</div>
<div>
    <p id='show_detail_line'><b>Show</b>
        <button><a href='javascript:showCase(0)' style="color:#660066;">Summary</a></button>
        <button><a href='javascript:showCase(1)' style="color:#660066;">Failed</a></button>
        <button><a href='javascript:showCase(2)' style="color:#660066;">Passed</a></button>
        <button><a href='javascript:showCase(3)' style="color:#660066;">All</a></button>
    </p>
    <table id='result_table'>
        <colgroup>
            <col align='left'/>
            <col align='right'/>
            <col align='right'/>
            <col align='right'/>
            <col align='right'/>
            <col align='right'/>
        </colgroup>
        <tr id='header_row'>
            <td>Test Group/Test case</td>
            <td>Count</td>
            <td>Pass</td>
            <td>Fail</td>
            <td>Error</td>
            <td>View</td>
        </tr>
        
        <tr class='passClass' style="font-weight:bold;color:white;">
            <td><a href="javascript:showClassDetail('c1','1')">EW_Automation_Local_Deploy_PyCharm.CovidInfo_D.TestCovidInfo_D</a></td>
            <td>1</td>
            <td>1</td>
            <td>0</td>
            <td>0</td>
            <td>
                <button><a href="javascript:showClassDetail('c1','1')"
                           style="color:#660066;">Detail</a></button>
            </td>
        </tr>
            
            <tr id="pt1.1" class='hiddenRow'>
                <td class='passCase'>
                    <div class='testcase'>
                        <a class="popup_link" onfocus='this.blur();'
                           href="javascript:showTestDetail('div_pt1.1')">test_covidInfo_D</a>
                    </div>
                </td>
                <td colspan='5' align='center'>
                    <div>
                        <!--css div popup start-->
                        <button>
                            <a class="popup_link" onfocus='this.blur();'
                               href="javascript:showTestDetail('div_pt1.1')" style="color:#660066;">
                                PASS
                            </a></button>
                        <div id='div_pt1.1' class="popup_window">
                            <div style='text-align: right; color:red;cursor:pointer'>
                                <a onfocus='this.blur();'
                                   onclick="document.getElementById('div_pt1.1').style.display = 'none'; "
                                   style="color:red;">
                                    [x]</a>
                            </div>
                            <pre>2023-10-24 14:56:41.849276 : <selenium.webdriver.remote.webelement.WebElement (session="be7ddb5c297326c875af2ee361bcf871", element="DF6599292C82111A7315B3B471F123A0_element_277")>
2023-10-24 14:56:43.053455 : gridy jdou videt
2023-10-24 14:56:43.067961 : gridy jdou videt
2023-10-24 14:56:43.067961 : gridy jdou videt
2023-10-24 14:56:43.083587 : gridy jdou videt
2023-10-24 14:56:43.083587 : gridy jdou videt
2023-10-24 14:56:43.100826 : gridy jdou videt
2023-10-24 14:56:43.100826 : gridy jdou videt
2023-10-24 14:56:43.116448 : gridy jdou videt
2023-10-24 14:56:43.130458 : gridy jdou videt
2023-10-24 14:56:43.130458 : gridy jdou videt
2023-10-24 14:56:43.146084 : gridy jdou videt
2023-10-24 14:56:43.146084 : gridy jdou videt
2023-10-24 14:56:43.161591 : gridy jdou videt
2023-10-24 14:56:43.177218 : gridy jdou videt
2023-10-24 14:56:43.177218 : gridy jdou videt
2023-10-24 14:56:43.192752 : gridy jdou videt
2023-10-24 14:56:43.210605 : gridy jdou videt
2023-10-24 14:56:43.210605 : gridy jdou videt
2023-10-24 14:56:43.224124 : gridy jdou videt
2023-10-24 14:56:43.239750 : gridy jdou videt
2023-10-24 14:56:43.239750 : gridy jdou videt
2023-10-24 14:56:43.261829 : gridy jdou videt
2023-10-24 14:56:43.273359 : gridy jdou videt
2023-10-24 14:56:43.282476 : gridy jdou videt
2023-10-24 14:56:43.294068 : gridy jdou videt
2023-10-24 14:56:43.303985 : gridy jdou videt
2023-10-24 14:56:43.313500 : gridy jdou videt
2023-10-24 14:56:43.323414 : gridy jdou videt
2023-10-24 14:56:43.333583 : gridy jdou videt
2023-10-24 14:56:43.334628 : gridy jdou videt
2023-10-24 14:56:43.349133 : gridy jdou videt
2023-10-24 14:56:43.349133 : gridy jdou videt
2023-10-24 14:56:43.364758 : gridy jdou videt
2023-10-24 14:56:43.380268 : gridy jdou videt
2023-10-24 14:56:43.380268 : gridy jdou videt
2023-10-24 14:56:43.443086 : content jdou videt
2023-10-24 14:56:43.443086 : content jdou videt
2023-10-24 14:56:43.458712 : content jdou videt
2023-10-24 14:56:43.474222 : content jdou videt
2023-10-24 14:56:43.474222 : content jdou videt
2023-10-24 14:56:43.489849 : content jdou videt
2023-10-24 14:56:43.489849 : content jdou videt
2023-10-24 14:56:43.505358 : content jdou videt
2023-10-24 14:56:43.522160 : content jdou videt
2023-10-24 14:56:43.522160 : content jdou videt
2023-10-24 14:56:43.536664 : content jdou videt
2023-10-24 14:56:43.552290 : content jdou videt
2023-10-24 14:56:43.567800 : content jdou videt
2023-10-24 14:56:43.614565 : content jdou videt
2023-10-24 14:56:43.677296 : content jdou videt
2023-10-24 14:56:43.708658 : content jdou videt
2023-10-24 14:56:43.724169 : content jdou videt
2023-10-24 14:56:43.772563 : content jdou videt
2023-10-24 14:56:43.817712 : content jdou videt
2023-10-24 14:56:43.889179 : content jdou videt
2023-10-24 14:56:43.911809 : content jdou videt
2023-10-24 14:56:43.927436 : content jdou videt
2023-10-24 14:56:43.942945 : content jdou videt
2023-10-24 14:56:43.958573 : content jdou videt
2023-10-24 14:56:43.974083 : content jdou videt
2023-10-24 14:56:43.989710 : content jdou videt
2023-10-24 14:56:43.994778 : content jdou videt
2023-10-24 14:56:44.005283 : content jdou videt
2023-10-24 14:56:44.005283 : content jdou videt
2023-10-24 14:56:44.020910 : content jdou videt
2023-10-24 14:56:44.036419 : content jdou videt
2023-10-24 14:56:44.036419 : content jdou videt
2023-10-24 14:56:44.052047 : content jdou videt
2023-10-24 14:56:44.067669 : content jdou videt
2023-10-24 14:56:44.083291 : content jdou videt
2023-10-24 14:56:44.083291 : https://exim.web11.dtweb.cz/covid-info
</pre>
                            <pre style="color: red;"></pre>
                        </div>
                        <!--css div popup end-->
                    </div>
                </td>
            </tr>
            
        
        <tr class='errorClass' style="font-weight:bold;color:white;">
            <td><a href="javascript:showClassDetail('c2','1')">EW_Automation_Local_Deploy_PyCharm.Detail_D.TestDetailHotelu_D</a></td>
            <td>1</td>
            <td>0</td>
            <td>0</td>
            <td>1</td>
            <td>
                <button><a href="javascript:showClassDetail('c2','1')"
                           style="color:#660066;">Detail</a></button>
            </td>
        </tr>
            
            <tr id="ft2.1" class='none'>
                <td class='errorCase'>
                    <div class='testcase'>
                        <a class="popup_link" onfocus='this.blur();'
                           href="javascript:showTestDetail('div_ft2.1')">test_detail_D</a>
                    </div>
                </td>
                <td colspan='5' align='center'>
                    <div>
                        <!--css div popup start-->
                        <button>
                            <a class="popup_link" onfocus='this.blur();'
                               href="javascript:showTestDetail('div_ft2.1')" style="color:#660066;">
                                ERROR
                            </a></button>
                        <div id='div_ft2.1' class="popup_window">
                            <div style='text-align: right; color:red;cursor:pointer'>
                                <a onfocus='this.blur();'
                                   onclick="document.getElementById('div_ft2.1').style.display = 'none'; "
                                   style="color:red;">
                                    [x]</a>
                            </div>
                            <pre></pre>
                            <pre style="color: red;">Traceback (most recent call last):
  File "C:\Users\KADOUN\AppData\Roaming\Python\Python38\site-packages\webdriver_manager\core\file_manager.py", line 65, in __extract_zip
    archive.extractall(to_directory)
  File "C:\Users\KADOUN\AppData\Local\Programs\Python\Python38\lib\zipfile.py", line 1647, in extractall
    self._extract_member(zipinfo, path, pwd)
  File "C:\Users\KADOUN\AppData\Local\Programs\Python\Python38\lib\zipfile.py", line 1701, in _extract_member
    open(targetpath, "wb") as target:
PermissionError: [Errno 13] Permission denied: 'C:\\Users\\KADOUN\\.wdm\\drivers\\chromedriver\\win64\\118.0.5993.89\\chromedriver-win32\\chromedriver.exe'

During handling of the above exception, another exception occurred:

Traceback (most recent call last):
  File "C:\Users\KADOUN\Desktop\Automatization_Project_Master_QA\EW_Automation_Local_Deploy_PyCharm\Detail_D.py", line 29, in setUp
    setUp(self)
  File "C:\Users\KADOUN\Desktop\Automatization_Project_Master_QA\EW_Automation_Local_Deploy_PyCharm\to_import.py", line 34, in setUp
    self.driver = webdriver.Chrome(ChromeDriverManager().install())
  File "C:\Users\KADOUN\AppData\Roaming\Python\Python38\site-packages\webdriver_manager\chrome.py", line 40, in install
    driver_path = self._get_driver_binary_path(self.driver)
  File "C:\Users\KADOUN\AppData\Roaming\Python\Python38\site-packages\webdriver_manager\core\manager.py", line 41, in _get_driver_binary_path
    binary_path = self._cache_manager.save_file_to_cache(driver, file)
  File "C:\Users\KADOUN\AppData\Roaming\Python\Python38\site-packages\webdriver_manager\core\driver_cache.py", line 54, in save_file_to_cache
    files = self.unpack_archive(archive, path)
  File "C:\Users\KADOUN\AppData\Roaming\Python\Python38\site-packages\webdriver_manager\core\driver_cache.py", line 49, in unpack_archive
    return self._file_manager.unpack_archive(archive, path)
  File "C:\Users\KADOUN\AppData\Roaming\Python\Python38\site-packages\webdriver_manager\core\file_manager.py", line 57, in unpack_archive
    return self.__extract_zip(archive_file, target_dir)
  File "C:\Users\KADOUN\AppData\Roaming\Python\Python38\site-packages\webdriver_manager\core\file_manager.py", line 81, in __extract_zip
    os.replace(source, destination)
PermissionError: [WinError 5] Access is denied: 'C:\\Users\\KADOUN\\.wdm\\drivers\\chromedriver\\win64\\118.0.5993.89\\chromedriver-win32\\chromedriver.exe' -> 'C:\\Users\\KADOUN\\.wdm\\drivers\\chromedriver\\win64\\118.0.5993.89\\chromedriver.exe'
</pre>
                        </div>
                        <!--css div popup end-->
                    </div>
                </td>
            </tr>
            
        
        <tr class='errorClass' style="font-weight:bold;color:white;">
            <td><a href="javascript:showClassDetail('c3','5')">EW_Automation_Local_Deploy_PyCharm.Detail_C.TestDetailHotelu_C</a></td>
            <td>5</td>
            <td>0</td>
            <td>0</td>
            <td>5</td>
            <td>
                <button><a href="javascript:showClassDetail('c3','5')"
                           style="color:#660066;">Detail</a></button>
            </td>
        </tr>
            
            <tr id="ft3.1" class='none'>
                <td class='errorCase'>
                    <div class='testcase'>
                        <a class="popup_link" onfocus='this.blur();'
                           href="javascript:showTestDetail('div_ft3.1')">test_detail_fotka</a>
                    </div>
                </td>
                <td colspan='5' align='center'>
                    <div>
                        <!--css div popup start-->
                        <button>
                            <a class="popup_link" onfocus='this.blur();'
                               href="javascript:showTestDetail('div_ft3.1')" style="color:#660066;">
                                ERROR
                            </a></button>
                        <div id='div_ft3.1' class="popup_window">
                            <div style='text-align: right; color:red;cursor:pointer'>
                                <a onfocus='this.blur();'
                                   onclick="document.getElementById('div_ft3.1').style.display = 'none'; "
                                   style="color:red;">
                                    [x]</a>
                            </div>
                            <pre></pre>
                            <pre style="color: red;">Traceback (most recent call last):
  File "C:\Users\KADOUN\AppData\Roaming\Python\Python38\site-packages\webdriver_manager\core\file_manager.py", line 65, in __extract_zip
    archive.extractall(to_directory)
  File "C:\Users\KADOUN\AppData\Local\Programs\Python\Python38\lib\zipfile.py", line 1647, in extractall
    self._extract_member(zipinfo, path, pwd)
  File "C:\Users\KADOUN\AppData\Local\Programs\Python\Python38\lib\zipfile.py", line 1701, in _extract_member
    open(targetpath, "wb") as target:
PermissionError: [Errno 13] Permission denied: 'C:\\Users\\KADOUN\\.wdm\\drivers\\chromedriver\\win64\\118.0.5993.89\\chromedriver-win32\\chromedriver.exe'

During handling of the above exception, another exception occurred:

Traceback (most recent call last):
  File "C:\Users\KADOUN\Desktop\Automatization_Project_Master_QA\EW_Automation_Local_Deploy_PyCharm\Detail_C.py", line 36, in setUp
    setUp(self)
  File "C:\Users\KADOUN\Desktop\Automatization_Project_Master_QA\EW_Automation_Local_Deploy_PyCharm\to_import.py", line 34, in setUp
    self.driver = webdriver.Chrome(ChromeDriverManager().install())
  File "C:\Users\KADOUN\AppData\Roaming\Python\Python38\site-packages\webdriver_manager\chrome.py", line 40, in install
    driver_path = self._get_driver_binary_path(self.driver)
  File "C:\Users\KADOUN\AppData\Roaming\Python\Python38\site-packages\webdriver_manager\core\manager.py", line 41, in _get_driver_binary_path
    binary_path = self._cache_manager.save_file_to_cache(driver, file)
  File "C:\Users\KADOUN\AppData\Roaming\Python\Python38\site-packages\webdriver_manager\core\driver_cache.py", line 54, in save_file_to_cache
    files = self.unpack_archive(archive, path)
  File "C:\Users\KADOUN\AppData\Roaming\Python\Python38\site-packages\webdriver_manager\core\driver_cache.py", line 49, in unpack_archive
    return self._file_manager.unpack_archive(archive, path)
  File "C:\Users\KADOUN\AppData\Roaming\Python\Python38\site-packages\webdriver_manager\core\file_manager.py", line 57, in unpack_archive
    return self.__extract_zip(archive_file, target_dir)
  File "C:\Users\KADOUN\AppData\Roaming\Python\Python38\site-packages\webdriver_manager\core\file_manager.py", line 81, in __extract_zip
    os.replace(source, destination)
PermissionError: [WinError 5] Access is denied: 'C:\\Users\\KADOUN\\.wdm\\drivers\\chromedriver\\win64\\118.0.5993.89\\chromedriver-win32\\chromedriver.exe' -> 'C:\\Users\\KADOUN\\.wdm\\drivers\\chromedriver\\win64\\118.0.5993.89\\chromedriver.exe'
</pre>
                        </div>
                        <!--css div popup end-->
                    </div>
                </td>
            </tr>
            
            <tr id="ft3.2" class='none'>
                <td class='errorCase'>
                    <div class='testcase'>
                        <a class="popup_link" onfocus='this.blur();'
                           href="javascript:showTestDetail('div_ft3.2')">test_detail_terminy_filtr_meal</a>
                    </div>
                </td>
                <td colspan='5' align='center'>
                    <div>
                        <!--css div popup start-->
                        <button>
                            <a class="popup_link" onfocus='this.blur();'
                               href="javascript:showTestDetail('div_ft3.2')" style="color:#660066;">
                                ERROR
                            </a></button>
                        <div id='div_ft3.2' class="popup_window">
                            <div style='text-align: right; color:red;cursor:pointer'>
                                <a onfocus='this.blur();'
                                   onclick="document.getElementById('div_ft3.2').style.display = 'none'; "
                                   style="color:red;">
                                    [x]</a>
                            </div>
                            <pre></pre>
                            <pre style="color: red;">Traceback (most recent call last):
  File "C:\Users\KADOUN\AppData\Roaming\Python\Python38\site-packages\webdriver_manager\core\file_manager.py", line 65, in __extract_zip
    archive.extractall(to_directory)
  File "C:\Users\KADOUN\AppData\Local\Programs\Python\Python38\lib\zipfile.py", line 1647, in extractall
    self._extract_member(zipinfo, path, pwd)
  File "C:\Users\KADOUN\AppData\Local\Programs\Python\Python38\lib\zipfile.py", line 1701, in _extract_member
    open(targetpath, "wb") as target:
PermissionError: [Errno 13] Permission denied: 'C:\\Users\\KADOUN\\.wdm\\drivers\\chromedriver\\win64\\118.0.5993.89\\chromedriver-win32\\chromedriver.exe'

During handling of the above exception, another exception occurred:

Traceback (most recent call last):
  File "C:\Users\KADOUN\Desktop\Automatization_Project_Master_QA\EW_Automation_Local_Deploy_PyCharm\Detail_C.py", line 36, in setUp
    setUp(self)
  File "C:\Users\KADOUN\Desktop\Automatization_Project_Master_QA\EW_Automation_Local_Deploy_PyCharm\to_import.py", line 34, in setUp
    self.driver = webdriver.Chrome(ChromeDriverManager().install())
  File "C:\Users\KADOUN\AppData\Roaming\Python\Python38\site-packages\webdriver_manager\chrome.py", line 40, in install
    driver_path = self._get_driver_binary_path(self.driver)
  File "C:\Users\KADOUN\AppData\Roaming\Python\Python38\site-packages\webdriver_manager\core\manager.py", line 41, in _get_driver_binary_path
    binary_path = self._cache_manager.save_file_to_cache(driver, file)
  File "C:\Users\KADOUN\AppData\Roaming\Python\Python38\site-packages\webdriver_manager\core\driver_cache.py", line 54, in save_file_to_cache
    files = self.unpack_archive(archive, path)
  File "C:\Users\KADOUN\AppData\Roaming\Python\Python38\site-packages\webdriver_manager\core\driver_cache.py", line 49, in unpack_archive
    return self._file_manager.unpack_archive(archive, path)
  File "C:\Users\KADOUN\AppData\Roaming\Python\Python38\site-packages\webdriver_manager\core\file_manager.py", line 57, in unpack_archive
    return self.__extract_zip(archive_file, target_dir)
  File "C:\Users\KADOUN\AppData\Roaming\Python\Python38\site-packages\webdriver_manager\core\file_manager.py", line 81, in __extract_zip
    os.replace(source, destination)
PermissionError: [WinError 5] Access is denied: 'C:\\Users\\KADOUN\\.wdm\\drivers\\chromedriver\\win64\\118.0.5993.89\\chromedriver-win32\\chromedriver.exe' -> 'C:\\Users\\KADOUN\\.wdm\\drivers\\chromedriver\\win64\\118.0.5993.89\\chromedriver.exe'
</pre>
                        </div>
                        <!--css div popup end-->
                    </div>
                </td>
            </tr>
            
            <tr id="ft3.3" class='none'>
                <td class='errorCase'>
                    <div class='testcase'>
                        <a class="popup_link" onfocus='this.blur();'
                           href="javascript:showTestDetail('div_ft3.3')">test_detail_terminy_filtr_airport</a>
                    </div>
                </td>
                <td colspan='5' align='center'>
                    <div>
                        <!--css div popup start-->
                        <button>
                            <a class="popup_link" onfocus='this.blur();'
                               href="javascript:showTestDetail('div_ft3.3')" style="color:#660066;">
                                ERROR
                            </a></button>
                        <div id='div_ft3.3' class="popup_window">
                            <div style='text-align: right; color:red;cursor:pointer'>
                                <a onfocus='this.blur();'
                                   onclick="document.getElementById('div_ft3.3').style.display = 'none'; "
                                   style="color:red;">
                                    [x]</a>
                            </div>
                            <pre></pre>
                            <pre style="color: red;">Traceback (most recent call last):
  File "C:\Users\KADOUN\AppData\Roaming\Python\Python38\site-packages\webdriver_manager\core\file_manager.py", line 65, in __extract_zip
    archive.extractall(to_directory)
  File "C:\Users\KADOUN\AppData\Local\Programs\Python\Python38\lib\zipfile.py", line 1647, in extractall
    self._extract_member(zipinfo, path, pwd)
  File "C:\Users\KADOUN\AppData\Local\Programs\Python\Python38\lib\zipfile.py", line 1701, in _extract_member
    open(targetpath, "wb") as target:
PermissionError: [Errno 13] Permission denied: 'C:\\Users\\KADOUN\\.wdm\\drivers\\chromedriver\\win64\\118.0.5993.89\\chromedriver-win32\\chromedriver.exe'

During handling of the above exception, another exception occurred:

Traceback (most recent call last):
  File "C:\Users\KADOUN\Desktop\Automatization_Project_Master_QA\EW_Automation_Local_Deploy_PyCharm\Detail_C.py", line 36, in setUp
    setUp(self)
  File "C:\Users\KADOUN\Desktop\Automatization_Project_Master_QA\EW_Automation_Local_Deploy_PyCharm\to_import.py", line 34, in setUp
    self.driver = webdriver.Chrome(ChromeDriverManager().install())
  File "C:\Users\KADOUN\AppData\Roaming\Python\Python38\site-packages\webdriver_manager\chrome.py", line 40, in install
    driver_path = self._get_driver_binary_path(self.driver)
  File "C:\Users\KADOUN\AppData\Roaming\Python\Python38\site-packages\webdriver_manager\core\manager.py", line 41, in _get_driver_binary_path
    binary_path = self._cache_manager.save_file_to_cache(driver, file)
  File "C:\Users\KADOUN\AppData\Roaming\Python\Python38\site-packages\webdriver_manager\core\driver_cache.py", line 54, in save_file_to_cache
    files = self.unpack_archive(archive, path)
  File "C:\Users\KADOUN\AppData\Roaming\Python\Python38\site-packages\webdriver_manager\core\driver_cache.py", line 49, in unpack_archive
    return self._file_manager.unpack_archive(archive, path)
  File "C:\Users\KADOUN\AppData\Roaming\Python\Python38\site-packages\webdriver_manager\core\file_manager.py", line 57, in unpack_archive
    return self.__extract_zip(archive_file, target_dir)
  File "C:\Users\KADOUN\AppData\Roaming\Python\Python38\site-packages\webdriver_manager\core\file_manager.py", line 81, in __extract_zip
    os.replace(source, destination)
PermissionError: [WinError 5] Access is denied: 'C:\\Users\\KADOUN\\.wdm\\drivers\\chromedriver\\win64\\118.0.5993.89\\chromedriver-win32\\chromedriver.exe' -> 'C:\\Users\\KADOUN\\.wdm\\drivers\\chromedriver\\win64\\118.0.5993.89\\chromedriver.exe'
</pre>
                        </div>
                        <!--css div popup end-->
                    </div>
                </td>
            </tr>
            
            <tr id="ft3.4" class='none'>
                <td class='errorCase'>
                    <div class='testcase'>
                        <a class="popup_link" onfocus='this.blur();'
                           href="javascript:showTestDetail('div_ft3.4')">test_detail_price_sorter_terminy_cheap</a>
                    </div>
                </td>
                <td colspan='5' align='center'>
                    <div>
                        <!--css div popup start-->
                        <button>
                            <a class="popup_link" onfocus='this.blur();'
                               href="javascript:showTestDetail('div_ft3.4')" style="color:#660066;">
                                ERROR
                            </a></button>
                        <div id='div_ft3.4' class="popup_window">
                            <div style='text-align: right; color:red;cursor:pointer'>
                                <a onfocus='this.blur();'
                                   onclick="document.getElementById('div_ft3.4').style.display = 'none'; "
                                   style="color:red;">
                                    [x]</a>
                            </div>
                            <pre></pre>
                            <pre style="color: red;">Traceback (most recent call last):
  File "C:\Users\KADOUN\AppData\Roaming\Python\Python38\site-packages\webdriver_manager\core\file_manager.py", line 65, in __extract_zip
    archive.extractall(to_directory)
  File "C:\Users\KADOUN\AppData\Local\Programs\Python\Python38\lib\zipfile.py", line 1647, in extractall
    self._extract_member(zipinfo, path, pwd)
  File "C:\Users\KADOUN\AppData\Local\Programs\Python\Python38\lib\zipfile.py", line 1701, in _extract_member
    open(targetpath, "wb") as target:
PermissionError: [Errno 13] Permission denied: 'C:\\Users\\KADOUN\\.wdm\\drivers\\chromedriver\\win64\\118.0.5993.89\\chromedriver-win32\\chromedriver.exe'

During handling of the above exception, another exception occurred:

Traceback (most recent call last):
  File "C:\Users\KADOUN\Desktop\Automatization_Project_Master_QA\EW_Automation_Local_Deploy_PyCharm\Detail_C.py", line 36, in setUp
    setUp(self)
  File "C:\Users\KADOUN\Desktop\Automatization_Project_Master_QA\EW_Automation_Local_Deploy_PyCharm\to_import.py", line 34, in setUp
    self.driver = webdriver.Chrome(ChromeDriverManager().install())
  File "C:\Users\KADOUN\AppData\Roaming\Python\Python38\site-packages\webdriver_manager\chrome.py", line 40, in install
    driver_path = self._get_driver_binary_path(self.driver)
  File "C:\Users\KADOUN\AppData\Roaming\Python\Python38\site-packages\webdriver_manager\core\manager.py", line 41, in _get_driver_binary_path
    binary_path = self._cache_manager.save_file_to_cache(driver, file)
  File "C:\Users\KADOUN\AppData\Roaming\Python\Python38\site-packages\webdriver_manager\core\driver_cache.py", line 54, in save_file_to_cache
    files = self.unpack_archive(archive, path)
  File "C:\Users\KADOUN\AppData\Roaming\Python\Python38\site-packages\webdriver_manager\core\driver_cache.py", line 49, in unpack_archive
    return self._file_manager.unpack_archive(archive, path)
  File "C:\Users\KADOUN\AppData\Roaming\Python\Python38\site-packages\webdriver_manager\core\file_manager.py", line 57, in unpack_archive
    return self.__extract_zip(archive_file, target_dir)
  File "C:\Users\KADOUN\AppData\Roaming\Python\Python38\site-packages\webdriver_manager\core\file_manager.py", line 81, in __extract_zip
    os.replace(source, destination)
PermissionError: [WinError 5] Access is denied: 'C:\\Users\\KADOUN\\.wdm\\drivers\\chromedriver\\win64\\118.0.5993.89\\chromedriver-win32\\chromedriver.exe' -> 'C:\\Users\\KADOUN\\.wdm\\drivers\\chromedriver\\win64\\118.0.5993.89\\chromedriver.exe'
</pre>
                        </div>
                        <!--css div popup end-->
                    </div>
                </td>
            </tr>
            
            <tr id="ft3.5" class='none'>
                <td class='errorCase'>
                    <div class='testcase'>
                        <a class="popup_link" onfocus='this.blur();'
                           href="javascript:showTestDetail('div_ft3.5')">test_detail_price_sorter_terminy_expensive</a>
                    </div>
                </td>
                <td colspan='5' align='center'>
                    <div>
                        <!--css div popup start-->
                        <button>
                            <a class="popup_link" onfocus='this.blur();'
                               href="javascript:showTestDetail('div_ft3.5')" style="color:#660066;">
                                ERROR
                            </a></button>
                        <div id='div_ft3.5' class="popup_window">
                            <div style='text-align: right; color:red;cursor:pointer'>
                                <a onfocus='this.blur();'
                                   onclick="document.getElementById('div_ft3.5').style.display = 'none'; "
                                   style="color:red;">
                                    [x]</a>
                            </div>
                            <pre></pre>
                            <pre style="color: red;">Traceback (most recent call last):
  File "C:\Users\KADOUN\AppData\Roaming\Python\Python38\site-packages\webdriver_manager\core\file_manager.py", line 65, in __extract_zip
    archive.extractall(to_directory)
  File "C:\Users\KADOUN\AppData\Local\Programs\Python\Python38\lib\zipfile.py", line 1647, in extractall
    self._extract_member(zipinfo, path, pwd)
  File "C:\Users\KADOUN\AppData\Local\Programs\Python\Python38\lib\zipfile.py", line 1701, in _extract_member
    open(targetpath, "wb") as target:
PermissionError: [Errno 13] Permission denied: 'C:\\Users\\KADOUN\\.wdm\\drivers\\chromedriver\\win64\\118.0.5993.89\\chromedriver-win32\\chromedriver.exe'

During handling of the above exception, another exception occurred:

Traceback (most recent call last):
  File "C:\Users\KADOUN\Desktop\Automatization_Project_Master_QA\EW_Automation_Local_Deploy_PyCharm\Detail_C.py", line 36, in setUp
    setUp(self)
  File "C:\Users\KADOUN\Desktop\Automatization_Project_Master_QA\EW_Automation_Local_Deploy_PyCharm\to_import.py", line 34, in setUp
    self.driver = webdriver.Chrome(ChromeDriverManager().install())
  File "C:\Users\KADOUN\AppData\Roaming\Python\Python38\site-packages\webdriver_manager\chrome.py", line 40, in install
    driver_path = self._get_driver_binary_path(self.driver)
  File "C:\Users\KADOUN\AppData\Roaming\Python\Python38\site-packages\webdriver_manager\core\manager.py", line 41, in _get_driver_binary_path
    binary_path = self._cache_manager.save_file_to_cache(driver, file)
  File "C:\Users\KADOUN\AppData\Roaming\Python\Python38\site-packages\webdriver_manager\core\driver_cache.py", line 54, in save_file_to_cache
    files = self.unpack_archive(archive, path)
  File "C:\Users\KADOUN\AppData\Roaming\Python\Python38\site-packages\webdriver_manager\core\driver_cache.py", line 49, in unpack_archive
    return self._file_manager.unpack_archive(archive, path)
  File "C:\Users\KADOUN\AppData\Roaming\Python\Python38\site-packages\webdriver_manager\core\file_manager.py", line 57, in unpack_archive
    return self.__extract_zip(archive_file, target_dir)
  File "C:\Users\KADOUN\AppData\Roaming\Python\Python38\site-packages\webdriver_manager\core\file_manager.py", line 81, in __extract_zip
    os.replace(source, destination)
PermissionError: [WinError 5] Access is denied: 'C:\\Users\\KADOUN\\.wdm\\drivers\\chromedriver\\win64\\118.0.5993.89\\chromedriver-win32\\chromedriver.exe' -> 'C:\\Users\\KADOUN\\.wdm\\drivers\\chromedriver\\win64\\118.0.5993.89\\chromedriver.exe'
</pre>
                        </div>
                        <!--css div popup end-->
                    </div>
                </td>
            </tr>
            
        
        <tr class='errorClass' style="font-weight:bold;color:white;">
            <td><a href="javascript:showClassDetail('c4','1')">EW_Automation_Local_Deploy_PyCharm.DetskeKluby_D.TestDetskeKluby_D</a></td>
            <td>1</td>
            <td>0</td>
            <td>0</td>
            <td>1</td>
            <td>
                <button><a href="javascript:showClassDetail('c4','1')"
                           style="color:#660066;">Detail</a></button>
            </td>
        </tr>
            
            <tr id="ft4.1" class='none'>
                <td class='errorCase'>
                    <div class='testcase'>
                        <a class="popup_link" onfocus='this.blur();'
                           href="javascript:showTestDetail('div_ft4.1')">test_kluby_D</a>
                    </div>
                </td>
                <td colspan='5' align='center'>
                    <div>
                        <!--css div popup start-->
                        <button>
                            <a class="popup_link" onfocus='this.blur();'
                               href="javascript:showTestDetail('div_ft4.1')" style="color:#660066;">
                                ERROR
                            </a></button>
                        <div id='div_ft4.1' class="popup_window">
                            <div style='text-align: right; color:red;cursor:pointer'>
                                <a onfocus='this.blur();'
                                   onclick="document.getElementById('div_ft4.1').style.display = 'none'; "
                                   style="color:red;">
                                    [x]</a>
                            </div>
                            <pre></pre>
                            <pre style="color: red;">Traceback (most recent call last):
  File "C:\Users\KADOUN\AppData\Roaming\Python\Python38\site-packages\webdriver_manager\core\file_manager.py", line 65, in __extract_zip
    archive.extractall(to_directory)
  File "C:\Users\KADOUN\AppData\Local\Programs\Python\Python38\lib\zipfile.py", line 1647, in extractall
    self._extract_member(zipinfo, path, pwd)
  File "C:\Users\KADOUN\AppData\Local\Programs\Python\Python38\lib\zipfile.py", line 1701, in _extract_member
    open(targetpath, "wb") as target:
PermissionError: [Errno 13] Permission denied: 'C:\\Users\\KADOUN\\.wdm\\drivers\\chromedriver\\win64\\118.0.5993.89\\chromedriver-win32\\chromedriver.exe'

During handling of the above exception, another exception occurred:

Traceback (most recent call last):
  File "C:\Users\KADOUN\Desktop\Automatization_Project_Master_QA\EW_Automation_Local_Deploy_PyCharm\DetskeKluby_D.py", line 12, in setUp
    setUp(self)
  File "C:\Users\KADOUN\Desktop\Automatization_Project_Master_QA\EW_Automation_Local_Deploy_PyCharm\to_import.py", line 34, in setUp
    self.driver = webdriver.Chrome(ChromeDriverManager().install())
  File "C:\Users\KADOUN\AppData\Roaming\Python\Python38\site-packages\webdriver_manager\chrome.py", line 40, in install
    driver_path = self._get_driver_binary_path(self.driver)
  File "C:\Users\KADOUN\AppData\Roaming\Python\Python38\site-packages\webdriver_manager\core\manager.py", line 41, in _get_driver_binary_path
    binary_path = self._cache_manager.save_file_to_cache(driver, file)
  File "C:\Users\KADOUN\AppData\Roaming\Python\Python38\site-packages\webdriver_manager\core\driver_cache.py", line 54, in save_file_to_cache
    files = self.unpack_archive(archive, path)
  File "C:\Users\KADOUN\AppData\Roaming\Python\Python38\site-packages\webdriver_manager\core\driver_cache.py", line 49, in unpack_archive
    return self._file_manager.unpack_archive(archive, path)
  File "C:\Users\KADOUN\AppData\Roaming\Python\Python38\site-packages\webdriver_manager\core\file_manager.py", line 57, in unpack_archive
    return self.__extract_zip(archive_file, target_dir)
  File "C:\Users\KADOUN\AppData\Roaming\Python\Python38\site-packages\webdriver_manager\core\file_manager.py", line 81, in __extract_zip
    os.replace(source, destination)
PermissionError: [WinError 5] Access is denied: 'C:\\Users\\KADOUN\\.wdm\\drivers\\chromedriver\\win64\\118.0.5993.89\\chromedriver-win32\\chromedriver.exe' -> 'C:\\Users\\KADOUN\\.wdm\\drivers\\chromedriver\\win64\\118.0.5993.89\\chromedriver.exe'
</pre>
                        </div>
                        <!--css div popup end-->
                    </div>
                </td>
            </tr>
            
        
        <tr class='errorClass' style="font-weight:bold;color:white;">
            <td><a href="javascript:showClassDetail('c5','1')">EW_Automation_Local_Deploy_PyCharm.FM_D.TestFM_D</a></td>
            <td>1</td>
            <td>0</td>
            <td>0</td>
            <td>1</td>
            <td>
                <button><a href="javascript:showClassDetail('c5','1')"
                           style="color:#660066;">Detail</a></button>
            </td>
        </tr>
            
            <tr id="ft5.1" class='none'>
                <td class='errorCase'>
                    <div class='testcase'>
                        <a class="popup_link" onfocus='this.blur();'
                           href="javascript:showTestDetail('div_ft5.1')">test_FM_D</a>
                    </div>
                </td>
                <td colspan='5' align='center'>
                    <div>
                        <!--css div popup start-->
                        <button>
                            <a class="popup_link" onfocus='this.blur();'
                               href="javascript:showTestDetail('div_ft5.1')" style="color:#660066;">
                                ERROR
                            </a></button>
                        <div id='div_ft5.1' class="popup_window">
                            <div style='text-align: right; color:red;cursor:pointer'>
                                <a onfocus='this.blur();'
                                   onclick="document.getElementById('div_ft5.1').style.display = 'none'; "
                                   style="color:red;">
                                    [x]</a>
                            </div>
                            <pre></pre>
                            <pre style="color: red;">Traceback (most recent call last):
  File "C:\Users\KADOUN\AppData\Roaming\Python\Python38\site-packages\webdriver_manager\core\file_manager.py", line 65, in __extract_zip
    archive.extractall(to_directory)
  File "C:\Users\KADOUN\AppData\Local\Programs\Python\Python38\lib\zipfile.py", line 1647, in extractall
    self._extract_member(zipinfo, path, pwd)
  File "C:\Users\KADOUN\AppData\Local\Programs\Python\Python38\lib\zipfile.py", line 1701, in _extract_member
    open(targetpath, "wb") as target:
PermissionError: [Errno 13] Permission denied: 'C:\\Users\\KADOUN\\.wdm\\drivers\\chromedriver\\win64\\118.0.5993.89\\chromedriver-win32\\chromedriver.exe'

During handling of the above exception, another exception occurred:

Traceback (most recent call last):
  File "C:\Users\KADOUN\Desktop\Automatization_Project_Master_QA\EW_Automation_Local_Deploy_PyCharm\FM_D.py", line 13, in setUp
    setUp(self)
  File "C:\Users\KADOUN\Desktop\Automatization_Project_Master_QA\EW_Automation_Local_Deploy_PyCharm\to_import.py", line 34, in setUp
    self.driver = webdriver.Chrome(ChromeDriverManager().install())
  File "C:\Users\KADOUN\AppData\Roaming\Python\Python38\site-packages\webdriver_manager\chrome.py", line 40, in install
    driver_path = self._get_driver_binary_path(self.driver)
  File "C:\Users\KADOUN\AppData\Roaming\Python\Python38\site-packages\webdriver_manager\core\manager.py", line 41, in _get_driver_binary_path
    binary_path = self._cache_manager.save_file_to_cache(driver, file)
  File "C:\Users\KADOUN\AppData\Roaming\Python\Python38\site-packages\webdriver_manager\core\driver_cache.py", line 54, in save_file_to_cache
    files = self.unpack_archive(archive, path)
  File "C:\Users\KADOUN\AppData\Roaming\Python\Python38\site-packages\webdriver_manager\core\driver_cache.py", line 49, in unpack_archive
    return self._file_manager.unpack_archive(archive, path)
  File "C:\Users\KADOUN\AppData\Roaming\Python\Python38\site-packages\webdriver_manager\core\file_manager.py", line 57, in unpack_archive
    return self.__extract_zip(archive_file, target_dir)
  File "C:\Users\KADOUN\AppData\Roaming\Python\Python38\site-packages\webdriver_manager\core\file_manager.py", line 81, in __extract_zip
    os.replace(source, destination)
PermissionError: [WinError 5] Access is denied: 'C:\\Users\\KADOUN\\.wdm\\drivers\\chromedriver\\win64\\118.0.5993.89\\chromedriver-win32\\chromedriver.exe' -> 'C:\\Users\\KADOUN\\.wdm\\drivers\\chromedriver\\win64\\118.0.5993.89\\chromedriver.exe'
</pre>
                        </div>
                        <!--css div popup end-->
                    </div>
                </td>
            </tr>
            
        
        <tr class='errorClass' style="font-weight:bold;color:white;">
            <td><a href="javascript:showClassDetail('c6','2')">EW_Automation_Local_Deploy_PyCharm.fulltext_C.Test_Fulltext_C</a></td>
            <td>2</td>
            <td>0</td>
            <td>0</td>
            <td>2</td>
            <td>
                <button><a href="javascript:showClassDetail('c6','2')"
                           style="color:#660066;">Detail</a></button>
            </td>
        </tr>
            
            <tr id="ft6.1" class='none'>
                <td class='errorCase'>
                    <div class='testcase'>
                        <a class="popup_link" onfocus='this.blur();'
                           href="javascript:showTestDetail('div_ft6.1')">test_fulltext_naseptavac</a>
                    </div>
                </td>
                <td colspan='5' align='center'>
                    <div>
                        <!--css div popup start-->
                        <button>
                            <a class="popup_link" onfocus='this.blur();'
                               href="javascript:showTestDetail('div_ft6.1')" style="color:#660066;">
                                ERROR
                            </a></button>
                        <div id='div_ft6.1' class="popup_window">
                            <div style='text-align: right; color:red;cursor:pointer'>
                                <a onfocus='this.blur();'
                                   onclick="document.getElementById('div_ft6.1').style.display = 'none'; "
                                   style="color:red;">
                                    [x]</a>
                            </div>
                            <pre></pre>
                            <pre style="color: red;">Traceback (most recent call last):
  File "C:\Users\KADOUN\AppData\Roaming\Python\Python38\site-packages\webdriver_manager\core\file_manager.py", line 65, in __extract_zip
    archive.extractall(to_directory)
  File "C:\Users\KADOUN\AppData\Local\Programs\Python\Python38\lib\zipfile.py", line 1647, in extractall
    self._extract_member(zipinfo, path, pwd)
  File "C:\Users\KADOUN\AppData\Local\Programs\Python\Python38\lib\zipfile.py", line 1701, in _extract_member
    open(targetpath, "wb") as target:
PermissionError: [Errno 13] Permission denied: 'C:\\Users\\KADOUN\\.wdm\\drivers\\chromedriver\\win64\\118.0.5993.89\\chromedriver-win32\\chromedriver.exe'

During handling of the above exception, another exception occurred:

Traceback (most recent call last):
  File "C:\Users\KADOUN\Desktop\Automatization_Project_Master_QA\EW_Automation_Local_Deploy_PyCharm\fulltext_C.py", line 20, in setUp
    setUp(self)
  File "C:\Users\KADOUN\Desktop\Automatization_Project_Master_QA\EW_Automation_Local_Deploy_PyCharm\to_import.py", line 34, in setUp
    self.driver = webdriver.Chrome(ChromeDriverManager().install())
  File "C:\Users\KADOUN\AppData\Roaming\Python\Python38\site-packages\webdriver_manager\chrome.py", line 40, in install
    driver_path = self._get_driver_binary_path(self.driver)
  File "C:\Users\KADOUN\AppData\Roaming\Python\Python38\site-packages\webdriver_manager\core\manager.py", line 41, in _get_driver_binary_path
    binary_path = self._cache_manager.save_file_to_cache(driver, file)
  File "C:\Users\KADOUN\AppData\Roaming\Python\Python38\site-packages\webdriver_manager\core\driver_cache.py", line 54, in save_file_to_cache
    files = self.unpack_archive(archive, path)
  File "C:\Users\KADOUN\AppData\Roaming\Python\Python38\site-packages\webdriver_manager\core\driver_cache.py", line 49, in unpack_archive
    return self._file_manager.unpack_archive(archive, path)
  File "C:\Users\KADOUN\AppData\Roaming\Python\Python38\site-packages\webdriver_manager\core\file_manager.py", line 57, in unpack_archive
    return self.__extract_zip(archive_file, target_dir)
  File "C:\Users\KADOUN\AppData\Roaming\Python\Python38\site-packages\webdriver_manager\core\file_manager.py", line 81, in __extract_zip
    os.replace(source, destination)
PermissionError: [WinError 5] Access is denied: 'C:\\Users\\KADOUN\\.wdm\\drivers\\chromedriver\\win64\\118.0.5993.89\\chromedriver-win32\\chromedriver.exe' -> 'C:\\Users\\KADOUN\\.wdm\\drivers\\chromedriver\\win64\\118.0.5993.89\\chromedriver.exe'
</pre>
                        </div>
                        <!--css div popup end-->
                    </div>
                </td>
            </tr>
            
            <tr id="ft6.2" class='none'>
                <td class='errorCase'>
                    <div class='testcase'>
                        <a class="popup_link" onfocus='this.blur();'
                           href="javascript:showTestDetail('div_ft6.2')">test_fulltext_results_status_check</a>
                    </div>
                </td>
                <td colspan='5' align='center'>
                    <div>
                        <!--css div popup start-->
                        <button>
                            <a class="popup_link" onfocus='this.blur();'
                               href="javascript:showTestDetail('div_ft6.2')" style="color:#660066;">
                                ERROR
                            </a></button>
                        <div id='div_ft6.2' class="popup_window">
                            <div style='text-align: right; color:red;cursor:pointer'>
                                <a onfocus='this.blur();'
                                   onclick="document.getElementById('div_ft6.2').style.display = 'none'; "
                                   style="color:red;">
                                    [x]</a>
                            </div>
                            <pre></pre>
                            <pre style="color: red;">Traceback (most recent call last):
  File "C:\Users\KADOUN\AppData\Roaming\Python\Python38\site-packages\webdriver_manager\core\file_manager.py", line 65, in __extract_zip
    archive.extractall(to_directory)
  File "C:\Users\KADOUN\AppData\Local\Programs\Python\Python38\lib\zipfile.py", line 1647, in extractall
    self._extract_member(zipinfo, path, pwd)
  File "C:\Users\KADOUN\AppData\Local\Programs\Python\Python38\lib\zipfile.py", line 1701, in _extract_member
    open(targetpath, "wb") as target:
PermissionError: [Errno 13] Permission denied: 'C:\\Users\\KADOUN\\.wdm\\drivers\\chromedriver\\win64\\118.0.5993.89\\chromedriver-win32\\chromedriver.exe'

During handling of the above exception, another exception occurred:

Traceback (most recent call last):
  File "C:\Users\KADOUN\Desktop\Automatization_Project_Master_QA\EW_Automation_Local_Deploy_PyCharm\fulltext_C.py", line 20, in setUp
    setUp(self)
  File "C:\Users\KADOUN\Desktop\Automatization_Project_Master_QA\EW_Automation_Local_Deploy_PyCharm\to_import.py", line 34, in setUp
    self.driver = webdriver.Chrome(ChromeDriverManager().install())
  File "C:\Users\KADOUN\AppData\Roaming\Python\Python38\site-packages\webdriver_manager\chrome.py", line 40, in install
    driver_path = self._get_driver_binary_path(self.driver)
  File "C:\Users\KADOUN\AppData\Roaming\Python\Python38\site-packages\webdriver_manager\core\manager.py", line 41, in _get_driver_binary_path
    binary_path = self._cache_manager.save_file_to_cache(driver, file)
  File "C:\Users\KADOUN\AppData\Roaming\Python\Python38\site-packages\webdriver_manager\core\driver_cache.py", line 54, in save_file_to_cache
    files = self.unpack_archive(archive, path)
  File "C:\Users\KADOUN\AppData\Roaming\Python\Python38\site-packages\webdriver_manager\core\driver_cache.py", line 49, in unpack_archive
    return self._file_manager.unpack_archive(archive, path)
  File "C:\Users\KADOUN\AppData\Roaming\Python\Python38\site-packages\webdriver_manager\core\file_manager.py", line 57, in unpack_archive
    return self.__extract_zip(archive_file, target_dir)
  File "C:\Users\KADOUN\AppData\Roaming\Python\Python38\site-packages\webdriver_manager\core\file_manager.py", line 81, in __extract_zip
    os.replace(source, destination)
PermissionError: [WinError 5] Access is denied: 'C:\\Users\\KADOUN\\.wdm\\drivers\\chromedriver\\win64\\118.0.5993.89\\chromedriver-win32\\chromedriver.exe' -> 'C:\\Users\\KADOUN\\.wdm\\drivers\\chromedriver\\win64\\118.0.5993.89\\chromedriver.exe'
</pre>
                        </div>
                        <!--css div popup end-->
                    </div>
                </td>
            </tr>
            
        
        <tr class='errorClass' style="font-weight:bold;color:white;">
            <td><a href="javascript:showClassDetail('c7','1')">EW_Automation_Local_Deploy_PyCharm.groupsearch_D.Test_Groupsearch_D</a></td>
            <td>1</td>
            <td>0</td>
            <td>0</td>
            <td>1</td>
            <td>
                <button><a href="javascript:showClassDetail('c7','1')"
                           style="color:#660066;">Detail</a></button>
            </td>
        </tr>
            
            <tr id="ft7.1" class='none'>
                <td class='errorCase'>
                    <div class='testcase'>
                        <a class="popup_link" onfocus='this.blur();'
                           href="javascript:showTestDetail('div_ft7.1')">test_groupsearch_D</a>
                    </div>
                </td>
                <td colspan='5' align='center'>
                    <div>
                        <!--css div popup start-->
                        <button>
                            <a class="popup_link" onfocus='this.blur();'
                               href="javascript:showTestDetail('div_ft7.1')" style="color:#660066;">
                                ERROR
                            </a></button>
                        <div id='div_ft7.1' class="popup_window">
                            <div style='text-align: right; color:red;cursor:pointer'>
                                <a onfocus='this.blur();'
                                   onclick="document.getElementById('div_ft7.1').style.display = 'none'; "
                                   style="color:red;">
                                    [x]</a>
                            </div>
                            <pre></pre>
                            <pre style="color: red;">Traceback (most recent call last):
  File "C:\Users\KADOUN\AppData\Roaming\Python\Python38\site-packages\webdriver_manager\core\file_manager.py", line 65, in __extract_zip
    archive.extractall(to_directory)
  File "C:\Users\KADOUN\AppData\Local\Programs\Python\Python38\lib\zipfile.py", line 1647, in extractall
    self._extract_member(zipinfo, path, pwd)
  File "C:\Users\KADOUN\AppData\Local\Programs\Python\Python38\lib\zipfile.py", line 1701, in _extract_member
    open(targetpath, "wb") as target:
PermissionError: [Errno 13] Permission denied: 'C:\\Users\\KADOUN\\.wdm\\drivers\\chromedriver\\win64\\118.0.5993.89\\chromedriver-win32\\chromedriver.exe'

During handling of the above exception, another exception occurred:

Traceback (most recent call last):
  File "C:\Users\KADOUN\Desktop\Automatization_Project_Master_QA\EW_Automation_Local_Deploy_PyCharm\groupsearch_D.py", line 63, in setUp
    setUp(self)
  File "C:\Users\KADOUN\Desktop\Automatization_Project_Master_QA\EW_Automation_Local_Deploy_PyCharm\to_import.py", line 34, in setUp
    self.driver = webdriver.Chrome(ChromeDriverManager().install())
  File "C:\Users\KADOUN\AppData\Roaming\Python\Python38\site-packages\webdriver_manager\chrome.py", line 40, in install
    driver_path = self._get_driver_binary_path(self.driver)
  File "C:\Users\KADOUN\AppData\Roaming\Python\Python38\site-packages\webdriver_manager\core\manager.py", line 41, in _get_driver_binary_path
    binary_path = self._cache_manager.save_file_to_cache(driver, file)
  File "C:\Users\KADOUN\AppData\Roaming\Python\Python38\site-packages\webdriver_manager\core\driver_cache.py", line 54, in save_file_to_cache
    files = self.unpack_archive(archive, path)
  File "C:\Users\KADOUN\AppData\Roaming\Python\Python38\site-packages\webdriver_manager\core\driver_cache.py", line 49, in unpack_archive
    return self._file_manager.unpack_archive(archive, path)
  File "C:\Users\KADOUN\AppData\Roaming\Python\Python38\site-packages\webdriver_manager\core\file_manager.py", line 57, in unpack_archive
    return self.__extract_zip(archive_file, target_dir)
  File "C:\Users\KADOUN\AppData\Roaming\Python\Python38\site-packages\webdriver_manager\core\file_manager.py", line 81, in __extract_zip
    os.replace(source, destination)
PermissionError: [WinError 5] Access is denied: 'C:\\Users\\KADOUN\\.wdm\\drivers\\chromedriver\\win64\\118.0.5993.89\\chromedriver-win32\\chromedriver.exe' -> 'C:\\Users\\KADOUN\\.wdm\\drivers\\chromedriver\\win64\\118.0.5993.89\\chromedriver.exe'
</pre>
                        </div>
                        <!--css div popup end-->
                    </div>
                </td>
            </tr>
            
        
        <tr class='errorClass' style="font-weight:bold;color:white;">
            <td><a href="javascript:showClassDetail('c8','1')">EW_Automation_Local_Deploy_PyCharm.HP_D.TestHP_D</a></td>
            <td>1</td>
            <td>0</td>
            <td>0</td>
            <td>1</td>
            <td>
                <button><a href="javascript:showClassDetail('c8','1')"
                           style="color:#660066;">Detail</a></button>
            </td>
        </tr>
            
            <tr id="ft8.1" class='none'>
                <td class='errorCase'>
                    <div class='testcase'>
                        <a class="popup_link" onfocus='this.blur();'
                           href="javascript:showTestDetail('div_ft8.1')">test_homePage_D</a>
                    </div>
                </td>
                <td colspan='5' align='center'>
                    <div>
                        <!--css div popup start-->
                        <button>
                            <a class="popup_link" onfocus='this.blur();'
                               href="javascript:showTestDetail('div_ft8.1')" style="color:#660066;">
                                ERROR
                            </a></button>
                        <div id='div_ft8.1' class="popup_window">
                            <div style='text-align: right; color:red;cursor:pointer'>
                                <a onfocus='this.blur();'
                                   onclick="document.getElementById('div_ft8.1').style.display = 'none'; "
                                   style="color:red;">
                                    [x]</a>
                            </div>
                            <pre></pre>
                            <pre style="color: red;">Traceback (most recent call last):
  File "C:\Users\KADOUN\AppData\Roaming\Python\Python38\site-packages\webdriver_manager\core\file_manager.py", line 65, in __extract_zip
    archive.extractall(to_directory)
  File "C:\Users\KADOUN\AppData\Local\Programs\Python\Python38\lib\zipfile.py", line 1647, in extractall
    self._extract_member(zipinfo, path, pwd)
  File "C:\Users\KADOUN\AppData\Local\Programs\Python\Python38\lib\zipfile.py", line 1701, in _extract_member
    open(targetpath, "wb") as target:
PermissionError: [Errno 13] Permission denied: 'C:\\Users\\KADOUN\\.wdm\\drivers\\chromedriver\\win64\\118.0.5993.89\\chromedriver-win32\\chromedriver.exe'

During handling of the above exception, another exception occurred:

Traceback (most recent call last):
  File "C:\Users\KADOUN\Desktop\Automatization_Project_Master_QA\EW_Automation_Local_Deploy_PyCharm\HP_D.py", line 11, in setUp
    setUp(self)
  File "C:\Users\KADOUN\Desktop\Automatization_Project_Master_QA\EW_Automation_Local_Deploy_PyCharm\to_import.py", line 34, in setUp
    self.driver = webdriver.Chrome(ChromeDriverManager().install())
  File "C:\Users\KADOUN\AppData\Roaming\Python\Python38\site-packages\webdriver_manager\chrome.py", line 40, in install
    driver_path = self._get_driver_binary_path(self.driver)
  File "C:\Users\KADOUN\AppData\Roaming\Python\Python38\site-packages\webdriver_manager\core\manager.py", line 41, in _get_driver_binary_path
    binary_path = self._cache_manager.save_file_to_cache(driver, file)
  File "C:\Users\KADOUN\AppData\Roaming\Python\Python38\site-packages\webdriver_manager\core\driver_cache.py", line 54, in save_file_to_cache
    files = self.unpack_archive(archive, path)
  File "C:\Users\KADOUN\AppData\Roaming\Python\Python38\site-packages\webdriver_manager\core\driver_cache.py", line 49, in unpack_archive
    return self._file_manager.unpack_archive(archive, path)
  File "C:\Users\KADOUN\AppData\Roaming\Python\Python38\site-packages\webdriver_manager\core\file_manager.py", line 57, in unpack_archive
    return self.__extract_zip(archive_file, target_dir)
  File "C:\Users\KADOUN\AppData\Roaming\Python\Python38\site-packages\webdriver_manager\core\file_manager.py", line 81, in __extract_zip
    os.replace(source, destination)
PermissionError: [WinError 5] Access is denied: 'C:\\Users\\KADOUN\\.wdm\\drivers\\chromedriver\\win64\\118.0.5993.89\\chromedriver-win32\\chromedriver.exe' -> 'C:\\Users\\KADOUN\\.wdm\\drivers\\chromedriver\\win64\\118.0.5993.89\\chromedriver.exe'
</pre>
                        </div>
                        <!--css div popup end-->
                    </div>
                </td>
            </tr>
            
        
        <tr class='errorClass' style="font-weight:bold;color:white;">
            <td><a href="javascript:showClassDetail('c9','1')">EW_Automation_Local_Deploy_PyCharm.LM_D.TestLM_D</a></td>
            <td>1</td>
            <td>0</td>
            <td>0</td>
            <td>1</td>
            <td>
                <button><a href="javascript:showClassDetail('c9','1')"
                           style="color:#660066;">Detail</a></button>
            </td>
        </tr>
            
            <tr id="ft9.1" class='none'>
                <td class='errorCase'>
                    <div class='testcase'>
                        <a class="popup_link" onfocus='this.blur();'
                           href="javascript:showTestDetail('div_ft9.1')">test_lM_isDisplayed</a>
                    </div>
                </td>
                <td colspan='5' align='center'>
                    <div>
                        <!--css div popup start-->
                        <button>
                            <a class="popup_link" onfocus='this.blur();'
                               href="javascript:showTestDetail('div_ft9.1')" style="color:#660066;">
                                ERROR
                            </a></button>
                        <div id='div_ft9.1' class="popup_window">
                            <div style='text-align: right; color:red;cursor:pointer'>
                                <a onfocus='this.blur();'
                                   onclick="document.getElementById('div_ft9.1').style.display = 'none'; "
                                   style="color:red;">
                                    [x]</a>
                            </div>
                            <pre></pre>
                            <pre style="color: red;">Traceback (most recent call last):
  File "C:\Users\KADOUN\AppData\Roaming\Python\Python38\site-packages\webdriver_manager\core\file_manager.py", line 65, in __extract_zip
    archive.extractall(to_directory)
  File "C:\Users\KADOUN\AppData\Local\Programs\Python\Python38\lib\zipfile.py", line 1647, in extractall
    self._extract_member(zipinfo, path, pwd)
  File "C:\Users\KADOUN\AppData\Local\Programs\Python\Python38\lib\zipfile.py", line 1701, in _extract_member
    open(targetpath, "wb") as target:
PermissionError: [Errno 13] Permission denied: 'C:\\Users\\KADOUN\\.wdm\\drivers\\chromedriver\\win64\\118.0.5993.89\\chromedriver-win32\\chromedriver.exe'

During handling of the above exception, another exception occurred:

Traceback (most recent call last):
  File "C:\Users\KADOUN\Desktop\Automatization_Project_Master_QA\EW_Automation_Local_Deploy_PyCharm\LM_D.py", line 10, in setUp
    setUp(self)
  File "C:\Users\KADOUN\Desktop\Automatization_Project_Master_QA\EW_Automation_Local_Deploy_PyCharm\to_import.py", line 34, in setUp
    self.driver = webdriver.Chrome(ChromeDriverManager().install())
  File "C:\Users\KADOUN\AppData\Roaming\Python\Python38\site-packages\webdriver_manager\chrome.py", line 40, in install
    driver_path = self._get_driver_binary_path(self.driver)
  File "C:\Users\KADOUN\AppData\Roaming\Python\Python38\site-packages\webdriver_manager\core\manager.py", line 41, in _get_driver_binary_path
    binary_path = self._cache_manager.save_file_to_cache(driver, file)
  File "C:\Users\KADOUN\AppData\Roaming\Python\Python38\site-packages\webdriver_manager\core\driver_cache.py", line 54, in save_file_to_cache
    files = self.unpack_archive(archive, path)
  File "C:\Users\KADOUN\AppData\Roaming\Python\Python38\site-packages\webdriver_manager\core\driver_cache.py", line 49, in unpack_archive
    return self._file_manager.unpack_archive(archive, path)
  File "C:\Users\KADOUN\AppData\Roaming\Python\Python38\site-packages\webdriver_manager\core\file_manager.py", line 57, in unpack_archive
    return self.__extract_zip(archive_file, target_dir)
  File "C:\Users\KADOUN\AppData\Roaming\Python\Python38\site-packages\webdriver_manager\core\file_manager.py", line 81, in __extract_zip
    os.replace(source, destination)
PermissionError: [WinError 5] Access is denied: 'C:\\Users\\KADOUN\\.wdm\\drivers\\chromedriver\\win64\\118.0.5993.89\\chromedriver-win32\\chromedriver.exe' -> 'C:\\Users\\KADOUN\\.wdm\\drivers\\chromedriver\\win64\\118.0.5993.89\\chromedriver.exe'
</pre>
                        </div>
                        <!--css div popup end-->
                    </div>
                </td>
            </tr>
            
        
        <tr class='errorClass' style="font-weight:bold;color:white;">
            <td><a href="javascript:showClassDetail('c10','1')">EW_Automation_Local_Deploy_PyCharm.pobocky.TestPobocky_C</a></td>
            <td>1</td>
            <td>0</td>
            <td>0</td>
            <td>1</td>
            <td>
                <button><a href="javascript:showClassDetail('c10','1')"
                           style="color:#660066;">Detail</a></button>
            </td>
        </tr>
            
            <tr id="ft10.1" class='none'>
                <td class='errorCase'>
                    <div class='testcase'>
                        <a class="popup_link" onfocus='this.blur();'
                           href="javascript:showTestDetail('div_ft10.1')">test_pobocky_D</a>
                    </div>
                </td>
                <td colspan='5' align='center'>
                    <div>
                        <!--css div popup start-->
                        <button>
                            <a class="popup_link" onfocus='this.blur();'
                               href="javascript:showTestDetail('div_ft10.1')" style="color:#660066;">
                                ERROR
                            </a></button>
                        <div id='div_ft10.1' class="popup_window">
                            <div style='text-align: right; color:red;cursor:pointer'>
                                <a onfocus='this.blur();'
                                   onclick="document.getElementById('div_ft10.1').style.display = 'none'; "
                                   style="color:red;">
                                    [x]</a>
                            </div>
                            <pre></pre>
                            <pre style="color: red;">Traceback (most recent call last):
  File "C:\Users\KADOUN\AppData\Roaming\Python\Python38\site-packages\webdriver_manager\core\file_manager.py", line 65, in __extract_zip
    archive.extractall(to_directory)
  File "C:\Users\KADOUN\AppData\Local\Programs\Python\Python38\lib\zipfile.py", line 1647, in extractall
    self._extract_member(zipinfo, path, pwd)
  File "C:\Users\KADOUN\AppData\Local\Programs\Python\Python38\lib\zipfile.py", line 1701, in _extract_member
    open(targetpath, "wb") as target:
PermissionError: [Errno 13] Permission denied: 'C:\\Users\\KADOUN\\.wdm\\drivers\\chromedriver\\win64\\118.0.5993.89\\chromedriver-win32\\chromedriver.exe'

During handling of the above exception, another exception occurred:

Traceback (most recent call last):
  File "C:\Users\KADOUN\Desktop\Automatization_Project_Master_QA\EW_Automation_Local_Deploy_PyCharm\pobocky.py", line 16, in setUp
    setUp(self)
  File "C:\Users\KADOUN\Desktop\Automatization_Project_Master_QA\EW_Automation_Local_Deploy_PyCharm\to_import.py", line 34, in setUp
    self.driver = webdriver.Chrome(ChromeDriverManager().install())
  File "C:\Users\KADOUN\AppData\Roaming\Python\Python38\site-packages\webdriver_manager\chrome.py", line 40, in install
    driver_path = self._get_driver_binary_path(self.driver)
  File "C:\Users\KADOUN\AppData\Roaming\Python\Python38\site-packages\webdriver_manager\core\manager.py", line 41, in _get_driver_binary_path
    binary_path = self._cache_manager.save_file_to_cache(driver, file)
  File "C:\Users\KADOUN\AppData\Roaming\Python\Python38\site-packages\webdriver_manager\core\driver_cache.py", line 54, in save_file_to_cache
    files = self.unpack_archive(archive, path)
  File "C:\Users\KADOUN\AppData\Roaming\Python\Python38\site-packages\webdriver_manager\core\driver_cache.py", line 49, in unpack_archive
    return self._file_manager.unpack_archive(archive, path)
  File "C:\Users\KADOUN\AppData\Roaming\Python\Python38\site-packages\webdriver_manager\core\file_manager.py", line 57, in unpack_archive
    return self.__extract_zip(archive_file, target_dir)
  File "C:\Users\KADOUN\AppData\Roaming\Python\Python38\site-packages\webdriver_manager\core\file_manager.py", line 81, in __extract_zip
    os.replace(source, destination)
PermissionError: [WinError 5] Access is denied: 'C:\\Users\\KADOUN\\.wdm\\drivers\\chromedriver\\win64\\118.0.5993.89\\chromedriver-win32\\chromedriver.exe' -> 'C:\\Users\\KADOUN\\.wdm\\drivers\\chromedriver\\win64\\118.0.5993.89\\chromedriver.exe'
</pre>
                        </div>
                        <!--css div popup end-->
                    </div>
                </td>
            </tr>
            
        
        <tr class='errorClass' style="font-weight:bold;color:white;">
            <td><a href="javascript:showClassDetail('c11','6')">EW_Automation_Local_Deploy_PyCharm.poznavacky.TestPoznavacky_D</a></td>
            <td>6</td>
            <td>0</td>
            <td>1</td>
            <td>5</td>
            <td>
                <button><a href="javascript:showClassDetail('c11','6')"
                           style="color:#660066;">Detail</a></button>
            </td>
        </tr>
            
            <tr id="ft11.1" class='none'>
                <td class='errorCase'>
                    <div class='testcase'>
                        <a class="popup_link" onfocus='this.blur();'
                           href="javascript:showTestDetail('div_ft11.1')">test_poznavacky_okruzni_D</a>
                    </div>
                </td>
                <td colspan='5' align='center'>
                    <div>
                        <!--css div popup start-->
                        <button>
                            <a class="popup_link" onfocus='this.blur();'
                               href="javascript:showTestDetail('div_ft11.1')" style="color:#660066;">
                                ERROR
                            </a></button>
                        <div id='div_ft11.1' class="popup_window">
                            <div style='text-align: right; color:red;cursor:pointer'>
                                <a onfocus='this.blur();'
                                   onclick="document.getElementById('div_ft11.1').style.display = 'none'; "
                                   style="color:red;">
                                    [x]</a>
                            </div>
                            <pre></pre>
                            <pre style="color: red;">Traceback (most recent call last):
  File "C:\Users\KADOUN\AppData\Roaming\Python\Python38\site-packages\webdriver_manager\core\file_manager.py", line 65, in __extract_zip
    archive.extractall(to_directory)
  File "C:\Users\KADOUN\AppData\Local\Programs\Python\Python38\lib\zipfile.py", line 1647, in extractall
    self._extract_member(zipinfo, path, pwd)
  File "C:\Users\KADOUN\AppData\Local\Programs\Python\Python38\lib\zipfile.py", line 1701, in _extract_member
    open(targetpath, "wb") as target:
PermissionError: [Errno 13] Permission denied: 'C:\\Users\\KADOUN\\.wdm\\drivers\\chromedriver\\win64\\118.0.5993.89\\chromedriver-win32\\chromedriver.exe'

During handling of the above exception, another exception occurred:

Traceback (most recent call last):
  File "C:\Users\KADOUN\Desktop\Automatization_Project_Master_QA\EW_Automation_Local_Deploy_PyCharm\poznavacky.py", line 12, in setUp
    setUp(self)
  File "C:\Users\KADOUN\Desktop\Automatization_Project_Master_QA\EW_Automation_Local_Deploy_PyCharm\to_import.py", line 34, in setUp
    self.driver = webdriver.Chrome(ChromeDriverManager().install())
  File "C:\Users\KADOUN\AppData\Roaming\Python\Python38\site-packages\webdriver_manager\chrome.py", line 40, in install
    driver_path = self._get_driver_binary_path(self.driver)
  File "C:\Users\KADOUN\AppData\Roaming\Python\Python38\site-packages\webdriver_manager\core\manager.py", line 41, in _get_driver_binary_path
    binary_path = self._cache_manager.save_file_to_cache(driver, file)
  File "C:\Users\KADOUN\AppData\Roaming\Python\Python38\site-packages\webdriver_manager\core\driver_cache.py", line 54, in save_file_to_cache
    files = self.unpack_archive(archive, path)
  File "C:\Users\KADOUN\AppData\Roaming\Python\Python38\site-packages\webdriver_manager\core\driver_cache.py", line 49, in unpack_archive
    return self._file_manager.unpack_archive(archive, path)
  File "C:\Users\KADOUN\AppData\Roaming\Python\Python38\site-packages\webdriver_manager\core\file_manager.py", line 57, in unpack_archive
    return self.__extract_zip(archive_file, target_dir)
  File "C:\Users\KADOUN\AppData\Roaming\Python\Python38\site-packages\webdriver_manager\core\file_manager.py", line 81, in __extract_zip
    os.replace(source, destination)
PermissionError: [WinError 5] Access is denied: 'C:\\Users\\KADOUN\\.wdm\\drivers\\chromedriver\\win64\\118.0.5993.89\\chromedriver-win32\\chromedriver.exe' -> 'C:\\Users\\KADOUN\\.wdm\\drivers\\chromedriver\\win64\\118.0.5993.89\\chromedriver.exe'
</pre>
                        </div>
                        <!--css div popup end-->
                    </div>
                </td>
            </tr>
            
            <tr id="ft11.2" class='none'>
                <td class='errorCase'>
                    <div class='testcase'>
                        <a class="popup_link" onfocus='this.blur();'
                           href="javascript:showTestDetail('div_ft11.2')">test_poznavacky_vikendy_D</a>
                    </div>
                </td>
                <td colspan='5' align='center'>
                    <div>
                        <!--css div popup start-->
                        <button>
                            <a class="popup_link" onfocus='this.blur();'
                               href="javascript:showTestDetail('div_ft11.2')" style="color:#660066;">
                                ERROR
                            </a></button>
                        <div id='div_ft11.2' class="popup_window">
                            <div style='text-align: right; color:red;cursor:pointer'>
                                <a onfocus='this.blur();'
                                   onclick="document.getElementById('div_ft11.2').style.display = 'none'; "
                                   style="color:red;">
                                    [x]</a>
                            </div>
                            <pre></pre>
                            <pre style="color: red;">Traceback (most recent call last):
  File "C:\Users\KADOUN\AppData\Roaming\Python\Python38\site-packages\webdriver_manager\core\file_manager.py", line 65, in __extract_zip
    archive.extractall(to_directory)
  File "C:\Users\KADOUN\AppData\Local\Programs\Python\Python38\lib\zipfile.py", line 1647, in extractall
    self._extract_member(zipinfo, path, pwd)
  File "C:\Users\KADOUN\AppData\Local\Programs\Python\Python38\lib\zipfile.py", line 1701, in _extract_member
    open(targetpath, "wb") as target:
PermissionError: [Errno 13] Permission denied: 'C:\\Users\\KADOUN\\.wdm\\drivers\\chromedriver\\win64\\118.0.5993.89\\chromedriver-win32\\chromedriver.exe'

During handling of the above exception, another exception occurred:

Traceback (most recent call last):
  File "C:\Users\KADOUN\Desktop\Automatization_Project_Master_QA\EW_Automation_Local_Deploy_PyCharm\poznavacky.py", line 12, in setUp
    setUp(self)
  File "C:\Users\KADOUN\Desktop\Automatization_Project_Master_QA\EW_Automation_Local_Deploy_PyCharm\to_import.py", line 34, in setUp
    self.driver = webdriver.Chrome(ChromeDriverManager().install())
  File "C:\Users\KADOUN\AppData\Roaming\Python\Python38\site-packages\webdriver_manager\chrome.py", line 40, in install
    driver_path = self._get_driver_binary_path(self.driver)
  File "C:\Users\KADOUN\AppData\Roaming\Python\Python38\site-packages\webdriver_manager\core\manager.py", line 41, in _get_driver_binary_path
    binary_path = self._cache_manager.save_file_to_cache(driver, file)
  File "C:\Users\KADOUN\AppData\Roaming\Python\Python38\site-packages\webdriver_manager\core\driver_cache.py", line 54, in save_file_to_cache
    files = self.unpack_archive(archive, path)
  File "C:\Users\KADOUN\AppData\Roaming\Python\Python38\site-packages\webdriver_manager\core\driver_cache.py", line 49, in unpack_archive
    return self._file_manager.unpack_archive(archive, path)
  File "C:\Users\KADOUN\AppData\Roaming\Python\Python38\site-packages\webdriver_manager\core\file_manager.py", line 57, in unpack_archive
    return self.__extract_zip(archive_file, target_dir)
  File "C:\Users\KADOUN\AppData\Roaming\Python\Python38\site-packages\webdriver_manager\core\file_manager.py", line 81, in __extract_zip
    os.replace(source, destination)
PermissionError: [WinError 5] Access is denied: 'C:\\Users\\KADOUN\\.wdm\\drivers\\chromedriver\\win64\\118.0.5993.89\\chromedriver-win32\\chromedriver.exe' -> 'C:\\Users\\KADOUN\\.wdm\\drivers\\chromedriver\\win64\\118.0.5993.89\\chromedriver.exe'
</pre>
                        </div>
                        <!--css div popup end-->
                    </div>
                </td>
            </tr>
            
            <tr id="ft11.3" class='none'>
                <td class='failCase'>
                    <div class='testcase'>
                        <a class="popup_link" onfocus='this.blur();'
                           href="javascript:showTestDetail('div_ft11.3')">test_poznavacky_rodiny_D</a>
                    </div>
                </td>
                <td colspan='5' align='center'>
                    <div>
                        <!--css div popup start-->
                        <button>
                            <a class="popup_link" onfocus='this.blur();'
                               href="javascript:showTestDetail('div_ft11.3')" style="color:#660066;">
                                FAIL
                            </a></button>
                        <div id='div_ft11.3' class="popup_window">
                            <div style='text-align: right; color:red;cursor:pointer'>
                                <a onfocus='this.blur();'
                                   onclick="document.getElementById('div_ft11.3').style.display = 'none'; "
                                   style="color:red;">
                                    [x]</a>
                            </div>
                            <pre>2023-10-24 14:57:32.024572 : None
2023-10-24 14:57:32.024572 : consent pass
2023-10-24 14:57:40.085139 : https://exim.web11.dtweb.cz/poznavaci-zajezdy#rodiny
</pre>
                            <pre style="color: red;">Traceback (most recent call last):
  File "C:\Users\KADOUN\Desktop\Automatization_Project_Master_QA\EW_Automation_Local_Deploy_PyCharm\poznavacky.py", line 126, in test_poznavacky_rodiny_D
    assert gridItemDisplayed == True
AssertionError
</pre>
                        </div>
                        <!--css div popup end-->
                    </div>
                </td>
            </tr>
            
            <tr id="ft11.4" class='none'>
                <td class='errorCase'>
                    <div class='testcase'>
                        <a class="popup_link" onfocus='this.blur();'
                           href="javascript:showTestDetail('div_ft11.4')">test_poznavacky_zazitky_D</a>
                    </div>
                </td>
                <td colspan='5' align='center'>
                    <div>
                        <!--css div popup start-->
                        <button>
                            <a class="popup_link" onfocus='this.blur();'
                               href="javascript:showTestDetail('div_ft11.4')" style="color:#660066;">
                                ERROR
                            </a></button>
                        <div id='div_ft11.4' class="popup_window">
                            <div style='text-align: right; color:red;cursor:pointer'>
                                <a onfocus='this.blur();'
                                   onclick="document.getElementById('div_ft11.4').style.display = 'none'; "
                                   style="color:red;">
                                    [x]</a>
                            </div>
                            <pre></pre>
                            <pre style="color: red;">Traceback (most recent call last):
  File "C:\Users\KADOUN\AppData\Roaming\Python\Python38\site-packages\webdriver_manager\core\file_manager.py", line 65, in __extract_zip
    archive.extractall(to_directory)
  File "C:\Users\KADOUN\AppData\Local\Programs\Python\Python38\lib\zipfile.py", line 1647, in extractall
    self._extract_member(zipinfo, path, pwd)
  File "C:\Users\KADOUN\AppData\Local\Programs\Python\Python38\lib\zipfile.py", line 1701, in _extract_member
    open(targetpath, "wb") as target:
PermissionError: [Errno 13] Permission denied: 'C:\\Users\\KADOUN\\.wdm\\drivers\\chromedriver\\win64\\118.0.5993.89\\chromedriver-win32\\chromedriver.exe'

During handling of the above exception, another exception occurred:

Traceback (most recent call last):
  File "C:\Users\KADOUN\Desktop\Automatization_Project_Master_QA\EW_Automation_Local_Deploy_PyCharm\poznavacky.py", line 12, in setUp
    setUp(self)
  File "C:\Users\KADOUN\Desktop\Automatization_Project_Master_QA\EW_Automation_Local_Deploy_PyCharm\to_import.py", line 34, in setUp
    self.driver = webdriver.Chrome(ChromeDriverManager().install())
  File "C:\Users\KADOUN\AppData\Roaming\Python\Python38\site-packages\webdriver_manager\chrome.py", line 40, in install
    driver_path = self._get_driver_binary_path(self.driver)
  File "C:\Users\KADOUN\AppData\Roaming\Python\Python38\site-packages\webdriver_manager\core\manager.py", line 41, in _get_driver_binary_path
    binary_path = self._cache_manager.save_file_to_cache(driver, file)
  File "C:\Users\KADOUN\AppData\Roaming\Python\Python38\site-packages\webdriver_manager\core\driver_cache.py", line 54, in save_file_to_cache
    files = self.unpack_archive(archive, path)
  File "C:\Users\KADOUN\AppData\Roaming\Python\Python38\site-packages\webdriver_manager\core\driver_cache.py", line 49, in unpack_archive
    return self._file_manager.unpack_archive(archive, path)
  File "C:\Users\KADOUN\AppData\Roaming\Python\Python38\site-packages\webdriver_manager\core\file_manager.py", line 57, in unpack_archive
    return self.__extract_zip(archive_file, target_dir)
  File "C:\Users\KADOUN\AppData\Roaming\Python\Python38\site-packages\webdriver_manager\core\file_manager.py", line 81, in __extract_zip
    os.replace(source, destination)
PermissionError: [WinError 5] Access is denied: 'C:\\Users\\KADOUN\\.wdm\\drivers\\chromedriver\\win64\\118.0.5993.89\\chromedriver-win32\\chromedriver.exe' -> 'C:\\Users\\KADOUN\\.wdm\\drivers\\chromedriver\\win64\\118.0.5993.89\\chromedriver.exe'
</pre>
                        </div>
                        <!--css div popup end-->
                    </div>
                </td>
            </tr>
            
            <tr id="ft11.5" class='none'>
                <td class='errorCase'>
                    <div class='testcase'>
                        <a class="popup_link" onfocus='this.blur();'
                           href="javascript:showTestDetail('div_ft11.5')">test_poznavacky_all_URL_check</a>
                    </div>
                </td>
                <td colspan='5' align='center'>
                    <div>
                        <!--css div popup start-->
                        <button>
                            <a class="popup_link" onfocus='this.blur();'
                               href="javascript:showTestDetail('div_ft11.5')" style="color:#660066;">
                                ERROR
                            </a></button>
                        <div id='div_ft11.5' class="popup_window">
                            <div style='text-align: right; color:red;cursor:pointer'>
                                <a onfocus='this.blur();'
                                   onclick="document.getElementById('div_ft11.5').style.display = 'none'; "
                                   style="color:red;">
                                    [x]</a>
                            </div>
                            <pre></pre>
                            <pre style="color: red;">Traceback (most recent call last):
  File "C:\Users\KADOUN\AppData\Roaming\Python\Python38\site-packages\webdriver_manager\core\file_manager.py", line 65, in __extract_zip
    archive.extractall(to_directory)
  File "C:\Users\KADOUN\AppData\Local\Programs\Python\Python38\lib\zipfile.py", line 1647, in extractall
    self._extract_member(zipinfo, path, pwd)
  File "C:\Users\KADOUN\AppData\Local\Programs\Python\Python38\lib\zipfile.py", line 1701, in _extract_member
    open(targetpath, "wb") as target:
PermissionError: [Errno 13] Permission denied: 'C:\\Users\\KADOUN\\.wdm\\drivers\\chromedriver\\win64\\118.0.5993.89\\chromedriver-win32\\chromedriver.exe'

During handling of the above exception, another exception occurred:

Traceback (most recent call last):
  File "C:\Users\KADOUN\Desktop\Automatization_Project_Master_QA\EW_Automation_Local_Deploy_PyCharm\poznavacky.py", line 12, in setUp
    setUp(self)
  File "C:\Users\KADOUN\Desktop\Automatization_Project_Master_QA\EW_Automation_Local_Deploy_PyCharm\to_import.py", line 34, in setUp
    self.driver = webdriver.Chrome(ChromeDriverManager().install())
  File "C:\Users\KADOUN\AppData\Roaming\Python\Python38\site-packages\webdriver_manager\chrome.py", line 40, in install
    driver_path = self._get_driver_binary_path(self.driver)
  File "C:\Users\KADOUN\AppData\Roaming\Python\Python38\site-packages\webdriver_manager\core\manager.py", line 41, in _get_driver_binary_path
    binary_path = self._cache_manager.save_file_to_cache(driver, file)
  File "C:\Users\KADOUN\AppData\Roaming\Python\Python38\site-packages\webdriver_manager\core\driver_cache.py", line 54, in save_file_to_cache
    files = self.unpack_archive(archive, path)
  File "C:\Users\KADOUN\AppData\Roaming\Python\Python38\site-packages\webdriver_manager\core\driver_cache.py", line 49, in unpack_archive
    return self._file_manager.unpack_archive(archive, path)
  File "C:\Users\KADOUN\AppData\Roaming\Python\Python38\site-packages\webdriver_manager\core\file_manager.py", line 57, in unpack_archive
    return self.__extract_zip(archive_file, target_dir)
  File "C:\Users\KADOUN\AppData\Roaming\Python\Python38\site-packages\webdriver_manager\core\file_manager.py", line 81, in __extract_zip
    os.replace(source, destination)
PermissionError: [WinError 5] Access is denied: 'C:\\Users\\KADOUN\\.wdm\\drivers\\chromedriver\\win64\\118.0.5993.89\\chromedriver-win32\\chromedriver.exe' -> 'C:\\Users\\KADOUN\\.wdm\\drivers\\chromedriver\\win64\\118.0.5993.89\\chromedriver.exe'
</pre>
                        </div>
                        <!--css div popup end-->
                    </div>
                </td>
            </tr>
            
            <tr id="ft11.6" class='none'>
                <td class='errorCase'>
                    <div class='testcase'>
                        <a class="popup_link" onfocus='this.blur();'
                           href="javascript:showTestDetail('div_ft11.6')">test_poznavacky_C</a>
                    </div>
                </td>
                <td colspan='5' align='center'>
                    <div>
                        <!--css div popup start-->
                        <button>
                            <a class="popup_link" onfocus='this.blur();'
                               href="javascript:showTestDetail('div_ft11.6')" style="color:#660066;">
                                ERROR
                            </a></button>
                        <div id='div_ft11.6' class="popup_window">
                            <div style='text-align: right; color:red;cursor:pointer'>
                                <a onfocus='this.blur();'
                                   onclick="document.getElementById('div_ft11.6').style.display = 'none'; "
                                   style="color:red;">
                                    [x]</a>
                            </div>
                            <pre></pre>
                            <pre style="color: red;">Traceback (most recent call last):
  File "C:\Users\KADOUN\AppData\Roaming\Python\Python38\site-packages\webdriver_manager\core\file_manager.py", line 65, in __extract_zip
    archive.extractall(to_directory)
  File "C:\Users\KADOUN\AppData\Local\Programs\Python\Python38\lib\zipfile.py", line 1647, in extractall
    self._extract_member(zipinfo, path, pwd)
  File "C:\Users\KADOUN\AppData\Local\Programs\Python\Python38\lib\zipfile.py", line 1701, in _extract_member
    open(targetpath, "wb") as target:
PermissionError: [Errno 13] Permission denied: 'C:\\Users\\KADOUN\\.wdm\\drivers\\chromedriver\\win64\\118.0.5993.89\\chromedriver-win32\\chromedriver.exe'

During handling of the above exception, another exception occurred:

Traceback (most recent call last):
  File "C:\Users\KADOUN\Desktop\Automatization_Project_Master_QA\EW_Automation_Local_Deploy_PyCharm\poznavacky.py", line 12, in setUp
    setUp(self)
  File "C:\Users\KADOUN\Desktop\Automatization_Project_Master_QA\EW_Automation_Local_Deploy_PyCharm\to_import.py", line 34, in setUp
    self.driver = webdriver.Chrome(ChromeDriverManager().install())
  File "C:\Users\KADOUN\AppData\Roaming\Python\Python38\site-packages\webdriver_manager\chrome.py", line 40, in install
    driver_path = self._get_driver_binary_path(self.driver)
  File "C:\Users\KADOUN\AppData\Roaming\Python\Python38\site-packages\webdriver_manager\core\manager.py", line 41, in _get_driver_binary_path
    binary_path = self._cache_manager.save_file_to_cache(driver, file)
  File "C:\Users\KADOUN\AppData\Roaming\Python\Python38\site-packages\webdriver_manager\core\driver_cache.py", line 54, in save_file_to_cache
    files = self.unpack_archive(archive, path)
  File "C:\Users\KADOUN\AppData\Roaming\Python\Python38\site-packages\webdriver_manager\core\driver_cache.py", line 49, in unpack_archive
    return self._file_manager.unpack_archive(archive, path)
  File "C:\Users\KADOUN\AppData\Roaming\Python\Python38\site-packages\webdriver_manager\core\file_manager.py", line 57, in unpack_archive
    return self.__extract_zip(archive_file, target_dir)
  File "C:\Users\KADOUN\AppData\Roaming\Python\Python38\site-packages\webdriver_manager\core\file_manager.py", line 81, in __extract_zip
    os.replace(source, destination)
PermissionError: [WinError 5] Access is denied: 'C:\\Users\\KADOUN\\.wdm\\drivers\\chromedriver\\win64\\118.0.5993.89\\chromedriver-win32\\chromedriver.exe' -> 'C:\\Users\\KADOUN\\.wdm\\drivers\\chromedriver\\win64\\118.0.5993.89\\chromedriver.exe'
</pre>
                        </div>
                        <!--css div popup end-->
                    </div>
                </td>
            </tr>
            
        
        <tr class='errorClass' style="font-weight:bold;color:white;">
            <td><a href="javascript:showClassDetail('c12','1')">EW_Automation_Local_Deploy_PyCharm.SDO_D.TestSDO_D</a></td>
            <td>1</td>
            <td>0</td>
            <td>0</td>
            <td>1</td>
            <td>
                <button><a href="javascript:showClassDetail('c12','1')"
                           style="color:#660066;">Detail</a></button>
            </td>
        </tr>
            
            <tr id="ft12.1" class='none'>
                <td class='errorCase'>
                    <div class='testcase'>
                        <a class="popup_link" onfocus='this.blur();'
                           href="javascript:showTestDetail('div_ft12.1')">test_SDO_D</a>
                    </div>
                </td>
                <td colspan='5' align='center'>
                    <div>
                        <!--css div popup start-->
                        <button>
                            <a class="popup_link" onfocus='this.blur();'
                               href="javascript:showTestDetail('div_ft12.1')" style="color:#660066;">
                                ERROR
                            </a></button>
                        <div id='div_ft12.1' class="popup_window">
                            <div style='text-align: right; color:red;cursor:pointer'>
                                <a onfocus='this.blur();'
                                   onclick="document.getElementById('div_ft12.1').style.display = 'none'; "
                                   style="color:red;">
                                    [x]</a>
                            </div>
                            <pre></pre>
                            <pre style="color: red;">Traceback (most recent call last):
  File "C:\Users\KADOUN\AppData\Roaming\Python\Python38\site-packages\webdriver_manager\core\file_manager.py", line 65, in __extract_zip
    archive.extractall(to_directory)
  File "C:\Users\KADOUN\AppData\Local\Programs\Python\Python38\lib\zipfile.py", line 1647, in extractall
    self._extract_member(zipinfo, path, pwd)
  File "C:\Users\KADOUN\AppData\Local\Programs\Python\Python38\lib\zipfile.py", line 1701, in _extract_member
    open(targetpath, "wb") as target:
PermissionError: [Errno 13] Permission denied: 'C:\\Users\\KADOUN\\.wdm\\drivers\\chromedriver\\win64\\118.0.5993.89\\chromedriver-win32\\chromedriver.exe'

During handling of the above exception, another exception occurred:

Traceback (most recent call last):
  File "C:\Users\KADOUN\Desktop\Automatization_Project_Master_QA\EW_Automation_Local_Deploy_PyCharm\SDO_D.py", line 8, in setUp
    setUp(self)
  File "C:\Users\KADOUN\Desktop\Automatization_Project_Master_QA\EW_Automation_Local_Deploy_PyCharm\to_import.py", line 34, in setUp
    self.driver = webdriver.Chrome(ChromeDriverManager().install())
  File "C:\Users\KADOUN\AppData\Roaming\Python\Python38\site-packages\webdriver_manager\chrome.py", line 40, in install
    driver_path = self._get_driver_binary_path(self.driver)
  File "C:\Users\KADOUN\AppData\Roaming\Python\Python38\site-packages\webdriver_manager\core\manager.py", line 41, in _get_driver_binary_path
    binary_path = self._cache_manager.save_file_to_cache(driver, file)
  File "C:\Users\KADOUN\AppData\Roaming\Python\Python38\site-packages\webdriver_manager\core\driver_cache.py", line 54, in save_file_to_cache
    files = self.unpack_archive(archive, path)
  File "C:\Users\KADOUN\AppData\Roaming\Python\Python38\site-packages\webdriver_manager\core\driver_cache.py", line 49, in unpack_archive
    return self._file_manager.unpack_archive(archive, path)
  File "C:\Users\KADOUN\AppData\Roaming\Python\Python38\site-packages\webdriver_manager\core\file_manager.py", line 57, in unpack_archive
    return self.__extract_zip(archive_file, target_dir)
  File "C:\Users\KADOUN\AppData\Roaming\Python\Python38\site-packages\webdriver_manager\core\file_manager.py", line 81, in __extract_zip
    os.replace(source, destination)
PermissionError: [WinError 5] Access is denied: 'C:\\Users\\KADOUN\\.wdm\\drivers\\chromedriver\\win64\\118.0.5993.89\\chromedriver-win32\\chromedriver.exe' -> 'C:\\Users\\KADOUN\\.wdm\\drivers\\chromedriver\\win64\\118.0.5993.89\\chromedriver.exe'
</pre>
                        </div>
                        <!--css div popup end-->
                    </div>
                </td>
            </tr>
            
        
        <tr class='errorClass' style="font-weight:bold;color:white;">
            <td><a href="javascript:showClassDetail('c13','6')">EW_Automation_Local_Deploy_PyCharm.SRL_C.Test_SRL_C</a></td>
            <td>6</td>
            <td>3</td>
            <td>0</td>
            <td>3</td>
            <td>
                <button><a href="javascript:showClassDetail('c13','6')"
                           style="color:#660066;">Detail</a></button>
            </td>
        </tr>
            
            <tr id="ft13.1" class='none'>
                <td class='errorCase'>
                    <div class='testcase'>
                        <a class="popup_link" onfocus='this.blur();'
                           href="javascript:showTestDetail('div_ft13.1')">test_SRL_sort_cheapest</a>
                    </div>
                </td>
                <td colspan='5' align='center'>
                    <div>
                        <!--css div popup start-->
                        <button>
                            <a class="popup_link" onfocus='this.blur();'
                               href="javascript:showTestDetail('div_ft13.1')" style="color:#660066;">
                                ERROR
                            </a></button>
                        <div id='div_ft13.1' class="popup_window">
                            <div style='text-align: right; color:red;cursor:pointer'>
                                <a onfocus='this.blur();'
                                   onclick="document.getElementById('div_ft13.1').style.display = 'none'; "
                                   style="color:red;">
                                    [x]</a>
                            </div>
                            <pre></pre>
                            <pre style="color: red;">Traceback (most recent call last):
  File "C:\Users\KADOUN\AppData\Roaming\Python\Python38\site-packages\webdriver_manager\core\file_manager.py", line 65, in __extract_zip
    archive.extractall(to_directory)
  File "C:\Users\KADOUN\AppData\Local\Programs\Python\Python38\lib\zipfile.py", line 1647, in extractall
    self._extract_member(zipinfo, path, pwd)
  File "C:\Users\KADOUN\AppData\Local\Programs\Python\Python38\lib\zipfile.py", line 1701, in _extract_member
    open(targetpath, "wb") as target:
PermissionError: [Errno 13] Permission denied: 'C:\\Users\\KADOUN\\.wdm\\drivers\\chromedriver\\win64\\118.0.5993.89\\chromedriver-win32\\chromedriver.exe'

During handling of the above exception, another exception occurred:

Traceback (most recent call last):
  File "C:\Users\KADOUN\Desktop\Automatization_Project_Master_QA\EW_Automation_Local_Deploy_PyCharm\SRL_C.py", line 19, in setUp
    setUp(self)
  File "C:\Users\KADOUN\Desktop\Automatization_Project_Master_QA\EW_Automation_Local_Deploy_PyCharm\to_import.py", line 34, in setUp
    self.driver = webdriver.Chrome(ChromeDriverManager().install())
  File "C:\Users\KADOUN\AppData\Roaming\Python\Python38\site-packages\webdriver_manager\chrome.py", line 40, in install
    driver_path = self._get_driver_binary_path(self.driver)
  File "C:\Users\KADOUN\AppData\Roaming\Python\Python38\site-packages\webdriver_manager\core\manager.py", line 41, in _get_driver_binary_path
    binary_path = self._cache_manager.save_file_to_cache(driver, file)
  File "C:\Users\KADOUN\AppData\Roaming\Python\Python38\site-packages\webdriver_manager\core\driver_cache.py", line 54, in save_file_to_cache
    files = self.unpack_archive(archive, path)
  File "C:\Users\KADOUN\AppData\Roaming\Python\Python38\site-packages\webdriver_manager\core\driver_cache.py", line 49, in unpack_archive
    return self._file_manager.unpack_archive(archive, path)
  File "C:\Users\KADOUN\AppData\Roaming\Python\Python38\site-packages\webdriver_manager\core\file_manager.py", line 57, in unpack_archive
    return self.__extract_zip(archive_file, target_dir)
  File "C:\Users\KADOUN\AppData\Roaming\Python\Python38\site-packages\webdriver_manager\core\file_manager.py", line 81, in __extract_zip
    os.replace(source, destination)
PermissionError: [WinError 5] Access is denied: 'C:\\Users\\KADOUN\\.wdm\\drivers\\chromedriver\\win64\\118.0.5993.89\\chromedriver-win32\\chromedriver.exe' -> 'C:\\Users\\KADOUN\\.wdm\\drivers\\chromedriver\\win64\\118.0.5993.89\\chromedriver.exe'
</pre>
                        </div>
                        <!--css div popup end-->
                    </div>
                </td>
            </tr>
            
            <tr id="ft13.2" class='none'>
                <td class='errorCase'>
                    <div class='testcase'>
                        <a class="popup_link" onfocus='this.blur();'
                           href="javascript:showTestDetail('div_ft13.2')">test_SRL_sort_expensive</a>
                    </div>
                </td>
                <td colspan='5' align='center'>
                    <div>
                        <!--css div popup start-->
                        <button>
                            <a class="popup_link" onfocus='this.blur();'
                               href="javascript:showTestDetail('div_ft13.2')" style="color:#660066;">
                                ERROR
                            </a></button>
                        <div id='div_ft13.2' class="popup_window">
                            <div style='text-align: right; color:red;cursor:pointer'>
                                <a onfocus='this.blur();'
                                   onclick="document.getElementById('div_ft13.2').style.display = 'none'; "
                                   style="color:red;">
                                    [x]</a>
                            </div>
                            <pre></pre>
                            <pre style="color: red;">Traceback (most recent call last):
  File "C:\Users\KADOUN\AppData\Roaming\Python\Python38\site-packages\webdriver_manager\core\file_manager.py", line 65, in __extract_zip
    archive.extractall(to_directory)
  File "C:\Users\KADOUN\AppData\Local\Programs\Python\Python38\lib\zipfile.py", line 1647, in extractall
    self._extract_member(zipinfo, path, pwd)
  File "C:\Users\KADOUN\AppData\Local\Programs\Python\Python38\lib\zipfile.py", line 1701, in _extract_member
    open(targetpath, "wb") as target:
PermissionError: [Errno 13] Permission denied: 'C:\\Users\\KADOUN\\.wdm\\drivers\\chromedriver\\win64\\118.0.5993.89\\chromedriver-win32\\chromedriver.exe'

During handling of the above exception, another exception occurred:

Traceback (most recent call last):
  File "C:\Users\KADOUN\Desktop\Automatization_Project_Master_QA\EW_Automation_Local_Deploy_PyCharm\SRL_C.py", line 19, in setUp
    setUp(self)
  File "C:\Users\KADOUN\Desktop\Automatization_Project_Master_QA\EW_Automation_Local_Deploy_PyCharm\to_import.py", line 34, in setUp
    self.driver = webdriver.Chrome(ChromeDriverManager().install())
  File "C:\Users\KADOUN\AppData\Roaming\Python\Python38\site-packages\webdriver_manager\chrome.py", line 40, in install
    driver_path = self._get_driver_binary_path(self.driver)
  File "C:\Users\KADOUN\AppData\Roaming\Python\Python38\site-packages\webdriver_manager\core\manager.py", line 41, in _get_driver_binary_path
    binary_path = self._cache_manager.save_file_to_cache(driver, file)
  File "C:\Users\KADOUN\AppData\Roaming\Python\Python38\site-packages\webdriver_manager\core\driver_cache.py", line 54, in save_file_to_cache
    files = self.unpack_archive(archive, path)
  File "C:\Users\KADOUN\AppData\Roaming\Python\Python38\site-packages\webdriver_manager\core\driver_cache.py", line 49, in unpack_archive
    return self._file_manager.unpack_archive(archive, path)
  File "C:\Users\KADOUN\AppData\Roaming\Python\Python38\site-packages\webdriver_manager\core\file_manager.py", line 57, in unpack_archive
    return self.__extract_zip(archive_file, target_dir)
  File "C:\Users\KADOUN\AppData\Roaming\Python\Python38\site-packages\webdriver_manager\core\file_manager.py", line 81, in __extract_zip
    os.replace(source, destination)
PermissionError: [WinError 5] Access is denied: 'C:\\Users\\KADOUN\\.wdm\\drivers\\chromedriver\\win64\\118.0.5993.89\\chromedriver-win32\\chromedriver.exe' -> 'C:\\Users\\KADOUN\\.wdm\\drivers\\chromedriver\\win64\\118.0.5993.89\\chromedriver.exe'
</pre>
                        </div>
                        <!--css div popup end-->
                    </div>
                </td>
            </tr>
            
            <tr id="pt13.3" class='hiddenRow'>
                <td class='passCase'>
                    <div class='testcase'>
                        <a class="popup_link" onfocus='this.blur();'
                           href="javascript:showTestDetail('div_pt13.3')">test_SRL_map</a>
                    </div>
                </td>
                <td colspan='5' align='center'>
                    <div>
                        <!--css div popup start-->
                        <button>
                            <a class="popup_link" onfocus='this.blur();'
                               href="javascript:showTestDetail('div_pt13.3')" style="color:#660066;">
                                PASS
                            </a></button>
                        <div id='div_pt13.3' class="popup_window">
                            <div style='text-align: right; color:red;cursor:pointer'>
                                <a onfocus='this.blur();'
                                   onclick="document.getElementById('div_pt13.3').style.display = 'none'; "
                                   style="color:red;">
                                    [x]</a>
                            </div>
                            <pre>2023-10-24 14:58:02.544544 : <selenium.webdriver.remote.webelement.WebElement (session="d4233d1962c2144cce303697a132b0b2", element="5FDAED9445F0CA1C221A7D999B4F3287_element_301")>
2023-10-24 14:58:43.117843 : nenasel se kolecko//*[@class='leaflet-marker-icon marker-cluster marker-cluster-large leaflet-zoom-animated leaflet-interactive']
2023-10-24 14:59:11.370225 : nenasel se kolecko//*[@class='leaflet-marker-icon marker-cluster marker-cluster-large leaflet-zoom-animated leaflet-interactive']
2023-10-24 14:59:40.963924 : nenasel se kolecko//*[@class='leaflet-marker-icon marker-cluster marker-cluster-medium leaflet-zoom-animated leaflet-interactive']
2023-10-24 15:00:10.542408 : nenasel se kolecko//*[@class='leaflet-marker-icon marker-cluster marker-cluster-small leaflet-zoom-animated leaflet-interactive']
2023-10-24 15:00:39.434275 : actually OK
2023-10-24 15:00:44.886965 : https://exim.web11.dtweb.cz/hotely/spanielsko/fuerteventura/playa-del-esquinzo/fuerteventura-princess?DS=2&GIATA=13022&D=211764|63241|63242|213028|63243|63245|74459|74460|63284|74464|63350|63354|74465|63213|63216|63218|63226|63227|63231|64429|63244|74462|63263|63267|63272|63299|63312|63334|63313|74461|77806|74463|63328|63349|64430|63363|63455&HID=143592&PF=0&PT=900000&MT=2&RC=VT04-XX&RT=15&NN=8&DF=2024-09-01|2024-10-31&RD=2024-09-29&DD=2024-09-21&ERM=0&AC1=2&KC1=1&KA1=10&IC1=1&DP=4312&TO=4312|4305|2682|4308|4392|4309&TOM=4312|4305|2682|4308|4392|4309&MNN=8&NNM=7|8|9|10|11|12|13|14&TT=1&TTM=1&PID=AMTSES08VW&DPR=OTSCKF
2023-10-24 15:00:44.886965 : https://exim.web11.dtweb.cz//vysledky-vyhledavani?ac1=2&d=211764|63241|63242|213028|63243|63245|74459|74460|63284|74464|63350|63354|74465|63213|63216|63218|63226|63227|63231|64429|63244|74462|63263|63267|63272|63299|63312|63334|63313|74461|77806|74463|63328|63349|64430|63363|63455&dd=2024-09-01&ic1=1&ka1=10&kc1=1&nn=7|8|9|10|11|12|13|14&rd=2024-10-31&to=4312|4305|2682|4308|4392|4309&tt=1
2023-10-24 15:00:44.980674 : https://exim.web11.dtweb.cz/hotely/spanielsko/fuerteventura/playa-del-esquinzo/fuerteventura-princess?DS=2&GIATA=13022&D=211764|63241|63242|213028|63243|63245|74459|74460|63284|74464|63350|63354|74465|63213|63216|63218|63226|63227|63231|64429|63244|74462|63263|63267|63272|63299|63312|63334|63313|74461|77806|74463|63328|63349|64430|63363|63455&HID=143592&PF=0&PT=900000&MT=2&RC=VT04-XX&RT=15&NN=8&DF=2024-09-01|2024-10-31&RD=2024-09-29&DD=2024-09-21&ERM=0&AC1=2&KC1=1&KA1=10&IC1=1&DP=4312&TO=4312|4305|2682|4308|4392|4309&TOM=4312|4305|2682|4308|4392|4309&MNN=8&NNM=7|8|9|10|11|12|13|14&TT=1&TTM=1&PID=AMTSES08VW&DPR=OTSCKF
</pre>
                            <pre style="color: red;"></pre>
                        </div>
                        <!--css div popup end-->
                    </div>
                </td>
            </tr>
            
            <tr id="pt13.4" class='hiddenRow'>
                <td class='passCase'>
                    <div class='testcase'>
                        <a class="popup_link" onfocus='this.blur();'
                           href="javascript:showTestDetail('div_pt13.4')">test_SRL_filtr_strava</a>
                    </div>
                </td>
                <td colspan='5' align='center'>
                    <div>
                        <!--css div popup start-->
                        <button>
                            <a class="popup_link" onfocus='this.blur();'
                               href="javascript:showTestDetail('div_pt13.4')" style="color:#660066;">
                                PASS
                            </a></button>
                        <div id='div_pt13.4' class="popup_window">
                            <div style='text-align: right; color:red;cursor:pointer'>
                                <a onfocus='this.blur();'
                                   onclick="document.getElementById('div_pt13.4').style.display = 'none'; "
                                   style="color:red;">
                                    [x]</a>
                            </div>
                            <pre>2023-10-24 15:00:55.358668 : <selenium.webdriver.remote.webelement.WebElement (session="7801d56aed30df14b98a7d55d2d4e53d", element="EEEC51532C2A4A2502B5AB25C3A8E6A0_element_300")>
2023-10-24 15:01:01.622214 : 0
2023-10-24 15:01:01.856005 : ok
2023-10-24 15:01:01.856005 : ok
2023-10-24 15:01:01.856005 : ok
2023-10-24 15:01:01.856005 : ok
2023-10-24 15:01:01.856005 : ok
2023-10-24 15:01:01.856005 : ok
2023-10-24 15:01:01.856005 : ok
2023-10-24 15:01:01.856005 : ok
2023-10-24 15:01:01.856005 : ok
2023-10-24 15:01:01.856005 : ok
2023-10-24 15:01:01.856005 : ok
2023-10-24 15:01:01.856005 : ok
2023-10-24 15:01:01.856005 : ok
2023-10-24 15:01:01.856005 : ok
2023-10-24 15:01:01.856005 : ok
2023-10-24 15:01:01.856005 : ok
2023-10-24 15:01:01.856005 : ok
2023-10-24 15:01:01.856005 : ok
2023-10-24 15:01:01.856005 : ok
2023-10-24 15:01:01.856005 : ok
2023-10-24 15:01:01.856005 : ['all inclusive', 'all inclusive', 'all inclusive', 'all inclusive', 'all inclusive', 'all inclusive', 'all inclusive', 'all inclusive', 'all inclusive', 'all inclusive', 'all inclusive', 'all inclusive', 'all inclusive', 'all inclusive', 'all inclusive light', 'all inclusive', 'all inclusive', 'all inclusive', 'all inclusive', 'all inclusive']
2023-10-24 15:01:01.856005 : https://exim.web11.dtweb.cz//vysledky-vyhledavani?ac1=2&d=211764|63241|63242|213028|63243|63245|74459|74460|63284|74464|63350|63354|74465|63213|63216|63218|63226|63227|63231|64429|63244|74462|63263|63267|63272|63299|63312|63334|63313|74461|77806|74463|63328|63349|64430|63363|63455&dd=2024-09-01&ic1=1&ka1=10&kc1=1&m=5&nn=7|8|9|10|11|12|13|14&rd=2024-10-31&to=4312|4305|2682|4308|4392|4309&tt=1
</pre>
                            <pre style="color: red;"></pre>
                        </div>
                        <!--css div popup end-->
                    </div>
                </td>
            </tr>
            
            <tr id="pt13.5" class='hiddenRow'>
                <td class='passCase'>
                    <div class='testcase'>
                        <a class="popup_link" onfocus='this.blur();'
                           href="javascript:showTestDetail('div_pt13.5')">test_srl_C</a>
                    </div>
                </td>
                <td colspan='5' align='center'>
                    <div>
                        <!--css div popup start-->
                        <button>
                            <a class="popup_link" onfocus='this.blur();'
                               href="javascript:showTestDetail('div_pt13.5')" style="color:#660066;">
                                PASS
                            </a></button>
                        <div id='div_pt13.5' class="popup_window">
                            <div style='text-align: right; color:red;cursor:pointer'>
                                <a onfocus='this.blur();'
                                   onclick="document.getElementById('div_pt13.5').style.display = 'none'; "
                                   style="color:red;">
                                    [x]</a>
                            </div>
                            <pre>2023-10-24 15:01:12.006121 : <selenium.webdriver.remote.webelement.WebElement (session="f4b71ae441529a2af59276cfb2f9e55b", element="951726E9DB26E20271AFBB0274C44E7D_element_299")>
2023-10-24 15:01:13.191206 : |||||HOTEL CISLO|||||||
2023-10-24 15:01:13.191206 : 1
2023-10-24 15:01:13.191206 : 1
2023-10-24 15:01:13.191206 : 1
2023-10-24 15:01:45.138538 : All Inclusive
2023-10-24 15:01:45.154192 : Dvoulkov pokoj
2023-10-24 15:01:45.263471 : 40 510 K
2023-10-24 15:01:45.295184 : 14 760 K
2023-10-24 15:01:45.295184 : pokoje sedi srl vs detail
2023-10-24 15:01:45.295184 : stravy sedi srl vs detail
2023-10-24 15:01:45.295184 : ceny all sedi srl vs detail
2023-10-24 15:01:45.295184 :  cena adult sedi srl vs detail
2023-10-24 15:01:45.319573 : 1
2023-10-24 15:01:45.319573 : 2
2023-10-24 15:01:45.319573 : |||||HOTEL CISLO|||||||
2023-10-24 15:01:45.319573 : 2
2023-10-24 15:01:45.319573 : 2
2023-10-24 15:01:45.319573 : 2
2023-10-24 15:01:49.888787 : All Inclusive
2023-10-24 15:01:49.919923 : Dvoulkov pokoj
2023-10-24 15:01:49.935577 : 61 300 K
2023-10-24 15:01:49.966712 : 28 170 K
2023-10-24 15:01:49.966712 : pokoje sedi srl vs detail
2023-10-24 15:01:49.966712 : stravy sedi srl vs detail
2023-10-24 15:01:49.966712 : ceny all sedi srl vs detail
2023-10-24 15:01:49.966712 :  cena adult sedi srl vs detail
2023-10-24 15:01:49.987263 : 2
2023-10-24 15:01:49.987263 : 3
2023-10-24 15:01:49.987263 : |||||HOTEL CISLO|||||||
2023-10-24 15:01:49.987263 : 3
2023-10-24 15:01:49.987263 : 3
2023-10-24 15:01:49.987263 : 3
2023-10-24 15:02:19.217617 : All Inclusive
2023-10-24 15:02:19.233150 : Rodinn pokoj , Vhled do krajiny
2023-10-24 15:02:19.264828 : 45 580 K
2023-10-24 15:02:19.307060 : 18 150 K
2023-10-24 15:02:19.307060 : pokoje sedi srl vs detail
2023-10-24 15:02:19.307060 : stravy sedi srl vs detail
2023-10-24 15:02:19.307060 : ceny all sedi srl vs detail
2023-10-24 15:02:19.307060 :  cena adult sedi srl vs detail
2023-10-24 15:02:19.332273 : 3
2023-10-24 15:02:19.332273 : 4
2023-10-24 15:02:19.332273 : |||||HOTEL CISLO|||||||
2023-10-24 15:02:19.332273 : 4
2023-10-24 15:02:19.332273 : 4
2023-10-24 15:02:19.332273 : 4
2023-10-24 15:02:49.343514 : All Inclusive
2023-10-24 15:02:49.374660 : Apartm , 1 lonice
2023-10-24 15:02:49.390169 : 47 090 K
2023-10-24 15:02:49.427422 : 18 900 K
2023-10-24 15:02:49.427422 : pokoje sedi srl vs detail
2023-10-24 15:02:49.427422 : stravy sedi srl vs detail
2023-10-24 15:02:49.427422 : ceny all sedi srl vs detail
2023-10-24 15:02:49.427422 :  cena adult sedi srl vs detail
2023-10-24 15:02:49.450351 : 4
2023-10-24 15:02:49.450351 : 5
2023-10-24 15:02:49.450351 : |||||HOTEL CISLO|||||||
2023-10-24 15:02:49.450351 : 5
2023-10-24 15:02:49.450351 : 5
2023-10-24 15:02:49.450351 : 5
2023-10-24 15:03:18.501577 : All Inclusive
2023-10-24 15:03:18.529825 : Rodinn pokoj , Basic , Typ A
2023-10-24 15:03:18.557681 : 58 800 K
2023-10-24 15:03:18.578842 : 23 240 K
2023-10-24 15:03:18.578842 : pokoje sedi srl vs detail
2023-10-24 15:03:18.578842 : stravy sedi srl vs detail
2023-10-24 15:03:18.578842 : ceny all sedi srl vs detail
2023-10-24 15:03:18.578842 :  cena adult sedi srl vs detail
2023-10-24 15:03:18.608024 : 5
2023-10-24 15:03:18.608024 : 6
2023-10-24 15:03:18.608024 : |||||HOTEL CISLO|||||||
2023-10-24 15:03:18.608024 : 6
2023-10-24 15:03:18.608024 : 6
2023-10-24 15:03:18.608024 : 6
2023-10-24 15:03:47.704591 : Polopenze Plus
2023-10-24 15:03:47.720218 : Dvoulkov pokoj
2023-10-24 15:03:47.751354 : 59 500 K
2023-10-24 15:03:47.782489 : 22 180 K
2023-10-24 15:03:47.782489 : pokoje sedi srl vs detail
2023-10-24 15:03:47.782489 : stravy sedi srl vs detail
2023-10-24 15:03:47.782489 : ceny all sedi srl vs detail
2023-10-24 15:03:47.782489 :  cena adult sedi srl vs detail
2023-10-24 15:03:47.811038 : 6
2023-10-24 15:03:47.811038 : 7
2023-10-24 15:03:47.813979 : https://exim.web11.dtweb.cz//vysledky-vyhledavani?ac1=2&d=211764|63241|63242|213028|63243|63245|74459|74460|63284|74464|63350|63354|74465|63213|63216|63218|63226|63227|63231|64429|63244|74462|63263|63267|63272|63299|63312|63334|63313|74461|77806|74463|63328|63349|64430|63363|63455&dd=2024-09-01&ic1=1&ka1=10&kc1=1&nn=7|8|9|10|11|12|13|14&rd=2024-10-31&to=4312|4305|2682|4308|4392|4309&tt=1
</pre>
                            <pre style="color: red;"></pre>
                        </div>
                        <!--css div popup end-->
                    </div>
                </td>
            </tr>
            
            <tr id="ft13.6" class='none'>
                <td class='errorCase'>
                    <div class='testcase'>
                        <a class="popup_link" onfocus='this.blur();'
                           href="javascript:showTestDetail('div_ft13.6')">test_SRL_kuba_srl_D_R</a>
                    </div>
                </td>
                <td colspan='5' align='center'>
                    <div>
                        <!--css div popup start-->
                        <button>
                            <a class="popup_link" onfocus='this.blur();'
                               href="javascript:showTestDetail('div_ft13.6')" style="color:#660066;">
                                ERROR
                            </a></button>
                        <div id='div_ft13.6' class="popup_window">
                            <div style='text-align: right; color:red;cursor:pointer'>
                                <a onfocus='this.blur();'
                                   onclick="document.getElementById('div_ft13.6').style.display = 'none'; "
                                   style="color:red;">
                                    [x]</a>
                            </div>
                            <pre></pre>
                            <pre style="color: red;">Traceback (most recent call last):
  File "C:\Users\KADOUN\AppData\Roaming\Python\Python38\site-packages\webdriver_manager\core\file_manager.py", line 65, in __extract_zip
    archive.extractall(to_directory)
  File "C:\Users\KADOUN\AppData\Local\Programs\Python\Python38\lib\zipfile.py", line 1647, in extractall
    self._extract_member(zipinfo, path, pwd)
  File "C:\Users\KADOUN\AppData\Local\Programs\Python\Python38\lib\zipfile.py", line 1701, in _extract_member
    open(targetpath, "wb") as target:
PermissionError: [Errno 13] Permission denied: 'C:\\Users\\KADOUN\\.wdm\\drivers\\chromedriver\\win64\\118.0.5993.89\\chromedriver-win32\\chromedriver.exe'

During handling of the above exception, another exception occurred:

Traceback (most recent call last):
  File "C:\Users\KADOUN\Desktop\Automatization_Project_Master_QA\EW_Automation_Local_Deploy_PyCharm\SRL_C.py", line 19, in setUp
    setUp(self)
  File "C:\Users\KADOUN\Desktop\Automatization_Project_Master_QA\EW_Automation_Local_Deploy_PyCharm\to_import.py", line 34, in setUp
    self.driver = webdriver.Chrome(ChromeDriverManager().install())
  File "C:\Users\KADOUN\AppData\Roaming\Python\Python38\site-packages\webdriver_manager\chrome.py", line 40, in install
    driver_path = self._get_driver_binary_path(self.driver)
  File "C:\Users\KADOUN\AppData\Roaming\Python\Python38\site-packages\webdriver_manager\core\manager.py", line 41, in _get_driver_binary_path
    binary_path = self._cache_manager.save_file_to_cache(driver, file)
  File "C:\Users\KADOUN\AppData\Roaming\Python\Python38\site-packages\webdriver_manager\core\driver_cache.py", line 54, in save_file_to_cache
    files = self.unpack_archive(archive, path)
  File "C:\Users\KADOUN\AppData\Roaming\Python\Python38\site-packages\webdriver_manager\core\driver_cache.py", line 49, in unpack_archive
    return self._file_manager.unpack_archive(archive, path)
  File "C:\Users\KADOUN\AppData\Roaming\Python\Python38\site-packages\webdriver_manager\core\file_manager.py", line 57, in unpack_archive
    return self.__extract_zip(archive_file, target_dir)
  File "C:\Users\KADOUN\AppData\Roaming\Python\Python38\site-packages\webdriver_manager\core\file_manager.py", line 81, in __extract_zip
    os.replace(source, destination)
PermissionError: [WinError 5] Access is denied: 'C:\\Users\\KADOUN\\.wdm\\drivers\\chromedriver\\win64\\118.0.5993.89\\chromedriver-win32\\chromedriver.exe' -> 'C:\\Users\\KADOUN\\.wdm\\drivers\\chromedriver\\win64\\118.0.5993.89\\chromedriver.exe'
</pre>
                        </div>
                        <!--css div popup end-->
                    </div>
                </td>
            </tr>
            
        
        <tr class='errorClass' style="font-weight:bold;color:white;">
            <td><a href="javascript:showClassDetail('c14','1')">EW_Automation_Local_Deploy_PyCharm.SRL_D.TestSRL_D</a></td>
            <td>1</td>
            <td>0</td>
            <td>0</td>
            <td>1</td>
            <td>
                <button><a href="javascript:showClassDetail('c14','1')"
                           style="color:#660066;">Detail</a></button>
            </td>
        </tr>
            
            <tr id="ft14.1" class='none'>
                <td class='errorCase'>
                    <div class='testcase'>
                        <a class="popup_link" onfocus='this.blur();'
                           href="javascript:showTestDetail('div_ft14.1')">test_SRL_D</a>
                    </div>
                </td>
                <td colspan='5' align='center'>
                    <div>
                        <!--css div popup start-->
                        <button>
                            <a class="popup_link" onfocus='this.blur();'
                               href="javascript:showTestDetail('div_ft14.1')" style="color:#660066;">
                                ERROR
                            </a></button>
                        <div id='div_ft14.1' class="popup_window">
                            <div style='text-align: right; color:red;cursor:pointer'>
                                <a onfocus='this.blur();'
                                   onclick="document.getElementById('div_ft14.1').style.display = 'none'; "
                                   style="color:red;">
                                    [x]</a>
                            </div>
                            <pre></pre>
                            <pre style="color: red;">Traceback (most recent call last):
  File "C:\Users\KADOUN\AppData\Roaming\Python\Python38\site-packages\webdriver_manager\core\file_manager.py", line 65, in __extract_zip
    archive.extractall(to_directory)
  File "C:\Users\KADOUN\AppData\Local\Programs\Python\Python38\lib\zipfile.py", line 1647, in extractall
    self._extract_member(zipinfo, path, pwd)
  File "C:\Users\KADOUN\AppData\Local\Programs\Python\Python38\lib\zipfile.py", line 1701, in _extract_member
    open(targetpath, "wb") as target:
PermissionError: [Errno 13] Permission denied: 'C:\\Users\\KADOUN\\.wdm\\drivers\\chromedriver\\win64\\118.0.5993.89\\chromedriver-win32\\chromedriver.exe'

During handling of the above exception, another exception occurred:

Traceback (most recent call last):
  File "C:\Users\KADOUN\Desktop\Automatization_Project_Master_QA\EW_Automation_Local_Deploy_PyCharm\SRL_D.py", line 108, in setUp
    setUp(self)
  File "C:\Users\KADOUN\Desktop\Automatization_Project_Master_QA\EW_Automation_Local_Deploy_PyCharm\to_import.py", line 34, in setUp
    self.driver = webdriver.Chrome(ChromeDriverManager().install())
  File "C:\Users\KADOUN\AppData\Roaming\Python\Python38\site-packages\webdriver_manager\chrome.py", line 40, in install
    driver_path = self._get_driver_binary_path(self.driver)
  File "C:\Users\KADOUN\AppData\Roaming\Python\Python38\site-packages\webdriver_manager\core\manager.py", line 41, in _get_driver_binary_path
    binary_path = self._cache_manager.save_file_to_cache(driver, file)
  File "C:\Users\KADOUN\AppData\Roaming\Python\Python38\site-packages\webdriver_manager\core\driver_cache.py", line 54, in save_file_to_cache
    files = self.unpack_archive(archive, path)
  File "C:\Users\KADOUN\AppData\Roaming\Python\Python38\site-packages\webdriver_manager\core\driver_cache.py", line 49, in unpack_archive
    return self._file_manager.unpack_archive(archive, path)
  File "C:\Users\KADOUN\AppData\Roaming\Python\Python38\site-packages\webdriver_manager\core\file_manager.py", line 57, in unpack_archive
    return self.__extract_zip(archive_file, target_dir)
  File "C:\Users\KADOUN\AppData\Roaming\Python\Python38\site-packages\webdriver_manager\core\file_manager.py", line 81, in __extract_zip
    os.replace(source, destination)
PermissionError: [WinError 5] Access is denied: 'C:\\Users\\KADOUN\\.wdm\\drivers\\chromedriver\\win64\\118.0.5993.89\\chromedriver-win32\\chromedriver.exe' -> 'C:\\Users\\KADOUN\\.wdm\\drivers\\chromedriver\\win64\\118.0.5993.89\\chromedriver.exe'
</pre>
                        </div>
                        <!--css div popup end-->
                    </div>
                </td>
            </tr>
            
        
        <tr class='errorClass' style="font-weight:bold;color:white;">
            <td><a href="javascript:showClassDetail('c15','6')">EW_Automation_Local_Deploy_PyCharm.HP_C.Test_HP_C</a></td>
            <td>6</td>
            <td>0</td>
            <td>0</td>
            <td>6</td>
            <td>
                <button><a href="javascript:showClassDetail('c15','6')"
                           style="color:#660066;">Detail</a></button>
            </td>
        </tr>
            
            <tr id="ft15.1" class='none'>
                <td class='errorCase'>
                    <div class='testcase'>
                        <a class="popup_link" onfocus='this.blur();'
                           href="javascript:showTestDetail('div_ft15.1')">test_HP_bannery_check</a>
                    </div>
                </td>
                <td colspan='5' align='center'>
                    <div>
                        <!--css div popup start-->
                        <button>
                            <a class="popup_link" onfocus='this.blur();'
                               href="javascript:showTestDetail('div_ft15.1')" style="color:#660066;">
                                ERROR
                            </a></button>
                        <div id='div_ft15.1' class="popup_window">
                            <div style='text-align: right; color:red;cursor:pointer'>
                                <a onfocus='this.blur();'
                                   onclick="document.getElementById('div_ft15.1').style.display = 'none'; "
                                   style="color:red;">
                                    [x]</a>
                            </div>
                            <pre></pre>
                            <pre style="color: red;">Traceback (most recent call last):
  File "C:\Users\KADOUN\AppData\Roaming\Python\Python38\site-packages\webdriver_manager\core\file_manager.py", line 65, in __extract_zip
    archive.extractall(to_directory)
  File "C:\Users\KADOUN\AppData\Local\Programs\Python\Python38\lib\zipfile.py", line 1647, in extractall
    self._extract_member(zipinfo, path, pwd)
  File "C:\Users\KADOUN\AppData\Local\Programs\Python\Python38\lib\zipfile.py", line 1701, in _extract_member
    open(targetpath, "wb") as target:
PermissionError: [Errno 13] Permission denied: 'C:\\Users\\KADOUN\\.wdm\\drivers\\chromedriver\\win64\\118.0.5993.89\\chromedriver-win32\\chromedriver.exe'

During handling of the above exception, another exception occurred:

Traceback (most recent call last):
  File "C:\Users\KADOUN\Desktop\Automatization_Project_Master_QA\EW_Automation_Local_Deploy_PyCharm\HP_C.py", line 48, in setUp
    setUp(self)
  File "C:\Users\KADOUN\Desktop\Automatization_Project_Master_QA\EW_Automation_Local_Deploy_PyCharm\to_import.py", line 34, in setUp
    self.driver = webdriver.Chrome(ChromeDriverManager().install())
  File "C:\Users\KADOUN\AppData\Roaming\Python\Python38\site-packages\webdriver_manager\chrome.py", line 40, in install
    driver_path = self._get_driver_binary_path(self.driver)
  File "C:\Users\KADOUN\AppData\Roaming\Python\Python38\site-packages\webdriver_manager\core\manager.py", line 41, in _get_driver_binary_path
    binary_path = self._cache_manager.save_file_to_cache(driver, file)
  File "C:\Users\KADOUN\AppData\Roaming\Python\Python38\site-packages\webdriver_manager\core\driver_cache.py", line 54, in save_file_to_cache
    files = self.unpack_archive(archive, path)
  File "C:\Users\KADOUN\AppData\Roaming\Python\Python38\site-packages\webdriver_manager\core\driver_cache.py", line 49, in unpack_archive
    return self._file_manager.unpack_archive(archive, path)
  File "C:\Users\KADOUN\AppData\Roaming\Python\Python38\site-packages\webdriver_manager\core\file_manager.py", line 57, in unpack_archive
    return self.__extract_zip(archive_file, target_dir)
  File "C:\Users\KADOUN\AppData\Roaming\Python\Python38\site-packages\webdriver_manager\core\file_manager.py", line 81, in __extract_zip
    os.replace(source, destination)
PermissionError: [WinError 5] Access is denied: 'C:\\Users\\KADOUN\\.wdm\\drivers\\chromedriver\\win64\\118.0.5993.89\\chromedriver-win32\\chromedriver.exe' -> 'C:\\Users\\KADOUN\\.wdm\\drivers\\chromedriver\\win64\\118.0.5993.89\\chromedriver.exe'
</pre>
                        </div>
                        <!--css div popup end-->
                    </div>
                </td>
            </tr>
            
            <tr id="ft15.2" class='none'>
                <td class='errorCase'>
                    <div class='testcase'>
                        <a class="popup_link" onfocus='this.blur();'
                           href="javascript:showTestDetail('div_ft15.2')">test_HP_top_nabidka_status</a>
                    </div>
                </td>
                <td colspan='5' align='center'>
                    <div>
                        <!--css div popup start-->
                        <button>
                            <a class="popup_link" onfocus='this.blur();'
                               href="javascript:showTestDetail('div_ft15.2')" style="color:#660066;">
                                ERROR
                            </a></button>
                        <div id='div_ft15.2' class="popup_window">
                            <div style='text-align: right; color:red;cursor:pointer'>
                                <a onfocus='this.blur();'
                                   onclick="document.getElementById('div_ft15.2').style.display = 'none'; "
                                   style="color:red;">
                                    [x]</a>
                            </div>
                            <pre></pre>
                            <pre style="color: red;">Traceback (most recent call last):
  File "C:\Users\KADOUN\AppData\Roaming\Python\Python38\site-packages\webdriver_manager\core\file_manager.py", line 65, in __extract_zip
    archive.extractall(to_directory)
  File "C:\Users\KADOUN\AppData\Local\Programs\Python\Python38\lib\zipfile.py", line 1647, in extractall
    self._extract_member(zipinfo, path, pwd)
  File "C:\Users\KADOUN\AppData\Local\Programs\Python\Python38\lib\zipfile.py", line 1701, in _extract_member
    open(targetpath, "wb") as target:
PermissionError: [Errno 13] Permission denied: 'C:\\Users\\KADOUN\\.wdm\\drivers\\chromedriver\\win64\\118.0.5993.89\\chromedriver-win32\\chromedriver.exe'

During handling of the above exception, another exception occurred:

Traceback (most recent call last):
  File "C:\Users\KADOUN\Desktop\Automatization_Project_Master_QA\EW_Automation_Local_Deploy_PyCharm\HP_C.py", line 48, in setUp
    setUp(self)
  File "C:\Users\KADOUN\Desktop\Automatization_Project_Master_QA\EW_Automation_Local_Deploy_PyCharm\to_import.py", line 34, in setUp
    self.driver = webdriver.Chrome(ChromeDriverManager().install())
  File "C:\Users\KADOUN\AppData\Roaming\Python\Python38\site-packages\webdriver_manager\chrome.py", line 40, in install
    driver_path = self._get_driver_binary_path(self.driver)
  File "C:\Users\KADOUN\AppData\Roaming\Python\Python38\site-packages\webdriver_manager\core\manager.py", line 41, in _get_driver_binary_path
    binary_path = self._cache_manager.save_file_to_cache(driver, file)
  File "C:\Users\KADOUN\AppData\Roaming\Python\Python38\site-packages\webdriver_manager\core\driver_cache.py", line 54, in save_file_to_cache
    files = self.unpack_archive(archive, path)
  File "C:\Users\KADOUN\AppData\Roaming\Python\Python38\site-packages\webdriver_manager\core\driver_cache.py", line 49, in unpack_archive
    return self._file_manager.unpack_archive(archive, path)
  File "C:\Users\KADOUN\AppData\Roaming\Python\Python38\site-packages\webdriver_manager\core\file_manager.py", line 57, in unpack_archive
    return self.__extract_zip(archive_file, target_dir)
  File "C:\Users\KADOUN\AppData\Roaming\Python\Python38\site-packages\webdriver_manager\core\file_manager.py", line 81, in __extract_zip
    os.replace(source, destination)
PermissionError: [WinError 5] Access is denied: 'C:\\Users\\KADOUN\\.wdm\\drivers\\chromedriver\\win64\\118.0.5993.89\\chromedriver-win32\\chromedriver.exe' -> 'C:\\Users\\KADOUN\\.wdm\\drivers\\chromedriver\\win64\\118.0.5993.89\\chromedriver.exe'
</pre>
                        </div>
                        <!--css div popup end-->
                    </div>
                </td>
            </tr>
            
            <tr id="ft15.3" class='none'>
                <td class='errorCase'>
                    <div class='testcase'>
                        <a class="popup_link" onfocus='this.blur();'
                           href="javascript:showTestDetail('div_ft15.3')">test_HP_zlutak_to_SRL_pobyt</a>
                    </div>
                </td>
                <td colspan='5' align='center'>
                    <div>
                        <!--css div popup start-->
                        <button>
                            <a class="popup_link" onfocus='this.blur();'
                               href="javascript:showTestDetail('div_ft15.3')" style="color:#660066;">
                                ERROR
                            </a></button>
                        <div id='div_ft15.3' class="popup_window">
                            <div style='text-align: right; color:red;cursor:pointer'>
                                <a onfocus='this.blur();'
                                   onclick="document.getElementById('div_ft15.3').style.display = 'none'; "
                                   style="color:red;">
                                    [x]</a>
                            </div>
                            <pre></pre>
                            <pre style="color: red;">Traceback (most recent call last):
  File "C:\Users\KADOUN\AppData\Roaming\Python\Python38\site-packages\webdriver_manager\core\file_manager.py", line 65, in __extract_zip
    archive.extractall(to_directory)
  File "C:\Users\KADOUN\AppData\Local\Programs\Python\Python38\lib\zipfile.py", line 1647, in extractall
    self._extract_member(zipinfo, path, pwd)
  File "C:\Users\KADOUN\AppData\Local\Programs\Python\Python38\lib\zipfile.py", line 1701, in _extract_member
    open(targetpath, "wb") as target:
PermissionError: [Errno 13] Permission denied: 'C:\\Users\\KADOUN\\.wdm\\drivers\\chromedriver\\win64\\118.0.5993.89\\chromedriver-win32\\chromedriver.exe'

During handling of the above exception, another exception occurred:

Traceback (most recent call last):
  File "C:\Users\KADOUN\Desktop\Automatization_Project_Master_QA\EW_Automation_Local_Deploy_PyCharm\HP_C.py", line 48, in setUp
    setUp(self)
  File "C:\Users\KADOUN\Desktop\Automatization_Project_Master_QA\EW_Automation_Local_Deploy_PyCharm\to_import.py", line 34, in setUp
    self.driver = webdriver.Chrome(ChromeDriverManager().install())
  File "C:\Users\KADOUN\AppData\Roaming\Python\Python38\site-packages\webdriver_manager\chrome.py", line 40, in install
    driver_path = self._get_driver_binary_path(self.driver)
  File "C:\Users\KADOUN\AppData\Roaming\Python\Python38\site-packages\webdriver_manager\core\manager.py", line 41, in _get_driver_binary_path
    binary_path = self._cache_manager.save_file_to_cache(driver, file)
  File "C:\Users\KADOUN\AppData\Roaming\Python\Python38\site-packages\webdriver_manager\core\driver_cache.py", line 54, in save_file_to_cache
    files = self.unpack_archive(archive, path)
  File "C:\Users\KADOUN\AppData\Roaming\Python\Python38\site-packages\webdriver_manager\core\driver_cache.py", line 49, in unpack_archive
    return self._file_manager.unpack_archive(archive, path)
  File "C:\Users\KADOUN\AppData\Roaming\Python\Python38\site-packages\webdriver_manager\core\file_manager.py", line 57, in unpack_archive
    return self.__extract_zip(archive_file, target_dir)
  File "C:\Users\KADOUN\AppData\Roaming\Python\Python38\site-packages\webdriver_manager\core\file_manager.py", line 81, in __extract_zip
    os.replace(source, destination)
PermissionError: [WinError 5] Access is denied: 'C:\\Users\\KADOUN\\.wdm\\drivers\\chromedriver\\win64\\118.0.5993.89\\chromedriver-win32\\chromedriver.exe' -> 'C:\\Users\\KADOUN\\.wdm\\drivers\\chromedriver\\win64\\118.0.5993.89\\chromedriver.exe'
</pre>
                        </div>
                        <!--css div popup end-->
                    </div>
                </td>
            </tr>
            
            <tr id="ft15.4" class='none'>
                <td class='errorCase'>
                    <div class='testcase'>
                        <a class="popup_link" onfocus='this.blur();'
                           href="javascript:showTestDetail('div_ft15.4')">test_HP_zlutak_to_SRL_poznavacky</a>
                    </div>
                </td>
                <td colspan='5' align='center'>
                    <div>
                        <!--css div popup start-->
                        <button>
                            <a class="popup_link" onfocus='this.blur();'
                               href="javascript:showTestDetail('div_ft15.4')" style="color:#660066;">
                                ERROR
                            </a></button>
                        <div id='div_ft15.4' class="popup_window">
                            <div style='text-align: right; color:red;cursor:pointer'>
                                <a onfocus='this.blur();'
                                   onclick="document.getElementById('div_ft15.4').style.display = 'none'; "
                                   style="color:red;">
                                    [x]</a>
                            </div>
                            <pre></pre>
                            <pre style="color: red;">Traceback (most recent call last):
  File "C:\Users\KADOUN\AppData\Roaming\Python\Python38\site-packages\webdriver_manager\core\file_manager.py", line 65, in __extract_zip
    archive.extractall(to_directory)
  File "C:\Users\KADOUN\AppData\Local\Programs\Python\Python38\lib\zipfile.py", line 1647, in extractall
    self._extract_member(zipinfo, path, pwd)
  File "C:\Users\KADOUN\AppData\Local\Programs\Python\Python38\lib\zipfile.py", line 1701, in _extract_member
    open(targetpath, "wb") as target:
PermissionError: [Errno 13] Permission denied: 'C:\\Users\\KADOUN\\.wdm\\drivers\\chromedriver\\win64\\118.0.5993.89\\chromedriver-win32\\chromedriver.exe'

During handling of the above exception, another exception occurred:

Traceback (most recent call last):
  File "C:\Users\KADOUN\Desktop\Automatization_Project_Master_QA\EW_Automation_Local_Deploy_PyCharm\HP_C.py", line 48, in setUp
    setUp(self)
  File "C:\Users\KADOUN\Desktop\Automatization_Project_Master_QA\EW_Automation_Local_Deploy_PyCharm\to_import.py", line 34, in setUp
    self.driver = webdriver.Chrome(ChromeDriverManager().install())
  File "C:\Users\KADOUN\AppData\Roaming\Python\Python38\site-packages\webdriver_manager\chrome.py", line 40, in install
    driver_path = self._get_driver_binary_path(self.driver)
  File "C:\Users\KADOUN\AppData\Roaming\Python\Python38\site-packages\webdriver_manager\core\manager.py", line 41, in _get_driver_binary_path
    binary_path = self._cache_manager.save_file_to_cache(driver, file)
  File "C:\Users\KADOUN\AppData\Roaming\Python\Python38\site-packages\webdriver_manager\core\driver_cache.py", line 54, in save_file_to_cache
    files = self.unpack_archive(archive, path)
  File "C:\Users\KADOUN\AppData\Roaming\Python\Python38\site-packages\webdriver_manager\core\driver_cache.py", line 49, in unpack_archive
    return self._file_manager.unpack_archive(archive, path)
  File "C:\Users\KADOUN\AppData\Roaming\Python\Python38\site-packages\webdriver_manager\core\file_manager.py", line 57, in unpack_archive
    return self.__extract_zip(archive_file, target_dir)
  File "C:\Users\KADOUN\AppData\Roaming\Python\Python38\site-packages\webdriver_manager\core\file_manager.py", line 81, in __extract_zip
    os.replace(source, destination)
PermissionError: [WinError 5] Access is denied: 'C:\\Users\\KADOUN\\.wdm\\drivers\\chromedriver\\win64\\118.0.5993.89\\chromedriver-win32\\chromedriver.exe' -> 'C:\\Users\\KADOUN\\.wdm\\drivers\\chromedriver\\win64\\118.0.5993.89\\chromedriver.exe'
</pre>
                        </div>
                        <!--css div popup end-->
                    </div>
                </td>
            </tr>
            
            <tr id="ft15.5" class='none'>
                <td class='errorCase'>
                    <div class='testcase'>
                        <a class="popup_link" onfocus='this.blur();'
                           href="javascript:showTestDetail('div_ft15.5')">test_HP_zlutak_to_groupsearch_pobyt</a>
                    </div>
                </td>
                <td colspan='5' align='center'>
                    <div>
                        <!--css div popup start-->
                        <button>
                            <a class="popup_link" onfocus='this.blur();'
                               href="javascript:showTestDetail('div_ft15.5')" style="color:#660066;">
                                ERROR
                            </a></button>
                        <div id='div_ft15.5' class="popup_window">
                            <div style='text-align: right; color:red;cursor:pointer'>
                                <a onfocus='this.blur();'
                                   onclick="document.getElementById('div_ft15.5').style.display = 'none'; "
                                   style="color:red;">
                                    [x]</a>
                            </div>
                            <pre></pre>
                            <pre style="color: red;">Traceback (most recent call last):
  File "C:\Users\KADOUN\AppData\Roaming\Python\Python38\site-packages\webdriver_manager\core\file_manager.py", line 65, in __extract_zip
    archive.extractall(to_directory)
  File "C:\Users\KADOUN\AppData\Local\Programs\Python\Python38\lib\zipfile.py", line 1647, in extractall
    self._extract_member(zipinfo, path, pwd)
  File "C:\Users\KADOUN\AppData\Local\Programs\Python\Python38\lib\zipfile.py", line 1701, in _extract_member
    open(targetpath, "wb") as target:
PermissionError: [Errno 13] Permission denied: 'C:\\Users\\KADOUN\\.wdm\\drivers\\chromedriver\\win64\\118.0.5993.89\\chromedriver-win32\\chromedriver.exe'

During handling of the above exception, another exception occurred:

Traceback (most recent call last):
  File "C:\Users\KADOUN\Desktop\Automatization_Project_Master_QA\EW_Automation_Local_Deploy_PyCharm\HP_C.py", line 48, in setUp
    setUp(self)
  File "C:\Users\KADOUN\Desktop\Automatization_Project_Master_QA\EW_Automation_Local_Deploy_PyCharm\to_import.py", line 34, in setUp
    self.driver = webdriver.Chrome(ChromeDriverManager().install())
  File "C:\Users\KADOUN\AppData\Roaming\Python\Python38\site-packages\webdriver_manager\chrome.py", line 40, in install
    driver_path = self._get_driver_binary_path(self.driver)
  File "C:\Users\KADOUN\AppData\Roaming\Python\Python38\site-packages\webdriver_manager\core\manager.py", line 41, in _get_driver_binary_path
    binary_path = self._cache_manager.save_file_to_cache(driver, file)
  File "C:\Users\KADOUN\AppData\Roaming\Python\Python38\site-packages\webdriver_manager\core\driver_cache.py", line 54, in save_file_to_cache
    files = self.unpack_archive(archive, path)
  File "C:\Users\KADOUN\AppData\Roaming\Python\Python38\site-packages\webdriver_manager\core\driver_cache.py", line 49, in unpack_archive
    return self._file_manager.unpack_archive(archive, path)
  File "C:\Users\KADOUN\AppData\Roaming\Python\Python38\site-packages\webdriver_manager\core\file_manager.py", line 57, in unpack_archive
    return self.__extract_zip(archive_file, target_dir)
  File "C:\Users\KADOUN\AppData\Roaming\Python\Python38\site-packages\webdriver_manager\core\file_manager.py", line 81, in __extract_zip
    os.replace(source, destination)
PermissionError: [WinError 5] Access is denied: 'C:\\Users\\KADOUN\\.wdm\\drivers\\chromedriver\\win64\\118.0.5993.89\\chromedriver-win32\\chromedriver.exe' -> 'C:\\Users\\KADOUN\\.wdm\\drivers\\chromedriver\\win64\\118.0.5993.89\\chromedriver.exe'
</pre>
                        </div>
                        <!--css div popup end-->
                    </div>
                </td>
            </tr>
            
            <tr id="ft15.6" class='none'>
                <td class='errorCase'>
                    <div class='testcase'>
                        <a class="popup_link" onfocus='this.blur();'
                           href="javascript:showTestDetail('div_ft15.6')">test_HP_zlutak_to_groupsearch_poznavacky</a>
                    </div>
                </td>
                <td colspan='5' align='center'>
                    <div>
                        <!--css div popup start-->
                        <button>
                            <a class="popup_link" onfocus='this.blur();'
                               href="javascript:showTestDetail('div_ft15.6')" style="color:#660066;">
                                ERROR
                            </a></button>
                        <div id='div_ft15.6' class="popup_window">
                            <div style='text-align: right; color:red;cursor:pointer'>
                                <a onfocus='this.blur();'
                                   onclick="document.getElementById('div_ft15.6').style.display = 'none'; "
                                   style="color:red;">
                                    [x]</a>
                            </div>
                            <pre></pre>
                            <pre style="color: red;">Traceback (most recent call last):
  File "C:\Users\KADOUN\AppData\Roaming\Python\Python38\site-packages\webdriver_manager\core\file_manager.py", line 65, in __extract_zip
    archive.extractall(to_directory)
  File "C:\Users\KADOUN\AppData\Local\Programs\Python\Python38\lib\zipfile.py", line 1647, in extractall
    self._extract_member(zipinfo, path, pwd)
  File "C:\Users\KADOUN\AppData\Local\Programs\Python\Python38\lib\zipfile.py", line 1701, in _extract_member
    open(targetpath, "wb") as target:
PermissionError: [Errno 13] Permission denied: 'C:\\Users\\KADOUN\\.wdm\\drivers\\chromedriver\\win64\\118.0.5993.89\\chromedriver-win32\\chromedriver.exe'

During handling of the above exception, another exception occurred:

Traceback (most recent call last):
  File "C:\Users\KADOUN\Desktop\Automatization_Project_Master_QA\EW_Automation_Local_Deploy_PyCharm\HP_C.py", line 48, in setUp
    setUp(self)
  File "C:\Users\KADOUN\Desktop\Automatization_Project_Master_QA\EW_Automation_Local_Deploy_PyCharm\to_import.py", line 34, in setUp
    self.driver = webdriver.Chrome(ChromeDriverManager().install())
  File "C:\Users\KADOUN\AppData\Roaming\Python\Python38\site-packages\webdriver_manager\chrome.py", line 40, in install
    driver_path = self._get_driver_binary_path(self.driver)
  File "C:\Users\KADOUN\AppData\Roaming\Python\Python38\site-packages\webdriver_manager\core\manager.py", line 41, in _get_driver_binary_path
    binary_path = self._cache_manager.save_file_to_cache(driver, file)
  File "C:\Users\KADOUN\AppData\Roaming\Python\Python38\site-packages\webdriver_manager\core\driver_cache.py", line 54, in save_file_to_cache
    files = self.unpack_archive(archive, path)
  File "C:\Users\KADOUN\AppData\Roaming\Python\Python38\site-packages\webdriver_manager\core\driver_cache.py", line 49, in unpack_archive
    return self._file_manager.unpack_archive(archive, path)
  File "C:\Users\KADOUN\AppData\Roaming\Python\Python38\site-packages\webdriver_manager\core\file_manager.py", line 57, in unpack_archive
    return self.__extract_zip(archive_file, target_dir)
  File "C:\Users\KADOUN\AppData\Roaming\Python\Python38\site-packages\webdriver_manager\core\file_manager.py", line 81, in __extract_zip
    os.replace(source, destination)
PermissionError: [WinError 5] Access is denied: 'C:\\Users\\KADOUN\\.wdm\\drivers\\chromedriver\\win64\\118.0.5993.89\\chromedriver-win32\\chromedriver.exe' -> 'C:\\Users\\KADOUN\\.wdm\\drivers\\chromedriver\\win64\\118.0.5993.89\\chromedriver.exe'
</pre>
                        </div>
                        <!--css div popup end-->
                    </div>
                </td>
            </tr>
            
        
        <tr class='errorClass' style="font-weight:bold;color:white;">
            <td><a href="javascript:showClassDetail('c16','1')">EW_Automation_Local_Deploy_PyCharm.SRL_results_comparer.Test_SRL_C_comparer</a></td>
            <td>1</td>
            <td>0</td>
            <td>0</td>
            <td>1</td>
            <td>
                <button><a href="javascript:showClassDetail('c16','1')"
                           style="color:#660066;">Detail</a></button>
            </td>
        </tr>
            
            <tr id="ft16.1" class='none'>
                <td class='errorCase'>
                    <div class='testcase'>
                        <a class="popup_link" onfocus='this.blur();'
                           href="javascript:showTestDetail('div_ft16.1')">test_SRL_number_of_results_comparer</a>
                    </div>
                </td>
                <td colspan='5' align='center'>
                    <div>
                        <!--css div popup start-->
                        <button>
                            <a class="popup_link" onfocus='this.blur();'
                               href="javascript:showTestDetail('div_ft16.1')" style="color:#660066;">
                                ERROR
                            </a></button>
                        <div id='div_ft16.1' class="popup_window">
                            <div style='text-align: right; color:red;cursor:pointer'>
                                <a onfocus='this.blur();'
                                   onclick="document.getElementById('div_ft16.1').style.display = 'none'; "
                                   style="color:red;">
                                    [x]</a>
                            </div>
                            <pre></pre>
                            <pre style="color: red;">Traceback (most recent call last):
  File "C:\Users\KADOUN\AppData\Roaming\Python\Python38\site-packages\webdriver_manager\core\file_manager.py", line 65, in __extract_zip
    archive.extractall(to_directory)
  File "C:\Users\KADOUN\AppData\Local\Programs\Python\Python38\lib\zipfile.py", line 1647, in extractall
    self._extract_member(zipinfo, path, pwd)
  File "C:\Users\KADOUN\AppData\Local\Programs\Python\Python38\lib\zipfile.py", line 1701, in _extract_member
    open(targetpath, "wb") as target:
PermissionError: [Errno 13] Permission denied: 'C:\\Users\\KADOUN\\.wdm\\drivers\\chromedriver\\win64\\118.0.5993.89\\chromedriver-win32\\chromedriver.exe'

During handling of the above exception, another exception occurred:

Traceback (most recent call last):
  File "C:\Users\KADOUN\Desktop\Automatization_Project_Master_QA\EW_Automation_Local_Deploy_PyCharm\SRL_results_comparer.py", line 68, in setUp
    setUp(self)
  File "C:\Users\KADOUN\Desktop\Automatization_Project_Master_QA\EW_Automation_Local_Deploy_PyCharm\to_import.py", line 34, in setUp
    self.driver = webdriver.Chrome(ChromeDriverManager().install())
  File "C:\Users\KADOUN\AppData\Roaming\Python\Python38\site-packages\webdriver_manager\chrome.py", line 40, in install
    driver_path = self._get_driver_binary_path(self.driver)
  File "C:\Users\KADOUN\AppData\Roaming\Python\Python38\site-packages\webdriver_manager\core\manager.py", line 41, in _get_driver_binary_path
    binary_path = self._cache_manager.save_file_to_cache(driver, file)
  File "C:\Users\KADOUN\AppData\Roaming\Python\Python38\site-packages\webdriver_manager\core\driver_cache.py", line 54, in save_file_to_cache
    files = self.unpack_archive(archive, path)
  File "C:\Users\KADOUN\AppData\Roaming\Python\Python38\site-packages\webdriver_manager\core\driver_cache.py", line 49, in unpack_archive
    return self._file_manager.unpack_archive(archive, path)
  File "C:\Users\KADOUN\AppData\Roaming\Python\Python38\site-packages\webdriver_manager\core\file_manager.py", line 57, in unpack_archive
    return self.__extract_zip(archive_file, target_dir)
  File "C:\Users\KADOUN\AppData\Roaming\Python\Python38\site-packages\webdriver_manager\core\file_manager.py", line 81, in __extract_zip
    os.replace(source, destination)
PermissionError: [WinError 5] Access is denied: 'C:\\Users\\KADOUN\\.wdm\\drivers\\chromedriver\\win64\\118.0.5993.89\\chromedriver-win32\\chromedriver.exe' -> 'C:\\Users\\KADOUN\\.wdm\\drivers\\chromedriver\\win64\\118.0.5993.89\\chromedriver.exe'
</pre>
                        </div>
                        <!--css div popup end-->
                    </div>
                </td>
            </tr>
            
        

        <tr id='total_row'>
            <td>Total</td>
            <td>36</td>
            <td>4</td>
            <td>1</td>
            <td>31</td>
            <td>&nbsp;</td>
        </tr>
    </table>
</div>
<br><br>
<div id='ending'><b>Time Elapsed: </b>0:07:48.984458</div>
</body>
</html>